<?xml version="1.0" encoding="UTF-8"?>
<!-- Generated by org.testng.reporters.JUnitReportReporter -->
<testsuite hostname="choupchoup" name="com.distrimind.util.tests.crypto.CryptoTests" tests="156" failures="0" timestamp="19 Sep 2016 10:35:29 GMT" time="1276.015" errors="0">
  <testcase name="testHybridEncryptions" time="17.296" classname="com.distrimind.util.tests.crypto.CryptoTests"/>
  <testcase name="testEncodeAndSeparateEncoding" time="0.000" classname="com.distrimind.util.tests.crypto.CryptoTests"/>
  <testcase name="testEncodeAndSeparateEncoding" time="0.001" classname="com.distrimind.util.tests.crypto.CryptoTests"/>
  <testcase name="testSymetricEncryptions" time="0.207" classname="com.distrimind.util.tests.crypto.CryptoTests"/>
  <testcase name="testEncodeAndSeparateEncoding" time="0.000" classname="com.distrimind.util.tests.crypto.CryptoTests"/>
  <testcase name="testClientServerASymetricEncryptions" time="70.766" classname="com.distrimind.util.tests.crypto.CryptoTests"/>
  <testcase name="testSymetricEncryptions" time="0.255" classname="com.distrimind.util.tests.crypto.CryptoTests"/>
  <testcase name="testHybridEncryptions" time="24.610" classname="com.distrimind.util.tests.crypto.CryptoTests"/>
  <testcase name="testEncodeAndSeparateEncoding" time="0.000" classname="com.distrimind.util.tests.crypto.CryptoTests"/>
  <testcase name="testSignatures" time="0.313" classname="com.distrimind.util.tests.crypto.CryptoTests"/>
  <testcase name="testSymetricEncryptions" time="0.186" classname="com.distrimind.util.tests.crypto.CryptoTests"/>
  <testcase name="testSignatures" time="3.997" classname="com.distrimind.util.tests.crypto.CryptoTests"/>
  <testcase name="testSignatures" time="5.277" classname="com.distrimind.util.tests.crypto.CryptoTests"/>
  <testcase name="testEncodeAndSeparateEncoding" time="0.000" classname="com.distrimind.util.tests.crypto.CryptoTests"/>
  <testcase name="testSignatures" time="0.064" classname="com.distrimind.util.tests.crypto.CryptoTests"/>
  <testcase name="testASymmetricKeyPairEncoding" time="9.022" classname="com.distrimind.util.tests.crypto.CryptoTests"/>
  <testcase name="testEncodeAndSeparateEncoding" time="0.000" classname="com.distrimind.util.tests.crypto.CryptoTests"/>
  <testcase name="testSignatures" time="0.220" classname="com.distrimind.util.tests.crypto.CryptoTests"/>
  <testcase name="testSymetricEncryptions" time="0.368" classname="com.distrimind.util.tests.crypto.CryptoTests"/>
  <testcase name="testSignatures" time="9.685" classname="com.distrimind.util.tests.crypto.CryptoTests"/>
  <testcase name="testEncodeAndSeparateEncoding" time="0.000" classname="com.distrimind.util.tests.crypto.CryptoTests"/>
  <testcase name="testSignatures" time="8.764" classname="com.distrimind.util.tests.crypto.CryptoTests"/>
  <testcase name="testSignatures" time="6.202" classname="com.distrimind.util.tests.crypto.CryptoTests"/>
  <testcase name="testHybridEncryptions" time="6.161" classname="com.distrimind.util.tests.crypto.CryptoTests"/>
  <testcase name="testHybridEncryptions" time="18.670" classname="com.distrimind.util.tests.crypto.CryptoTests"/>
  <testcase name="testSymetricEncryptions" time="0.179" classname="com.distrimind.util.tests.crypto.CryptoTests"/>
  <testcase name="testSymetricEncryptions" time="0.379" classname="com.distrimind.util.tests.crypto.CryptoTests"/>
  <testcase name="testSecretKeyEncoding" time="0.200" classname="com.distrimind.util.tests.crypto.CryptoTests"/>
  <testcase name="testSignatures" time="0.096" classname="com.distrimind.util.tests.crypto.CryptoTests"/>
  <testcase name="testASymmetricSecretMessageExchanger" time="18.602" classname="com.distrimind.util.tests.crypto.CryptoTests"/>
  <testcase name="testSymetricEncryptions" time="0.304" classname="com.distrimind.util.tests.crypto.CryptoTests"/>
  <testcase name="testSignatures" time="11.179" classname="com.distrimind.util.tests.crypto.CryptoTests"/>
  <testcase name="testEncodeAndSeparateEncoding" time="0.000" classname="com.distrimind.util.tests.crypto.CryptoTests"/>
  <testcase name="testSignatures" time="3.017" classname="com.distrimind.util.tests.crypto.CryptoTests"/>
  <testcase name="testMessageDigest" time="0.013" classname="com.distrimind.util.tests.crypto.CryptoTests"/>
  <testcase name="testP2PASymetricEncryptions" time="144.719" classname="com.distrimind.util.tests.crypto.CryptoTests"/>
  <testcase name="testSignatures" time="3.052" classname="com.distrimind.util.tests.crypto.CryptoTests"/>
  <testcase name="testSymetricEncryptions" time="0.510" classname="com.distrimind.util.tests.crypto.CryptoTests"/>
  <testcase name="testHybridEncryptions" time="15.218" classname="com.distrimind.util.tests.crypto.CryptoTests"/>
  <testcase name="testASymmetricSecretMessageExchanger" time="13.436" classname="com.distrimind.util.tests.crypto.CryptoTests"/>
  <testcase name="testSymetricEncryptions" time="0.451" classname="com.distrimind.util.tests.crypto.CryptoTests"/>
  <testcase name="testSymetricEncryptions" time="0.306" classname="com.distrimind.util.tests.crypto.CryptoTests"/>
  <testcase name="testEncodeAndSeparateEncoding" time="0.000" classname="com.distrimind.util.tests.crypto.CryptoTests"/>
  <testcase name="testEncodeAndSeparateEncoding" time="0.000" classname="com.distrimind.util.tests.crypto.CryptoTests"/>
  <testcase name="testSymetricEncryptions" time="0.579" classname="com.distrimind.util.tests.crypto.CryptoTests"/>
  <testcase name="testSymetricEncryptions" time="0.479" classname="com.distrimind.util.tests.crypto.CryptoTests"/>
  <testcase name="testSymetricEncryptions" time="0.455" classname="com.distrimind.util.tests.crypto.CryptoTests"/>
  <testcase name="testSignatures" time="0.584" classname="com.distrimind.util.tests.crypto.CryptoTests"/>
  <testcase name="testSignatures" time="0.081" classname="com.distrimind.util.tests.crypto.CryptoTests"/>
  <testcase name="testSignatures" time="0.118" classname="com.distrimind.util.tests.crypto.CryptoTests"/>
  <testcase name="testSignatures" time="0.640" classname="com.distrimind.util.tests.crypto.CryptoTests"/>
  <testcase name="testMessageDigest" time="0.015" classname="com.distrimind.util.tests.crypto.CryptoTests"/>
  <testcase name="testSymetricEncryptions" time="0.192" classname="com.distrimind.util.tests.crypto.CryptoTests"/>
  <testcase name="testSymetricEncryptions" time="0.293" classname="com.distrimind.util.tests.crypto.CryptoTests"/>
  <testcase name="testSignatures" time="0.177" classname="com.distrimind.util.tests.crypto.CryptoTests"/>
  <testcase name="testHybridEncryptions" time="15.021" classname="com.distrimind.util.tests.crypto.CryptoTests"/>
  <testcase name="testSignatures" time="2.349" classname="com.distrimind.util.tests.crypto.CryptoTests"/>
  <testcase name="testASymmetricKeyPairEncoding" time="2.165" classname="com.distrimind.util.tests.crypto.CryptoTests"/>
  <testcase name="testP2PASymetricEncryptions" time="134.428" classname="com.distrimind.util.tests.crypto.CryptoTests"/>
  <testcase name="testHybridEncryptions" time="19.632" classname="com.distrimind.util.tests.crypto.CryptoTests"/>
  <testcase name="testHybridEncryptions" time="40.916" classname="com.distrimind.util.tests.crypto.CryptoTests"/>
  <testcase name="testSymetricEncryptions" time="0.293" classname="com.distrimind.util.tests.crypto.CryptoTests"/>
  <testcase name="testSignatures" time="6.245" classname="com.distrimind.util.tests.crypto.CryptoTests"/>
  <testcase name="testHybridEncryptions" time="17.854" classname="com.distrimind.util.tests.crypto.CryptoTests"/>
  <testcase name="testEncodeAndSeparateEncoding" time="0.001" classname="com.distrimind.util.tests.crypto.CryptoTests"/>
  <testcase name="testSymetricEncryptions" time="0.272" classname="com.distrimind.util.tests.crypto.CryptoTests"/>
  <testcase name="testSymetricEncryptions" time="0.211" classname="com.distrimind.util.tests.crypto.CryptoTests"/>
  <testcase name="testSymetricEncryptions" time="0.200" classname="com.distrimind.util.tests.crypto.CryptoTests"/>
  <testcase name="testSignatures" time="3.904" classname="com.distrimind.util.tests.crypto.CryptoTests"/>
  <testcase name="testMessageDigest" time="0.004" classname="com.distrimind.util.tests.crypto.CryptoTests"/>
  <testcase name="testSignatures" time="1.155" classname="com.distrimind.util.tests.crypto.CryptoTests"/>
  <testcase name="testSignatures" time="13.559" classname="com.distrimind.util.tests.crypto.CryptoTests"/>
  <testcase name="testSymetricEncryptions" time="0.319" classname="com.distrimind.util.tests.crypto.CryptoTests"/>
  <testcase name="testSignatures" time="0.048" classname="com.distrimind.util.tests.crypto.CryptoTests"/>
  <testcase name="testEncodeAndSeparateEncoding" time="0.000" classname="com.distrimind.util.tests.crypto.CryptoTests"/>
  <testcase name="testSignatures" time="1.267" classname="com.distrimind.util.tests.crypto.CryptoTests"/>
  <testcase name="testHybridEncryptions" time="20.280" classname="com.distrimind.util.tests.crypto.CryptoTests"/>
  <testcase name="testSignatures" time="4.857" classname="com.distrimind.util.tests.crypto.CryptoTests"/>
  <testcase name="testEncodeAndSeparateEncoding" time="0.000" classname="com.distrimind.util.tests.crypto.CryptoTests"/>
  <testcase name="testASymmetricKeyPairEncoding" time="3.173" classname="com.distrimind.util.tests.crypto.CryptoTests"/>
  <testcase name="testEncodeAndSeparateEncoding" time="0.000" classname="com.distrimind.util.tests.crypto.CryptoTests"/>
  <testcase name="testSignatures" time="22.012" classname="com.distrimind.util.tests.crypto.CryptoTests"/>
  <testcase name="testSymetricEncryptions" time="0.601" classname="com.distrimind.util.tests.crypto.CryptoTests"/>
  <testcase name="testSymetricEncryptions" time="0.302" classname="com.distrimind.util.tests.crypto.CryptoTests"/>
  <testcase name="testHybridEncryptions" time="41.831" classname="com.distrimind.util.tests.crypto.CryptoTests"/>
  <testcase name="testSignatures" time="7.600" classname="com.distrimind.util.tests.crypto.CryptoTests"/>
  <testcase name="testClientServerASymetricEncryptions" time="71.763" classname="com.distrimind.util.tests.crypto.CryptoTests"/>
  <testcase name="testSymetricEncryptions" time="0.464" classname="com.distrimind.util.tests.crypto.CryptoTests"/>
  <testcase name="testSignatures" time="0.176" classname="com.distrimind.util.tests.crypto.CryptoTests"/>
  <testcase name="testSymetricEncryptions" time="0.340" classname="com.distrimind.util.tests.crypto.CryptoTests"/>
  <testcase name="testSignatures" time="2.961" classname="com.distrimind.util.tests.crypto.CryptoTests"/>
  <testcase name="testHybridEncryptions" time="37.766" classname="com.distrimind.util.tests.crypto.CryptoTests"/>
  <testcase name="testSignatures" time="0.549" classname="com.distrimind.util.tests.crypto.CryptoTests"/>
  <testcase name="testSymetricEncryptions" time="0.318" classname="com.distrimind.util.tests.crypto.CryptoTests"/>
  <testcase name="testSignatures" time="0.681" classname="com.distrimind.util.tests.crypto.CryptoTests"/>
  <testcase name="testSymetricEncryptions" time="0.387" classname="com.distrimind.util.tests.crypto.CryptoTests"/>
  <testcase name="testSymetricEncryptions" time="0.578" classname="com.distrimind.util.tests.crypto.CryptoTests"/>
  <testcase name="testEncodeAndSeparateEncoding" time="0.000" classname="com.distrimind.util.tests.crypto.CryptoTests"/>
  <testcase name="testSymetricEncryptions" time="0.318" classname="com.distrimind.util.tests.crypto.CryptoTests"/>
  <testcase name="testSignatures" time="1.636" classname="com.distrimind.util.tests.crypto.CryptoTests"/>
  <testcase name="testSignatures" time="0.867" classname="com.distrimind.util.tests.crypto.CryptoTests"/>
  <testcase name="testSymetricEncryptions" time="0.256" classname="com.distrimind.util.tests.crypto.CryptoTests"/>
  <testcase name="testSignatures" time="8.866" classname="com.distrimind.util.tests.crypto.CryptoTests"/>
  <testcase name="testSymetricEncryptions" time="0.203" classname="com.distrimind.util.tests.crypto.CryptoTests"/>
  <testcase name="testSymetricEncryptions" time="0.435" classname="com.distrimind.util.tests.crypto.CryptoTests"/>
  <testcase name="testSecretKeyEncoding" time="0.198" classname="com.distrimind.util.tests.crypto.CryptoTests"/>
  <testcase name="testSymetricEncryptions" time="0.690" classname="com.distrimind.util.tests.crypto.CryptoTests"/>
  <testcase name="testEncodeAndSeparateEncoding" time="0.000" classname="com.distrimind.util.tests.crypto.CryptoTests"/>
  <testcase name="testSecretKeyEncoding" time="0.198" classname="com.distrimind.util.tests.crypto.CryptoTests"/>
  <testcase name="testP2PASymetricEncryptions" time="140.572" classname="com.distrimind.util.tests.crypto.CryptoTests"/>
  <testcase name="testSymetricEncryptions" time="0.261" classname="com.distrimind.util.tests.crypto.CryptoTests"/>
  <testcase name="testSymetricEncryptions" time="0.336" classname="com.distrimind.util.tests.crypto.CryptoTests"/>
  <testcase name="testHybridEncryptions" time="25.766" classname="com.distrimind.util.tests.crypto.CryptoTests"/>
  <testcase name="testClientServerASymetricEncryptions" time="75.209" classname="com.distrimind.util.tests.crypto.CryptoTests"/>
  <testcase name="testSignatures" time="2.218" classname="com.distrimind.util.tests.crypto.CryptoTests"/>
  <testcase name="testSignatures" time="3.651" classname="com.distrimind.util.tests.crypto.CryptoTests"/>
  <testcase name="testEncodeAndSeparateEncoding" time="0.001" classname="com.distrimind.util.tests.crypto.CryptoTests"/>
  <testcase name="testSymetricEncryptions" time="0.323" classname="com.distrimind.util.tests.crypto.CryptoTests"/>
  <testcase name="testSymetricEncryptions" time="0.512" classname="com.distrimind.util.tests.crypto.CryptoTests"/>
  <testcase name="testSymetricEncryptions" time="0.304" classname="com.distrimind.util.tests.crypto.CryptoTests"/>
  <testcase name="testSymetricEncryptions" time="0.244" classname="com.distrimind.util.tests.crypto.CryptoTests"/>
  <testcase name="testMessageDigest" time="0.008" classname="com.distrimind.util.tests.crypto.CryptoTests"/>
  <testcase name="testMessageDigest" time="0.005" classname="com.distrimind.util.tests.crypto.CryptoTests"/>
  <testcase name="testSymetricEncryptions" time="0.364" classname="com.distrimind.util.tests.crypto.CryptoTests"/>
  <testcase name="testSymetricEncryptions" time="0.478" classname="com.distrimind.util.tests.crypto.CryptoTests"/>
  <testcase name="testSymetricEncryptions" time="0.332" classname="com.distrimind.util.tests.crypto.CryptoTests"/>
  <testcase name="testSignatures" time="0.211" classname="com.distrimind.util.tests.crypto.CryptoTests"/>
  <testcase name="testSymetricEncryptions" time="0.300" classname="com.distrimind.util.tests.crypto.CryptoTests"/>
  <testcase name="testMessageDigest" time="0.007" classname="com.distrimind.util.tests.crypto.CryptoTests"/>
  <testcase name="testSymetricEncryptions" time="0.221" classname="com.distrimind.util.tests.crypto.CryptoTests"/>
  <testcase name="testSymetricEncryptions" time="0.434" classname="com.distrimind.util.tests.crypto.CryptoTests"/>
  <testcase name="testHybridEncryptions" time="43.115" classname="com.distrimind.util.tests.crypto.CryptoTests"/>
  <testcase name="testEncodeAndSeparateEncoding" time="0.001" classname="com.distrimind.util.tests.crypto.CryptoTests"/>
  <testcase name="testSignatures" time="4.342" classname="com.distrimind.util.tests.crypto.CryptoTests"/>
  <testcase name="testSignatures" time="12.776" classname="com.distrimind.util.tests.crypto.CryptoTests"/>
  <testcase name="testHybridEncryptions" time="31.636" classname="com.distrimind.util.tests.crypto.CryptoTests"/>
  <testcase name="testSymetricEncryptions" time="0.208" classname="com.distrimind.util.tests.crypto.CryptoTests"/>
  <testcase name="testSignatures" time="10.861" classname="com.distrimind.util.tests.crypto.CryptoTests"/>
  <testcase name="testSignatures" time="0.100" classname="com.distrimind.util.tests.crypto.CryptoTests"/>
  <testcase name="testSecretKeyEncoding" time="0.199" classname="com.distrimind.util.tests.crypto.CryptoTests"/>
  <testcase name="testEncodeAndSeparateEncoding" time="0.000" classname="com.distrimind.util.tests.crypto.CryptoTests"/>
  <testcase name="testSignatures" time="0.099" classname="com.distrimind.util.tests.crypto.CryptoTests"/>
  <testcase name="testSignatures" time="1.970" classname="com.distrimind.util.tests.crypto.CryptoTests"/>
  <testcase name="testSignatures" time="1.221" classname="com.distrimind.util.tests.crypto.CryptoTests"/>
  <testcase name="testSignatures" time="0.599" classname="com.distrimind.util.tests.crypto.CryptoTests"/>
  <testcase name="testASymmetricSecretMessageExchanger" time="15.823" classname="com.distrimind.util.tests.crypto.CryptoTests"/>
  <testcase name="testSecretKeyEncoding" time="0.200" classname="com.distrimind.util.tests.crypto.CryptoTests"/>
  <testcase name="testSymetricEncryptions" time="0.198" classname="com.distrimind.util.tests.crypto.CryptoTests"/>
  <testcase name="testSymetricEncryptions" time="0.406" classname="com.distrimind.util.tests.crypto.CryptoTests"/>
  <testcase name="testSignatures" time="5.065" classname="com.distrimind.util.tests.crypto.CryptoTests"/>
  <testcase name="testSymetricEncryptions" time="0.556" classname="com.distrimind.util.tests.crypto.CryptoTests"/>
  <testcase name="testSymetricEncryptions" time="0.292" classname="com.distrimind.util.tests.crypto.CryptoTests"/>
  <testcase name="testEncodeAndSeparateEncoding" time="0.000" classname="com.distrimind.util.tests.crypto.CryptoTests"/>
  <testcase name="testSignatures" time="3.593" classname="com.distrimind.util.tests.crypto.CryptoTests"/>
  <testcase name="testSymetricEncryptions" time="0.282" classname="com.distrimind.util.tests.crypto.CryptoTests"/>
  <testcase name="testSignatures" time="3.229" classname="com.distrimind.util.tests.crypto.CryptoTests"/>
</testsuite> <!-- com.distrimind.util.tests.crypto.CryptoTests -->
