<?xml version="1.0" encoding="UTF-8"?>
<!-- Generated by org.testng.reporters.JUnitReportReporter -->
<testsuite hostname="choupchoup" name="com.distrimind.ood.tests.HSQLDBTestDatabase" tests="33" failures="0" timestamp="16 Mar 2016 18:15:05 GMT" time="4379.878" errors="0">
  <testcase name="removePointedRecords" time="0.014" classname="com.distrimind.ood.tests.HSQLDBTestDatabase"/>
  <testcase name="testCheckPoint" time="0.957" classname="com.distrimind.ood.tests.HSQLDBTestDatabase"/>
  <testcase name="alterRecord" time="0.008" classname="com.distrimind.ood.tests.HSQLDBTestDatabase"/>
  <testcase name="getRecordFilter" time="0.043" classname="com.distrimind.ood.tests.HSQLDBTestDatabase"/>
  <testcase name="testBackup" time="4.407" classname="com.distrimind.ood.tests.HSQLDBTestDatabase"/>
  <testcase name="addForeignKeyAndTestUniqueKeys" time="0.338" classname="com.distrimind.ood.tests.HSQLDBTestDatabase"/>
  <testcase name="testThreadSafe" time="858.989" classname="com.distrimind.ood.tests.HSQLDBTestDatabase"/>
  <testcase name="testThreadSafe" time="858.661" classname="com.distrimind.ood.tests.HSQLDBTestDatabase"/>
  <testcase name="removeWithCascade" time="3.547" classname="com.distrimind.ood.tests.HSQLDBTestDatabase"/>
  <testcase name="multipleTests" time="71.623" classname="com.distrimind.ood.tests.HSQLDBTestDatabase"/>
  <testcase name="firstReload" time="0.818" classname="com.distrimind.ood.tests.HSQLDBTestDatabase"/>
  <testcase name="testFilters" time="0.004" classname="com.distrimind.ood.tests.HSQLDBTestDatabase"/>
  <testcase name="testRemoveFilters" time="0.003" classname="com.distrimind.ood.tests.HSQLDBTestDatabase"/>
  <testcase name="removeForeignKeyRecords" time="0.013" classname="com.distrimind.ood.tests.HSQLDBTestDatabase"/>
  <testcase name="secondTestSize" time="0.003" classname="com.distrimind.ood.tests.HSQLDBTestDatabase"/>
  <testcase name="testThreadSafe" time="849.021" classname="com.distrimind.ood.tests.HSQLDBTestDatabase"/>
  <testcase name="firstAdd" time="0.214" classname="com.distrimind.ood.tests.HSQLDBTestDatabase"/>
  <testcase name="testFirstAdd" time="0.002" classname="com.distrimind.ood.tests.HSQLDBTestDatabase"/>
  <testcase name="testThreadSafe" time="861.681" classname="com.distrimind.ood.tests.HSQLDBTestDatabase"/>
  <testcase name="isLoadedIntoMemory" time="0.000" classname="com.distrimind.ood.tests.HSQLDBTestDatabase"/>
  <testcase name="prepareMultipleTest" time="2.432" classname="com.distrimind.ood.tests.HSQLDBTestDatabase"/>
  <testcase name="alterRecordWithCascade" time="0.028" classname="com.distrimind.ood.tests.HSQLDBTestDatabase"/>
  <testcase name="getRecord" time="0.009" classname="com.distrimind.ood.tests.HSQLDBTestDatabase"/>
  <testcase name="removeRecords" time="12.271" classname="com.distrimind.ood.tests.HSQLDBTestDatabase"/>
  <testcase name="addSecondRecord" time="0.232" classname="com.distrimind.ood.tests.HSQLDBTestDatabase"/>
  <testcase name="removeRecord" time="0.007" classname="com.distrimind.ood.tests.HSQLDBTestDatabase"/>
  <testcase name="testArrayRecordParameters" time="0.204" classname="com.distrimind.ood.tests.HSQLDBTestDatabase"/>
  <testcase name="setAutoRandomFields" time="5.086" classname="com.distrimind.ood.tests.HSQLDBTestDatabase"/>
  <testcase name="getRecordIterator" time="0.007" classname="com.distrimind.ood.tests.HSQLDBTestDatabase"/>
  <testcase name="firstTestSize" time="0.001" classname="com.distrimind.ood.tests.HSQLDBTestDatabase"/>
  <testcase name="testIsPointed" time="0.004" classname="com.distrimind.ood.tests.HSQLDBTestDatabase"/>
  <testcase name="firstLoad" time="0.581" classname="com.distrimind.ood.tests.HSQLDBTestDatabase"/>
  <testcase name="testThreadSafe" time="848.670" classname="com.distrimind.ood.tests.HSQLDBTestDatabase"/>
</testsuite> <!-- com.distrimind.ood.tests.HSQLDBTestDatabase -->
