<?xml version="1.0" encoding="UTF-8"?>
<!-- Generated by org.testng.reporters.JUnitReportReporter -->
<testsuite hostname="choupchoup" name="com.distrimind.util.tests.version.VersionTests" tests="1" failures="0" timestamp="19 Sep 2016 10:35:29 GMT" time="0.010" errors="0">
  <testcase name="testFunctions" time="0.010" classname="com.distrimind.util.tests.version.VersionTests"/>
</testsuite> <!-- com.distrimind.util.tests.version.VersionTests -->
