<?xml version="1.0" encoding="UTF-8"?>
<!-- Generated by org.testng.reporters.JUnitReportReporter -->
<testsuite hostname="choupchoup" name="ood.tests.TestDatabase" tests="30" failures="0" timestamp="3 Feb 2016 12:11:47 GMT" time="344.664" errors="0">
  <testcase name="multipleTests" time="7.555" classname="ood.tests.TestDatabase"/>
  <testcase name="alterRecordWithCascade" time="0.034" classname="ood.tests.TestDatabase"/>
  <testcase name="testThreadSafe" time="66.645" classname="ood.tests.TestDatabase"/>
  <testcase name="firstLoad" time="0.741" classname="ood.tests.TestDatabase"/>
  <testcase name="secondTestSize" time="0.005" classname="ood.tests.TestDatabase"/>
  <testcase name="testCheckPoint" time="0.345" classname="ood.tests.TestDatabase"/>
  <testcase name="prepareMultipleTest" time="0.055" classname="ood.tests.TestDatabase"/>
  <testcase name="testThreadSafe" time="66.767" classname="ood.tests.TestDatabase"/>
  <testcase name="setAutoRandomFields" time="0.130" classname="ood.tests.TestDatabase"/>
  <testcase name="testFirstAdd" time="0.002" classname="ood.tests.TestDatabase"/>
  <testcase name="removeForeignKeyRecords" time="0.026" classname="ood.tests.TestDatabase"/>
  <testcase name="firstAdd" time="0.027" classname="ood.tests.TestDatabase"/>
  <testcase name="removeRecord" time="0.010" classname="ood.tests.TestDatabase"/>
  <testcase name="testFilters" time="0.006" classname="ood.tests.TestDatabase"/>
  <testcase name="removeWithCascade" time="0.139" classname="ood.tests.TestDatabase"/>
  <testcase name="testThreadSafe" time="66.766" classname="ood.tests.TestDatabase"/>
  <testcase name="getRecordFilter" time="0.066" classname="ood.tests.TestDatabase"/>
  <testcase name="testIsPointed" time="0.007" classname="ood.tests.TestDatabase"/>
  <testcase name="getRecord" time="0.019" classname="ood.tests.TestDatabase"/>
  <testcase name="addForeignKeyAndTestUniqueKeys" time="0.054" classname="ood.tests.TestDatabase"/>
  <testcase name="testRemoveFilters" time="0.003" classname="ood.tests.TestDatabase"/>
  <testcase name="firstReload" time="0.667" classname="ood.tests.TestDatabase"/>
  <testcase name="firstTestSize" time="0.000" classname="ood.tests.TestDatabase"/>
  <testcase name="testThreadSafe" time="66.784" classname="ood.tests.TestDatabase"/>
  <testcase name="removePointedRecords" time="0.019" classname="ood.tests.TestDatabase"/>
  <testcase name="isLoadedIntoMemory" time="0.000" classname="ood.tests.TestDatabase"/>
  <testcase name="removeRecords" time="0.916" classname="ood.tests.TestDatabase"/>
  <testcase name="testThreadSafe" time="66.812" classname="ood.tests.TestDatabase"/>
  <testcase name="addSecondRecord" time="0.033" classname="ood.tests.TestDatabase"/>
  <testcase name="alterRecord" time="0.031" classname="ood.tests.TestDatabase"/>
</testsuite> <!-- ood.tests.TestDatabase -->
