<?xml version="1.0" encoding="UTF-8"?>
<!-- Generated by org.testng.reporters.JUnitReportReporter -->
<testsuite name="com.distrimind.ood.tests.HSQLDBTestDatabase" tests="28" time="160.960" ignored="0" failures="0" timestamp="28 avr. 2017 09:12:18 GMT" skipped="0" hostname="Quantum" errors="0">
  <testcase name="testRemoveFilters" time="0.013" classname="com.distrimind.ood.tests.HSQLDBTestDatabase"/>
  <testcase name="testBackup" time="24.524" classname="com.distrimind.ood.tests.HSQLDBTestDatabase"/>
  <testcase name="firstReload" time="2.384" classname="com.distrimind.ood.tests.HSQLDBTestDatabase"/>
  <testcase name="testIsPointed" time="0.028" classname="com.distrimind.ood.tests.HSQLDBTestDatabase"/>
  <testcase name="prepareMultipleTest" time="2.385" classname="com.distrimind.ood.tests.HSQLDBTestDatabase"/>
  <testcase name="getRecordIterator" time="0.132" classname="com.distrimind.ood.tests.HSQLDBTestDatabase"/>
  <testcase name="isLoadedIntoMemory" time="0.004" classname="com.distrimind.ood.tests.HSQLDBTestDatabase"/>
  <testcase name="firstAdd" time="0.309" classname="com.distrimind.ood.tests.HSQLDBTestDatabase"/>
  <testcase name="setAutoRandomFields" time="4.859" classname="com.distrimind.ood.tests.HSQLDBTestDatabase"/>
  <testcase name="getRecordFilter" time="0.407" classname="com.distrimind.ood.tests.HSQLDBTestDatabase"/>
  <testcase name="removeRecord" time="0.136" classname="com.distrimind.ood.tests.HSQLDBTestDatabase"/>
  <testcase name="getRecord" time="0.120" classname="com.distrimind.ood.tests.HSQLDBTestDatabase"/>
  <testcase name="testFirstAdd" time="0.032" classname="com.distrimind.ood.tests.HSQLDBTestDatabase"/>
  <testcase name="multipleTests" time="97.090" classname="com.distrimind.ood.tests.HSQLDBTestDatabase"/>
  <testcase name="removeWithCascade" time="3.833" classname="com.distrimind.ood.tests.HSQLDBTestDatabase"/>
  <testcase name="removeForeignKeyRecords" time="0.064" classname="com.distrimind.ood.tests.HSQLDBTestDatabase"/>
  <testcase name="removeRecords" time="16.482" classname="com.distrimind.ood.tests.HSQLDBTestDatabase"/>
  <testcase name="addSecondRecord" time="0.324" classname="com.distrimind.ood.tests.HSQLDBTestDatabase"/>
  <testcase name="testCheckPoint" time="4.134" classname="com.distrimind.ood.tests.HSQLDBTestDatabase"/>
  <testcase name="addForeignKeyAndTestUniqueKeys" time="0.511" classname="com.distrimind.ood.tests.HSQLDBTestDatabase"/>
  <testcase name="firstTestSize" time="0.010" classname="com.distrimind.ood.tests.HSQLDBTestDatabase"/>
  <testcase name="firstLoad" time="2.124" classname="com.distrimind.ood.tests.HSQLDBTestDatabase"/>
  <testcase name="removePointedRecords" time="0.052" classname="com.distrimind.ood.tests.HSQLDBTestDatabase"/>
  <testcase name="testArrayRecordParameters" time="0.270" classname="com.distrimind.ood.tests.HSQLDBTestDatabase"/>
  <testcase name="alterRecord" time="0.295" classname="com.distrimind.ood.tests.HSQLDBTestDatabase"/>
  <testcase name="alterRecordWithCascade" time="0.404" classname="com.distrimind.ood.tests.HSQLDBTestDatabase"/>
  <testcase name="testFilters" time="0.016" classname="com.distrimind.ood.tests.HSQLDBTestDatabase"/>
  <testcase name="secondTestSize" time="0.018" classname="com.distrimind.ood.tests.HSQLDBTestDatabase"/>
</testsuite> <!-- com.distrimind.ood.tests.HSQLDBTestDatabase -->
