<?xml version="1.0" encoding="UTF-8"?>
<!-- Generated by org.testng.reporters.JUnitReportReporter -->
<testsuite hostname="choupchoup" name="com.distrimind.ood.tests.DerbyTestDatabase" tests="32" failures="0" timestamp="16 Mar 2016 18:15:05 GMT" time="1756.828" errors="0">
  <testcase name="getRecordIterator" time="0.014" classname="com.distrimind.ood.tests.DerbyTestDatabase"/>
  <testcase name="getRecordFilter" time="0.145" classname="com.distrimind.ood.tests.DerbyTestDatabase"/>
  <testcase name="prepareMultipleTest" time="0.490" classname="com.distrimind.ood.tests.DerbyTestDatabase"/>
  <testcase name="testThreadSafe" time="341.096" classname="com.distrimind.ood.tests.DerbyTestDatabase"/>
  <testcase name="testArrayRecordParameters" time="0.091" classname="com.distrimind.ood.tests.DerbyTestDatabase"/>
  <testcase name="testThreadSafe" time="341.635" classname="com.distrimind.ood.tests.DerbyTestDatabase"/>
  <testcase name="firstLoad" time="8.054" classname="com.distrimind.ood.tests.DerbyTestDatabase"/>
  <testcase name="removeForeignKeyRecords" time="0.079" classname="com.distrimind.ood.tests.DerbyTestDatabase"/>
  <testcase name="firstReload" time="13.151" classname="com.distrimind.ood.tests.DerbyTestDatabase"/>
  <testcase name="getRecord" time="0.016" classname="com.distrimind.ood.tests.DerbyTestDatabase"/>
  <testcase name="testThreadSafe" time="341.713" classname="com.distrimind.ood.tests.DerbyTestDatabase"/>
  <testcase name="testRemoveFilters" time="0.034" classname="com.distrimind.ood.tests.DerbyTestDatabase"/>
  <testcase name="removeRecords" time="1.856" classname="com.distrimind.ood.tests.DerbyTestDatabase"/>
  <testcase name="addSecondRecord" time="0.060" classname="com.distrimind.ood.tests.DerbyTestDatabase"/>
  <testcase name="setAutoRandomFields" time="0.974" classname="com.distrimind.ood.tests.DerbyTestDatabase"/>
  <testcase name="addForeignKeyAndTestUniqueKeys" time="0.361" classname="com.distrimind.ood.tests.DerbyTestDatabase"/>
  <testcase name="testFirstAdd" time="0.006" classname="com.distrimind.ood.tests.DerbyTestDatabase"/>
  <testcase name="isLoadedIntoMemory" time="0.000" classname="com.distrimind.ood.tests.DerbyTestDatabase"/>
  <testcase name="multipleTests" time="25.286" classname="com.distrimind.ood.tests.DerbyTestDatabase"/>
  <testcase name="removePointedRecords" time="0.028" classname="com.distrimind.ood.tests.DerbyTestDatabase"/>
  <testcase name="removeRecord" time="0.105" classname="com.distrimind.ood.tests.DerbyTestDatabase"/>
  <testcase name="alterRecord" time="0.056" classname="com.distrimind.ood.tests.DerbyTestDatabase"/>
  <testcase name="testCheckPoint" time="0.000" classname="com.distrimind.ood.tests.DerbyTestDatabase"/>
  <testcase name="testThreadSafe" time="335.850" classname="com.distrimind.ood.tests.DerbyTestDatabase"/>
  <testcase name="testThreadSafe" time="340.484" classname="com.distrimind.ood.tests.DerbyTestDatabase"/>
  <testcase name="testBackup" time="4.022" classname="com.distrimind.ood.tests.DerbyTestDatabase"/>
  <testcase name="testFilters" time="0.089" classname="com.distrimind.ood.tests.DerbyTestDatabase"/>
  <testcase name="firstAdd" time="0.132" classname="com.distrimind.ood.tests.DerbyTestDatabase"/>
  <testcase name="firstTestSize" time="0.003" classname="com.distrimind.ood.tests.DerbyTestDatabase"/>
  <testcase name="secondTestSize" time="0.015" classname="com.distrimind.ood.tests.DerbyTestDatabase"/>
  <testcase name="removeWithCascade" time="0.979" classname="com.distrimind.ood.tests.DerbyTestDatabase"/>
  <testcase name="testIsPointed" time="0.004" classname="com.distrimind.ood.tests.DerbyTestDatabase"/>
</testsuite> <!-- com.distrimind.ood.tests.DerbyTestDatabase -->
