<?xml version="1.0" encoding="UTF-8"?>
<!-- Generated by org.testng.reporters.JUnitReportReporter -->
<testsuite hostname="choupchoup" name="com.distrimind.ood.tests.DerbyTestDatabase" tests="32" failures="0" timestamp="10 Jun 2016 10:47:05 GMT" time="863.775" errors="0">
  <testcase name="removeWithCascade" time="0.362" classname="com.distrimind.ood.tests.DerbyTestDatabase"/>
  <testcase name="getRecordFilter" time="0.101" classname="com.distrimind.ood.tests.DerbyTestDatabase"/>
  <testcase name="getRecordIterator" time="0.008" classname="com.distrimind.ood.tests.DerbyTestDatabase"/>
  <testcase name="isLoadedIntoMemory" time="0.000" classname="com.distrimind.ood.tests.DerbyTestDatabase"/>
  <testcase name="testCheckPoint" time="0.000" classname="com.distrimind.ood.tests.DerbyTestDatabase"/>
  <testcase name="removePointedRecords" time="0.022" classname="com.distrimind.ood.tests.DerbyTestDatabase"/>
  <testcase name="secondTestSize" time="0.012" classname="com.distrimind.ood.tests.DerbyTestDatabase"/>
  <testcase name="firstReload" time="3.657" classname="com.distrimind.ood.tests.DerbyTestDatabase"/>
  <testcase name="testThreadSafe" time="166.412" classname="com.distrimind.ood.tests.DerbyTestDatabase"/>
  <testcase name="firstAdd" time="0.078" classname="com.distrimind.ood.tests.DerbyTestDatabase"/>
  <testcase name="prepareMultipleTest" time="0.118" classname="com.distrimind.ood.tests.DerbyTestDatabase"/>
  <testcase name="removeRecords" time="1.051" classname="com.distrimind.ood.tests.DerbyTestDatabase"/>
  <testcase name="firstLoad" time="1.850" classname="com.distrimind.ood.tests.DerbyTestDatabase"/>
  <testcase name="testIsPointed" time="0.004" classname="com.distrimind.ood.tests.DerbyTestDatabase"/>
  <testcase name="getRecord" time="0.014" classname="com.distrimind.ood.tests.DerbyTestDatabase"/>
  <testcase name="testThreadSafe" time="168.823" classname="com.distrimind.ood.tests.DerbyTestDatabase"/>
  <testcase name="multipleTests" time="14.153" classname="com.distrimind.ood.tests.DerbyTestDatabase"/>
  <testcase name="testFirstAdd" time="0.005" classname="com.distrimind.ood.tests.DerbyTestDatabase"/>
  <testcase name="firstTestSize" time="0.004" classname="com.distrimind.ood.tests.DerbyTestDatabase"/>
  <testcase name="removeRecord" time="0.049" classname="com.distrimind.ood.tests.DerbyTestDatabase"/>
  <testcase name="testBackup" time="0.369" classname="com.distrimind.ood.tests.DerbyTestDatabase"/>
  <testcase name="testThreadSafe" time="168.535" classname="com.distrimind.ood.tests.DerbyTestDatabase"/>
  <testcase name="testFilters" time="0.038" classname="com.distrimind.ood.tests.DerbyTestDatabase"/>
  <testcase name="alterRecord" time="0.039" classname="com.distrimind.ood.tests.DerbyTestDatabase"/>
  <testcase name="addForeignKeyAndTestUniqueKeys" time="0.112" classname="com.distrimind.ood.tests.DerbyTestDatabase"/>
  <testcase name="testThreadSafe" time="169.269" classname="com.distrimind.ood.tests.DerbyTestDatabase"/>
  <testcase name="testArrayRecordParameters" time="0.030" classname="com.distrimind.ood.tests.DerbyTestDatabase"/>
  <testcase name="testRemoveFilters" time="0.023" classname="com.distrimind.ood.tests.DerbyTestDatabase"/>
  <testcase name="removeForeignKeyRecords" time="0.050" classname="com.distrimind.ood.tests.DerbyTestDatabase"/>
  <testcase name="testThreadSafe" time="168.240" classname="com.distrimind.ood.tests.DerbyTestDatabase"/>
  <testcase name="addSecondRecord" time="0.030" classname="com.distrimind.ood.tests.DerbyTestDatabase"/>
  <testcase name="setAutoRandomFields" time="0.317" classname="com.distrimind.ood.tests.DerbyTestDatabase"/>
</testsuite> <!-- com.distrimind.ood.tests.DerbyTestDatabase -->
