<?xml version="1.0" encoding="UTF-8"?>
<!-- Generated by org.testng.reporters.JUnitReportReporter -->
<testsuite hostname="ChoupChoup" name="oodforsqljet.tests.TestDatabase" tests="29" failures="0" timestamp="21 Mar 2013 11:30:13 GMT" time="1894.497" errors="0">
  <testcase name="removeRecords" time="5.790" classname="oodforsqljet.tests.TestDatabase"/>
  <testcase name="getRecord" time="0.021" classname="oodforsqljet.tests.TestDatabase"/>
  <testcase name="isLoadedIntoMemory" time="0.001" classname="oodforsqljet.tests.TestDatabase"/>
  <testcase name="removeRecord" time="0.181" classname="oodforsqljet.tests.TestDatabase"/>
  <testcase name="multipleTests" time="96.185" classname="oodforsqljet.tests.TestDatabase"/>
  <testcase name="testThreadSafe" time="361.978" classname="oodforsqljet.tests.TestDatabase"/>
  <testcase name="secondTestSize" time="0.004" classname="oodforsqljet.tests.TestDatabase"/>
  <testcase name="testThreadSafe" time="352.804" classname="oodforsqljet.tests.TestDatabase"/>
  <testcase name="getRecordFilter" time="0.213" classname="oodforsqljet.tests.TestDatabase"/>
  <testcase name="testRemoveFilters" time="0.185" classname="oodforsqljet.tests.TestDatabase"/>
  <testcase name="testThreadSafe" time="358.190" classname="oodforsqljet.tests.TestDatabase"/>
  <testcase name="testFirstAdd" time="0.003" classname="oodforsqljet.tests.TestDatabase"/>
  <testcase name="prepareMultipleTest" time="3.135" classname="oodforsqljet.tests.TestDatabase"/>
  <testcase name="alterRecord" time="0.208" classname="oodforsqljet.tests.TestDatabase"/>
  <testcase name="testFilters" time="0.285" classname="oodforsqljet.tests.TestDatabase"/>
  <testcase name="firstReload" time="0.058" classname="oodforsqljet.tests.TestDatabase"/>
  <testcase name="alterRecordWithCascade" time="1.187" classname="oodforsqljet.tests.TestDatabase"/>
  <testcase name="firstTestSize" time="0.002" classname="oodforsqljet.tests.TestDatabase"/>
  <testcase name="firstLoad" time="1.107" classname="oodforsqljet.tests.TestDatabase"/>
  <testcase name="removeForeignKeyRecords" time="0.395" classname="oodforsqljet.tests.TestDatabase"/>
  <testcase name="removeWithCascade" time="4.299" classname="oodforsqljet.tests.TestDatabase"/>
  <testcase name="firstAdd" time="0.193" classname="oodforsqljet.tests.TestDatabase"/>
  <testcase name="testThreadSafe" time="343.612" classname="oodforsqljet.tests.TestDatabase"/>
  <testcase name="addForeignKeyAndTestUniqueKeys" time="0.682" classname="oodforsqljet.tests.TestDatabase"/>
  <testcase name="setAutoRandomFields" time="4.981" classname="oodforsqljet.tests.TestDatabase"/>
  <testcase name="addSecondRecord" time="0.205" classname="oodforsqljet.tests.TestDatabase"/>
  <testcase name="testThreadSafe" time="358.483" classname="oodforsqljet.tests.TestDatabase"/>
  <testcase name="testIsPointed" time="0.008" classname="oodforsqljet.tests.TestDatabase"/>
  <testcase name="removePointedRecords" time="0.102" classname="oodforsqljet.tests.TestDatabase"/>
</testsuite> <!-- oodforsqljet.tests.TestDatabase -->
