<?xml version="1.0" encoding="UTF-8"?>
<!-- Generated by org.testng.reporters.JUnitReportReporter -->
<testsuite hostname="choupchoup" name="com.distrimind.util.tests.crypto.CryptoTests" tests="84" failures="0" timestamp="10 Jun 2016 10:39:08 GMT" time="391.437" errors="0">
  <testcase name="testHybridEncryptions" time="26.417" classname="com.distrimind.util.tests.crypto.CryptoTests"/>
  <testcase name="testMessageDigest" time="0.000" classname="com.distrimind.util.tests.crypto.CryptoTests"/>
  <testcase name="testHybridEncryptions" time="13.146" classname="com.distrimind.util.tests.crypto.CryptoTests"/>
  <testcase name="testSignatures" time="0.248" classname="com.distrimind.util.tests.crypto.CryptoTests"/>
  <testcase name="testSecretKeyEncoding" time="0.152" classname="com.distrimind.util.tests.crypto.CryptoTests"/>
  <testcase name="testEncodeAndSeparateEncoding" time="0.000" classname="com.distrimind.util.tests.crypto.CryptoTests"/>
  <testcase name="testEncodeAndSeparateEncoding" time="0.000" classname="com.distrimind.util.tests.crypto.CryptoTests"/>
  <testcase name="testHybridEncryptions" time="16.437" classname="com.distrimind.util.tests.crypto.CryptoTests"/>
  <testcase name="testEncodeAndSeparateEncoding" time="0.000" classname="com.distrimind.util.tests.crypto.CryptoTests"/>
  <testcase name="testSignatures" time="1.185" classname="com.distrimind.util.tests.crypto.CryptoTests"/>
  <testcase name="testSignatures" time="9.781" classname="com.distrimind.util.tests.crypto.CryptoTests"/>
  <testcase name="testHybridEncryptions" time="26.655" classname="com.distrimind.util.tests.crypto.CryptoTests"/>
  <testcase name="testSignatures" time="0.344" classname="com.distrimind.util.tests.crypto.CryptoTests"/>
  <testcase name="testSignatures" time="1.068" classname="com.distrimind.util.tests.crypto.CryptoTests"/>
  <testcase name="testSignatures" time="9.966" classname="com.distrimind.util.tests.crypto.CryptoTests"/>
  <testcase name="testEncodeAndSeparateEncoding" time="0.000" classname="com.distrimind.util.tests.crypto.CryptoTests"/>
  <testcase name="testEncodeAndSeparateEncoding" time="0.000" classname="com.distrimind.util.tests.crypto.CryptoTests"/>
  <testcase name="testSignatures" time="7.254" classname="com.distrimind.util.tests.crypto.CryptoTests"/>
  <testcase name="testHybridEncryptions" time="20.696" classname="com.distrimind.util.tests.crypto.CryptoTests"/>
  <testcase name="testSignatures" time="5.266" classname="com.distrimind.util.tests.crypto.CryptoTests"/>
  <testcase name="testSymetricEncryptions" time="0.021" classname="com.distrimind.util.tests.crypto.CryptoTests"/>
  <testcase name="testASymetricEncryptions" time="10.259" classname="com.distrimind.util.tests.crypto.CryptoTests"/>
  <testcase name="testHybridEncryptions" time="19.162" classname="com.distrimind.util.tests.crypto.CryptoTests"/>
  <testcase name="testSecretKeyEncoding" time="0.171" classname="com.distrimind.util.tests.crypto.CryptoTests"/>
  <testcase name="testEncodeAndSeparateEncoding" time="0.000" classname="com.distrimind.util.tests.crypto.CryptoTests"/>
  <testcase name="testSignatures" time="13.511" classname="com.distrimind.util.tests.crypto.CryptoTests"/>
  <testcase name="testEncodeAndSeparateEncoding" time="0.000" classname="com.distrimind.util.tests.crypto.CryptoTests"/>
  <testcase name="testSymetricEncryptions" time="0.017" classname="com.distrimind.util.tests.crypto.CryptoTests"/>
  <testcase name="testMessageDigest" time="0.005" classname="com.distrimind.util.tests.crypto.CryptoTests"/>
  <testcase name="testSignatures" time="0.198" classname="com.distrimind.util.tests.crypto.CryptoTests"/>
  <testcase name="testSymetricEncryptions" time="0.015" classname="com.distrimind.util.tests.crypto.CryptoTests"/>
  <testcase name="testEncodeAndSeparateEncoding" time="0.001" classname="com.distrimind.util.tests.crypto.CryptoTests"/>
  <testcase name="testSignatures" time="9.022" classname="com.distrimind.util.tests.crypto.CryptoTests"/>
  <testcase name="testEncodeAndSeparateEncoding" time="0.001" classname="com.distrimind.util.tests.crypto.CryptoTests"/>
  <testcase name="testEncodeAndSeparateEncoding" time="0.000" classname="com.distrimind.util.tests.crypto.CryptoTests"/>
  <testcase name="testEncodeAndSeparateEncoding" time="0.000" classname="com.distrimind.util.tests.crypto.CryptoTests"/>
  <testcase name="testASymmetricSecretMessageExchanger" time="10.547" classname="com.distrimind.util.tests.crypto.CryptoTests"/>
  <testcase name="testEncodeAndSeparateEncoding" time="0.000" classname="com.distrimind.util.tests.crypto.CryptoTests"/>
  <testcase name="testMessageDigest" time="0.001" classname="com.distrimind.util.tests.crypto.CryptoTests"/>
  <testcase name="testSignatures" time="0.104" classname="com.distrimind.util.tests.crypto.CryptoTests"/>
  <testcase name="testSignatures" time="3.790" classname="com.distrimind.util.tests.crypto.CryptoTests"/>
  <testcase name="testASymmetricSecretMessageExchanger" time="15.919" classname="com.distrimind.util.tests.crypto.CryptoTests"/>
  <testcase name="testEncodeAndSeparateEncoding" time="0.000" classname="com.distrimind.util.tests.crypto.CryptoTests"/>
  <testcase name="testSignatures" time="7.093" classname="com.distrimind.util.tests.crypto.CryptoTests"/>
  <testcase name="testSignatures" time="2.871" classname="com.distrimind.util.tests.crypto.CryptoTests"/>
  <testcase name="testEncodeAndSeparateEncoding" time="0.000" classname="com.distrimind.util.tests.crypto.CryptoTests"/>
  <testcase name="testEncodeAndSeparateEncoding" time="0.000" classname="com.distrimind.util.tests.crypto.CryptoTests"/>
  <testcase name="testSignatures" time="0.272" classname="com.distrimind.util.tests.crypto.CryptoTests"/>
  <testcase name="testSymetricEncryptions" time="0.016" classname="com.distrimind.util.tests.crypto.CryptoTests"/>
  <testcase name="testSignatures" time="2.068" classname="com.distrimind.util.tests.crypto.CryptoTests"/>
  <testcase name="testSymetricEncryptions" time="0.021" classname="com.distrimind.util.tests.crypto.CryptoTests"/>
  <testcase name="testMessageDigest" time="0.000" classname="com.distrimind.util.tests.crypto.CryptoTests"/>
  <testcase name="testASymmetricKeyPairEncoding" time="1.229" classname="com.distrimind.util.tests.crypto.CryptoTests"/>
  <testcase name="testSignatures" time="4.642" classname="com.distrimind.util.tests.crypto.CryptoTests"/>
  <testcase name="testEncodeAndSeparateEncoding" time="0.000" classname="com.distrimind.util.tests.crypto.CryptoTests"/>
  <testcase name="testSignatures" time="2.548" classname="com.distrimind.util.tests.crypto.CryptoTests"/>
  <testcase name="testSecretKeyEncoding" time="0.156" classname="com.distrimind.util.tests.crypto.CryptoTests"/>
  <testcase name="testHybridEncryptions" time="25.287" classname="com.distrimind.util.tests.crypto.CryptoTests"/>
  <testcase name="testHybridEncryptions" time="26.074" classname="com.distrimind.util.tests.crypto.CryptoTests"/>
  <testcase name="testSignatures" time="0.142" classname="com.distrimind.util.tests.crypto.CryptoTests"/>
  <testcase name="testSecretKeyEncoding" time="0.152" classname="com.distrimind.util.tests.crypto.CryptoTests"/>
  <testcase name="testMessageDigest" time="0.001" classname="com.distrimind.util.tests.crypto.CryptoTests"/>
  <testcase name="testEncodeAndSeparateEncoding" time="0.000" classname="com.distrimind.util.tests.crypto.CryptoTests"/>
  <testcase name="testASymetricEncryptions" time="5.481" classname="com.distrimind.util.tests.crypto.CryptoTests"/>
  <testcase name="testSignatures" time="1.461" classname="com.distrimind.util.tests.crypto.CryptoTests"/>
  <testcase name="testSignatures" time="7.380" classname="com.distrimind.util.tests.crypto.CryptoTests"/>
  <testcase name="testHybridEncryptions" time="36.960" classname="com.distrimind.util.tests.crypto.CryptoTests"/>
  <testcase name="testMessageDigest" time="0.001" classname="com.distrimind.util.tests.crypto.CryptoTests"/>
  <testcase name="testEncodeAndSeparateEncoding" time="0.000" classname="com.distrimind.util.tests.crypto.CryptoTests"/>
  <testcase name="testASymmetricKeyPairEncoding" time="8.338" classname="com.distrimind.util.tests.crypto.CryptoTests"/>
  <testcase name="testHybridEncryptions" time="18.818" classname="com.distrimind.util.tests.crypto.CryptoTests"/>
  <testcase name="testSignatures" time="2.107" classname="com.distrimind.util.tests.crypto.CryptoTests"/>
  <testcase name="testSignatures" time="0.667" classname="com.distrimind.util.tests.crypto.CryptoTests"/>
  <testcase name="testEncodeAndSeparateEncoding" time="0.000" classname="com.distrimind.util.tests.crypto.CryptoTests"/>
  <testcase name="testEncodeAndSeparateEncoding" time="0.000" classname="com.distrimind.util.tests.crypto.CryptoTests"/>
  <testcase name="testSignatures" time="0.638" classname="com.distrimind.util.tests.crypto.CryptoTests"/>
  <testcase name="testSignatures" time="9.513" classname="com.distrimind.util.tests.crypto.CryptoTests"/>
  <testcase name="testSecretKeyEncoding" time="0.171" classname="com.distrimind.util.tests.crypto.CryptoTests"/>
  <testcase name="testSignatures" time="0.493" classname="com.distrimind.util.tests.crypto.CryptoTests"/>
  <testcase name="testSignatures" time="0.303" classname="com.distrimind.util.tests.crypto.CryptoTests"/>
  <testcase name="testSignatures" time="1.002" classname="com.distrimind.util.tests.crypto.CryptoTests"/>
  <testcase name="testSignatures" time="0.595" classname="com.distrimind.util.tests.crypto.CryptoTests"/>
  <testcase name="testSignatures" time="2.302" classname="com.distrimind.util.tests.crypto.CryptoTests"/>
  <testcase name="testSignatures" time="1.276" classname="com.distrimind.util.tests.crypto.CryptoTests"/>
</testsuite> <!-- com.distrimind.util.tests.crypto.CryptoTests -->
