<?xml version="1.0" encoding="UTF-8"?>
<!-- Generated by org.testng.reporters.JUnitReportReporter -->
<testsuite hostname="choupchoup" name="com.distrimind.util.tests.version.VersionTests" tests="1" failures="0" timestamp="10 Jun 2016 10:39:08 GMT" time="0.009" errors="0">
  <testcase name="testFunctions" time="0.009" classname="com.distrimind.util.tests.version.VersionTests"/>
</testsuite> <!-- com.distrimind.util.tests.version.VersionTests -->
