<?xml version="1.0" encoding="UTF-8"?>
<!-- Generated by org.testng.reporters.JUnitReportReporter -->
<testsuite hostname="choupchoup" name="com.distrimind.util.tests.CryptoTests" tests="84" failures="0" timestamp="16 Mar 2016 17:52:21 GMT" time="249.601" errors="0">
  <testcase name="testSignatures" time="0.758" classname="com.distrimind.util.tests.CryptoTests"/>
  <testcase name="testHybridEncryptions" time="10.529" classname="com.distrimind.util.tests.CryptoTests"/>
  <testcase name="testSignatures" time="0.689" classname="com.distrimind.util.tests.CryptoTests"/>
  <testcase name="testHybridEncryptions" time="6.790" classname="com.distrimind.util.tests.CryptoTests"/>
  <testcase name="testASymmetricKeyPairEncoding" time="2.794" classname="com.distrimind.util.tests.CryptoTests"/>
  <testcase name="testEncodeAndSeparateEncoding" time="0.000" classname="com.distrimind.util.tests.CryptoTests"/>
  <testcase name="testSignatures" time="2.209" classname="com.distrimind.util.tests.CryptoTests"/>
  <testcase name="testSignatures" time="1.292" classname="com.distrimind.util.tests.CryptoTests"/>
  <testcase name="testEncodeAndSeparateEncoding" time="0.001" classname="com.distrimind.util.tests.CryptoTests"/>
  <testcase name="testHybridEncryptions" time="18.807" classname="com.distrimind.util.tests.CryptoTests"/>
  <testcase name="testEncodeAndSeparateEncoding" time="0.000" classname="com.distrimind.util.tests.CryptoTests"/>
  <testcase name="testEncodeAndSeparateEncoding" time="0.001" classname="com.distrimind.util.tests.CryptoTests"/>
  <testcase name="testSymetricEncryptions" time="0.002" classname="com.distrimind.util.tests.CryptoTests"/>
  <testcase name="testSymetricEncryptions" time="0.006" classname="com.distrimind.util.tests.CryptoTests"/>
  <testcase name="testSignatures" time="0.668" classname="com.distrimind.util.tests.CryptoTests"/>
  <testcase name="testHybridEncryptions" time="9.496" classname="com.distrimind.util.tests.CryptoTests"/>
  <testcase name="testSignatures" time="0.032" classname="com.distrimind.util.tests.CryptoTests"/>
  <testcase name="testSignatures" time="2.291" classname="com.distrimind.util.tests.CryptoTests"/>
  <testcase name="testASymmetricKeyPairEncoding" time="9.468" classname="com.distrimind.util.tests.CryptoTests"/>
  <testcase name="testSignatures" time="0.186" classname="com.distrimind.util.tests.CryptoTests"/>
  <testcase name="testSignatures" time="2.984" classname="com.distrimind.util.tests.CryptoTests"/>
  <testcase name="testSignatures" time="0.161" classname="com.distrimind.util.tests.CryptoTests"/>
  <testcase name="testMessageDigest" time="0.001" classname="com.distrimind.util.tests.CryptoTests"/>
  <testcase name="testSignatures" time="0.031" classname="com.distrimind.util.tests.CryptoTests"/>
  <testcase name="testSignatures" time="0.178" classname="com.distrimind.util.tests.CryptoTests"/>
  <testcase name="testSignatures" time="0.038" classname="com.distrimind.util.tests.CryptoTests"/>
  <testcase name="testSignatures" time="0.041" classname="com.distrimind.util.tests.CryptoTests"/>
  <testcase name="testEncodeAndSeparateEncoding" time="0.000" classname="com.distrimind.util.tests.CryptoTests"/>
  <testcase name="testSignatures" time="4.503" classname="com.distrimind.util.tests.CryptoTests"/>
  <testcase name="testSignatures" time="2.245" classname="com.distrimind.util.tests.CryptoTests"/>
  <testcase name="testSignatures" time="2.906" classname="com.distrimind.util.tests.CryptoTests"/>
  <testcase name="testEncodeAndSeparateEncoding" time="0.000" classname="com.distrimind.util.tests.CryptoTests"/>
  <testcase name="testSignatures" time="5.739" classname="com.distrimind.util.tests.CryptoTests"/>
  <testcase name="testASymetricEncryptions" time="14.245" classname="com.distrimind.util.tests.CryptoTests"/>
  <testcase name="testMessageDigest" time="0.001" classname="com.distrimind.util.tests.CryptoTests"/>
  <testcase name="testSignatures" time="0.084" classname="com.distrimind.util.tests.CryptoTests"/>
  <testcase name="testMessageDigest" time="0.001" classname="com.distrimind.util.tests.CryptoTests"/>
  <testcase name="testASymmetricSecretMessageExchanger" time="4.667" classname="com.distrimind.util.tests.CryptoTests"/>
  <testcase name="testSymetricEncryptions" time="0.004" classname="com.distrimind.util.tests.CryptoTests"/>
  <testcase name="testHybridEncryptions" time="3.837" classname="com.distrimind.util.tests.CryptoTests"/>
  <testcase name="testSignatures" time="0.067" classname="com.distrimind.util.tests.CryptoTests"/>
  <testcase name="testSecretKeyEncoding" time="0.001" classname="com.distrimind.util.tests.CryptoTests"/>
  <testcase name="testSignatures" time="0.116" classname="com.distrimind.util.tests.CryptoTests"/>
  <testcase name="testSignatures" time="1.459" classname="com.distrimind.util.tests.CryptoTests"/>
  <testcase name="testEncodeAndSeparateEncoding" time="0.000" classname="com.distrimind.util.tests.CryptoTests"/>
  <testcase name="testSignatures" time="7.342" classname="com.distrimind.util.tests.CryptoTests"/>
  <testcase name="testEncodeAndSeparateEncoding" time="0.000" classname="com.distrimind.util.tests.CryptoTests"/>
  <testcase name="testEncodeAndSeparateEncoding" time="0.000" classname="com.distrimind.util.tests.CryptoTests"/>
  <testcase name="testASymmetricSecretMessageExchanger" time="9.799" classname="com.distrimind.util.tests.CryptoTests"/>
  <testcase name="testSymetricEncryptions" time="0.005" classname="com.distrimind.util.tests.CryptoTests"/>
  <testcase name="testMessageDigest" time="0.000" classname="com.distrimind.util.tests.CryptoTests"/>
  <testcase name="testSecretKeyEncoding" time="0.159" classname="com.distrimind.util.tests.CryptoTests"/>
  <testcase name="testEncodeAndSeparateEncoding" time="0.000" classname="com.distrimind.util.tests.CryptoTests"/>
  <testcase name="testSignatures" time="2.045" classname="com.distrimind.util.tests.CryptoTests"/>
  <testcase name="testEncodeAndSeparateEncoding" time="0.001" classname="com.distrimind.util.tests.CryptoTests"/>
  <testcase name="testASymetricEncryptions" time="12.501" classname="com.distrimind.util.tests.CryptoTests"/>
  <testcase name="testEncodeAndSeparateEncoding" time="0.000" classname="com.distrimind.util.tests.CryptoTests"/>
  <testcase name="testEncodeAndSeparateEncoding" time="0.000" classname="com.distrimind.util.tests.CryptoTests"/>
  <testcase name="testHybridEncryptions" time="5.554" classname="com.distrimind.util.tests.CryptoTests"/>
  <testcase name="testHybridEncryptions" time="24.643" classname="com.distrimind.util.tests.CryptoTests"/>
  <testcase name="testSignatures" time="0.042" classname="com.distrimind.util.tests.CryptoTests"/>
  <testcase name="testSignatures" time="0.980" classname="com.distrimind.util.tests.CryptoTests"/>
  <testcase name="testSecretKeyEncoding" time="0.001" classname="com.distrimind.util.tests.CryptoTests"/>
  <testcase name="testEncodeAndSeparateEncoding" time="0.006" classname="com.distrimind.util.tests.CryptoTests"/>
  <testcase name="testSignatures" time="26.183" classname="com.distrimind.util.tests.CryptoTests"/>
  <testcase name="testHybridEncryptions" time="9.524" classname="com.distrimind.util.tests.CryptoTests"/>
  <testcase name="testMessageDigest" time="0.000" classname="com.distrimind.util.tests.CryptoTests"/>
  <testcase name="testEncodeAndSeparateEncoding" time="0.000" classname="com.distrimind.util.tests.CryptoTests"/>
  <testcase name="testEncodeAndSeparateEncoding" time="0.000" classname="com.distrimind.util.tests.CryptoTests"/>
  <testcase name="testSecretKeyEncoding" time="0.000" classname="com.distrimind.util.tests.CryptoTests"/>
  <testcase name="testEncodeAndSeparateEncoding" time="0.000" classname="com.distrimind.util.tests.CryptoTests"/>
  <testcase name="testSignatures" time="1.413" classname="com.distrimind.util.tests.CryptoTests"/>
  <testcase name="testSignatures" time="9.581" classname="com.distrimind.util.tests.CryptoTests"/>
  <testcase name="testSignatures" time="0.394" classname="com.distrimind.util.tests.CryptoTests"/>
  <testcase name="testSignatures" time="5.259" classname="com.distrimind.util.tests.CryptoTests"/>
  <testcase name="testEncodeAndSeparateEncoding" time="0.001" classname="com.distrimind.util.tests.CryptoTests"/>
  <testcase name="testSymetricEncryptions" time="0.008" classname="com.distrimind.util.tests.CryptoTests"/>
  <testcase name="testMessageDigest" time="0.001" classname="com.distrimind.util.tests.CryptoTests"/>
  <testcase name="testSignatures" time="1.268" classname="com.distrimind.util.tests.CryptoTests"/>
  <testcase name="testSecretKeyEncoding" time="0.001" classname="com.distrimind.util.tests.CryptoTests"/>
  <testcase name="testHybridEncryptions" time="16.583" classname="com.distrimind.util.tests.CryptoTests"/>
  <testcase name="testEncodeAndSeparateEncoding" time="0.000" classname="com.distrimind.util.tests.CryptoTests"/>
  <testcase name="testHybridEncryptions" time="6.978" classname="com.distrimind.util.tests.CryptoTests"/>
  <testcase name="testEncodeAndSeparateEncoding" time="0.001" classname="com.distrimind.util.tests.CryptoTests"/>
</testsuite> <!-- com.distrimind.util.tests.CryptoTests -->
