<?xml version="1.0" encoding="UTF-8"?>
<!-- Generated by org.testng.reporters.JUnitReportReporter -->
<testsuite hostname="choupchoup" name="com.distrimind.ood.tests.HSQLDBTestDatabase" tests="30" failures="0" timestamp="14 Feb 2016 07:49:20 GMT" time="63.706" errors="0">
  <testcase name="setAutoRandomFields" time="2.372" classname="com.distrimind.ood.tests.HSQLDBTestDatabase"/>
  <testcase name="testThreadSafe" time="9.879" classname="com.distrimind.ood.tests.HSQLDBTestDatabase"/>
  <testcase name="removeWithCascade" time="2.016" classname="com.distrimind.ood.tests.HSQLDBTestDatabase"/>
  <testcase name="getRecordFilter" time="0.061" classname="com.distrimind.ood.tests.HSQLDBTestDatabase"/>
  <testcase name="testThreadSafe" time="9.839" classname="com.distrimind.ood.tests.HSQLDBTestDatabase"/>
  <testcase name="multipleTests" time="0.189" classname="com.distrimind.ood.tests.HSQLDBTestDatabase"/>
  <testcase name="firstLoad" time="0.677" classname="com.distrimind.ood.tests.HSQLDBTestDatabase"/>
  <testcase name="testThreadSafe" time="9.428" classname="com.distrimind.ood.tests.HSQLDBTestDatabase"/>
  <testcase name="firstReload" time="0.735" classname="com.distrimind.ood.tests.HSQLDBTestDatabase"/>
  <testcase name="testThreadSafe" time="9.917" classname="com.distrimind.ood.tests.HSQLDBTestDatabase"/>
  <testcase name="testFilters" time="0.004" classname="com.distrimind.ood.tests.HSQLDBTestDatabase"/>
  <testcase name="alterRecordWithCascade" time="0.066" classname="com.distrimind.ood.tests.HSQLDBTestDatabase"/>
  <testcase name="removeRecord" time="0.010" classname="com.distrimind.ood.tests.HSQLDBTestDatabase"/>
  <testcase name="removeForeignKeyRecords" time="0.010" classname="com.distrimind.ood.tests.HSQLDBTestDatabase"/>
  <testcase name="secondTestSize" time="0.004" classname="com.distrimind.ood.tests.HSQLDBTestDatabase"/>
  <testcase name="removePointedRecords" time="0.010" classname="com.distrimind.ood.tests.HSQLDBTestDatabase"/>
  <testcase name="firstAdd" time="0.128" classname="com.distrimind.ood.tests.HSQLDBTestDatabase"/>
  <testcase name="testFirstAdd" time="0.002" classname="com.distrimind.ood.tests.HSQLDBTestDatabase"/>
  <testcase name="testIsPointed" time="0.005" classname="com.distrimind.ood.tests.HSQLDBTestDatabase"/>
  <testcase name="removeRecords" time="6.509" classname="com.distrimind.ood.tests.HSQLDBTestDatabase"/>
  <testcase name="isLoadedIntoMemory" time="0.000" classname="com.distrimind.ood.tests.HSQLDBTestDatabase"/>
  <testcase name="prepareMultipleTest" time="1.177" classname="com.distrimind.ood.tests.HSQLDBTestDatabase"/>
  <testcase name="testCheckPoint" time="0.356" classname="com.distrimind.ood.tests.HSQLDBTestDatabase"/>
  <testcase name="alterRecord" time="0.012" classname="com.distrimind.ood.tests.HSQLDBTestDatabase"/>
  <testcase name="testThreadSafe" time="9.848" classname="com.distrimind.ood.tests.HSQLDBTestDatabase"/>
  <testcase name="firstTestSize" time="0.001" classname="com.distrimind.ood.tests.HSQLDBTestDatabase"/>
  <testcase name="addSecondRecord" time="0.148" classname="com.distrimind.ood.tests.HSQLDBTestDatabase"/>
  <testcase name="testRemoveFilters" time="0.006" classname="com.distrimind.ood.tests.HSQLDBTestDatabase"/>
  <testcase name="addForeignKeyAndTestUniqueKeys" time="0.284" classname="com.distrimind.ood.tests.HSQLDBTestDatabase"/>
  <testcase name="getRecord" time="0.013" classname="com.distrimind.ood.tests.HSQLDBTestDatabase"/>
</testsuite> <!-- com.distrimind.ood.tests.HSQLDBTestDatabase -->
