<?xml version="1.0" encoding="UTF-8"?>
<!-- Generated by org.testng.reporters.JUnitReportReporter -->
<testsuite name="com.distrimind.ood.tests.HSQLDBTestDatabase" tests="46" time="1.459" ignored="34" failures="0" timestamp="13 juin 2017 14:37:53 GMT" skipped="0" hostname="choupchoup" errors="0">
  <testcase name="testCommandTranslatorInterpreter" time="0.038" classname="com.distrimind.ood.tests.HSQLDBTestDatabase"/>
  <testcase name="testCommandTranslatorInterpreter" time="0.002" classname="com.distrimind.ood.tests.HSQLDBTestDatabase"/>
  <testcase name="testCommandTranslatorInterpreter" time="0.002" classname="com.distrimind.ood.tests.HSQLDBTestDatabase"/>
  <testcase name="checkUnloadedDatabase" time="0.609" classname="com.distrimind.ood.tests.HSQLDBTestDatabase"/>
  <testcase name="testCommandTranslatorInterpreter" time="0.058" classname="com.distrimind.ood.tests.HSQLDBTestDatabase"/>
  <testcase name="testCommandTranslatorInterpreter" time="0.018" classname="com.distrimind.ood.tests.HSQLDBTestDatabase"/>
  <testcase name="testCommandTranslatorInterpreter" time="0.002" classname="com.distrimind.ood.tests.HSQLDBTestDatabase"/>
  <testcase name="testCommandTranslatorInterpreter" time="0.003" classname="com.distrimind.ood.tests.HSQLDBTestDatabase"/>
  <testcase name="testCommandTranslatorInterpreter" time="0.033" classname="com.distrimind.ood.tests.HSQLDBTestDatabase"/>
  <testcase name="firstLoad" time="0.291" classname="com.distrimind.ood.tests.HSQLDBTestDatabase"/>
  <testcase name="testCommandTranslatorInterpreter" time="0.011" classname="com.distrimind.ood.tests.HSQLDBTestDatabase"/>
  <testcase name="testCommandTranslatorInterpreter" time="0.008" classname="com.distrimind.ood.tests.HSQLDBTestDatabase"/>
  <testcase name="testCommandTranslatorInterpreter" time="0.003" classname="com.distrimind.ood.tests.HSQLDBTestDatabase"/>
  <testcase name="testCommandTranslatorInterpreter" time="0.007" classname="com.distrimind.ood.tests.HSQLDBTestDatabase"/>
  <testcase name="testCommandTranslatorInterpreter" time="0.014" classname="com.distrimind.ood.tests.HSQLDBTestDatabase"/>
  <testcase name="testCommandTranslatorInterpreter" time="0.012" classname="com.distrimind.ood.tests.HSQLDBTestDatabase"/>
  <testcase name="testCommandTranslatorInterpreter" time="0.002" classname="com.distrimind.ood.tests.HSQLDBTestDatabase"/>
  <testcase name="testCommandTranslatorInterpreter" time="0.011" classname="com.distrimind.ood.tests.HSQLDBTestDatabase"/>
  <testcase name="testCommandTranslatorInterpreter" time="0.002" classname="com.distrimind.ood.tests.HSQLDBTestDatabase"/>
  <testcase name="testCommandTranslatorInterpreter" time="0.009" classname="com.distrimind.ood.tests.HSQLDBTestDatabase"/>
  <testcase name="testCommandTranslatorInterpreter" time="0.002" classname="com.distrimind.ood.tests.HSQLDBTestDatabase"/>
  <testcase name="testCommandTranslatorInterpreter" time="0.002" classname="com.distrimind.ood.tests.HSQLDBTestDatabase"/>
  <testcase name="testCommandTranslatorInterpreter" time="0.009" classname="com.distrimind.ood.tests.HSQLDBTestDatabase"/>
  <testcase name="testCommandTranslatorInterpreter" time="0.001" classname="com.distrimind.ood.tests.HSQLDBTestDatabase"/>
  <testcase name="testCommandTranslatorInterpreter" time="0.002" classname="com.distrimind.ood.tests.HSQLDBTestDatabase"/>
  <testcase name="testCommandTranslatorInterpreter" time="0.020" classname="com.distrimind.ood.tests.HSQLDBTestDatabase"/>
  <testcase name="testCommandTranslatorInterpreter" time="0.002" classname="com.distrimind.ood.tests.HSQLDBTestDatabase"/>
  <testcase name="testCommandTranslatorInterpreter" time="0.021" classname="com.distrimind.ood.tests.HSQLDBTestDatabase"/>
  <testcase name="testCommandTranslatorInterpreter" time="0.030" classname="com.distrimind.ood.tests.HSQLDBTestDatabase"/>
  <testcase name="testCommandTranslatorInterpreter" time="0.012" classname="com.distrimind.ood.tests.HSQLDBTestDatabase"/>
  <testcase name="testCommandTranslatorInterpreter" time="0.007" classname="com.distrimind.ood.tests.HSQLDBTestDatabase"/>
  <testcase name="testCommandTranslatorInterpreter" time="0.002" classname="com.distrimind.ood.tests.HSQLDBTestDatabase"/>
  <testcase name="testCommandTranslatorInterpreter" time="0.010" classname="com.distrimind.ood.tests.HSQLDBTestDatabase"/>
  <testcase name="testCommandTranslatorInterpreter" time="0.020" classname="com.distrimind.ood.tests.HSQLDBTestDatabase"/>
  <testcase name="testCommandTranslatorInterpreter" time="0.010" classname="com.distrimind.ood.tests.HSQLDBTestDatabase"/>
  <testcase name="testCommandTranslatorInterpreter" time="0.076" classname="com.distrimind.ood.tests.HSQLDBTestDatabase"/>
  <testcase name="testCommandTranslatorInterpreter" time="0.002" classname="com.distrimind.ood.tests.HSQLDBTestDatabase"/>
  <testcase name="testCommandTranslatorInterpreter" time="0.002" classname="com.distrimind.ood.tests.HSQLDBTestDatabase"/>
  <testcase name="testCommandTranslatorInterpreter" time="0.002" classname="com.distrimind.ood.tests.HSQLDBTestDatabase"/>
  <testcase name="testCommandTranslatorInterpreter" time="0.035" classname="com.distrimind.ood.tests.HSQLDBTestDatabase"/>
  <testcase name="testCommandTranslatorInterpreter" time="0.019" classname="com.distrimind.ood.tests.HSQLDBTestDatabase"/>
  <testcase name="testCommandTranslatorInterpreter" time="0.024" classname="com.distrimind.ood.tests.HSQLDBTestDatabase"/>
  <testcase name="testCommandTranslatorInterpreter" time="0.002" classname="com.distrimind.ood.tests.HSQLDBTestDatabase"/>
  <testcase name="testCommandTranslatorInterpreter" time="0.008" classname="com.distrimind.ood.tests.HSQLDBTestDatabase"/>
  <testcase name="testCommandTranslatorInterpreter" time="0.002" classname="com.distrimind.ood.tests.HSQLDBTestDatabase"/>
  <testcase name="testCommandTranslatorInterpreter" time="0.002" classname="com.distrimind.ood.tests.HSQLDBTestDatabase"/>
  <testcase name="addRecords" classname="com.distrimind.ood.tests.TestDatabase">
    <skipped/>
  </testcase> <!-- addRecords -->
  <testcase name="removeWithCascade" classname="com.distrimind.ood.tests.TestDatabase">
    <skipped/>
  </testcase> <!-- removeWithCascade -->
  <testcase name="setAutoRandomFields" classname="com.distrimind.ood.tests.TestDatabase">
    <skipped/>
  </testcase> <!-- setAutoRandomFields -->
  <testcase name="testBackup" classname="com.distrimind.ood.tests.TestDatabase">
    <skipped/>
  </testcase> <!-- testBackup -->
  <testcase name="alterRecord" classname="com.distrimind.ood.tests.TestDatabase">
    <skipped/>
  </testcase> <!-- alterRecord -->
  <testcase name="isLoadedIntoMemory" classname="com.distrimind.ood.tests.TestDatabase">
    <skipped/>
  </testcase> <!-- isLoadedIntoMemory -->
  <testcase name="alterRecordWithCascade" classname="com.distrimind.ood.tests.TestDatabase">
    <skipped/>
  </testcase> <!-- alterRecordWithCascade -->
  <testcase name="getRecord" classname="com.distrimind.ood.tests.TestDatabase">
    <skipped/>
  </testcase> <!-- getRecord -->
  <testcase name="testIsPointed" classname="com.distrimind.ood.tests.TestDatabase">
    <skipped/>
  </testcase> <!-- testIsPointed -->
  <testcase name="removeForeignKeyRecords" classname="com.distrimind.ood.tests.TestDatabase">
    <skipped/>
  </testcase> <!-- removeForeignKeyRecords -->
  <testcase name="firstReload" classname="com.distrimind.ood.tests.TestDatabase">
    <skipped/>
  </testcase> <!-- firstReload -->
  <testcase name="testOrderedTable3" classname="com.distrimind.ood.tests.TestDatabase">
    <skipped/>
  </testcase> <!-- testOrderedTable3 -->
  <testcase name="removeRecords" classname="com.distrimind.ood.tests.TestDatabase">
    <skipped/>
  </testcase> <!-- removeRecords -->
  <testcase name="removePointedRecords" classname="com.distrimind.ood.tests.TestDatabase">
    <skipped/>
  </testcase> <!-- removePointedRecords -->
  <testcase name="addSecondRecord" classname="com.distrimind.ood.tests.TestDatabase">
    <skipped/>
  </testcase> <!-- addSecondRecord -->
  <testcase name="testOrderedTable1" classname="com.distrimind.ood.tests.TestDatabase">
    <skipped/>
  </testcase> <!-- testOrderedTable1 -->
  <testcase name="testDatabaseRemove" classname="com.distrimind.ood.tests.TestDatabase">
    <skipped/>
  </testcase> <!-- testDatabaseRemove -->
  <testcase name="prepareMultipleTest" classname="com.distrimind.ood.tests.TestDatabase">
    <skipped/>
  </testcase> <!-- prepareMultipleTest -->
  <testcase name="testFilters" classname="com.distrimind.ood.tests.TestDatabase">
    <skipped/>
  </testcase> <!-- testFilters -->
  <testcase name="addForeignKeyAndTestUniqueKeys" classname="com.distrimind.ood.tests.TestDatabase">
    <skipped/>
  </testcase> <!-- addForeignKeyAndTestUniqueKeys -->
  <testcase name="testFirstAdd" classname="com.distrimind.ood.tests.TestDatabase">
    <skipped/>
  </testcase> <!-- testFirstAdd -->
  <testcase name="secondTestSize" classname="com.distrimind.ood.tests.TestDatabase">
    <skipped/>
  </testcase> <!-- secondTestSize -->
  <testcase name="removeRecord" classname="com.distrimind.ood.tests.TestDatabase">
    <skipped/>
  </testcase> <!-- removeRecord -->
  <testcase name="getRecordFilter" classname="com.distrimind.ood.tests.TestDatabase">
    <skipped/>
  </testcase> <!-- getRecordFilter -->
  <testcase name="testRemoveFilters" classname="com.distrimind.ood.tests.TestDatabase">
    <skipped/>
  </testcase> <!-- testRemoveFilters -->
  <testcase name="testCheckPoint" classname="com.distrimind.ood.tests.TestDatabase">
    <skipped/>
  </testcase> <!-- testCheckPoint -->
  <testcase name="firstTestSize" classname="com.distrimind.ood.tests.TestDatabase">
    <skipped/>
  </testcase> <!-- firstTestSize -->
  <testcase name="firstAdd" classname="com.distrimind.ood.tests.TestDatabase">
    <skipped/>
  </testcase> <!-- firstAdd -->
  <testcase name="subMultipleTests" classname="com.distrimind.ood.tests.TestDatabase">
    <skipped/>
  </testcase> <!-- subMultipleTests -->
  <testcase name="testInverseOrderedTable3" classname="com.distrimind.ood.tests.TestDatabase">
    <skipped/>
  </testcase> <!-- testInverseOrderedTable3 -->
  <testcase name="multipleTests" classname="com.distrimind.ood.tests.TestDatabase">
    <skipped/>
  </testcase> <!-- multipleTests -->
  <testcase name="testThreadSafe" classname="com.distrimind.ood.tests.TestDatabase">
    <skipped/>
  </testcase> <!-- testThreadSafe -->
  <testcase name="testInverseOrderedTable1" classname="com.distrimind.ood.tests.TestDatabase">
    <skipped/>
  </testcase> <!-- testInverseOrderedTable1 -->
  <testcase name="testArrayRecordParameters" classname="com.distrimind.ood.tests.TestDatabase">
    <skipped/>
  </testcase> <!-- testArrayRecordParameters -->
</testsuite> <!-- com.distrimind.ood.tests.HSQLDBTestDatabase -->
