<?xml version="1.0" encoding="UTF-8"?>
<!-- Generated by org.testng.reporters.JUnitReportReporter -->
<testsuite hostname="choupchoup" name="com.distrimind.util.tests.DecentralizedIDTests" tests="4003" failures="0" timestamp="19 Sep 2016 10:35:29 GMT" time="8.638" errors="0">
  <testcase name="testToBytes" time="0.001" classname="com.distrimind.util.tests.DecentralizedIDTests"/>
  <testcase name="testToBytes" time="0.001" classname="com.distrimind.util.tests.DecentralizedIDTests"/>
  <testcase name="testToBytes" time="0.001" classname="com.distrimind.util.tests.DecentralizedIDTests"/>
  <testcase name="testNotEquals" time="0.001" classname="com.distrimind.util.tests.DecentralizedIDTests"/>
  <testcase name="testNotEquals" time="0.000" classname="com.distrimind.util.tests.DecentralizedIDTests"/>
  <testcase name="testNotEquals" time="0.000" classname="com.distrimind.util.tests.DecentralizedIDTests"/>
  <testcase name="testNotEquals" time="0.000" classname="com.distrimind.util.tests.DecentralizedIDTests"/>
  <testcase name="testNotEquals" time="0.001" classname="com.distrimind.util.tests.DecentralizedIDTests"/>
  <testcase name="testNotEquals" time="0.000" classname="com.distrimind.util.tests.DecentralizedIDTests"/>
  <testcase name="testNotEquals" time="0.000" classname="com.distrimind.util.tests.DecentralizedIDTests"/>
  <testcase name="testNotEquals" time="0.000" classname="com.distrimind.util.tests.DecentralizedIDTests"/>
  <testcase name="testNotEquals" time="0.000" classname="com.distrimind.util.tests.DecentralizedIDTests"/>
  <testcase name="testToBytes" time="0.000" classname="com.distrimind.util.tests.DecentralizedIDTests"/>
  <testcase name="testNotEquals" time="0.000" classname="com.distrimind.util.tests.DecentralizedIDTests"/>
  <testcase name="testNotEquals" time="0.000" classname="com.distrimind.util.tests.DecentralizedIDTests"/>
  <testcase name="testNotEquals" time="0.001" classname="com.distrimind.util.tests.DecentralizedIDTests"/>
  <testcase name="testNotEquals" time="0.000" classname="com.distrimind.util.tests.DecentralizedIDTests"/>
  <testcase name="testNotEquals" time="0.000" classname="com.distrimind.util.tests.DecentralizedIDTests"/>
  <testcase name="testNotEquals" time="0.000" classname="com.distrimind.util.tests.DecentralizedIDTests"/>
  <testcase name="testNotEquals" time="0.001" classname="com.distrimind.util.tests.DecentralizedIDTests"/>
  <testcase name="testNotEquals" time="0.000" classname="com.distrimind.util.tests.DecentralizedIDTests"/>
  <testcase name="testNotEquals" time="0.000" classname="com.distrimind.util.tests.DecentralizedIDTests"/>
  <testcase name="testNotEquals" time="0.000" classname="com.distrimind.util.tests.DecentralizedIDTests"/>
  <testcase name="testNotEquals" time="0.001" classname="com.distrimind.util.tests.DecentralizedIDTests"/>
  <testcase name="testToBytes" time="0.000" classname="com.distrimind.util.tests.DecentralizedIDTests"/>
  <testcase name="testNotEquals" time="0.000" classname="com.distrimind.util.tests.DecentralizedIDTests"/>
  <testcase name="testToBytes" time="0.000" classname="com.distrimind.util.tests.DecentralizedIDTests"/>
  <testcase name="testToBytes" time="0.000" classname="com.distrimind.util.tests.DecentralizedIDTests"/>
  <testcase name="testNotEquals" time="0.006" classname="com.distrimind.util.tests.DecentralizedIDTests"/>
  <testcase name="testToBytes" time="0.000" classname="com.distrimind.util.tests.DecentralizedIDTests"/>
  <testcase name="testToBytes" time="0.000" classname="com.distrimind.util.tests.DecentralizedIDTests"/>
  <testcase name="testNotEquals" time="0.000" classname="com.distrimind.util.tests.DecentralizedIDTests"/>
  <testcase name="testNotEquals" time="0.000" classname="com.distrimind.util.tests.DecentralizedIDTests"/>
  <testcase name="testToBytes" time="0.000" classname="com.distrimind.util.tests.DecentralizedIDTests"/>
  <testcase name="testNotEquals" time="0.000" classname="com.distrimind.util.tests.DecentralizedIDTests"/>
  <testcase name="testNotEquals" time="0.000" classname="com.distrimind.util.tests.DecentralizedIDTests"/>
  <testcase name="testToBytes" time="0.000" classname="com.distrimind.util.tests.DecentralizedIDTests"/>
  <testcase name="testNotEquals" time="0.000" classname="com.distrimind.util.tests.DecentralizedIDTests"/>
  <testcase name="testNotEquals" time="0.004" classname="com.distrimind.util.tests.DecentralizedIDTests"/>
  <testcase name="testNotEquals" time="0.001" classname="com.distrimind.util.tests.DecentralizedIDTests"/>
  <testcase name="testNotEquals" time="0.001" classname="com.distrimind.util.tests.DecentralizedIDTests"/>
  <testcase name="testToBytes" time="0.000" classname="com.distrimind.util.tests.DecentralizedIDTests"/>
  <testcase name="testToBytes" time="0.000" classname="com.distrimind.util.tests.DecentralizedIDTests"/>
  <testcase name="testNotEquals" time="0.006" classname="com.distrimind.util.tests.DecentralizedIDTests"/>
  <testcase name="testToBytes" time="0.000" classname="com.distrimind.util.tests.DecentralizedIDTests"/>
  <testcase name="testToBytes" time="0.000" classname="com.distrimind.util.tests.DecentralizedIDTests"/>
  <testcase name="testToBytes" time="0.000" classname="com.distrimind.util.tests.DecentralizedIDTests"/>
  <testcase name="testToBytes" time="0.000" classname="com.distrimind.util.tests.DecentralizedIDTests"/>
  <testcase name="testToBytes" time="0.001" classname="com.distrimind.util.tests.DecentralizedIDTests"/>
  <testcase name="testNotEquals" time="0.002" classname="com.distrimind.util.tests.DecentralizedIDTests"/>
  <testcase name="testNotEquals" time="0.000" classname="com.distrimind.util.tests.DecentralizedIDTests"/>
  <testcase name="testToBytes" time="0.000" classname="com.distrimind.util.tests.DecentralizedIDTests"/>
  <testcase name="testToBytes" time="0.000" classname="com.distrimind.util.tests.DecentralizedIDTests"/>
  <testcase name="testToBytes" time="0.000" classname="com.distrimind.util.tests.DecentralizedIDTests"/>
  <testcase name="testNotEquals" time="0.000" classname="com.distrimind.util.tests.DecentralizedIDTests"/>
  <testcase name="testToBytes" time="0.000" classname="com.distrimind.util.tests.DecentralizedIDTests"/>
  <testcase name="testToBytes" time="0.000" classname="com.distrimind.util.tests.DecentralizedIDTests"/>
  <testcase name="testNotEquals" time="0.001" classname="com.distrimind.util.tests.DecentralizedIDTests"/>
  <testcase name="testToBytes" time="0.000" classname="com.distrimind.util.tests.DecentralizedIDTests"/>
  <testcase name="testNotEquals" time="0.000" classname="com.distrimind.util.tests.DecentralizedIDTests"/>
  <testcase name="testToBytes" time="0.000" classname="com.distrimind.util.tests.DecentralizedIDTests"/>
  <testcase name="testToBytes" time="0.000" classname="com.distrimind.util.tests.DecentralizedIDTests"/>
  <testcase name="testNotEquals" time="0.000" classname="com.distrimind.util.tests.DecentralizedIDTests"/>
  <testcase name="testNotEquals" time="0.000" classname="com.distrimind.util.tests.DecentralizedIDTests"/>
  <testcase name="testToBytes" time="0.000" classname="com.distrimind.util.tests.DecentralizedIDTests"/>
  <testcase name="testToBytes" time="0.000" classname="com.distrimind.util.tests.DecentralizedIDTests"/>
  <testcase name="testToBytes" time="0.000" classname="com.distrimind.util.tests.DecentralizedIDTests"/>
  <testcase name="testToBytes" time="0.000" classname="com.distrimind.util.tests.DecentralizedIDTests"/>
  <testcase name="testNotEquals" time="0.000" classname="com.distrimind.util.tests.DecentralizedIDTests"/>
  <testcase name="testNotEquals" time="0.001" classname="com.distrimind.util.tests.DecentralizedIDTests"/>
  <testcase name="testNotEquals" time="0.000" classname="com.distrimind.util.tests.DecentralizedIDTests"/>
  <testcase name="testNotEquals" time="0.001" classname="com.distrimind.util.tests.DecentralizedIDTests"/>
  <testcase name="testNotEquals" time="0.001" classname="com.distrimind.util.tests.DecentralizedIDTests"/>
  <testcase name="testToBytes" time="0.000" classname="com.distrimind.util.tests.DecentralizedIDTests"/>
  <testcase name="testNotEquals" time="0.000" classname="com.distrimind.util.tests.DecentralizedIDTests"/>
  <testcase name="testToBytes" time="0.000" classname="com.distrimind.util.tests.DecentralizedIDTests"/>
  <testcase name="testToBytes" time="0.000" classname="com.distrimind.util.tests.DecentralizedIDTests"/>
  <testcase name="testToBytes" time="0.001" classname="com.distrimind.util.tests.DecentralizedIDTests"/>
  <testcase name="testToBytes" time="0.000" classname="com.distrimind.util.tests.DecentralizedIDTests"/>
  <testcase name="testToBytes" time="0.000" classname="com.distrimind.util.tests.DecentralizedIDTests"/>
  <testcase name="testNotEquals" time="0.002" classname="com.distrimind.util.tests.DecentralizedIDTests"/>
  <testcase name="testToBytes" time="0.000" classname="com.distrimind.util.tests.DecentralizedIDTests"/>
  <testcase name="testNotEquals" time="0.001" classname="com.distrimind.util.tests.DecentralizedIDTests"/>
  <testcase name="testNotEquals" time="0.003" classname="com.distrimind.util.tests.DecentralizedIDTests"/>
  <testcase name="testToBytes" time="0.000" classname="com.distrimind.util.tests.DecentralizedIDTests"/>
  <testcase name="testToBytes" time="0.000" classname="com.distrimind.util.tests.DecentralizedIDTests"/>
  <testcase name="testToBytes" time="0.000" classname="com.distrimind.util.tests.DecentralizedIDTests"/>
  <testcase name="testNotEquals" time="0.000" classname="com.distrimind.util.tests.DecentralizedIDTests"/>
  <testcase name="testNotEquals" time="0.000" classname="com.distrimind.util.tests.DecentralizedIDTests"/>
  <testcase name="testNotEquals" time="0.000" classname="com.distrimind.util.tests.DecentralizedIDTests"/>
  <testcase name="testToBytes" time="0.000" classname="com.distrimind.util.tests.DecentralizedIDTests"/>
  <testcase name="testToBytes" time="0.000" classname="com.distrimind.util.tests.DecentralizedIDTests"/>
  <testcase name="testToBytes" time="0.000" classname="com.distrimind.util.tests.DecentralizedIDTests"/>
  <testcase name="testNotEquals" time="0.000" classname="com.distrimind.util.tests.DecentralizedIDTests"/>
  <testcase name="testNotEquals" time="0.023" classname="com.distrimind.util.tests.DecentralizedIDTests"/>
  <testcase name="testNotEquals" time="0.000" classname="com.distrimind.util.tests.DecentralizedIDTests"/>
  <testcase name="testToBytes" time="0.001" classname="com.distrimind.util.tests.DecentralizedIDTests"/>
  <testcase name="testToBytes" time="0.000" classname="com.distrimind.util.tests.DecentralizedIDTests"/>
  <testcase name="testNotEquals" time="0.005" classname="com.distrimind.util.tests.DecentralizedIDTests"/>
  <testcase name="testToBytes" time="0.000" classname="com.distrimind.util.tests.DecentralizedIDTests"/>
  <testcase name="testNotEquals" time="0.000" classname="com.distrimind.util.tests.DecentralizedIDTests"/>
  <testcase name="testNotEquals" time="0.000" classname="com.distrimind.util.tests.DecentralizedIDTests"/>
  <testcase name="testNotEquals" time="0.000" classname="com.distrimind.util.tests.DecentralizedIDTests"/>
  <testcase name="testNotEquals" time="0.000" classname="com.distrimind.util.tests.DecentralizedIDTests"/>
  <testcase name="testNotEquals" time="0.000" classname="com.distrimind.util.tests.DecentralizedIDTests"/>
  <testcase name="testToBytes" time="0.002" classname="com.distrimind.util.tests.DecentralizedIDTests"/>
  <testcase name="testToBytes" time="0.000" classname="com.distrimind.util.tests.DecentralizedIDTests"/>
  <testcase name="testNotEquals" time="0.001" classname="com.distrimind.util.tests.DecentralizedIDTests"/>
  <testcase name="testToBytes" time="0.000" classname="com.distrimind.util.tests.DecentralizedIDTests"/>
  <testcase name="testNotEquals" time="0.000" classname="com.distrimind.util.tests.DecentralizedIDTests"/>
  <testcase name="testToBytes" time="0.000" classname="com.distrimind.util.tests.DecentralizedIDTests"/>
  <testcase name="testNotEquals" time="0.000" classname="com.distrimind.util.tests.DecentralizedIDTests"/>
  <testcase name="testToBytes" time="0.000" classname="com.distrimind.util.tests.DecentralizedIDTests"/>
  <testcase name="testNotEquals" time="0.000" classname="com.distrimind.util.tests.DecentralizedIDTests"/>
  <testcase name="testNotEquals" time="0.000" classname="com.distrimind.util.tests.DecentralizedIDTests"/>
  <testcase name="testNotEquals" time="0.013" classname="com.distrimind.util.tests.DecentralizedIDTests"/>
  <testcase name="testNotEquals" time="0.000" classname="com.distrimind.util.tests.DecentralizedIDTests"/>
  <testcase name="testNotEquals" time="0.000" classname="com.distrimind.util.tests.DecentralizedIDTests"/>
  <testcase name="testToBytes" time="0.000" classname="com.distrimind.util.tests.DecentralizedIDTests"/>
  <testcase name="testNotEquals" time="0.000" classname="com.distrimind.util.tests.DecentralizedIDTests"/>
  <testcase name="testToBytes" time="0.000" classname="com.distrimind.util.tests.DecentralizedIDTests"/>
  <testcase name="testToBytes" time="0.000" classname="com.distrimind.util.tests.DecentralizedIDTests"/>
  <testcase name="testNotEquals" time="0.000" classname="com.distrimind.util.tests.DecentralizedIDTests"/>
  <testcase name="testNotEquals" time="0.002" classname="com.distrimind.util.tests.DecentralizedIDTests"/>
  <testcase name="testToBytes" time="0.000" classname="com.distrimind.util.tests.DecentralizedIDTests"/>
  <testcase name="testToBytes" time="0.000" classname="com.distrimind.util.tests.DecentralizedIDTests"/>
  <testcase name="testToBytes" time="0.000" classname="com.distrimind.util.tests.DecentralizedIDTests"/>
  <testcase name="testToBytes" time="0.000" classname="com.distrimind.util.tests.DecentralizedIDTests"/>
  <testcase name="testToBytes" time="0.000" classname="com.distrimind.util.tests.DecentralizedIDTests"/>
  <testcase name="testToBytes" time="0.000" classname="com.distrimind.util.tests.DecentralizedIDTests"/>
  <testcase name="testToBytes" time="0.000" classname="com.distrimind.util.tests.DecentralizedIDTests"/>
  <testcase name="testNotEquals" time="0.000" classname="com.distrimind.util.tests.DecentralizedIDTests"/>
  <testcase name="testToBytes" time="0.000" classname="com.distrimind.util.tests.DecentralizedIDTests"/>
  <testcase name="testToBytes" time="0.000" classname="com.distrimind.util.tests.DecentralizedIDTests"/>
  <testcase name="testToBytes" time="0.000" classname="com.distrimind.util.tests.DecentralizedIDTests"/>
  <testcase name="testToBytes" time="0.000" classname="com.distrimind.util.tests.DecentralizedIDTests"/>
  <testcase name="testNotEquals" time="0.000" classname="com.distrimind.util.tests.DecentralizedIDTests"/>
  <testcase name="testToBytes" time="0.000" classname="com.distrimind.util.tests.DecentralizedIDTests"/>
  <testcase name="testNotEquals" time="0.001" classname="com.distrimind.util.tests.DecentralizedIDTests"/>
  <testcase name="testNotEquals" time="0.000" classname="com.distrimind.util.tests.DecentralizedIDTests"/>
  <testcase name="testNotEquals" time="0.000" classname="com.distrimind.util.tests.DecentralizedIDTests"/>
  <testcase name="testNotEquals" time="0.000" classname="com.distrimind.util.tests.DecentralizedIDTests"/>
  <testcase name="testNotEquals" time="0.000" classname="com.distrimind.util.tests.DecentralizedIDTests"/>
  <testcase name="testNotEquals" time="0.000" classname="com.distrimind.util.tests.DecentralizedIDTests"/>
  <testcase name="testNotEquals" time="0.000" classname="com.distrimind.util.tests.DecentralizedIDTests"/>
  <testcase name="testToBytes" time="0.001" classname="com.distrimind.util.tests.DecentralizedIDTests"/>
  <testcase name="testNotEquals" time="0.000" classname="com.distrimind.util.tests.DecentralizedIDTests"/>
  <testcase name="testNotEquals" time="0.000" classname="com.distrimind.util.tests.DecentralizedIDTests"/>
  <testcase name="testNotEquals" time="0.006" classname="com.distrimind.util.tests.DecentralizedIDTests"/>
  <testcase name="testNotEquals" time="0.000" classname="com.distrimind.util.tests.DecentralizedIDTests"/>
  <testcase name="testNotEquals" time="0.000" classname="com.distrimind.util.tests.DecentralizedIDTests"/>
  <testcase name="testToBytes" time="0.000" classname="com.distrimind.util.tests.DecentralizedIDTests"/>
  <testcase name="testToBytes" time="0.000" classname="com.distrimind.util.tests.DecentralizedIDTests"/>
  <testcase name="testNotEquals" time="0.001" classname="com.distrimind.util.tests.DecentralizedIDTests"/>
  <testcase name="testNotEquals" time="0.002" classname="com.distrimind.util.tests.DecentralizedIDTests"/>
  <testcase name="testToBytes" time="0.000" classname="com.distrimind.util.tests.DecentralizedIDTests"/>
  <testcase name="testToBytes" time="0.000" classname="com.distrimind.util.tests.DecentralizedIDTests"/>
  <testcase name="testNotEquals" time="0.000" classname="com.distrimind.util.tests.DecentralizedIDTests"/>
  <testcase name="testNotEquals" time="0.020" classname="com.distrimind.util.tests.DecentralizedIDTests"/>
  <testcase name="testNotEquals" time="0.000" classname="com.distrimind.util.tests.DecentralizedIDTests"/>
  <testcase name="testToBytes" time="0.000" classname="com.distrimind.util.tests.DecentralizedIDTests"/>
  <testcase name="testNotEquals" time="0.000" classname="com.distrimind.util.tests.DecentralizedIDTests"/>
  <testcase name="testToBytes" time="0.000" classname="com.distrimind.util.tests.DecentralizedIDTests"/>
  <testcase name="testNotEquals" time="0.000" classname="com.distrimind.util.tests.DecentralizedIDTests"/>
  <testcase name="testNotEquals" time="0.004" classname="com.distrimind.util.tests.DecentralizedIDTests"/>
  <testcase name="testToBytes" time="0.000" classname="com.distrimind.util.tests.DecentralizedIDTests"/>
  <testcase name="testToBytes" time="0.000" classname="com.distrimind.util.tests.DecentralizedIDTests"/>
  <testcase name="testNotEquals" time="0.001" classname="com.distrimind.util.tests.DecentralizedIDTests"/>
  <testcase name="testNotEquals" time="0.001" classname="com.distrimind.util.tests.DecentralizedIDTests"/>
  <testcase name="testNotEquals" time="0.000" classname="com.distrimind.util.tests.DecentralizedIDTests"/>
  <testcase name="testNotEquals" time="0.000" classname="com.distrimind.util.tests.DecentralizedIDTests"/>
  <testcase name="testNotEquals" time="0.000" classname="com.distrimind.util.tests.DecentralizedIDTests"/>
  <testcase name="testToBytes" time="0.000" classname="com.distrimind.util.tests.DecentralizedIDTests"/>
  <testcase name="testNotEquals" time="0.000" classname="com.distrimind.util.tests.DecentralizedIDTests"/>
  <testcase name="testNotEquals" time="0.000" classname="com.distrimind.util.tests.DecentralizedIDTests"/>
  <testcase name="testToBytes" time="0.000" classname="com.distrimind.util.tests.DecentralizedIDTests"/>
  <testcase name="testToBytes" time="0.000" classname="com.distrimind.util.tests.DecentralizedIDTests"/>
  <testcase name="testNotEquals" time="0.000" classname="com.distrimind.util.tests.DecentralizedIDTests"/>
  <testcase name="testNotEquals" time="0.000" classname="com.distrimind.util.tests.DecentralizedIDTests"/>
  <testcase name="testNotEquals" time="0.000" classname="com.distrimind.util.tests.DecentralizedIDTests"/>
  <testcase name="testToBytes" time="0.000" classname="com.distrimind.util.tests.DecentralizedIDTests"/>
  <testcase name="testToBytes" time="0.000" classname="com.distrimind.util.tests.DecentralizedIDTests"/>
  <testcase name="testToBytes" time="0.000" classname="com.distrimind.util.tests.DecentralizedIDTests"/>
  <testcase name="testNotEquals" time="0.000" classname="com.distrimind.util.tests.DecentralizedIDTests"/>
  <testcase name="testNotEquals" time="0.000" classname="com.distrimind.util.tests.DecentralizedIDTests"/>
  <testcase name="testNotEquals" time="0.002" classname="com.distrimind.util.tests.DecentralizedIDTests"/>
  <testcase name="testNotEquals" time="0.000" classname="com.distrimind.util.tests.DecentralizedIDTests"/>
  <testcase name="testToBytes" time="0.000" classname="com.distrimind.util.tests.DecentralizedIDTests"/>
  <testcase name="testToBytes" time="0.003" classname="com.distrimind.util.tests.DecentralizedIDTests"/>
  <testcase name="testNotEquals" time="0.000" classname="com.distrimind.util.tests.DecentralizedIDTests"/>
  <testcase name="testNotEquals" time="0.011" classname="com.distrimind.util.tests.DecentralizedIDTests"/>
  <testcase name="testToBytes" time="0.000" classname="com.distrimind.util.tests.DecentralizedIDTests"/>
  <testcase name="testToBytes" time="0.000" classname="com.distrimind.util.tests.DecentralizedIDTests"/>
  <testcase name="testNotEquals" time="0.000" classname="com.distrimind.util.tests.DecentralizedIDTests"/>
  <testcase name="testNotEquals" time="0.000" classname="com.distrimind.util.tests.DecentralizedIDTests"/>
  <testcase name="testNotEquals" time="0.001" classname="com.distrimind.util.tests.DecentralizedIDTests"/>
  <testcase name="testNotEquals" time="0.001" classname="com.distrimind.util.tests.DecentralizedIDTests"/>
  <testcase name="testToBytes" time="0.000" classname="com.distrimind.util.tests.DecentralizedIDTests"/>
  <testcase name="testToBytes" time="0.000" classname="com.distrimind.util.tests.DecentralizedIDTests"/>
  <testcase name="testToBytes" time="0.000" classname="com.distrimind.util.tests.DecentralizedIDTests"/>
  <testcase name="testToBytes" time="0.000" classname="com.distrimind.util.tests.DecentralizedIDTests"/>
  <testcase name="testNotEquals" time="0.000" classname="com.distrimind.util.tests.DecentralizedIDTests"/>
  <testcase name="testNotEquals" time="0.004" classname="com.distrimind.util.tests.DecentralizedIDTests"/>
  <testcase name="testToBytes" time="0.000" classname="com.distrimind.util.tests.DecentralizedIDTests"/>
  <testcase name="testToBytes" time="0.001" classname="com.distrimind.util.tests.DecentralizedIDTests"/>
  <testcase name="testNotEquals" time="0.000" classname="com.distrimind.util.tests.DecentralizedIDTests"/>
  <testcase name="testToBytes" time="0.000" classname="com.distrimind.util.tests.DecentralizedIDTests"/>
  <testcase name="testToBytes" time="0.000" classname="com.distrimind.util.tests.DecentralizedIDTests"/>
  <testcase name="testNotEquals" time="0.000" classname="com.distrimind.util.tests.DecentralizedIDTests"/>
  <testcase name="testNotEquals" time="0.000" classname="com.distrimind.util.tests.DecentralizedIDTests"/>
  <testcase name="testToBytes" time="0.000" classname="com.distrimind.util.tests.DecentralizedIDTests"/>
  <testcase name="testNotEquals" time="0.000" classname="com.distrimind.util.tests.DecentralizedIDTests"/>
  <testcase name="testNotEquals" time="0.002" classname="com.distrimind.util.tests.DecentralizedIDTests"/>
  <testcase name="testNotEquals" time="0.000" classname="com.distrimind.util.tests.DecentralizedIDTests"/>
  <testcase name="testToBytes" time="0.000" classname="com.distrimind.util.tests.DecentralizedIDTests"/>
  <testcase name="testNotEquals" time="0.000" classname="com.distrimind.util.tests.DecentralizedIDTests"/>
  <testcase name="testNotEquals" time="0.000" classname="com.distrimind.util.tests.DecentralizedIDTests"/>
  <testcase name="testNotEquals" time="0.000" classname="com.distrimind.util.tests.DecentralizedIDTests"/>
  <testcase name="testToBytes" time="0.000" classname="com.distrimind.util.tests.DecentralizedIDTests"/>
  <testcase name="testToBytes" time="0.000" classname="com.distrimind.util.tests.DecentralizedIDTests"/>
  <testcase name="testNotEquals" time="0.001" classname="com.distrimind.util.tests.DecentralizedIDTests"/>
  <testcase name="testNotEquals" time="0.001" classname="com.distrimind.util.tests.DecentralizedIDTests"/>
  <testcase name="testNotEquals" time="0.000" classname="com.distrimind.util.tests.DecentralizedIDTests"/>
  <testcase name="testNotEquals" time="0.000" classname="com.distrimind.util.tests.DecentralizedIDTests"/>
  <testcase name="testToBytes" time="0.000" classname="com.distrimind.util.tests.DecentralizedIDTests"/>
  <testcase name="testToBytes" time="0.000" classname="com.distrimind.util.tests.DecentralizedIDTests"/>
  <testcase name="testNotEquals" time="0.000" classname="com.distrimind.util.tests.DecentralizedIDTests"/>
  <testcase name="testToBytes" time="0.199" classname="com.distrimind.util.tests.DecentralizedIDTests"/>
  <testcase name="testNotEquals" time="0.014" classname="com.distrimind.util.tests.DecentralizedIDTests"/>
  <testcase name="testNotEquals" time="0.001" classname="com.distrimind.util.tests.DecentralizedIDTests"/>
  <testcase name="testToBytes" time="0.000" classname="com.distrimind.util.tests.DecentralizedIDTests"/>
  <testcase name="testToBytes" time="0.000" classname="com.distrimind.util.tests.DecentralizedIDTests"/>
  <testcase name="testToBytes" time="0.000" classname="com.distrimind.util.tests.DecentralizedIDTests"/>
  <testcase name="testNotEquals" time="0.000" classname="com.distrimind.util.tests.DecentralizedIDTests"/>
  <testcase name="testToBytes" time="0.001" classname="com.distrimind.util.tests.DecentralizedIDTests"/>
  <testcase name="testToBytes" time="0.000" classname="com.distrimind.util.tests.DecentralizedIDTests"/>
  <testcase name="testNotEquals" time="0.000" classname="com.distrimind.util.tests.DecentralizedIDTests"/>
  <testcase name="testToBytes" time="0.000" classname="com.distrimind.util.tests.DecentralizedIDTests"/>
  <testcase name="testNotEquals" time="0.000" classname="com.distrimind.util.tests.DecentralizedIDTests"/>
  <testcase name="testToBytes" time="0.000" classname="com.distrimind.util.tests.DecentralizedIDTests"/>
  <testcase name="testNotEquals" time="0.000" classname="com.distrimind.util.tests.DecentralizedIDTests"/>
  <testcase name="testToBytes" time="0.000" classname="com.distrimind.util.tests.DecentralizedIDTests"/>
  <testcase name="testToBytes" time="0.000" classname="com.distrimind.util.tests.DecentralizedIDTests"/>
  <testcase name="testToBytes" time="0.000" classname="com.distrimind.util.tests.DecentralizedIDTests"/>
  <testcase name="testToBytes" time="0.000" classname="com.distrimind.util.tests.DecentralizedIDTests"/>
  <testcase name="testToBytes" time="0.000" classname="com.distrimind.util.tests.DecentralizedIDTests"/>
  <testcase name="testNotEquals" time="0.000" classname="com.distrimind.util.tests.DecentralizedIDTests"/>
  <testcase name="testToBytes" time="0.000" classname="com.distrimind.util.tests.DecentralizedIDTests"/>
  <testcase name="testNotEquals" time="0.000" classname="com.distrimind.util.tests.DecentralizedIDTests"/>
  <testcase name="testToBytes" time="0.000" classname="com.distrimind.util.tests.DecentralizedIDTests"/>
  <testcase name="testToBytes" time="0.000" classname="com.distrimind.util.tests.DecentralizedIDTests"/>
  <testcase name="testNotEquals" time="0.000" classname="com.distrimind.util.tests.DecentralizedIDTests"/>
  <testcase name="testToBytes" time="0.000" classname="com.distrimind.util.tests.DecentralizedIDTests"/>
  <testcase name="testToBytes" time="0.000" classname="com.distrimind.util.tests.DecentralizedIDTests"/>
  <testcase name="testNotEquals" time="0.000" classname="com.distrimind.util.tests.DecentralizedIDTests"/>
  <testcase name="testToBytes" time="0.000" classname="com.distrimind.util.tests.DecentralizedIDTests"/>
  <testcase name="testNotEquals" time="0.007" classname="com.distrimind.util.tests.DecentralizedIDTests"/>
  <testcase name="testNotEquals" time="0.014" classname="com.distrimind.util.tests.DecentralizedIDTests"/>
  <testcase name="testNotEquals" time="0.001" classname="com.distrimind.util.tests.DecentralizedIDTests"/>
  <testcase name="testNotEquals" time="0.000" classname="com.distrimind.util.tests.DecentralizedIDTests"/>
  <testcase name="testNotEquals" time="0.000" classname="com.distrimind.util.tests.DecentralizedIDTests"/>
  <testcase name="testNotEquals" time="0.000" classname="com.distrimind.util.tests.DecentralizedIDTests"/>
  <testcase name="testToBytes" time="0.000" classname="com.distrimind.util.tests.DecentralizedIDTests"/>
  <testcase name="testNotEquals" time="0.004" classname="com.distrimind.util.tests.DecentralizedIDTests"/>
  <testcase name="testToBytes" time="0.000" classname="com.distrimind.util.tests.DecentralizedIDTests"/>
  <testcase name="testNotEquals" time="0.000" classname="com.distrimind.util.tests.DecentralizedIDTests"/>
  <testcase name="testToBytes" time="0.000" classname="com.distrimind.util.tests.DecentralizedIDTests"/>
  <testcase name="testToBytes" time="0.000" classname="com.distrimind.util.tests.DecentralizedIDTests"/>
  <testcase name="testNotEquals" time="0.007" classname="com.distrimind.util.tests.DecentralizedIDTests"/>
  <testcase name="testNotEquals" time="0.000" classname="com.distrimind.util.tests.DecentralizedIDTests"/>
  <testcase name="testNotEquals" time="0.000" classname="com.distrimind.util.tests.DecentralizedIDTests"/>
  <testcase name="testToBytes" time="0.020" classname="com.distrimind.util.tests.DecentralizedIDTests"/>
  <testcase name="testToBytes" time="0.000" classname="com.distrimind.util.tests.DecentralizedIDTests"/>
  <testcase name="testNotEquals" time="0.001" classname="com.distrimind.util.tests.DecentralizedIDTests"/>
  <testcase name="testNotEquals" time="0.000" classname="com.distrimind.util.tests.DecentralizedIDTests"/>
  <testcase name="testNotEquals" time="0.000" classname="com.distrimind.util.tests.DecentralizedIDTests"/>
  <testcase name="testNotEquals" time="0.009" classname="com.distrimind.util.tests.DecentralizedIDTests"/>
  <testcase name="testToBytes" time="0.000" classname="com.distrimind.util.tests.DecentralizedIDTests"/>
  <testcase name="testNotEquals" time="0.001" classname="com.distrimind.util.tests.DecentralizedIDTests"/>
  <testcase name="testToBytes" time="0.000" classname="com.distrimind.util.tests.DecentralizedIDTests"/>
  <testcase name="testToBytes" time="0.000" classname="com.distrimind.util.tests.DecentralizedIDTests"/>
  <testcase name="testToBytes" time="0.000" classname="com.distrimind.util.tests.DecentralizedIDTests"/>
  <testcase name="testNotEquals" time="0.004" classname="com.distrimind.util.tests.DecentralizedIDTests"/>
  <testcase name="testNotEquals" time="0.000" classname="com.distrimind.util.tests.DecentralizedIDTests"/>
  <testcase name="testToBytes" time="0.000" classname="com.distrimind.util.tests.DecentralizedIDTests"/>
  <testcase name="testNotEquals" time="0.000" classname="com.distrimind.util.tests.DecentralizedIDTests"/>
  <testcase name="testToBytes" time="0.000" classname="com.distrimind.util.tests.DecentralizedIDTests"/>
  <testcase name="testNotEquals" time="0.001" classname="com.distrimind.util.tests.DecentralizedIDTests"/>
  <testcase name="testNotEquals" time="0.001" classname="com.distrimind.util.tests.DecentralizedIDTests"/>
  <testcase name="testToBytes" time="0.000" classname="com.distrimind.util.tests.DecentralizedIDTests"/>
  <testcase name="testToBytes" time="0.000" classname="com.distrimind.util.tests.DecentralizedIDTests"/>
  <testcase name="testNotEquals" time="0.000" classname="com.distrimind.util.tests.DecentralizedIDTests"/>
  <testcase name="testToBytes" time="0.000" classname="com.distrimind.util.tests.DecentralizedIDTests"/>
  <testcase name="testNotEquals" time="0.001" classname="com.distrimind.util.tests.DecentralizedIDTests"/>
  <testcase name="testNotEquals" time="0.009" classname="com.distrimind.util.tests.DecentralizedIDTests"/>
  <testcase name="testNotEquals" time="0.000" classname="com.distrimind.util.tests.DecentralizedIDTests"/>
  <testcase name="testToBytes" time="0.000" classname="com.distrimind.util.tests.DecentralizedIDTests"/>
  <testcase name="testNotEquals" time="0.000" classname="com.distrimind.util.tests.DecentralizedIDTests"/>
  <testcase name="testNotEquals" time="0.000" classname="com.distrimind.util.tests.DecentralizedIDTests"/>
  <testcase name="testNotEquals" time="0.000" classname="com.distrimind.util.tests.DecentralizedIDTests"/>
  <testcase name="testToBytes" time="0.000" classname="com.distrimind.util.tests.DecentralizedIDTests"/>
  <testcase name="testToBytes" time="0.000" classname="com.distrimind.util.tests.DecentralizedIDTests"/>
  <testcase name="testToBytes" time="0.000" classname="com.distrimind.util.tests.DecentralizedIDTests"/>
  <testcase name="testToBytes" time="0.000" classname="com.distrimind.util.tests.DecentralizedIDTests"/>
  <testcase name="testToBytes" time="0.000" classname="com.distrimind.util.tests.DecentralizedIDTests"/>
  <testcase name="testToBytes" time="0.000" classname="com.distrimind.util.tests.DecentralizedIDTests"/>
  <testcase name="testToBytes" time="0.000" classname="com.distrimind.util.tests.DecentralizedIDTests"/>
  <testcase name="testNotEquals" time="0.000" classname="com.distrimind.util.tests.DecentralizedIDTests"/>
  <testcase name="testToBytes" time="0.001" classname="com.distrimind.util.tests.DecentralizedIDTests"/>
  <testcase name="testNotEquals" time="0.000" classname="com.distrimind.util.tests.DecentralizedIDTests"/>
  <testcase name="testNotEquals" time="0.001" classname="com.distrimind.util.tests.DecentralizedIDTests"/>
  <testcase name="testToBytes" time="0.078" classname="com.distrimind.util.tests.DecentralizedIDTests"/>
  <testcase name="testToBytes" time="0.000" classname="com.distrimind.util.tests.DecentralizedIDTests"/>
  <testcase name="testNotEquals" time="0.000" classname="com.distrimind.util.tests.DecentralizedIDTests"/>
  <testcase name="testNotEquals" time="0.000" classname="com.distrimind.util.tests.DecentralizedIDTests"/>
  <testcase name="testToBytes" time="0.000" classname="com.distrimind.util.tests.DecentralizedIDTests"/>
  <testcase name="testToBytes" time="0.000" classname="com.distrimind.util.tests.DecentralizedIDTests"/>
  <testcase name="testToBytes" time="0.000" classname="com.distrimind.util.tests.DecentralizedIDTests"/>
  <testcase name="testNotEquals" time="0.000" classname="com.distrimind.util.tests.DecentralizedIDTests"/>
  <testcase name="testNotEquals" time="0.000" classname="com.distrimind.util.tests.DecentralizedIDTests"/>
  <testcase name="testToBytes" time="0.000" classname="com.distrimind.util.tests.DecentralizedIDTests"/>
  <testcase name="testToBytes" time="0.000" classname="com.distrimind.util.tests.DecentralizedIDTests"/>
  <testcase name="testNotEquals" time="0.024" classname="com.distrimind.util.tests.DecentralizedIDTests"/>
  <testcase name="testToBytes" time="0.000" classname="com.distrimind.util.tests.DecentralizedIDTests"/>
  <testcase name="testNotEquals" time="0.001" classname="com.distrimind.util.tests.DecentralizedIDTests"/>
  <testcase name="testToBytes" time="0.000" classname="com.distrimind.util.tests.DecentralizedIDTests"/>
  <testcase name="testNotEquals" time="0.001" classname="com.distrimind.util.tests.DecentralizedIDTests"/>
  <testcase name="testToBytes" time="0.027" classname="com.distrimind.util.tests.DecentralizedIDTests"/>
  <testcase name="testToBytes" time="0.000" classname="com.distrimind.util.tests.DecentralizedIDTests"/>
  <testcase name="testToBytes" time="0.000" classname="com.distrimind.util.tests.DecentralizedIDTests"/>
  <testcase name="testNotEquals" time="0.000" classname="com.distrimind.util.tests.DecentralizedIDTests"/>
  <testcase name="testNotEquals" time="0.000" classname="com.distrimind.util.tests.DecentralizedIDTests"/>
  <testcase name="testToBytes" time="0.000" classname="com.distrimind.util.tests.DecentralizedIDTests"/>
  <testcase name="testNotEquals" time="0.000" classname="com.distrimind.util.tests.DecentralizedIDTests"/>
  <testcase name="testToBytes" time="0.000" classname="com.distrimind.util.tests.DecentralizedIDTests"/>
  <testcase name="testNotEquals" time="0.000" classname="com.distrimind.util.tests.DecentralizedIDTests"/>
  <testcase name="testToBytes" time="0.000" classname="com.distrimind.util.tests.DecentralizedIDTests"/>
  <testcase name="testNotEquals" time="0.000" classname="com.distrimind.util.tests.DecentralizedIDTests"/>
  <testcase name="testNotEquals" time="0.000" classname="com.distrimind.util.tests.DecentralizedIDTests"/>
  <testcase name="testToBytes" time="0.000" classname="com.distrimind.util.tests.DecentralizedIDTests"/>
  <testcase name="testNotEquals" time="0.001" classname="com.distrimind.util.tests.DecentralizedIDTests"/>
  <testcase name="testNotEquals" time="0.000" classname="com.distrimind.util.tests.DecentralizedIDTests"/>
  <testcase name="testToBytes" time="0.000" classname="com.distrimind.util.tests.DecentralizedIDTests"/>
  <testcase name="testNotEquals" time="0.002" classname="com.distrimind.util.tests.DecentralizedIDTests"/>
  <testcase name="testToBytes" time="0.001" classname="com.distrimind.util.tests.DecentralizedIDTests"/>
  <testcase name="testToBytes" time="0.000" classname="com.distrimind.util.tests.DecentralizedIDTests"/>
  <testcase name="testNotEquals" time="0.000" classname="com.distrimind.util.tests.DecentralizedIDTests"/>
  <testcase name="testNotEquals" time="0.000" classname="com.distrimind.util.tests.DecentralizedIDTests"/>
  <testcase name="testToBytes" time="0.000" classname="com.distrimind.util.tests.DecentralizedIDTests"/>
  <testcase name="testNotEquals" time="0.000" classname="com.distrimind.util.tests.DecentralizedIDTests"/>
  <testcase name="testNotEquals" time="0.000" classname="com.distrimind.util.tests.DecentralizedIDTests"/>
  <testcase name="testToBytes" time="0.000" classname="com.distrimind.util.tests.DecentralizedIDTests"/>
  <testcase name="testNotEquals" time="0.000" classname="com.distrimind.util.tests.DecentralizedIDTests"/>
  <testcase name="testNotEquals" time="0.000" classname="com.distrimind.util.tests.DecentralizedIDTests"/>
  <testcase name="testToBytes" time="0.000" classname="com.distrimind.util.tests.DecentralizedIDTests"/>
  <testcase name="testNotEquals" time="0.000" classname="com.distrimind.util.tests.DecentralizedIDTests"/>
  <testcase name="testToBytes" time="0.000" classname="com.distrimind.util.tests.DecentralizedIDTests"/>
  <testcase name="testToBytes" time="0.000" classname="com.distrimind.util.tests.DecentralizedIDTests"/>
  <testcase name="testNotEquals" time="0.000" classname="com.distrimind.util.tests.DecentralizedIDTests"/>
  <testcase name="testToBytes" time="0.000" classname="com.distrimind.util.tests.DecentralizedIDTests"/>
  <testcase name="testNotEquals" time="0.003" classname="com.distrimind.util.tests.DecentralizedIDTests"/>
  <testcase name="testNotEquals" time="0.000" classname="com.distrimind.util.tests.DecentralizedIDTests"/>
  <testcase name="testToBytes" time="0.000" classname="com.distrimind.util.tests.DecentralizedIDTests"/>
  <testcase name="testNotEquals" time="0.000" classname="com.distrimind.util.tests.DecentralizedIDTests"/>
  <testcase name="testNotEquals" time="0.000" classname="com.distrimind.util.tests.DecentralizedIDTests"/>
  <testcase name="testToBytes" time="0.000" classname="com.distrimind.util.tests.DecentralizedIDTests"/>
  <testcase name="testNotEquals" time="0.007" classname="com.distrimind.util.tests.DecentralizedIDTests"/>
  <testcase name="testNotEquals" time="0.000" classname="com.distrimind.util.tests.DecentralizedIDTests"/>
  <testcase name="testToBytes" time="0.000" classname="com.distrimind.util.tests.DecentralizedIDTests"/>
  <testcase name="testToBytes" time="0.000" classname="com.distrimind.util.tests.DecentralizedIDTests"/>
  <testcase name="testToBytes" time="0.000" classname="com.distrimind.util.tests.DecentralizedIDTests"/>
  <testcase name="testNotEquals" time="0.000" classname="com.distrimind.util.tests.DecentralizedIDTests"/>
  <testcase name="testToBytes" time="0.000" classname="com.distrimind.util.tests.DecentralizedIDTests"/>
  <testcase name="testToBytes" time="0.001" classname="com.distrimind.util.tests.DecentralizedIDTests"/>
  <testcase name="testNotEquals" time="0.000" classname="com.distrimind.util.tests.DecentralizedIDTests"/>
  <testcase name="testNotEquals" time="0.000" classname="com.distrimind.util.tests.DecentralizedIDTests"/>
  <testcase name="testToBytes" time="0.000" classname="com.distrimind.util.tests.DecentralizedIDTests"/>
  <testcase name="testToBytes" time="0.000" classname="com.distrimind.util.tests.DecentralizedIDTests"/>
  <testcase name="testNotEquals" time="0.018" classname="com.distrimind.util.tests.DecentralizedIDTests"/>
  <testcase name="testNotEquals" time="0.001" classname="com.distrimind.util.tests.DecentralizedIDTests"/>
  <testcase name="testToBytes" time="0.001" classname="com.distrimind.util.tests.DecentralizedIDTests"/>
  <testcase name="testToBytes" time="0.000" classname="com.distrimind.util.tests.DecentralizedIDTests"/>
  <testcase name="testNotEquals" time="0.000" classname="com.distrimind.util.tests.DecentralizedIDTests"/>
  <testcase name="testToBytes" time="0.000" classname="com.distrimind.util.tests.DecentralizedIDTests"/>
  <testcase name="testNotEquals" time="0.000" classname="com.distrimind.util.tests.DecentralizedIDTests"/>
  <testcase name="testToBytes" time="0.000" classname="com.distrimind.util.tests.DecentralizedIDTests"/>
  <testcase name="testToBytes" time="0.000" classname="com.distrimind.util.tests.DecentralizedIDTests"/>
  <testcase name="testToBytes" time="0.000" classname="com.distrimind.util.tests.DecentralizedIDTests"/>
  <testcase name="testNotEquals" time="0.004" classname="com.distrimind.util.tests.DecentralizedIDTests"/>
  <testcase name="testToBytes" time="0.000" classname="com.distrimind.util.tests.DecentralizedIDTests"/>
  <testcase name="testNotEquals" time="0.000" classname="com.distrimind.util.tests.DecentralizedIDTests"/>
  <testcase name="testNotEquals" time="0.000" classname="com.distrimind.util.tests.DecentralizedIDTests"/>
  <testcase name="testToBytes" time="0.000" classname="com.distrimind.util.tests.DecentralizedIDTests"/>
  <testcase name="testToBytes" time="0.000" classname="com.distrimind.util.tests.DecentralizedIDTests"/>
  <testcase name="testNotEquals" time="0.001" classname="com.distrimind.util.tests.DecentralizedIDTests"/>
  <testcase name="testToBytes" time="0.000" classname="com.distrimind.util.tests.DecentralizedIDTests"/>
  <testcase name="testNotEquals" time="0.001" classname="com.distrimind.util.tests.DecentralizedIDTests"/>
  <testcase name="testToBytes" time="0.000" classname="com.distrimind.util.tests.DecentralizedIDTests"/>
  <testcase name="testNotEquals" time="0.000" classname="com.distrimind.util.tests.DecentralizedIDTests"/>
  <testcase name="testNotEquals" time="0.000" classname="com.distrimind.util.tests.DecentralizedIDTests"/>
  <testcase name="testNotEquals" time="0.000" classname="com.distrimind.util.tests.DecentralizedIDTests"/>
  <testcase name="testToBytes" time="0.000" classname="com.distrimind.util.tests.DecentralizedIDTests"/>
  <testcase name="testToBytes" time="0.004" classname="com.distrimind.util.tests.DecentralizedIDTests"/>
  <testcase name="testNotEquals" time="0.000" classname="com.distrimind.util.tests.DecentralizedIDTests"/>
  <testcase name="testToBytes" time="0.000" classname="com.distrimind.util.tests.DecentralizedIDTests"/>
  <testcase name="testToBytes" time="0.000" classname="com.distrimind.util.tests.DecentralizedIDTests"/>
  <testcase name="testToBytes" time="0.000" classname="com.distrimind.util.tests.DecentralizedIDTests"/>
  <testcase name="testToBytes" time="0.000" classname="com.distrimind.util.tests.DecentralizedIDTests"/>
  <testcase name="testNotEquals" time="0.000" classname="com.distrimind.util.tests.DecentralizedIDTests"/>
  <testcase name="testToBytes" time="0.000" classname="com.distrimind.util.tests.DecentralizedIDTests"/>
  <testcase name="testToBytes" time="0.000" classname="com.distrimind.util.tests.DecentralizedIDTests"/>
  <testcase name="testNotEquals" time="0.001" classname="com.distrimind.util.tests.DecentralizedIDTests"/>
  <testcase name="testNotEquals" time="0.000" classname="com.distrimind.util.tests.DecentralizedIDTests"/>
  <testcase name="testNotEquals" time="0.001" classname="com.distrimind.util.tests.DecentralizedIDTests"/>
  <testcase name="testNotEquals" time="0.001" classname="com.distrimind.util.tests.DecentralizedIDTests"/>
  <testcase name="testToBytes" time="0.000" classname="com.distrimind.util.tests.DecentralizedIDTests"/>
  <testcase name="testNotEquals" time="0.000" classname="com.distrimind.util.tests.DecentralizedIDTests"/>
  <testcase name="testToBytes" time="0.000" classname="com.distrimind.util.tests.DecentralizedIDTests"/>
  <testcase name="testToBytes" time="0.000" classname="com.distrimind.util.tests.DecentralizedIDTests"/>
  <testcase name="testNotEquals" time="0.001" classname="com.distrimind.util.tests.DecentralizedIDTests"/>
  <testcase name="testNotEquals" time="0.000" classname="com.distrimind.util.tests.DecentralizedIDTests"/>
  <testcase name="testToBytes" time="0.000" classname="com.distrimind.util.tests.DecentralizedIDTests"/>
  <testcase name="testToBytes" time="0.000" classname="com.distrimind.util.tests.DecentralizedIDTests"/>
  <testcase name="testNotEquals" time="0.000" classname="com.distrimind.util.tests.DecentralizedIDTests"/>
  <testcase name="testNotEquals" time="0.000" classname="com.distrimind.util.tests.DecentralizedIDTests"/>
  <testcase name="testToBytes" time="0.000" classname="com.distrimind.util.tests.DecentralizedIDTests"/>
  <testcase name="testNotEquals" time="0.000" classname="com.distrimind.util.tests.DecentralizedIDTests"/>
  <testcase name="testToBytes" time="0.000" classname="com.distrimind.util.tests.DecentralizedIDTests"/>
  <testcase name="testToBytes" time="0.000" classname="com.distrimind.util.tests.DecentralizedIDTests"/>
  <testcase name="testToBytes" time="0.000" classname="com.distrimind.util.tests.DecentralizedIDTests"/>
  <testcase name="testToBytes" time="0.000" classname="com.distrimind.util.tests.DecentralizedIDTests"/>
  <testcase name="testToBytes" time="0.001" classname="com.distrimind.util.tests.DecentralizedIDTests"/>
  <testcase name="testToBytes" time="0.000" classname="com.distrimind.util.tests.DecentralizedIDTests"/>
  <testcase name="testNotEquals" time="0.001" classname="com.distrimind.util.tests.DecentralizedIDTests"/>
  <testcase name="testToBytes" time="0.000" classname="com.distrimind.util.tests.DecentralizedIDTests"/>
  <testcase name="testToBytes" time="0.000" classname="com.distrimind.util.tests.DecentralizedIDTests"/>
  <testcase name="testNotEquals" time="0.000" classname="com.distrimind.util.tests.DecentralizedIDTests"/>
  <testcase name="testNotEquals" time="0.000" classname="com.distrimind.util.tests.DecentralizedIDTests"/>
  <testcase name="testNotEquals" time="0.000" classname="com.distrimind.util.tests.DecentralizedIDTests"/>
  <testcase name="testToBytes" time="0.000" classname="com.distrimind.util.tests.DecentralizedIDTests"/>
  <testcase name="testNotEquals" time="0.001" classname="com.distrimind.util.tests.DecentralizedIDTests"/>
  <testcase name="testNotEquals" time="0.000" classname="com.distrimind.util.tests.DecentralizedIDTests"/>
  <testcase name="testNotEquals" time="0.001" classname="com.distrimind.util.tests.DecentralizedIDTests"/>
  <testcase name="testNotEquals" time="0.000" classname="com.distrimind.util.tests.DecentralizedIDTests"/>
  <testcase name="testNotEquals" time="0.000" classname="com.distrimind.util.tests.DecentralizedIDTests"/>
  <testcase name="testToBytes" time="0.000" classname="com.distrimind.util.tests.DecentralizedIDTests"/>
  <testcase name="testNotEquals" time="0.001" classname="com.distrimind.util.tests.DecentralizedIDTests"/>
  <testcase name="testToBytes" time="0.000" classname="com.distrimind.util.tests.DecentralizedIDTests"/>
  <testcase name="testToBytes" time="0.000" classname="com.distrimind.util.tests.DecentralizedIDTests"/>
  <testcase name="testToBytes" time="0.000" classname="com.distrimind.util.tests.DecentralizedIDTests"/>
  <testcase name="testNotEquals" time="0.000" classname="com.distrimind.util.tests.DecentralizedIDTests"/>
  <testcase name="testNotEquals" time="0.000" classname="com.distrimind.util.tests.DecentralizedIDTests"/>
  <testcase name="testNotEquals" time="0.000" classname="com.distrimind.util.tests.DecentralizedIDTests"/>
  <testcase name="testToBytes" time="0.097" classname="com.distrimind.util.tests.DecentralizedIDTests"/>
  <testcase name="testToBytes" time="0.000" classname="com.distrimind.util.tests.DecentralizedIDTests"/>
  <testcase name="testToBytes" time="0.000" classname="com.distrimind.util.tests.DecentralizedIDTests"/>
  <testcase name="testToBytes" time="0.000" classname="com.distrimind.util.tests.DecentralizedIDTests"/>
  <testcase name="testNotEquals" time="0.000" classname="com.distrimind.util.tests.DecentralizedIDTests"/>
  <testcase name="testToBytes" time="0.000" classname="com.distrimind.util.tests.DecentralizedIDTests"/>
  <testcase name="testToBytes" time="0.000" classname="com.distrimind.util.tests.DecentralizedIDTests"/>
  <testcase name="testNotEquals" time="0.000" classname="com.distrimind.util.tests.DecentralizedIDTests"/>
  <testcase name="testNotEquals" time="0.016" classname="com.distrimind.util.tests.DecentralizedIDTests"/>
  <testcase name="testToBytes" time="0.000" classname="com.distrimind.util.tests.DecentralizedIDTests"/>
  <testcase name="testNotEquals" time="0.000" classname="com.distrimind.util.tests.DecentralizedIDTests"/>
  <testcase name="testToBytes" time="0.000" classname="com.distrimind.util.tests.DecentralizedIDTests"/>
  <testcase name="testToBytes" time="0.000" classname="com.distrimind.util.tests.DecentralizedIDTests"/>
  <testcase name="testNotEquals" time="0.000" classname="com.distrimind.util.tests.DecentralizedIDTests"/>
  <testcase name="testNotEquals" time="0.007" classname="com.distrimind.util.tests.DecentralizedIDTests"/>
  <testcase name="testToBytes" time="0.000" classname="com.distrimind.util.tests.DecentralizedIDTests"/>
  <testcase name="testNotEquals" time="0.000" classname="com.distrimind.util.tests.DecentralizedIDTests"/>
  <testcase name="testNotEquals" time="0.000" classname="com.distrimind.util.tests.DecentralizedIDTests"/>
  <testcase name="testNotEquals" time="0.004" classname="com.distrimind.util.tests.DecentralizedIDTests"/>
  <testcase name="testToBytes" time="0.000" classname="com.distrimind.util.tests.DecentralizedIDTests"/>
  <testcase name="testToBytes" time="0.000" classname="com.distrimind.util.tests.DecentralizedIDTests"/>
  <testcase name="testNotEquals" time="0.000" classname="com.distrimind.util.tests.DecentralizedIDTests"/>
  <testcase name="testToBytes" time="0.000" classname="com.distrimind.util.tests.DecentralizedIDTests"/>
  <testcase name="testRenforcedDecentralizedID" time="0.935" classname="com.distrimind.util.tests.DecentralizedIDTests"/>
  <testcase name="testNotEquals" time="0.000" classname="com.distrimind.util.tests.DecentralizedIDTests"/>
  <testcase name="testToBytes" time="0.001" classname="com.distrimind.util.tests.DecentralizedIDTests"/>
  <testcase name="testToBytes" time="0.000" classname="com.distrimind.util.tests.DecentralizedIDTests"/>
  <testcase name="testNotEquals" time="0.000" classname="com.distrimind.util.tests.DecentralizedIDTests"/>
  <testcase name="testToBytes" time="0.000" classname="com.distrimind.util.tests.DecentralizedIDTests"/>
  <testcase name="testNotEquals" time="0.009" classname="com.distrimind.util.tests.DecentralizedIDTests"/>
  <testcase name="testNotEquals" time="0.000" classname="com.distrimind.util.tests.DecentralizedIDTests"/>
  <testcase name="testToBytes" time="0.000" classname="com.distrimind.util.tests.DecentralizedIDTests"/>
  <testcase name="testToBytes" time="0.000" classname="com.distrimind.util.tests.DecentralizedIDTests"/>
  <testcase name="testNotEquals" time="0.000" classname="com.distrimind.util.tests.DecentralizedIDTests"/>
  <testcase name="testNotEquals" time="0.000" classname="com.distrimind.util.tests.DecentralizedIDTests"/>
  <testcase name="testToBytes" time="0.000" classname="com.distrimind.util.tests.DecentralizedIDTests"/>
  <testcase name="testToBytes" time="0.000" classname="com.distrimind.util.tests.DecentralizedIDTests"/>
  <testcase name="testToBytes" time="0.001" classname="com.distrimind.util.tests.DecentralizedIDTests"/>
  <testcase name="testToBytes" time="0.000" classname="com.distrimind.util.tests.DecentralizedIDTests"/>
  <testcase name="testNotEquals" time="0.012" classname="com.distrimind.util.tests.DecentralizedIDTests"/>
  <testcase name="testNotEquals" time="0.000" classname="com.distrimind.util.tests.DecentralizedIDTests"/>
  <testcase name="testToBytes" time="0.001" classname="com.distrimind.util.tests.DecentralizedIDTests"/>
  <testcase name="testToBytes" time="0.008" classname="com.distrimind.util.tests.DecentralizedIDTests"/>
  <testcase name="testToBytes" time="0.000" classname="com.distrimind.util.tests.DecentralizedIDTests"/>
  <testcase name="testNotEquals" time="0.000" classname="com.distrimind.util.tests.DecentralizedIDTests"/>
  <testcase name="testNotEquals" time="0.000" classname="com.distrimind.util.tests.DecentralizedIDTests"/>
  <testcase name="testToBytes" time="0.000" classname="com.distrimind.util.tests.DecentralizedIDTests"/>
  <testcase name="testNotEquals" time="0.000" classname="com.distrimind.util.tests.DecentralizedIDTests"/>
  <testcase name="testNotEquals" time="0.000" classname="com.distrimind.util.tests.DecentralizedIDTests"/>
  <testcase name="testToBytes" time="0.000" classname="com.distrimind.util.tests.DecentralizedIDTests"/>
  <testcase name="testNotEquals" time="0.001" classname="com.distrimind.util.tests.DecentralizedIDTests"/>
  <testcase name="testNotEquals" time="0.000" classname="com.distrimind.util.tests.DecentralizedIDTests"/>
  <testcase name="testToBytes" time="0.000" classname="com.distrimind.util.tests.DecentralizedIDTests"/>
  <testcase name="testToBytes" time="0.000" classname="com.distrimind.util.tests.DecentralizedIDTests"/>
  <testcase name="testToBytes" time="0.000" classname="com.distrimind.util.tests.DecentralizedIDTests"/>
  <testcase name="testNotEquals" time="0.000" classname="com.distrimind.util.tests.DecentralizedIDTests"/>
  <testcase name="testNotEquals" time="0.007" classname="com.distrimind.util.tests.DecentralizedIDTests"/>
  <testcase name="testToBytes" time="0.000" classname="com.distrimind.util.tests.DecentralizedIDTests"/>
  <testcase name="testToBytes" time="0.000" classname="com.distrimind.util.tests.DecentralizedIDTests"/>
  <testcase name="testNotEquals" time="0.000" classname="com.distrimind.util.tests.DecentralizedIDTests"/>
  <testcase name="testToBytes" time="0.000" classname="com.distrimind.util.tests.DecentralizedIDTests"/>
  <testcase name="testNotEquals" time="0.000" classname="com.distrimind.util.tests.DecentralizedIDTests"/>
  <testcase name="testNotEquals" time="0.020" classname="com.distrimind.util.tests.DecentralizedIDTests"/>
  <testcase name="testNotEquals" time="0.024" classname="com.distrimind.util.tests.DecentralizedIDTests"/>
  <testcase name="testNotEquals" time="0.000" classname="com.distrimind.util.tests.DecentralizedIDTests"/>
  <testcase name="testNotEquals" time="0.001" classname="com.distrimind.util.tests.DecentralizedIDTests"/>
  <testcase name="testToBytes" time="0.000" classname="com.distrimind.util.tests.DecentralizedIDTests"/>
  <testcase name="testToBytes" time="0.000" classname="com.distrimind.util.tests.DecentralizedIDTests"/>
  <testcase name="testToBytes" time="0.000" classname="com.distrimind.util.tests.DecentralizedIDTests"/>
  <testcase name="testNotEquals" time="0.001" classname="com.distrimind.util.tests.DecentralizedIDTests"/>
  <testcase name="testToBytes" time="0.000" classname="com.distrimind.util.tests.DecentralizedIDTests"/>
  <testcase name="testToBytes" time="0.000" classname="com.distrimind.util.tests.DecentralizedIDTests"/>
  <testcase name="testNotEquals" time="0.000" classname="com.distrimind.util.tests.DecentralizedIDTests"/>
  <testcase name="testToBytes" time="0.000" classname="com.distrimind.util.tests.DecentralizedIDTests"/>
  <testcase name="testToBytes" time="0.000" classname="com.distrimind.util.tests.DecentralizedIDTests"/>
  <testcase name="testNotEquals" time="0.000" classname="com.distrimind.util.tests.DecentralizedIDTests"/>
  <testcase name="testToBytes" time="0.000" classname="com.distrimind.util.tests.DecentralizedIDTests"/>
  <testcase name="testToBytes" time="0.000" classname="com.distrimind.util.tests.DecentralizedIDTests"/>
  <testcase name="testToBytes" time="0.000" classname="com.distrimind.util.tests.DecentralizedIDTests"/>
  <testcase name="testNotEquals" time="0.004" classname="com.distrimind.util.tests.DecentralizedIDTests"/>
  <testcase name="testNotEquals" time="0.000" classname="com.distrimind.util.tests.DecentralizedIDTests"/>
  <testcase name="testNotEquals" time="0.001" classname="com.distrimind.util.tests.DecentralizedIDTests"/>
  <testcase name="testToBytes" time="0.000" classname="com.distrimind.util.tests.DecentralizedIDTests"/>
  <testcase name="testNotEquals" time="0.000" classname="com.distrimind.util.tests.DecentralizedIDTests"/>
  <testcase name="testToBytes" time="0.000" classname="com.distrimind.util.tests.DecentralizedIDTests"/>
  <testcase name="testToBytes" time="0.000" classname="com.distrimind.util.tests.DecentralizedIDTests"/>
  <testcase name="testToBytes" time="0.004" classname="com.distrimind.util.tests.DecentralizedIDTests"/>
  <testcase name="testToBytes" time="0.000" classname="com.distrimind.util.tests.DecentralizedIDTests"/>
  <testcase name="testNotEquals" time="0.004" classname="com.distrimind.util.tests.DecentralizedIDTests"/>
  <testcase name="testToBytes" time="0.000" classname="com.distrimind.util.tests.DecentralizedIDTests"/>
  <testcase name="testNotEquals" time="0.000" classname="com.distrimind.util.tests.DecentralizedIDTests"/>
  <testcase name="testToBytes" time="0.000" classname="com.distrimind.util.tests.DecentralizedIDTests"/>
  <testcase name="testToBytes" time="0.000" classname="com.distrimind.util.tests.DecentralizedIDTests"/>
  <testcase name="testToBytes" time="0.000" classname="com.distrimind.util.tests.DecentralizedIDTests"/>
  <testcase name="testNotEquals" time="0.001" classname="com.distrimind.util.tests.DecentralizedIDTests"/>
  <testcase name="testToBytes" time="0.000" classname="com.distrimind.util.tests.DecentralizedIDTests"/>
  <testcase name="testToBytes" time="0.000" classname="com.distrimind.util.tests.DecentralizedIDTests"/>
  <testcase name="testNotEquals" time="0.000" classname="com.distrimind.util.tests.DecentralizedIDTests"/>
  <testcase name="testToBytes" time="0.000" classname="com.distrimind.util.tests.DecentralizedIDTests"/>
  <testcase name="testToBytes" time="0.000" classname="com.distrimind.util.tests.DecentralizedIDTests"/>
  <testcase name="testNotEquals" time="0.000" classname="com.distrimind.util.tests.DecentralizedIDTests"/>
  <testcase name="testNotEquals" time="0.001" classname="com.distrimind.util.tests.DecentralizedIDTests"/>
  <testcase name="testToBytes" time="0.001" classname="com.distrimind.util.tests.DecentralizedIDTests"/>
  <testcase name="testNotEquals" time="0.000" classname="com.distrimind.util.tests.DecentralizedIDTests"/>
  <testcase name="testToBytes" time="0.000" classname="com.distrimind.util.tests.DecentralizedIDTests"/>
  <testcase name="testToBytes" time="0.001" classname="com.distrimind.util.tests.DecentralizedIDTests"/>
  <testcase name="testToBytes" time="0.000" classname="com.distrimind.util.tests.DecentralizedIDTests"/>
  <testcase name="testToBytes" time="0.000" classname="com.distrimind.util.tests.DecentralizedIDTests"/>
  <testcase name="testNotEquals" time="0.001" classname="com.distrimind.util.tests.DecentralizedIDTests"/>
  <testcase name="testNotEquals" time="0.000" classname="com.distrimind.util.tests.DecentralizedIDTests"/>
  <testcase name="testNotEquals" time="0.000" classname="com.distrimind.util.tests.DecentralizedIDTests"/>
  <testcase name="testNotEquals" time="0.000" classname="com.distrimind.util.tests.DecentralizedIDTests"/>
  <testcase name="testToBytes" time="0.002" classname="com.distrimind.util.tests.DecentralizedIDTests"/>
  <testcase name="testNotEquals" time="0.000" classname="com.distrimind.util.tests.DecentralizedIDTests"/>
  <testcase name="testToBytes" time="0.001" classname="com.distrimind.util.tests.DecentralizedIDTests"/>
  <testcase name="testToBytes" time="0.000" classname="com.distrimind.util.tests.DecentralizedIDTests"/>
  <testcase name="testToBytes" time="0.000" classname="com.distrimind.util.tests.DecentralizedIDTests"/>
  <testcase name="testNotEquals" time="0.000" classname="com.distrimind.util.tests.DecentralizedIDTests"/>
  <testcase name="testToBytes" time="0.000" classname="com.distrimind.util.tests.DecentralizedIDTests"/>
  <testcase name="testToBytes" time="0.045" classname="com.distrimind.util.tests.DecentralizedIDTests"/>
  <testcase name="testNotEquals" time="0.008" classname="com.distrimind.util.tests.DecentralizedIDTests"/>
  <testcase name="testNotEquals" time="0.012" classname="com.distrimind.util.tests.DecentralizedIDTests"/>
  <testcase name="testToBytes" time="0.000" classname="com.distrimind.util.tests.DecentralizedIDTests"/>
  <testcase name="testToBytes" time="0.003" classname="com.distrimind.util.tests.DecentralizedIDTests"/>
  <testcase name="testNotEquals" time="0.000" classname="com.distrimind.util.tests.DecentralizedIDTests"/>
  <testcase name="testNotEquals" time="0.001" classname="com.distrimind.util.tests.DecentralizedIDTests"/>
  <testcase name="testNotEquals" time="0.000" classname="com.distrimind.util.tests.DecentralizedIDTests"/>
  <testcase name="testToBytes" time="0.000" classname="com.distrimind.util.tests.DecentralizedIDTests"/>
  <testcase name="testToBytes" time="0.000" classname="com.distrimind.util.tests.DecentralizedIDTests"/>
  <testcase name="testNotEquals" time="0.000" classname="com.distrimind.util.tests.DecentralizedIDTests"/>
  <testcase name="testNotEquals" time="0.000" classname="com.distrimind.util.tests.DecentralizedIDTests"/>
  <testcase name="testToBytes" time="0.000" classname="com.distrimind.util.tests.DecentralizedIDTests"/>
  <testcase name="testNotEquals" time="0.011" classname="com.distrimind.util.tests.DecentralizedIDTests"/>
  <testcase name="testToBytes" time="0.000" classname="com.distrimind.util.tests.DecentralizedIDTests"/>
  <testcase name="testNotEquals" time="0.000" classname="com.distrimind.util.tests.DecentralizedIDTests"/>
  <testcase name="testToBytes" time="0.000" classname="com.distrimind.util.tests.DecentralizedIDTests"/>
  <testcase name="testToBytes" time="0.000" classname="com.distrimind.util.tests.DecentralizedIDTests"/>
  <testcase name="testToBytes" time="0.000" classname="com.distrimind.util.tests.DecentralizedIDTests"/>
  <testcase name="testToBytes" time="0.000" classname="com.distrimind.util.tests.DecentralizedIDTests"/>
  <testcase name="testNotEquals" time="0.000" classname="com.distrimind.util.tests.DecentralizedIDTests"/>
  <testcase name="testToBytes" time="0.000" classname="com.distrimind.util.tests.DecentralizedIDTests"/>
  <testcase name="testToBytes" time="0.000" classname="com.distrimind.util.tests.DecentralizedIDTests"/>
  <testcase name="testToBytes" time="0.000" classname="com.distrimind.util.tests.DecentralizedIDTests"/>
  <testcase name="testToBytes" time="0.000" classname="com.distrimind.util.tests.DecentralizedIDTests"/>
  <testcase name="testNotEquals" time="0.018" classname="com.distrimind.util.tests.DecentralizedIDTests"/>
  <testcase name="testToBytes" time="0.000" classname="com.distrimind.util.tests.DecentralizedIDTests"/>
  <testcase name="testNotEquals" time="0.006" classname="com.distrimind.util.tests.DecentralizedIDTests"/>
  <testcase name="testNotEquals" time="0.000" classname="com.distrimind.util.tests.DecentralizedIDTests"/>
  <testcase name="testToBytes" time="0.000" classname="com.distrimind.util.tests.DecentralizedIDTests"/>
  <testcase name="testToBytes" time="0.000" classname="com.distrimind.util.tests.DecentralizedIDTests"/>
  <testcase name="testNotEquals" time="0.000" classname="com.distrimind.util.tests.DecentralizedIDTests"/>
  <testcase name="testNotEquals" time="0.000" classname="com.distrimind.util.tests.DecentralizedIDTests"/>
  <testcase name="testToBytes" time="0.000" classname="com.distrimind.util.tests.DecentralizedIDTests"/>
  <testcase name="testToBytes" time="0.000" classname="com.distrimind.util.tests.DecentralizedIDTests"/>
  <testcase name="testNotEquals" time="0.000" classname="com.distrimind.util.tests.DecentralizedIDTests"/>
  <testcase name="testNotEquals" time="0.000" classname="com.distrimind.util.tests.DecentralizedIDTests"/>
  <testcase name="testToBytes" time="0.000" classname="com.distrimind.util.tests.DecentralizedIDTests"/>
  <testcase name="testNotEquals" time="0.000" classname="com.distrimind.util.tests.DecentralizedIDTests"/>
  <testcase name="testNotEquals" time="0.001" classname="com.distrimind.util.tests.DecentralizedIDTests"/>
  <testcase name="testToBytes" time="0.000" classname="com.distrimind.util.tests.DecentralizedIDTests"/>
  <testcase name="testToBytes" time="0.000" classname="com.distrimind.util.tests.DecentralizedIDTests"/>
  <testcase name="testToBytes" time="0.000" classname="com.distrimind.util.tests.DecentralizedIDTests"/>
  <testcase name="testNotEquals" time="0.001" classname="com.distrimind.util.tests.DecentralizedIDTests"/>
  <testcase name="testNotEquals" time="0.001" classname="com.distrimind.util.tests.DecentralizedIDTests"/>
  <testcase name="testToBytes" time="0.000" classname="com.distrimind.util.tests.DecentralizedIDTests"/>
  <testcase name="testNotEquals" time="0.000" classname="com.distrimind.util.tests.DecentralizedIDTests"/>
  <testcase name="testToBytes" time="0.001" classname="com.distrimind.util.tests.DecentralizedIDTests"/>
  <testcase name="testToBytes" time="0.000" classname="com.distrimind.util.tests.DecentralizedIDTests"/>
  <testcase name="testNotEquals" time="0.000" classname="com.distrimind.util.tests.DecentralizedIDTests"/>
  <testcase name="testToBytes" time="0.000" classname="com.distrimind.util.tests.DecentralizedIDTests"/>
  <testcase name="testNotEquals" time="0.000" classname="com.distrimind.util.tests.DecentralizedIDTests"/>
  <testcase name="testToBytes" time="0.000" classname="com.distrimind.util.tests.DecentralizedIDTests"/>
  <testcase name="testToBytes" time="0.000" classname="com.distrimind.util.tests.DecentralizedIDTests"/>
  <testcase name="testToBytes" time="0.000" classname="com.distrimind.util.tests.DecentralizedIDTests"/>
  <testcase name="testToBytes" time="0.000" classname="com.distrimind.util.tests.DecentralizedIDTests"/>
  <testcase name="testNotEquals" time="0.007" classname="com.distrimind.util.tests.DecentralizedIDTests"/>
  <testcase name="testToBytes" time="0.000" classname="com.distrimind.util.tests.DecentralizedIDTests"/>
  <testcase name="testToBytes" time="0.000" classname="com.distrimind.util.tests.DecentralizedIDTests"/>
  <testcase name="testNotEquals" time="0.001" classname="com.distrimind.util.tests.DecentralizedIDTests"/>
  <testcase name="testNotEquals" time="0.000" classname="com.distrimind.util.tests.DecentralizedIDTests"/>
  <testcase name="testToBytes" time="0.000" classname="com.distrimind.util.tests.DecentralizedIDTests"/>
  <testcase name="testNotEquals" time="0.000" classname="com.distrimind.util.tests.DecentralizedIDTests"/>
  <testcase name="testToBytes" time="0.000" classname="com.distrimind.util.tests.DecentralizedIDTests"/>
  <testcase name="testNotEquals" time="0.000" classname="com.distrimind.util.tests.DecentralizedIDTests"/>
  <testcase name="testNotEquals" time="0.000" classname="com.distrimind.util.tests.DecentralizedIDTests"/>
  <testcase name="testNotEquals" time="0.000" classname="com.distrimind.util.tests.DecentralizedIDTests"/>
  <testcase name="testNotEquals" time="0.000" classname="com.distrimind.util.tests.DecentralizedIDTests"/>
  <testcase name="testNotEquals" time="0.000" classname="com.distrimind.util.tests.DecentralizedIDTests"/>
  <testcase name="testNotEquals" time="0.000" classname="com.distrimind.util.tests.DecentralizedIDTests"/>
  <testcase name="testNotEquals" time="0.000" classname="com.distrimind.util.tests.DecentralizedIDTests"/>
  <testcase name="testNotEquals" time="0.000" classname="com.distrimind.util.tests.DecentralizedIDTests"/>
  <testcase name="testNotEquals" time="0.019" classname="com.distrimind.util.tests.DecentralizedIDTests"/>
  <testcase name="testNotEquals" time="0.003" classname="com.distrimind.util.tests.DecentralizedIDTests"/>
  <testcase name="testNotEquals" time="0.000" classname="com.distrimind.util.tests.DecentralizedIDTests"/>
  <testcase name="testToBytes" time="0.000" classname="com.distrimind.util.tests.DecentralizedIDTests"/>
  <testcase name="testNotEquals" time="0.000" classname="com.distrimind.util.tests.DecentralizedIDTests"/>
  <testcase name="testNotEquals" time="0.000" classname="com.distrimind.util.tests.DecentralizedIDTests"/>
  <testcase name="testNotEquals" time="0.000" classname="com.distrimind.util.tests.DecentralizedIDTests"/>
  <testcase name="testNotEquals" time="0.000" classname="com.distrimind.util.tests.DecentralizedIDTests"/>
  <testcase name="testNotEquals" time="0.000" classname="com.distrimind.util.tests.DecentralizedIDTests"/>
  <testcase name="testNotEquals" time="0.000" classname="com.distrimind.util.tests.DecentralizedIDTests"/>
  <testcase name="testToBytes" time="0.001" classname="com.distrimind.util.tests.DecentralizedIDTests"/>
  <testcase name="testNotEquals" time="0.013" classname="com.distrimind.util.tests.DecentralizedIDTests"/>
  <testcase name="testNotEquals" time="0.001" classname="com.distrimind.util.tests.DecentralizedIDTests"/>
  <testcase name="testNotEquals" time="0.002" classname="com.distrimind.util.tests.DecentralizedIDTests"/>
  <testcase name="testToBytes" time="0.000" classname="com.distrimind.util.tests.DecentralizedIDTests"/>
  <testcase name="testToBytes" time="0.000" classname="com.distrimind.util.tests.DecentralizedIDTests"/>
  <testcase name="testToBytes" time="0.000" classname="com.distrimind.util.tests.DecentralizedIDTests"/>
  <testcase name="testToBytes" time="0.000" classname="com.distrimind.util.tests.DecentralizedIDTests"/>
  <testcase name="testNotEquals" time="0.000" classname="com.distrimind.util.tests.DecentralizedIDTests"/>
  <testcase name="testNotEquals" time="0.001" classname="com.distrimind.util.tests.DecentralizedIDTests"/>
  <testcase name="testToBytes" time="0.000" classname="com.distrimind.util.tests.DecentralizedIDTests"/>
  <testcase name="testNotEquals" time="0.000" classname="com.distrimind.util.tests.DecentralizedIDTests"/>
  <testcase name="testNotEquals" time="0.000" classname="com.distrimind.util.tests.DecentralizedIDTests"/>
  <testcase name="testToBytes" time="0.000" classname="com.distrimind.util.tests.DecentralizedIDTests"/>
  <testcase name="testToBytes" time="0.000" classname="com.distrimind.util.tests.DecentralizedIDTests"/>
  <testcase name="testNotEquals" time="0.005" classname="com.distrimind.util.tests.DecentralizedIDTests"/>
  <testcase name="testToBytes" time="0.000" classname="com.distrimind.util.tests.DecentralizedIDTests"/>
  <testcase name="testToBytes" time="0.000" classname="com.distrimind.util.tests.DecentralizedIDTests"/>
  <testcase name="testNotEquals" time="0.001" classname="com.distrimind.util.tests.DecentralizedIDTests"/>
  <testcase name="testToBytes" time="0.000" classname="com.distrimind.util.tests.DecentralizedIDTests"/>
  <testcase name="testToBytes" time="0.000" classname="com.distrimind.util.tests.DecentralizedIDTests"/>
  <testcase name="testNotEquals" time="0.000" classname="com.distrimind.util.tests.DecentralizedIDTests"/>
  <testcase name="testNotEquals" time="0.000" classname="com.distrimind.util.tests.DecentralizedIDTests"/>
  <testcase name="testToBytes" time="0.055" classname="com.distrimind.util.tests.DecentralizedIDTests"/>
  <testcase name="testToBytes" time="0.000" classname="com.distrimind.util.tests.DecentralizedIDTests"/>
  <testcase name="testNotEquals" time="0.000" classname="com.distrimind.util.tests.DecentralizedIDTests"/>
  <testcase name="testNotEquals" time="0.000" classname="com.distrimind.util.tests.DecentralizedIDTests"/>
  <testcase name="testNotEquals" time="0.000" classname="com.distrimind.util.tests.DecentralizedIDTests"/>
  <testcase name="testNotEquals" time="0.000" classname="com.distrimind.util.tests.DecentralizedIDTests"/>
  <testcase name="testNotEquals" time="0.000" classname="com.distrimind.util.tests.DecentralizedIDTests"/>
  <testcase name="testNotEquals" time="0.000" classname="com.distrimind.util.tests.DecentralizedIDTests"/>
  <testcase name="testNotEquals" time="0.000" classname="com.distrimind.util.tests.DecentralizedIDTests"/>
  <testcase name="testToBytes" time="0.000" classname="com.distrimind.util.tests.DecentralizedIDTests"/>
  <testcase name="testNotEquals" time="0.000" classname="com.distrimind.util.tests.DecentralizedIDTests"/>
  <testcase name="testToBytes" time="0.000" classname="com.distrimind.util.tests.DecentralizedIDTests"/>
  <testcase name="testNotEquals" time="0.009" classname="com.distrimind.util.tests.DecentralizedIDTests"/>
  <testcase name="testToBytes" time="0.000" classname="com.distrimind.util.tests.DecentralizedIDTests"/>
  <testcase name="testNotEquals" time="0.000" classname="com.distrimind.util.tests.DecentralizedIDTests"/>
  <testcase name="testToBytes" time="0.000" classname="com.distrimind.util.tests.DecentralizedIDTests"/>
  <testcase name="testToBytes" time="0.000" classname="com.distrimind.util.tests.DecentralizedIDTests"/>
  <testcase name="testNotEquals" time="0.000" classname="com.distrimind.util.tests.DecentralizedIDTests"/>
  <testcase name="testToBytes" time="0.000" classname="com.distrimind.util.tests.DecentralizedIDTests"/>
  <testcase name="testNotEquals" time="0.000" classname="com.distrimind.util.tests.DecentralizedIDTests"/>
  <testcase name="testToBytes" time="0.000" classname="com.distrimind.util.tests.DecentralizedIDTests"/>
  <testcase name="testNotEquals" time="0.000" classname="com.distrimind.util.tests.DecentralizedIDTests"/>
  <testcase name="testToBytes" time="0.000" classname="com.distrimind.util.tests.DecentralizedIDTests"/>
  <testcase name="testNotEquals" time="0.000" classname="com.distrimind.util.tests.DecentralizedIDTests"/>
  <testcase name="testToBytes" time="0.000" classname="com.distrimind.util.tests.DecentralizedIDTests"/>
  <testcase name="testToBytes" time="0.000" classname="com.distrimind.util.tests.DecentralizedIDTests"/>
  <testcase name="testNotEquals" time="0.000" classname="com.distrimind.util.tests.DecentralizedIDTests"/>
  <testcase name="testNotEquals" time="0.001" classname="com.distrimind.util.tests.DecentralizedIDTests"/>
  <testcase name="testToBytes" time="0.000" classname="com.distrimind.util.tests.DecentralizedIDTests"/>
  <testcase name="testNotEquals" time="0.000" classname="com.distrimind.util.tests.DecentralizedIDTests"/>
  <testcase name="testToBytes" time="0.000" classname="com.distrimind.util.tests.DecentralizedIDTests"/>
  <testcase name="testNotEquals" time="0.000" classname="com.distrimind.util.tests.DecentralizedIDTests"/>
  <testcase name="testNotEquals" time="0.000" classname="com.distrimind.util.tests.DecentralizedIDTests"/>
  <testcase name="testNotEquals" time="0.000" classname="com.distrimind.util.tests.DecentralizedIDTests"/>
  <testcase name="testNotEquals" time="0.000" classname="com.distrimind.util.tests.DecentralizedIDTests"/>
  <testcase name="testToBytes" time="0.000" classname="com.distrimind.util.tests.DecentralizedIDTests"/>
  <testcase name="testToBytes" time="0.000" classname="com.distrimind.util.tests.DecentralizedIDTests"/>
  <testcase name="testNotEquals" time="0.000" classname="com.distrimind.util.tests.DecentralizedIDTests"/>
  <testcase name="testNotEquals" time="0.000" classname="com.distrimind.util.tests.DecentralizedIDTests"/>
  <testcase name="testToBytes" time="0.000" classname="com.distrimind.util.tests.DecentralizedIDTests"/>
  <testcase name="testNotEquals" time="0.000" classname="com.distrimind.util.tests.DecentralizedIDTests"/>
  <testcase name="testNotEquals" time="0.000" classname="com.distrimind.util.tests.DecentralizedIDTests"/>
  <testcase name="testToBytes" time="0.000" classname="com.distrimind.util.tests.DecentralizedIDTests"/>
  <testcase name="testNotEquals" time="0.000" classname="com.distrimind.util.tests.DecentralizedIDTests"/>
  <testcase name="testNotEquals" time="0.000" classname="com.distrimind.util.tests.DecentralizedIDTests"/>
  <testcase name="testToBytes" time="0.000" classname="com.distrimind.util.tests.DecentralizedIDTests"/>
  <testcase name="testNotEquals" time="0.000" classname="com.distrimind.util.tests.DecentralizedIDTests"/>
  <testcase name="testNotEquals" time="0.000" classname="com.distrimind.util.tests.DecentralizedIDTests"/>
  <testcase name="testToBytes" time="0.127" classname="com.distrimind.util.tests.DecentralizedIDTests"/>
  <testcase name="testNotEquals" time="0.000" classname="com.distrimind.util.tests.DecentralizedIDTests"/>
  <testcase name="testToBytes" time="0.000" classname="com.distrimind.util.tests.DecentralizedIDTests"/>
  <testcase name="testToBytes" time="0.000" classname="com.distrimind.util.tests.DecentralizedIDTests"/>
  <testcase name="testToBytes" time="0.000" classname="com.distrimind.util.tests.DecentralizedIDTests"/>
  <testcase name="testNotEquals" time="0.000" classname="com.distrimind.util.tests.DecentralizedIDTests"/>
  <testcase name="testNotEquals" time="0.000" classname="com.distrimind.util.tests.DecentralizedIDTests"/>
  <testcase name="testToBytes" time="0.000" classname="com.distrimind.util.tests.DecentralizedIDTests"/>
  <testcase name="testToBytes" time="0.000" classname="com.distrimind.util.tests.DecentralizedIDTests"/>
  <testcase name="testToBytes" time="0.000" classname="com.distrimind.util.tests.DecentralizedIDTests"/>
  <testcase name="testNotEquals" time="0.000" classname="com.distrimind.util.tests.DecentralizedIDTests"/>
  <testcase name="testToBytes" time="0.001" classname="com.distrimind.util.tests.DecentralizedIDTests"/>
  <testcase name="testToBytes" time="0.000" classname="com.distrimind.util.tests.DecentralizedIDTests"/>
  <testcase name="testToBytes" time="0.001" classname="com.distrimind.util.tests.DecentralizedIDTests"/>
  <testcase name="testNotEquals" time="0.000" classname="com.distrimind.util.tests.DecentralizedIDTests"/>
  <testcase name="testToBytes" time="0.000" classname="com.distrimind.util.tests.DecentralizedIDTests"/>
  <testcase name="testNotEquals" time="0.000" classname="com.distrimind.util.tests.DecentralizedIDTests"/>
  <testcase name="testToBytes" time="0.000" classname="com.distrimind.util.tests.DecentralizedIDTests"/>
  <testcase name="testNotEquals" time="0.001" classname="com.distrimind.util.tests.DecentralizedIDTests"/>
  <testcase name="testToBytes" time="0.000" classname="com.distrimind.util.tests.DecentralizedIDTests"/>
  <testcase name="testToBytes" time="0.000" classname="com.distrimind.util.tests.DecentralizedIDTests"/>
  <testcase name="testNotEquals" time="0.001" classname="com.distrimind.util.tests.DecentralizedIDTests"/>
  <testcase name="testToBytes" time="0.000" classname="com.distrimind.util.tests.DecentralizedIDTests"/>
  <testcase name="testToBytes" time="0.000" classname="com.distrimind.util.tests.DecentralizedIDTests"/>
  <testcase name="testToBytes" time="0.000" classname="com.distrimind.util.tests.DecentralizedIDTests"/>
  <testcase name="testNotEquals" time="0.000" classname="com.distrimind.util.tests.DecentralizedIDTests"/>
  <testcase name="testNotEquals" time="0.000" classname="com.distrimind.util.tests.DecentralizedIDTests"/>
  <testcase name="testNotEquals" time="0.000" classname="com.distrimind.util.tests.DecentralizedIDTests"/>
  <testcase name="testToBytes" time="0.000" classname="com.distrimind.util.tests.DecentralizedIDTests"/>
  <testcase name="testNotEquals" time="0.000" classname="com.distrimind.util.tests.DecentralizedIDTests"/>
  <testcase name="testNotEquals" time="0.000" classname="com.distrimind.util.tests.DecentralizedIDTests"/>
  <testcase name="testNotEquals" time="0.008" classname="com.distrimind.util.tests.DecentralizedIDTests"/>
  <testcase name="testToBytes" time="0.000" classname="com.distrimind.util.tests.DecentralizedIDTests"/>
  <testcase name="testToBytes" time="0.000" classname="com.distrimind.util.tests.DecentralizedIDTests"/>
  <testcase name="testNotEquals" time="0.000" classname="com.distrimind.util.tests.DecentralizedIDTests"/>
  <testcase name="testNotEquals" time="0.003" classname="com.distrimind.util.tests.DecentralizedIDTests"/>
  <testcase name="testToBytes" time="0.000" classname="com.distrimind.util.tests.DecentralizedIDTests"/>
  <testcase name="testToBytes" time="0.000" classname="com.distrimind.util.tests.DecentralizedIDTests"/>
  <testcase name="testToBytes" time="0.000" classname="com.distrimind.util.tests.DecentralizedIDTests"/>
  <testcase name="testNotEquals" time="0.000" classname="com.distrimind.util.tests.DecentralizedIDTests"/>
  <testcase name="testToBytes" time="0.000" classname="com.distrimind.util.tests.DecentralizedIDTests"/>
  <testcase name="testToBytes" time="0.000" classname="com.distrimind.util.tests.DecentralizedIDTests"/>
  <testcase name="testNotEquals" time="0.000" classname="com.distrimind.util.tests.DecentralizedIDTests"/>
  <testcase name="testNotEquals" time="0.000" classname="com.distrimind.util.tests.DecentralizedIDTests"/>
  <testcase name="testNotEquals" time="0.000" classname="com.distrimind.util.tests.DecentralizedIDTests"/>
  <testcase name="testToBytes" time="0.000" classname="com.distrimind.util.tests.DecentralizedIDTests"/>
  <testcase name="testToBytes" time="0.000" classname="com.distrimind.util.tests.DecentralizedIDTests"/>
  <testcase name="testToBytes" time="0.000" classname="com.distrimind.util.tests.DecentralizedIDTests"/>
  <testcase name="testToBytes" time="0.000" classname="com.distrimind.util.tests.DecentralizedIDTests"/>
  <testcase name="testToBytes" time="0.000" classname="com.distrimind.util.tests.DecentralizedIDTests"/>
  <testcase name="testToBytes" time="0.000" classname="com.distrimind.util.tests.DecentralizedIDTests"/>
  <testcase name="testToBytes" time="0.000" classname="com.distrimind.util.tests.DecentralizedIDTests"/>
  <testcase name="testToBytes" time="0.000" classname="com.distrimind.util.tests.DecentralizedIDTests"/>
  <testcase name="testToBytes" time="0.000" classname="com.distrimind.util.tests.DecentralizedIDTests"/>
  <testcase name="testToBytes" time="0.000" classname="com.distrimind.util.tests.DecentralizedIDTests"/>
  <testcase name="testNotEquals" time="0.000" classname="com.distrimind.util.tests.DecentralizedIDTests"/>
  <testcase name="testNotEquals" time="0.000" classname="com.distrimind.util.tests.DecentralizedIDTests"/>
  <testcase name="testNotEquals" time="0.001" classname="com.distrimind.util.tests.DecentralizedIDTests"/>
  <testcase name="testToBytes" time="0.000" classname="com.distrimind.util.tests.DecentralizedIDTests"/>
  <testcase name="testNotEquals" time="0.000" classname="com.distrimind.util.tests.DecentralizedIDTests"/>
  <testcase name="testToBytes" time="0.000" classname="com.distrimind.util.tests.DecentralizedIDTests"/>
  <testcase name="testToBytes" time="0.000" classname="com.distrimind.util.tests.DecentralizedIDTests"/>
  <testcase name="testToBytes" time="0.000" classname="com.distrimind.util.tests.DecentralizedIDTests"/>
  <testcase name="testToBytes" time="0.000" classname="com.distrimind.util.tests.DecentralizedIDTests"/>
  <testcase name="testToBytes" time="0.000" classname="com.distrimind.util.tests.DecentralizedIDTests"/>
  <testcase name="testToBytes" time="0.000" classname="com.distrimind.util.tests.DecentralizedIDTests"/>
  <testcase name="testNotEquals" time="0.000" classname="com.distrimind.util.tests.DecentralizedIDTests"/>
  <testcase name="testToBytes" time="0.000" classname="com.distrimind.util.tests.DecentralizedIDTests"/>
  <testcase name="testToBytes" time="0.000" classname="com.distrimind.util.tests.DecentralizedIDTests"/>
  <testcase name="testNotEquals" time="0.000" classname="com.distrimind.util.tests.DecentralizedIDTests"/>
  <testcase name="testNotEquals" time="0.003" classname="com.distrimind.util.tests.DecentralizedIDTests"/>
  <testcase name="testToBytes" time="0.000" classname="com.distrimind.util.tests.DecentralizedIDTests"/>
  <testcase name="testNotEquals" time="0.000" classname="com.distrimind.util.tests.DecentralizedIDTests"/>
  <testcase name="testNotEquals" time="0.000" classname="com.distrimind.util.tests.DecentralizedIDTests"/>
  <testcase name="testNotEquals" time="0.000" classname="com.distrimind.util.tests.DecentralizedIDTests"/>
  <testcase name="testNotEquals" time="0.001" classname="com.distrimind.util.tests.DecentralizedIDTests"/>
  <testcase name="testNotEquals" time="0.000" classname="com.distrimind.util.tests.DecentralizedIDTests"/>
  <testcase name="testToBytes" time="0.000" classname="com.distrimind.util.tests.DecentralizedIDTests"/>
  <testcase name="testNotEquals" time="0.000" classname="com.distrimind.util.tests.DecentralizedIDTests"/>
  <testcase name="testNotEquals" time="0.000" classname="com.distrimind.util.tests.DecentralizedIDTests"/>
  <testcase name="testNotEquals" time="0.000" classname="com.distrimind.util.tests.DecentralizedIDTests"/>
  <testcase name="testToBytes" time="0.000" classname="com.distrimind.util.tests.DecentralizedIDTests"/>
  <testcase name="testToBytes" time="0.000" classname="com.distrimind.util.tests.DecentralizedIDTests"/>
  <testcase name="testNotEquals" time="0.023" classname="com.distrimind.util.tests.DecentralizedIDTests"/>
  <testcase name="testNotEquals" time="0.000" classname="com.distrimind.util.tests.DecentralizedIDTests"/>
  <testcase name="testToBytes" time="0.000" classname="com.distrimind.util.tests.DecentralizedIDTests"/>
  <testcase name="testNotEquals" time="0.000" classname="com.distrimind.util.tests.DecentralizedIDTests"/>
  <testcase name="testToBytes" time="0.000" classname="com.distrimind.util.tests.DecentralizedIDTests"/>
  <testcase name="testNotEquals" time="0.001" classname="com.distrimind.util.tests.DecentralizedIDTests"/>
  <testcase name="testNotEquals" time="0.000" classname="com.distrimind.util.tests.DecentralizedIDTests"/>
  <testcase name="testToBytes" time="0.000" classname="com.distrimind.util.tests.DecentralizedIDTests"/>
  <testcase name="testToBytes" time="0.000" classname="com.distrimind.util.tests.DecentralizedIDTests"/>
  <testcase name="testToBytes" time="0.000" classname="com.distrimind.util.tests.DecentralizedIDTests"/>
  <testcase name="testToBytes" time="0.000" classname="com.distrimind.util.tests.DecentralizedIDTests"/>
  <testcase name="testToBytes" time="0.000" classname="com.distrimind.util.tests.DecentralizedIDTests"/>
  <testcase name="testToBytes" time="0.000" classname="com.distrimind.util.tests.DecentralizedIDTests"/>
  <testcase name="testNotEquals" time="0.000" classname="com.distrimind.util.tests.DecentralizedIDTests"/>
  <testcase name="testToBytes" time="0.000" classname="com.distrimind.util.tests.DecentralizedIDTests"/>
  <testcase name="testToBytes" time="0.000" classname="com.distrimind.util.tests.DecentralizedIDTests"/>
  <testcase name="testNotEquals" time="0.001" classname="com.distrimind.util.tests.DecentralizedIDTests"/>
  <testcase name="testToBytes" time="0.000" classname="com.distrimind.util.tests.DecentralizedIDTests"/>
  <testcase name="testToBytes" time="0.000" classname="com.distrimind.util.tests.DecentralizedIDTests"/>
  <testcase name="testToBytes" time="0.000" classname="com.distrimind.util.tests.DecentralizedIDTests"/>
  <testcase name="testToBytes" time="0.000" classname="com.distrimind.util.tests.DecentralizedIDTests"/>
  <testcase name="testToBytes" time="0.000" classname="com.distrimind.util.tests.DecentralizedIDTests"/>
  <testcase name="testNotEquals" time="0.006" classname="com.distrimind.util.tests.DecentralizedIDTests"/>
  <testcase name="testNotEquals" time="0.001" classname="com.distrimind.util.tests.DecentralizedIDTests"/>
  <testcase name="testNotEquals" time="0.000" classname="com.distrimind.util.tests.DecentralizedIDTests"/>
  <testcase name="testToBytes" time="0.000" classname="com.distrimind.util.tests.DecentralizedIDTests"/>
  <testcase name="testToBytes" time="0.004" classname="com.distrimind.util.tests.DecentralizedIDTests"/>
  <testcase name="testNotEquals" time="0.000" classname="com.distrimind.util.tests.DecentralizedIDTests"/>
  <testcase name="testNotEquals" time="0.002" classname="com.distrimind.util.tests.DecentralizedIDTests"/>
  <testcase name="testNotEquals" time="0.000" classname="com.distrimind.util.tests.DecentralizedIDTests"/>
  <testcase name="testToBytes" time="0.000" classname="com.distrimind.util.tests.DecentralizedIDTests"/>
  <testcase name="testNotEquals" time="0.002" classname="com.distrimind.util.tests.DecentralizedIDTests"/>
  <testcase name="testNotEquals" time="0.000" classname="com.distrimind.util.tests.DecentralizedIDTests"/>
  <testcase name="testNotEquals" time="0.000" classname="com.distrimind.util.tests.DecentralizedIDTests"/>
  <testcase name="testNotEquals" time="0.000" classname="com.distrimind.util.tests.DecentralizedIDTests"/>
  <testcase name="testToBytes" time="0.000" classname="com.distrimind.util.tests.DecentralizedIDTests"/>
  <testcase name="testNotEquals" time="0.000" classname="com.distrimind.util.tests.DecentralizedIDTests"/>
  <testcase name="testNotEquals" time="0.011" classname="com.distrimind.util.tests.DecentralizedIDTests"/>
  <testcase name="testToBytes" time="0.000" classname="com.distrimind.util.tests.DecentralizedIDTests"/>
  <testcase name="testNotEquals" time="0.000" classname="com.distrimind.util.tests.DecentralizedIDTests"/>
  <testcase name="testToBytes" time="0.000" classname="com.distrimind.util.tests.DecentralizedIDTests"/>
  <testcase name="testToBytes" time="0.000" classname="com.distrimind.util.tests.DecentralizedIDTests"/>
  <testcase name="testToBytes" time="0.000" classname="com.distrimind.util.tests.DecentralizedIDTests"/>
  <testcase name="testToBytes" time="0.000" classname="com.distrimind.util.tests.DecentralizedIDTests"/>
  <testcase name="testNotEquals" time="0.008" classname="com.distrimind.util.tests.DecentralizedIDTests"/>
  <testcase name="testToBytes" time="0.000" classname="com.distrimind.util.tests.DecentralizedIDTests"/>
  <testcase name="testToBytes" time="0.001" classname="com.distrimind.util.tests.DecentralizedIDTests"/>
  <testcase name="testToBytes" time="0.000" classname="com.distrimind.util.tests.DecentralizedIDTests"/>
  <testcase name="testToBytes" time="0.000" classname="com.distrimind.util.tests.DecentralizedIDTests"/>
  <testcase name="testToBytes" time="0.000" classname="com.distrimind.util.tests.DecentralizedIDTests"/>
  <testcase name="testToBytes" time="0.000" classname="com.distrimind.util.tests.DecentralizedIDTests"/>
  <testcase name="testToBytes" time="0.000" classname="com.distrimind.util.tests.DecentralizedIDTests"/>
  <testcase name="testToBytes" time="0.000" classname="com.distrimind.util.tests.DecentralizedIDTests"/>
  <testcase name="testNotEquals" time="0.002" classname="com.distrimind.util.tests.DecentralizedIDTests"/>
  <testcase name="testNotEquals" time="0.000" classname="com.distrimind.util.tests.DecentralizedIDTests"/>
  <testcase name="testNotEquals" time="0.001" classname="com.distrimind.util.tests.DecentralizedIDTests"/>
  <testcase name="testToBytes" time="0.000" classname="com.distrimind.util.tests.DecentralizedIDTests"/>
  <testcase name="testToBytes" time="0.000" classname="com.distrimind.util.tests.DecentralizedIDTests"/>
  <testcase name="testToBytes" time="0.000" classname="com.distrimind.util.tests.DecentralizedIDTests"/>
  <testcase name="testNotEquals" time="0.000" classname="com.distrimind.util.tests.DecentralizedIDTests"/>
  <testcase name="testNotEquals" time="0.000" classname="com.distrimind.util.tests.DecentralizedIDTests"/>
  <testcase name="testNotEquals" time="0.005" classname="com.distrimind.util.tests.DecentralizedIDTests"/>
  <testcase name="testToBytes" time="0.000" classname="com.distrimind.util.tests.DecentralizedIDTests"/>
  <testcase name="testToBytes" time="0.000" classname="com.distrimind.util.tests.DecentralizedIDTests"/>
  <testcase name="testToBytes" time="0.000" classname="com.distrimind.util.tests.DecentralizedIDTests"/>
  <testcase name="testToBytes" time="0.000" classname="com.distrimind.util.tests.DecentralizedIDTests"/>
  <testcase name="testNotEquals" time="0.000" classname="com.distrimind.util.tests.DecentralizedIDTests"/>
  <testcase name="testNotEquals" time="0.000" classname="com.distrimind.util.tests.DecentralizedIDTests"/>
  <testcase name="testToBytes" time="0.000" classname="com.distrimind.util.tests.DecentralizedIDTests"/>
  <testcase name="testNotEquals" time="0.000" classname="com.distrimind.util.tests.DecentralizedIDTests"/>
  <testcase name="testToBytes" time="0.000" classname="com.distrimind.util.tests.DecentralizedIDTests"/>
  <testcase name="testToBytes" time="0.000" classname="com.distrimind.util.tests.DecentralizedIDTests"/>
  <testcase name="testToBytes" time="0.000" classname="com.distrimind.util.tests.DecentralizedIDTests"/>
  <testcase name="testToBytes" time="0.000" classname="com.distrimind.util.tests.DecentralizedIDTests"/>
  <testcase name="testNotEquals" time="0.001" classname="com.distrimind.util.tests.DecentralizedIDTests"/>
  <testcase name="testToBytes" time="0.000" classname="com.distrimind.util.tests.DecentralizedIDTests"/>
  <testcase name="testToBytes" time="0.000" classname="com.distrimind.util.tests.DecentralizedIDTests"/>
  <testcase name="testToBytes" time="0.000" classname="com.distrimind.util.tests.DecentralizedIDTests"/>
  <testcase name="testNotEquals" time="0.002" classname="com.distrimind.util.tests.DecentralizedIDTests"/>
  <testcase name="testToBytes" time="0.000" classname="com.distrimind.util.tests.DecentralizedIDTests"/>
  <testcase name="testToBytes" time="0.017" classname="com.distrimind.util.tests.DecentralizedIDTests"/>
  <testcase name="testToBytes" time="0.000" classname="com.distrimind.util.tests.DecentralizedIDTests"/>
  <testcase name="testNotEquals" time="0.001" classname="com.distrimind.util.tests.DecentralizedIDTests"/>
  <testcase name="testToBytes" time="0.000" classname="com.distrimind.util.tests.DecentralizedIDTests"/>
  <testcase name="testToBytes" time="0.000" classname="com.distrimind.util.tests.DecentralizedIDTests"/>
  <testcase name="testNotEquals" time="0.019" classname="com.distrimind.util.tests.DecentralizedIDTests"/>
  <testcase name="testNotEquals" time="0.000" classname="com.distrimind.util.tests.DecentralizedIDTests"/>
  <testcase name="testToBytes" time="0.000" classname="com.distrimind.util.tests.DecentralizedIDTests"/>
  <testcase name="testNotEquals" time="0.000" classname="com.distrimind.util.tests.DecentralizedIDTests"/>
  <testcase name="testNotEquals" time="0.000" classname="com.distrimind.util.tests.DecentralizedIDTests"/>
  <testcase name="testToBytes" time="0.000" classname="com.distrimind.util.tests.DecentralizedIDTests"/>
  <testcase name="testNotEquals" time="0.000" classname="com.distrimind.util.tests.DecentralizedIDTests"/>
  <testcase name="testToBytes" time="0.006" classname="com.distrimind.util.tests.DecentralizedIDTests"/>
  <testcase name="testNotEquals" time="0.008" classname="com.distrimind.util.tests.DecentralizedIDTests"/>
  <testcase name="testNotEquals" time="0.000" classname="com.distrimind.util.tests.DecentralizedIDTests"/>
  <testcase name="testNotEquals" time="0.001" classname="com.distrimind.util.tests.DecentralizedIDTests"/>
  <testcase name="testToBytes" time="0.000" classname="com.distrimind.util.tests.DecentralizedIDTests"/>
  <testcase name="testToBytes" time="0.000" classname="com.distrimind.util.tests.DecentralizedIDTests"/>
  <testcase name="testNotEquals" time="0.000" classname="com.distrimind.util.tests.DecentralizedIDTests"/>
  <testcase name="testNotEquals" time="0.000" classname="com.distrimind.util.tests.DecentralizedIDTests"/>
  <testcase name="testNotEquals" time="0.000" classname="com.distrimind.util.tests.DecentralizedIDTests"/>
  <testcase name="testNotEquals" time="0.000" classname="com.distrimind.util.tests.DecentralizedIDTests"/>
  <testcase name="testToBytes" time="0.000" classname="com.distrimind.util.tests.DecentralizedIDTests"/>
  <testcase name="testNotEquals" time="0.000" classname="com.distrimind.util.tests.DecentralizedIDTests"/>
  <testcase name="testNotEquals" time="0.001" classname="com.distrimind.util.tests.DecentralizedIDTests"/>
  <testcase name="testToBytes" time="0.000" classname="com.distrimind.util.tests.DecentralizedIDTests"/>
  <testcase name="testNotEquals" time="0.020" classname="com.distrimind.util.tests.DecentralizedIDTests"/>
  <testcase name="testToBytes" time="0.000" classname="com.distrimind.util.tests.DecentralizedIDTests"/>
  <testcase name="testNotEquals" time="0.001" classname="com.distrimind.util.tests.DecentralizedIDTests"/>
  <testcase name="testToBytes" time="0.000" classname="com.distrimind.util.tests.DecentralizedIDTests"/>
  <testcase name="testNotEquals" time="0.000" classname="com.distrimind.util.tests.DecentralizedIDTests"/>
  <testcase name="testToBytes" time="0.000" classname="com.distrimind.util.tests.DecentralizedIDTests"/>
  <testcase name="testToBytes" time="0.000" classname="com.distrimind.util.tests.DecentralizedIDTests"/>
  <testcase name="testToBytes" time="0.017" classname="com.distrimind.util.tests.DecentralizedIDTests"/>
  <testcase name="testToBytes" time="0.000" classname="com.distrimind.util.tests.DecentralizedIDTests"/>
  <testcase name="testToBytes" time="0.000" classname="com.distrimind.util.tests.DecentralizedIDTests"/>
  <testcase name="testNotEquals" time="0.000" classname="com.distrimind.util.tests.DecentralizedIDTests"/>
  <testcase name="testNotEquals" time="0.000" classname="com.distrimind.util.tests.DecentralizedIDTests"/>
  <testcase name="testToBytes" time="0.001" classname="com.distrimind.util.tests.DecentralizedIDTests"/>
  <testcase name="testToBytes" time="0.000" classname="com.distrimind.util.tests.DecentralizedIDTests"/>
  <testcase name="testToBytes" time="0.000" classname="com.distrimind.util.tests.DecentralizedIDTests"/>
  <testcase name="testNotEquals" time="0.000" classname="com.distrimind.util.tests.DecentralizedIDTests"/>
  <testcase name="testToBytes" time="0.000" classname="com.distrimind.util.tests.DecentralizedIDTests"/>
  <testcase name="testToBytes" time="0.000" classname="com.distrimind.util.tests.DecentralizedIDTests"/>
  <testcase name="testToBytes" time="0.000" classname="com.distrimind.util.tests.DecentralizedIDTests"/>
  <testcase name="testNotEquals" time="0.000" classname="com.distrimind.util.tests.DecentralizedIDTests"/>
  <testcase name="testNotEquals" time="0.000" classname="com.distrimind.util.tests.DecentralizedIDTests"/>
  <testcase name="testNotEquals" time="0.000" classname="com.distrimind.util.tests.DecentralizedIDTests"/>
  <testcase name="testToBytes" time="0.000" classname="com.distrimind.util.tests.DecentralizedIDTests"/>
  <testcase name="testNotEquals" time="0.066" classname="com.distrimind.util.tests.DecentralizedIDTests"/>
  <testcase name="testToBytes" time="0.000" classname="com.distrimind.util.tests.DecentralizedIDTests"/>
  <testcase name="testNotEquals" time="0.000" classname="com.distrimind.util.tests.DecentralizedIDTests"/>
  <testcase name="testNotEquals" time="0.001" classname="com.distrimind.util.tests.DecentralizedIDTests"/>
  <testcase name="testToBytes" time="0.001" classname="com.distrimind.util.tests.DecentralizedIDTests"/>
  <testcase name="testToBytes" time="0.000" classname="com.distrimind.util.tests.DecentralizedIDTests"/>
  <testcase name="testNotEquals" time="0.000" classname="com.distrimind.util.tests.DecentralizedIDTests"/>
  <testcase name="testNotEquals" time="0.000" classname="com.distrimind.util.tests.DecentralizedIDTests"/>
  <testcase name="testNotEquals" time="0.000" classname="com.distrimind.util.tests.DecentralizedIDTests"/>
  <testcase name="testToBytes" time="0.000" classname="com.distrimind.util.tests.DecentralizedIDTests"/>
  <testcase name="testToBytes" time="0.001" classname="com.distrimind.util.tests.DecentralizedIDTests"/>
  <testcase name="testNotEquals" time="0.000" classname="com.distrimind.util.tests.DecentralizedIDTests"/>
  <testcase name="testToBytes" time="0.000" classname="com.distrimind.util.tests.DecentralizedIDTests"/>
  <testcase name="testNotEquals" time="0.000" classname="com.distrimind.util.tests.DecentralizedIDTests"/>
  <testcase name="testNotEquals" time="0.000" classname="com.distrimind.util.tests.DecentralizedIDTests"/>
  <testcase name="testNotEquals" time="0.010" classname="com.distrimind.util.tests.DecentralizedIDTests"/>
  <testcase name="testNotEquals" time="0.000" classname="com.distrimind.util.tests.DecentralizedIDTests"/>
  <testcase name="testToBytes" time="0.000" classname="com.distrimind.util.tests.DecentralizedIDTests"/>
  <testcase name="testToBytes" time="0.000" classname="com.distrimind.util.tests.DecentralizedIDTests"/>
  <testcase name="testNotEquals" time="0.000" classname="com.distrimind.util.tests.DecentralizedIDTests"/>
  <testcase name="testToBytes" time="0.000" classname="com.distrimind.util.tests.DecentralizedIDTests"/>
  <testcase name="testToBytes" time="0.000" classname="com.distrimind.util.tests.DecentralizedIDTests"/>
  <testcase name="testToBytes" time="0.000" classname="com.distrimind.util.tests.DecentralizedIDTests"/>
  <testcase name="testNotEquals" time="0.000" classname="com.distrimind.util.tests.DecentralizedIDTests"/>
  <testcase name="testNotEquals" time="0.002" classname="com.distrimind.util.tests.DecentralizedIDTests"/>
  <testcase name="testToBytes" time="0.000" classname="com.distrimind.util.tests.DecentralizedIDTests"/>
  <testcase name="testToBytes" time="0.000" classname="com.distrimind.util.tests.DecentralizedIDTests"/>
  <testcase name="testNotEquals" time="0.022" classname="com.distrimind.util.tests.DecentralizedIDTests"/>
  <testcase name="testNotEquals" time="0.000" classname="com.distrimind.util.tests.DecentralizedIDTests"/>
  <testcase name="testToBytes" time="0.000" classname="com.distrimind.util.tests.DecentralizedIDTests"/>
  <testcase name="testToBytes" time="0.000" classname="com.distrimind.util.tests.DecentralizedIDTests"/>
  <testcase name="testNotEquals" time="0.000" classname="com.distrimind.util.tests.DecentralizedIDTests"/>
  <testcase name="testNotEquals" time="0.000" classname="com.distrimind.util.tests.DecentralizedIDTests"/>
  <testcase name="testToBytes" time="0.000" classname="com.distrimind.util.tests.DecentralizedIDTests"/>
  <testcase name="testNotEquals" time="0.000" classname="com.distrimind.util.tests.DecentralizedIDTests"/>
  <testcase name="testNotEquals" time="0.001" classname="com.distrimind.util.tests.DecentralizedIDTests"/>
  <testcase name="testToBytes" time="0.000" classname="com.distrimind.util.tests.DecentralizedIDTests"/>
  <testcase name="testToBytes" time="0.000" classname="com.distrimind.util.tests.DecentralizedIDTests"/>
  <testcase name="testNotEquals" time="0.013" classname="com.distrimind.util.tests.DecentralizedIDTests"/>
  <testcase name="testToBytes" time="0.000" classname="com.distrimind.util.tests.DecentralizedIDTests"/>
  <testcase name="testToBytes" time="0.000" classname="com.distrimind.util.tests.DecentralizedIDTests"/>
  <testcase name="testToBytes" time="0.000" classname="com.distrimind.util.tests.DecentralizedIDTests"/>
  <testcase name="testToBytes" time="0.000" classname="com.distrimind.util.tests.DecentralizedIDTests"/>
  <testcase name="testToBytes" time="0.179" classname="com.distrimind.util.tests.DecentralizedIDTests"/>
  <testcase name="testNotEquals" time="0.000" classname="com.distrimind.util.tests.DecentralizedIDTests"/>
  <testcase name="testNotEquals" time="0.022" classname="com.distrimind.util.tests.DecentralizedIDTests"/>
  <testcase name="testToBytes" time="0.000" classname="com.distrimind.util.tests.DecentralizedIDTests"/>
  <testcase name="testToBytes" time="0.000" classname="com.distrimind.util.tests.DecentralizedIDTests"/>
  <testcase name="testNotEquals" time="0.000" classname="com.distrimind.util.tests.DecentralizedIDTests"/>
  <testcase name="testToBytes" time="0.027" classname="com.distrimind.util.tests.DecentralizedIDTests"/>
  <testcase name="testToBytes" time="0.000" classname="com.distrimind.util.tests.DecentralizedIDTests"/>
  <testcase name="testToBytes" time="0.000" classname="com.distrimind.util.tests.DecentralizedIDTests"/>
  <testcase name="testNotEquals" time="0.000" classname="com.distrimind.util.tests.DecentralizedIDTests"/>
  <testcase name="testNotEquals" time="0.000" classname="com.distrimind.util.tests.DecentralizedIDTests"/>
  <testcase name="testNotEquals" time="0.001" classname="com.distrimind.util.tests.DecentralizedIDTests"/>
  <testcase name="testNotEquals" time="0.000" classname="com.distrimind.util.tests.DecentralizedIDTests"/>
  <testcase name="testNotEquals" time="0.000" classname="com.distrimind.util.tests.DecentralizedIDTests"/>
  <testcase name="testNotEquals" time="0.000" classname="com.distrimind.util.tests.DecentralizedIDTests"/>
  <testcase name="testToBytes" time="0.000" classname="com.distrimind.util.tests.DecentralizedIDTests"/>
  <testcase name="testToBytes" time="0.000" classname="com.distrimind.util.tests.DecentralizedIDTests"/>
  <testcase name="testNotEquals" time="0.000" classname="com.distrimind.util.tests.DecentralizedIDTests"/>
  <testcase name="testToBytes" time="0.000" classname="com.distrimind.util.tests.DecentralizedIDTests"/>
  <testcase name="testNotEquals" time="0.000" classname="com.distrimind.util.tests.DecentralizedIDTests"/>
  <testcase name="testNotEquals" time="0.000" classname="com.distrimind.util.tests.DecentralizedIDTests"/>
  <testcase name="testNotEquals" time="0.000" classname="com.distrimind.util.tests.DecentralizedIDTests"/>
  <testcase name="testNotEquals" time="0.001" classname="com.distrimind.util.tests.DecentralizedIDTests"/>
  <testcase name="testNotEquals" time="0.008" classname="com.distrimind.util.tests.DecentralizedIDTests"/>
  <testcase name="testNotEquals" time="0.000" classname="com.distrimind.util.tests.DecentralizedIDTests"/>
  <testcase name="testNotEquals" time="0.000" classname="com.distrimind.util.tests.DecentralizedIDTests"/>
  <testcase name="testToBytes" time="0.001" classname="com.distrimind.util.tests.DecentralizedIDTests"/>
  <testcase name="testNotEquals" time="0.015" classname="com.distrimind.util.tests.DecentralizedIDTests"/>
  <testcase name="testNotEquals" time="0.000" classname="com.distrimind.util.tests.DecentralizedIDTests"/>
  <testcase name="testToBytes" time="0.000" classname="com.distrimind.util.tests.DecentralizedIDTests"/>
  <testcase name="testNotEquals" time="0.001" classname="com.distrimind.util.tests.DecentralizedIDTests"/>
  <testcase name="testToBytes" time="0.000" classname="com.distrimind.util.tests.DecentralizedIDTests"/>
  <testcase name="testNotEquals" time="0.000" classname="com.distrimind.util.tests.DecentralizedIDTests"/>
  <testcase name="testNotEquals" time="0.000" classname="com.distrimind.util.tests.DecentralizedIDTests"/>
  <testcase name="testNotEquals" time="0.000" classname="com.distrimind.util.tests.DecentralizedIDTests"/>
  <testcase name="testToBytes" time="0.000" classname="com.distrimind.util.tests.DecentralizedIDTests"/>
  <testcase name="testToBytes" time="0.000" classname="com.distrimind.util.tests.DecentralizedIDTests"/>
  <testcase name="testNotEquals" time="0.000" classname="com.distrimind.util.tests.DecentralizedIDTests"/>
  <testcase name="testNotEquals" time="0.000" classname="com.distrimind.util.tests.DecentralizedIDTests"/>
  <testcase name="testNotEquals" time="0.001" classname="com.distrimind.util.tests.DecentralizedIDTests"/>
  <testcase name="testToBytes" time="0.000" classname="com.distrimind.util.tests.DecentralizedIDTests"/>
  <testcase name="testToBytes" time="0.001" classname="com.distrimind.util.tests.DecentralizedIDTests"/>
  <testcase name="testToBytes" time="0.000" classname="com.distrimind.util.tests.DecentralizedIDTests"/>
  <testcase name="testNotEquals" time="0.000" classname="com.distrimind.util.tests.DecentralizedIDTests"/>
  <testcase name="testToBytes" time="0.000" classname="com.distrimind.util.tests.DecentralizedIDTests"/>
  <testcase name="testNotEquals" time="0.000" classname="com.distrimind.util.tests.DecentralizedIDTests"/>
  <testcase name="testNotEquals" time="0.000" classname="com.distrimind.util.tests.DecentralizedIDTests"/>
  <testcase name="testNotEquals" time="0.000" classname="com.distrimind.util.tests.DecentralizedIDTests"/>
  <testcase name="testToBytes" time="0.000" classname="com.distrimind.util.tests.DecentralizedIDTests"/>
  <testcase name="testNotEquals" time="0.000" classname="com.distrimind.util.tests.DecentralizedIDTests"/>
  <testcase name="testToBytes" time="0.000" classname="com.distrimind.util.tests.DecentralizedIDTests"/>
  <testcase name="testNotEquals" time="0.000" classname="com.distrimind.util.tests.DecentralizedIDTests"/>
  <testcase name="testNotEquals" time="0.001" classname="com.distrimind.util.tests.DecentralizedIDTests"/>
  <testcase name="testToBytes" time="0.000" classname="com.distrimind.util.tests.DecentralizedIDTests"/>
  <testcase name="testToBytes" time="0.001" classname="com.distrimind.util.tests.DecentralizedIDTests"/>
  <testcase name="testNotEquals" time="0.007" classname="com.distrimind.util.tests.DecentralizedIDTests"/>
  <testcase name="testNotEquals" time="0.000" classname="com.distrimind.util.tests.DecentralizedIDTests"/>
  <testcase name="testNotEquals" time="0.000" classname="com.distrimind.util.tests.DecentralizedIDTests"/>
  <testcase name="testToBytes" time="0.016" classname="com.distrimind.util.tests.DecentralizedIDTests"/>
  <testcase name="testToBytes" time="0.000" classname="com.distrimind.util.tests.DecentralizedIDTests"/>
  <testcase name="testToBytes" time="0.000" classname="com.distrimind.util.tests.DecentralizedIDTests"/>
  <testcase name="testNotEquals" time="0.000" classname="com.distrimind.util.tests.DecentralizedIDTests"/>
  <testcase name="testToBytes" time="0.000" classname="com.distrimind.util.tests.DecentralizedIDTests"/>
  <testcase name="testToBytes" time="0.000" classname="com.distrimind.util.tests.DecentralizedIDTests"/>
  <testcase name="testToBytes" time="0.000" classname="com.distrimind.util.tests.DecentralizedIDTests"/>
  <testcase name="testToBytes" time="0.000" classname="com.distrimind.util.tests.DecentralizedIDTests"/>
  <testcase name="testToBytes" time="0.000" classname="com.distrimind.util.tests.DecentralizedIDTests"/>
  <testcase name="testToBytes" time="0.000" classname="com.distrimind.util.tests.DecentralizedIDTests"/>
  <testcase name="testNotEquals" time="0.000" classname="com.distrimind.util.tests.DecentralizedIDTests"/>
  <testcase name="testToBytes" time="0.000" classname="com.distrimind.util.tests.DecentralizedIDTests"/>
  <testcase name="testToBytes" time="0.000" classname="com.distrimind.util.tests.DecentralizedIDTests"/>
  <testcase name="testNotEquals" time="0.000" classname="com.distrimind.util.tests.DecentralizedIDTests"/>
  <testcase name="testToBytes" time="0.000" classname="com.distrimind.util.tests.DecentralizedIDTests"/>
  <testcase name="testNotEquals" time="0.000" classname="com.distrimind.util.tests.DecentralizedIDTests"/>
  <testcase name="testToBytes" time="0.000" classname="com.distrimind.util.tests.DecentralizedIDTests"/>
  <testcase name="testToBytes" time="0.000" classname="com.distrimind.util.tests.DecentralizedIDTests"/>
  <testcase name="testNotEquals" time="0.000" classname="com.distrimind.util.tests.DecentralizedIDTests"/>
  <testcase name="testNotEquals" time="0.000" classname="com.distrimind.util.tests.DecentralizedIDTests"/>
  <testcase name="testNotEquals" time="0.000" classname="com.distrimind.util.tests.DecentralizedIDTests"/>
  <testcase name="testNotEquals" time="0.016" classname="com.distrimind.util.tests.DecentralizedIDTests"/>
  <testcase name="testToBytes" time="0.000" classname="com.distrimind.util.tests.DecentralizedIDTests"/>
  <testcase name="testNotEquals" time="0.000" classname="com.distrimind.util.tests.DecentralizedIDTests"/>
  <testcase name="testNotEquals" time="0.000" classname="com.distrimind.util.tests.DecentralizedIDTests"/>
  <testcase name="testToBytes" time="0.000" classname="com.distrimind.util.tests.DecentralizedIDTests"/>
  <testcase name="testNotEquals" time="0.000" classname="com.distrimind.util.tests.DecentralizedIDTests"/>
  <testcase name="testToBytes" time="0.012" classname="com.distrimind.util.tests.DecentralizedIDTests"/>
  <testcase name="testToBytes" time="0.000" classname="com.distrimind.util.tests.DecentralizedIDTests"/>
  <testcase name="testNotEquals" time="0.020" classname="com.distrimind.util.tests.DecentralizedIDTests"/>
  <testcase name="testToBytes" time="0.000" classname="com.distrimind.util.tests.DecentralizedIDTests"/>
  <testcase name="testToBytes" time="0.000" classname="com.distrimind.util.tests.DecentralizedIDTests"/>
  <testcase name="testNotEquals" time="0.009" classname="com.distrimind.util.tests.DecentralizedIDTests"/>
  <testcase name="testNotEquals" time="0.000" classname="com.distrimind.util.tests.DecentralizedIDTests"/>
  <testcase name="testNotEquals" time="0.000" classname="com.distrimind.util.tests.DecentralizedIDTests"/>
  <testcase name="testNotEquals" time="0.000" classname="com.distrimind.util.tests.DecentralizedIDTests"/>
  <testcase name="testNotEquals" time="0.000" classname="com.distrimind.util.tests.DecentralizedIDTests"/>
  <testcase name="testToBytes" time="0.000" classname="com.distrimind.util.tests.DecentralizedIDTests"/>
  <testcase name="testNotEquals" time="0.000" classname="com.distrimind.util.tests.DecentralizedIDTests"/>
  <testcase name="testNotEquals" time="0.008" classname="com.distrimind.util.tests.DecentralizedIDTests"/>
  <testcase name="testToBytes" time="0.000" classname="com.distrimind.util.tests.DecentralizedIDTests"/>
  <testcase name="testToBytes" time="0.000" classname="com.distrimind.util.tests.DecentralizedIDTests"/>
  <testcase name="testToBytes" time="0.000" classname="com.distrimind.util.tests.DecentralizedIDTests"/>
  <testcase name="testToBytes" time="0.000" classname="com.distrimind.util.tests.DecentralizedIDTests"/>
  <testcase name="testNotEquals" time="0.000" classname="com.distrimind.util.tests.DecentralizedIDTests"/>
  <testcase name="testNotEquals" time="0.000" classname="com.distrimind.util.tests.DecentralizedIDTests"/>
  <testcase name="testNotEquals" time="0.002" classname="com.distrimind.util.tests.DecentralizedIDTests"/>
  <testcase name="testToBytes" time="0.000" classname="com.distrimind.util.tests.DecentralizedIDTests"/>
  <testcase name="testToBytes" time="0.001" classname="com.distrimind.util.tests.DecentralizedIDTests"/>
  <testcase name="testNotEquals" time="0.000" classname="com.distrimind.util.tests.DecentralizedIDTests"/>
  <testcase name="testNotEquals" time="0.000" classname="com.distrimind.util.tests.DecentralizedIDTests"/>
  <testcase name="testNotEquals" time="0.001" classname="com.distrimind.util.tests.DecentralizedIDTests"/>
  <testcase name="testToBytes" time="0.007" classname="com.distrimind.util.tests.DecentralizedIDTests"/>
  <testcase name="testToBytes" time="0.000" classname="com.distrimind.util.tests.DecentralizedIDTests"/>
  <testcase name="testNotEquals" time="0.001" classname="com.distrimind.util.tests.DecentralizedIDTests"/>
  <testcase name="testToBytes" time="0.001" classname="com.distrimind.util.tests.DecentralizedIDTests"/>
  <testcase name="testNotEquals" time="0.000" classname="com.distrimind.util.tests.DecentralizedIDTests"/>
  <testcase name="testToBytes" time="0.000" classname="com.distrimind.util.tests.DecentralizedIDTests"/>
  <testcase name="testNotEquals" time="0.000" classname="com.distrimind.util.tests.DecentralizedIDTests"/>
  <testcase name="testToBytes" time="0.000" classname="com.distrimind.util.tests.DecentralizedIDTests"/>
  <testcase name="testNotEquals" time="0.000" classname="com.distrimind.util.tests.DecentralizedIDTests"/>
  <testcase name="testToBytes" time="0.000" classname="com.distrimind.util.tests.DecentralizedIDTests"/>
  <testcase name="testToBytes" time="0.000" classname="com.distrimind.util.tests.DecentralizedIDTests"/>
  <testcase name="testNotEquals" time="0.001" classname="com.distrimind.util.tests.DecentralizedIDTests"/>
  <testcase name="testToBytes" time="0.000" classname="com.distrimind.util.tests.DecentralizedIDTests"/>
  <testcase name="testToBytes" time="0.000" classname="com.distrimind.util.tests.DecentralizedIDTests"/>
  <testcase name="testToBytes" time="0.000" classname="com.distrimind.util.tests.DecentralizedIDTests"/>
  <testcase name="testNotEquals" time="0.000" classname="com.distrimind.util.tests.DecentralizedIDTests"/>
  <testcase name="testToBytes" time="0.000" classname="com.distrimind.util.tests.DecentralizedIDTests"/>
  <testcase name="testToBytes" time="0.000" classname="com.distrimind.util.tests.DecentralizedIDTests"/>
  <testcase name="testToBytes" time="0.000" classname="com.distrimind.util.tests.DecentralizedIDTests"/>
  <testcase name="testNotEquals" time="0.001" classname="com.distrimind.util.tests.DecentralizedIDTests"/>
  <testcase name="testNotEquals" time="0.000" classname="com.distrimind.util.tests.DecentralizedIDTests"/>
  <testcase name="testToBytes" time="0.000" classname="com.distrimind.util.tests.DecentralizedIDTests"/>
  <testcase name="testNotEquals" time="0.000" classname="com.distrimind.util.tests.DecentralizedIDTests"/>
  <testcase name="testToBytes" time="0.000" classname="com.distrimind.util.tests.DecentralizedIDTests"/>
  <testcase name="testNotEquals" time="0.005" classname="com.distrimind.util.tests.DecentralizedIDTests"/>
  <testcase name="testToBytes" time="0.000" classname="com.distrimind.util.tests.DecentralizedIDTests"/>
  <testcase name="testNotEquals" time="0.000" classname="com.distrimind.util.tests.DecentralizedIDTests"/>
  <testcase name="testNotEquals" time="0.000" classname="com.distrimind.util.tests.DecentralizedIDTests"/>
  <testcase name="testToBytes" time="0.000" classname="com.distrimind.util.tests.DecentralizedIDTests"/>
  <testcase name="testToBytes" time="0.000" classname="com.distrimind.util.tests.DecentralizedIDTests"/>
  <testcase name="testNotEquals" time="0.000" classname="com.distrimind.util.tests.DecentralizedIDTests"/>
  <testcase name="testToBytes" time="0.000" classname="com.distrimind.util.tests.DecentralizedIDTests"/>
  <testcase name="testNotEquals" time="0.000" classname="com.distrimind.util.tests.DecentralizedIDTests"/>
  <testcase name="testNotEquals" time="0.001" classname="com.distrimind.util.tests.DecentralizedIDTests"/>
  <testcase name="testToBytes" time="0.000" classname="com.distrimind.util.tests.DecentralizedIDTests"/>
  <testcase name="testNotEquals" time="0.000" classname="com.distrimind.util.tests.DecentralizedIDTests"/>
  <testcase name="testNotEquals" time="0.000" classname="com.distrimind.util.tests.DecentralizedIDTests"/>
  <testcase name="testToBytes" time="0.000" classname="com.distrimind.util.tests.DecentralizedIDTests"/>
  <testcase name="testToBytes" time="0.000" classname="com.distrimind.util.tests.DecentralizedIDTests"/>
  <testcase name="testNotEquals" time="0.000" classname="com.distrimind.util.tests.DecentralizedIDTests"/>
  <testcase name="testNotEquals" time="0.000" classname="com.distrimind.util.tests.DecentralizedIDTests"/>
  <testcase name="testToBytes" time="0.000" classname="com.distrimind.util.tests.DecentralizedIDTests"/>
  <testcase name="testToBytes" time="0.000" classname="com.distrimind.util.tests.DecentralizedIDTests"/>
  <testcase name="testToBytes" time="0.000" classname="com.distrimind.util.tests.DecentralizedIDTests"/>
  <testcase name="testNotEquals" time="0.001" classname="com.distrimind.util.tests.DecentralizedIDTests"/>
  <testcase name="testToBytes" time="0.001" classname="com.distrimind.util.tests.DecentralizedIDTests"/>
  <testcase name="testToBytes" time="0.000" classname="com.distrimind.util.tests.DecentralizedIDTests"/>
  <testcase name="testNotEquals" time="0.000" classname="com.distrimind.util.tests.DecentralizedIDTests"/>
  <testcase name="testNotEquals" time="0.000" classname="com.distrimind.util.tests.DecentralizedIDTests"/>
  <testcase name="testToBytes" time="0.000" classname="com.distrimind.util.tests.DecentralizedIDTests"/>
  <testcase name="testToBytes" time="0.000" classname="com.distrimind.util.tests.DecentralizedIDTests"/>
  <testcase name="testToBytes" time="0.010" classname="com.distrimind.util.tests.DecentralizedIDTests"/>
  <testcase name="testToBytes" time="0.000" classname="com.distrimind.util.tests.DecentralizedIDTests"/>
  <testcase name="testToBytes" time="0.000" classname="com.distrimind.util.tests.DecentralizedIDTests"/>
  <testcase name="testNotEquals" time="0.001" classname="com.distrimind.util.tests.DecentralizedIDTests"/>
  <testcase name="testToBytes" time="0.000" classname="com.distrimind.util.tests.DecentralizedIDTests"/>
  <testcase name="testNotEquals" time="0.000" classname="com.distrimind.util.tests.DecentralizedIDTests"/>
  <testcase name="testToBytes" time="0.000" classname="com.distrimind.util.tests.DecentralizedIDTests"/>
  <testcase name="testToBytes" time="0.001" classname="com.distrimind.util.tests.DecentralizedIDTests"/>
  <testcase name="testNotEquals" time="0.000" classname="com.distrimind.util.tests.DecentralizedIDTests"/>
  <testcase name="testToBytes" time="0.000" classname="com.distrimind.util.tests.DecentralizedIDTests"/>
  <testcase name="testToBytes" time="0.000" classname="com.distrimind.util.tests.DecentralizedIDTests"/>
  <testcase name="testToBytes" time="0.000" classname="com.distrimind.util.tests.DecentralizedIDTests"/>
  <testcase name="testNotEquals" time="0.000" classname="com.distrimind.util.tests.DecentralizedIDTests"/>
  <testcase name="testNotEquals" time="0.002" classname="com.distrimind.util.tests.DecentralizedIDTests"/>
  <testcase name="testNotEquals" time="0.000" classname="com.distrimind.util.tests.DecentralizedIDTests"/>
  <testcase name="testNotEquals" time="0.008" classname="com.distrimind.util.tests.DecentralizedIDTests"/>
  <testcase name="testNotEquals" time="0.001" classname="com.distrimind.util.tests.DecentralizedIDTests"/>
  <testcase name="testToBytes" time="0.000" classname="com.distrimind.util.tests.DecentralizedIDTests"/>
  <testcase name="testToBytes" time="0.000" classname="com.distrimind.util.tests.DecentralizedIDTests"/>
  <testcase name="testToBytes" time="0.000" classname="com.distrimind.util.tests.DecentralizedIDTests"/>
  <testcase name="testNotEquals" time="0.000" classname="com.distrimind.util.tests.DecentralizedIDTests"/>
  <testcase name="testNotEquals" time="0.000" classname="com.distrimind.util.tests.DecentralizedIDTests"/>
  <testcase name="testNotEquals" time="0.002" classname="com.distrimind.util.tests.DecentralizedIDTests"/>
  <testcase name="testNotEquals" time="0.000" classname="com.distrimind.util.tests.DecentralizedIDTests"/>
  <testcase name="testToBytes" time="0.000" classname="com.distrimind.util.tests.DecentralizedIDTests"/>
  <testcase name="testToBytes" time="0.000" classname="com.distrimind.util.tests.DecentralizedIDTests"/>
  <testcase name="testToBytes" time="0.000" classname="com.distrimind.util.tests.DecentralizedIDTests"/>
  <testcase name="testToBytes" time="0.001" classname="com.distrimind.util.tests.DecentralizedIDTests"/>
  <testcase name="testNotEquals" time="0.000" classname="com.distrimind.util.tests.DecentralizedIDTests"/>
  <testcase name="testNotEquals" time="0.001" classname="com.distrimind.util.tests.DecentralizedIDTests"/>
  <testcase name="testNotEquals" time="0.000" classname="com.distrimind.util.tests.DecentralizedIDTests"/>
  <testcase name="testNotEquals" time="0.007" classname="com.distrimind.util.tests.DecentralizedIDTests"/>
  <testcase name="testToBytes" time="0.000" classname="com.distrimind.util.tests.DecentralizedIDTests"/>
  <testcase name="testToBytes" time="0.000" classname="com.distrimind.util.tests.DecentralizedIDTests"/>
  <testcase name="testNotEquals" time="0.002" classname="com.distrimind.util.tests.DecentralizedIDTests"/>
  <testcase name="testNotEquals" time="0.000" classname="com.distrimind.util.tests.DecentralizedIDTests"/>
  <testcase name="testToBytes" time="0.001" classname="com.distrimind.util.tests.DecentralizedIDTests"/>
  <testcase name="testToBytes" time="0.000" classname="com.distrimind.util.tests.DecentralizedIDTests"/>
  <testcase name="testNotEquals" time="0.000" classname="com.distrimind.util.tests.DecentralizedIDTests"/>
  <testcase name="testNotEquals" time="0.000" classname="com.distrimind.util.tests.DecentralizedIDTests"/>
  <testcase name="testNotEquals" time="0.008" classname="com.distrimind.util.tests.DecentralizedIDTests"/>
  <testcase name="testToBytes" time="0.000" classname="com.distrimind.util.tests.DecentralizedIDTests"/>
  <testcase name="testNotEquals" time="0.000" classname="com.distrimind.util.tests.DecentralizedIDTests"/>
  <testcase name="testNotEquals" time="0.000" classname="com.distrimind.util.tests.DecentralizedIDTests"/>
  <testcase name="testToBytes" time="0.000" classname="com.distrimind.util.tests.DecentralizedIDTests"/>
  <testcase name="testNotEquals" time="0.000" classname="com.distrimind.util.tests.DecentralizedIDTests"/>
  <testcase name="testNotEquals" time="0.001" classname="com.distrimind.util.tests.DecentralizedIDTests"/>
  <testcase name="testNotEquals" time="0.000" classname="com.distrimind.util.tests.DecentralizedIDTests"/>
  <testcase name="testToBytes" time="0.000" classname="com.distrimind.util.tests.DecentralizedIDTests"/>
  <testcase name="testNotEquals" time="0.016" classname="com.distrimind.util.tests.DecentralizedIDTests"/>
  <testcase name="testNotEquals" time="0.000" classname="com.distrimind.util.tests.DecentralizedIDTests"/>
  <testcase name="testNotEquals" time="0.000" classname="com.distrimind.util.tests.DecentralizedIDTests"/>
  <testcase name="testNotEquals" time="0.000" classname="com.distrimind.util.tests.DecentralizedIDTests"/>
  <testcase name="testToBytes" time="0.000" classname="com.distrimind.util.tests.DecentralizedIDTests"/>
  <testcase name="testToBytes" time="0.000" classname="com.distrimind.util.tests.DecentralizedIDTests"/>
  <testcase name="testNotEquals" time="0.000" classname="com.distrimind.util.tests.DecentralizedIDTests"/>
  <testcase name="testNotEquals" time="0.000" classname="com.distrimind.util.tests.DecentralizedIDTests"/>
  <testcase name="testToBytes" time="0.000" classname="com.distrimind.util.tests.DecentralizedIDTests"/>
  <testcase name="testToBytes" time="0.000" classname="com.distrimind.util.tests.DecentralizedIDTests"/>
  <testcase name="testNotEquals" time="0.000" classname="com.distrimind.util.tests.DecentralizedIDTests"/>
  <testcase name="testToBytes" time="0.000" classname="com.distrimind.util.tests.DecentralizedIDTests"/>
  <testcase name="testNotEquals" time="0.001" classname="com.distrimind.util.tests.DecentralizedIDTests"/>
  <testcase name="testNotEquals" time="0.001" classname="com.distrimind.util.tests.DecentralizedIDTests"/>
  <testcase name="testNotEquals" time="0.000" classname="com.distrimind.util.tests.DecentralizedIDTests"/>
  <testcase name="testNotEquals" time="0.002" classname="com.distrimind.util.tests.DecentralizedIDTests"/>
  <testcase name="testNotEquals" time="0.001" classname="com.distrimind.util.tests.DecentralizedIDTests"/>
  <testcase name="testToBytes" time="0.000" classname="com.distrimind.util.tests.DecentralizedIDTests"/>
  <testcase name="testNotEquals" time="0.000" classname="com.distrimind.util.tests.DecentralizedIDTests"/>
  <testcase name="testToBytes" time="0.000" classname="com.distrimind.util.tests.DecentralizedIDTests"/>
  <testcase name="testNotEquals" time="0.000" classname="com.distrimind.util.tests.DecentralizedIDTests"/>
  <testcase name="testToBytes" time="0.000" classname="com.distrimind.util.tests.DecentralizedIDTests"/>
  <testcase name="testToBytes" time="0.000" classname="com.distrimind.util.tests.DecentralizedIDTests"/>
  <testcase name="testNotEquals" time="0.000" classname="com.distrimind.util.tests.DecentralizedIDTests"/>
  <testcase name="testNotEquals" time="0.000" classname="com.distrimind.util.tests.DecentralizedIDTests"/>
  <testcase name="testNotEquals" time="0.000" classname="com.distrimind.util.tests.DecentralizedIDTests"/>
  <testcase name="testNotEquals" time="0.000" classname="com.distrimind.util.tests.DecentralizedIDTests"/>
  <testcase name="testNotEquals" time="0.000" classname="com.distrimind.util.tests.DecentralizedIDTests"/>
  <testcase name="testNotEquals" time="0.006" classname="com.distrimind.util.tests.DecentralizedIDTests"/>
  <testcase name="testNotEquals" time="0.010" classname="com.distrimind.util.tests.DecentralizedIDTests"/>
  <testcase name="testToBytes" time="0.000" classname="com.distrimind.util.tests.DecentralizedIDTests"/>
  <testcase name="testNotEquals" time="0.000" classname="com.distrimind.util.tests.DecentralizedIDTests"/>
  <testcase name="testToBytes" time="0.000" classname="com.distrimind.util.tests.DecentralizedIDTests"/>
  <testcase name="testToBytes" time="0.000" classname="com.distrimind.util.tests.DecentralizedIDTests"/>
  <testcase name="testNotEquals" time="0.000" classname="com.distrimind.util.tests.DecentralizedIDTests"/>
  <testcase name="testNotEquals" time="0.000" classname="com.distrimind.util.tests.DecentralizedIDTests"/>
  <testcase name="testToBytes" time="0.000" classname="com.distrimind.util.tests.DecentralizedIDTests"/>
  <testcase name="testToBytes" time="0.000" classname="com.distrimind.util.tests.DecentralizedIDTests"/>
  <testcase name="testToBytes" time="0.000" classname="com.distrimind.util.tests.DecentralizedIDTests"/>
  <testcase name="testNotEquals" time="0.000" classname="com.distrimind.util.tests.DecentralizedIDTests"/>
  <testcase name="testToBytes" time="0.000" classname="com.distrimind.util.tests.DecentralizedIDTests"/>
  <testcase name="testNotEquals" time="0.000" classname="com.distrimind.util.tests.DecentralizedIDTests"/>
  <testcase name="testNotEquals" time="0.007" classname="com.distrimind.util.tests.DecentralizedIDTests"/>
  <testcase name="testNotEquals" time="0.006" classname="com.distrimind.util.tests.DecentralizedIDTests"/>
  <testcase name="testNotEquals" time="0.010" classname="com.distrimind.util.tests.DecentralizedIDTests"/>
  <testcase name="testNotEquals" time="0.000" classname="com.distrimind.util.tests.DecentralizedIDTests"/>
  <testcase name="testNotEquals" time="0.000" classname="com.distrimind.util.tests.DecentralizedIDTests"/>
  <testcase name="testToBytes" time="0.001" classname="com.distrimind.util.tests.DecentralizedIDTests"/>
  <testcase name="testNotEquals" time="0.001" classname="com.distrimind.util.tests.DecentralizedIDTests"/>
  <testcase name="testNotEquals" time="0.000" classname="com.distrimind.util.tests.DecentralizedIDTests"/>
  <testcase name="testToBytes" time="0.000" classname="com.distrimind.util.tests.DecentralizedIDTests"/>
  <testcase name="testToBytes" time="0.000" classname="com.distrimind.util.tests.DecentralizedIDTests"/>
  <testcase name="testToBytes" time="0.000" classname="com.distrimind.util.tests.DecentralizedIDTests"/>
  <testcase name="testNotEquals" time="0.000" classname="com.distrimind.util.tests.DecentralizedIDTests"/>
  <testcase name="testToBytes" time="0.000" classname="com.distrimind.util.tests.DecentralizedIDTests"/>
  <testcase name="testNotEquals" time="0.000" classname="com.distrimind.util.tests.DecentralizedIDTests"/>
  <testcase name="testNotEquals" time="0.000" classname="com.distrimind.util.tests.DecentralizedIDTests"/>
  <testcase name="testToBytes" time="0.000" classname="com.distrimind.util.tests.DecentralizedIDTests"/>
  <testcase name="testNotEquals" time="0.000" classname="com.distrimind.util.tests.DecentralizedIDTests"/>
  <testcase name="testNotEquals" time="0.002" classname="com.distrimind.util.tests.DecentralizedIDTests"/>
  <testcase name="testNotEquals" time="0.000" classname="com.distrimind.util.tests.DecentralizedIDTests"/>
  <testcase name="testToBytes" time="0.001" classname="com.distrimind.util.tests.DecentralizedIDTests"/>
  <testcase name="testToBytes" time="0.045" classname="com.distrimind.util.tests.DecentralizedIDTests"/>
  <testcase name="testNotEquals" time="0.001" classname="com.distrimind.util.tests.DecentralizedIDTests"/>
  <testcase name="testNotEquals" time="0.000" classname="com.distrimind.util.tests.DecentralizedIDTests"/>
  <testcase name="testNotEquals" time="0.001" classname="com.distrimind.util.tests.DecentralizedIDTests"/>
  <testcase name="testToBytes" time="0.000" classname="com.distrimind.util.tests.DecentralizedIDTests"/>
  <testcase name="testToBytes" time="0.000" classname="com.distrimind.util.tests.DecentralizedIDTests"/>
  <testcase name="testNotEquals" time="0.000" classname="com.distrimind.util.tests.DecentralizedIDTests"/>
  <testcase name="testNotEquals" time="0.001" classname="com.distrimind.util.tests.DecentralizedIDTests"/>
  <testcase name="testNotEquals" time="0.003" classname="com.distrimind.util.tests.DecentralizedIDTests"/>
  <testcase name="testToBytes" time="0.045" classname="com.distrimind.util.tests.DecentralizedIDTests"/>
  <testcase name="testToBytes" time="0.001" classname="com.distrimind.util.tests.DecentralizedIDTests"/>
  <testcase name="testNotEquals" time="0.000" classname="com.distrimind.util.tests.DecentralizedIDTests"/>
  <testcase name="testToBytes" time="0.000" classname="com.distrimind.util.tests.DecentralizedIDTests"/>
  <testcase name="testToBytes" time="0.001" classname="com.distrimind.util.tests.DecentralizedIDTests"/>
  <testcase name="testNotEquals" time="0.000" classname="com.distrimind.util.tests.DecentralizedIDTests"/>
  <testcase name="testNotEquals" time="0.000" classname="com.distrimind.util.tests.DecentralizedIDTests"/>
  <testcase name="testNotEquals" time="0.000" classname="com.distrimind.util.tests.DecentralizedIDTests"/>
  <testcase name="testNotEquals" time="0.001" classname="com.distrimind.util.tests.DecentralizedIDTests"/>
  <testcase name="testNotEquals" time="0.000" classname="com.distrimind.util.tests.DecentralizedIDTests"/>
  <testcase name="testNotEquals" time="0.000" classname="com.distrimind.util.tests.DecentralizedIDTests"/>
  <testcase name="testNotEquals" time="0.000" classname="com.distrimind.util.tests.DecentralizedIDTests"/>
  <testcase name="testToBytes" time="0.000" classname="com.distrimind.util.tests.DecentralizedIDTests"/>
  <testcase name="testNotEquals" time="0.000" classname="com.distrimind.util.tests.DecentralizedIDTests"/>
  <testcase name="testToBytes" time="0.000" classname="com.distrimind.util.tests.DecentralizedIDTests"/>
  <testcase name="testToBytes" time="0.000" classname="com.distrimind.util.tests.DecentralizedIDTests"/>
  <testcase name="testToBytes" time="0.000" classname="com.distrimind.util.tests.DecentralizedIDTests"/>
  <testcase name="testNotEquals" time="0.000" classname="com.distrimind.util.tests.DecentralizedIDTests"/>
  <testcase name="testToBytes" time="0.000" classname="com.distrimind.util.tests.DecentralizedIDTests"/>
  <testcase name="testToBytes" time="0.000" classname="com.distrimind.util.tests.DecentralizedIDTests"/>
  <testcase name="testToBytes" time="0.000" classname="com.distrimind.util.tests.DecentralizedIDTests"/>
  <testcase name="testNotEquals" time="0.000" classname="com.distrimind.util.tests.DecentralizedIDTests"/>
  <testcase name="testToBytes" time="0.000" classname="com.distrimind.util.tests.DecentralizedIDTests"/>
  <testcase name="testNotEquals" time="0.000" classname="com.distrimind.util.tests.DecentralizedIDTests"/>
  <testcase name="testNotEquals" time="0.000" classname="com.distrimind.util.tests.DecentralizedIDTests"/>
  <testcase name="testNotEquals" time="0.000" classname="com.distrimind.util.tests.DecentralizedIDTests"/>
  <testcase name="testNotEquals" time="0.014" classname="com.distrimind.util.tests.DecentralizedIDTests"/>
  <testcase name="testNotEquals" time="0.000" classname="com.distrimind.util.tests.DecentralizedIDTests"/>
  <testcase name="testToBytes" time="0.000" classname="com.distrimind.util.tests.DecentralizedIDTests"/>
  <testcase name="testNotEquals" time="0.005" classname="com.distrimind.util.tests.DecentralizedIDTests"/>
  <testcase name="testToBytes" time="0.001" classname="com.distrimind.util.tests.DecentralizedIDTests"/>
  <testcase name="testNotEquals" time="0.000" classname="com.distrimind.util.tests.DecentralizedIDTests"/>
  <testcase name="testToBytes" time="0.000" classname="com.distrimind.util.tests.DecentralizedIDTests"/>
  <testcase name="testToBytes" time="0.000" classname="com.distrimind.util.tests.DecentralizedIDTests"/>
  <testcase name="testNotEquals" time="0.000" classname="com.distrimind.util.tests.DecentralizedIDTests"/>
  <testcase name="testNotEquals" time="0.000" classname="com.distrimind.util.tests.DecentralizedIDTests"/>
  <testcase name="testToBytes" time="0.000" classname="com.distrimind.util.tests.DecentralizedIDTests"/>
  <testcase name="testNotEquals" time="0.000" classname="com.distrimind.util.tests.DecentralizedIDTests"/>
  <testcase name="testToBytes" time="0.000" classname="com.distrimind.util.tests.DecentralizedIDTests"/>
  <testcase name="testToBytes" time="0.000" classname="com.distrimind.util.tests.DecentralizedIDTests"/>
  <testcase name="testToBytes" time="0.000" classname="com.distrimind.util.tests.DecentralizedIDTests"/>
  <testcase name="testNotEquals" time="0.000" classname="com.distrimind.util.tests.DecentralizedIDTests"/>
  <testcase name="testNotEquals" time="0.000" classname="com.distrimind.util.tests.DecentralizedIDTests"/>
  <testcase name="testNotEquals" time="0.000" classname="com.distrimind.util.tests.DecentralizedIDTests"/>
  <testcase name="testNotEquals" time="0.000" classname="com.distrimind.util.tests.DecentralizedIDTests"/>
  <testcase name="testToBytes" time="0.000" classname="com.distrimind.util.tests.DecentralizedIDTests"/>
  <testcase name="testToBytes" time="0.000" classname="com.distrimind.util.tests.DecentralizedIDTests"/>
  <testcase name="testToBytes" time="0.000" classname="com.distrimind.util.tests.DecentralizedIDTests"/>
  <testcase name="testToBytes" time="0.000" classname="com.distrimind.util.tests.DecentralizedIDTests"/>
  <testcase name="testToBytes" time="0.000" classname="com.distrimind.util.tests.DecentralizedIDTests"/>
  <testcase name="testNotEquals" time="0.000" classname="com.distrimind.util.tests.DecentralizedIDTests"/>
  <testcase name="testToBytes" time="0.000" classname="com.distrimind.util.tests.DecentralizedIDTests"/>
  <testcase name="testNotEquals" time="0.012" classname="com.distrimind.util.tests.DecentralizedIDTests"/>
  <testcase name="testNotEquals" time="0.000" classname="com.distrimind.util.tests.DecentralizedIDTests"/>
  <testcase name="testToBytes" time="0.000" classname="com.distrimind.util.tests.DecentralizedIDTests"/>
  <testcase name="testToBytes" time="0.000" classname="com.distrimind.util.tests.DecentralizedIDTests"/>
  <testcase name="testToBytes" time="0.000" classname="com.distrimind.util.tests.DecentralizedIDTests"/>
  <testcase name="testToBytes" time="0.000" classname="com.distrimind.util.tests.DecentralizedIDTests"/>
  <testcase name="testNotEquals" time="0.001" classname="com.distrimind.util.tests.DecentralizedIDTests"/>
  <testcase name="testNotEquals" time="0.000" classname="com.distrimind.util.tests.DecentralizedIDTests"/>
  <testcase name="testNotEquals" time="0.000" classname="com.distrimind.util.tests.DecentralizedIDTests"/>
  <testcase name="testToBytes" time="0.000" classname="com.distrimind.util.tests.DecentralizedIDTests"/>
  <testcase name="testNotEquals" time="0.001" classname="com.distrimind.util.tests.DecentralizedIDTests"/>
  <testcase name="testToBytes" time="0.000" classname="com.distrimind.util.tests.DecentralizedIDTests"/>
  <testcase name="testToBytes" time="0.000" classname="com.distrimind.util.tests.DecentralizedIDTests"/>
  <testcase name="testToBytes" time="0.001" classname="com.distrimind.util.tests.DecentralizedIDTests"/>
  <testcase name="testNotEquals" time="0.000" classname="com.distrimind.util.tests.DecentralizedIDTests"/>
  <testcase name="testToBytes" time="0.001" classname="com.distrimind.util.tests.DecentralizedIDTests"/>
  <testcase name="testNotEquals" time="0.000" classname="com.distrimind.util.tests.DecentralizedIDTests"/>
  <testcase name="testNotEquals" time="0.005" classname="com.distrimind.util.tests.DecentralizedIDTests"/>
  <testcase name="testToBytes" time="0.001" classname="com.distrimind.util.tests.DecentralizedIDTests"/>
  <testcase name="testNotEquals" time="0.001" classname="com.distrimind.util.tests.DecentralizedIDTests"/>
  <testcase name="testToBytes" time="0.000" classname="com.distrimind.util.tests.DecentralizedIDTests"/>
  <testcase name="testNotEquals" time="0.000" classname="com.distrimind.util.tests.DecentralizedIDTests"/>
  <testcase name="testToBytes" time="0.000" classname="com.distrimind.util.tests.DecentralizedIDTests"/>
  <testcase name="testNotEquals" time="0.000" classname="com.distrimind.util.tests.DecentralizedIDTests"/>
  <testcase name="testToBytes" time="0.000" classname="com.distrimind.util.tests.DecentralizedIDTests"/>
  <testcase name="testNotEquals" time="0.000" classname="com.distrimind.util.tests.DecentralizedIDTests"/>
  <testcase name="testNotEquals" time="0.000" classname="com.distrimind.util.tests.DecentralizedIDTests"/>
  <testcase name="testNotEquals" time="0.007" classname="com.distrimind.util.tests.DecentralizedIDTests"/>
  <testcase name="testNotEquals" time="0.000" classname="com.distrimind.util.tests.DecentralizedIDTests"/>
  <testcase name="testNotEquals" time="0.001" classname="com.distrimind.util.tests.DecentralizedIDTests"/>
  <testcase name="testNotEquals" time="0.001" classname="com.distrimind.util.tests.DecentralizedIDTests"/>
  <testcase name="testNotEquals" time="0.000" classname="com.distrimind.util.tests.DecentralizedIDTests"/>
  <testcase name="testToBytes" time="0.000" classname="com.distrimind.util.tests.DecentralizedIDTests"/>
  <testcase name="testToBytes" time="0.130" classname="com.distrimind.util.tests.DecentralizedIDTests"/>
  <testcase name="testNotEquals" time="0.000" classname="com.distrimind.util.tests.DecentralizedIDTests"/>
  <testcase name="testNotEquals" time="0.000" classname="com.distrimind.util.tests.DecentralizedIDTests"/>
  <testcase name="testToBytes" time="0.000" classname="com.distrimind.util.tests.DecentralizedIDTests"/>
  <testcase name="testToBytes" time="0.001" classname="com.distrimind.util.tests.DecentralizedIDTests"/>
  <testcase name="testNotEquals" time="0.000" classname="com.distrimind.util.tests.DecentralizedIDTests"/>
  <testcase name="testToBytes" time="0.000" classname="com.distrimind.util.tests.DecentralizedIDTests"/>
  <testcase name="testToBytes" time="0.001" classname="com.distrimind.util.tests.DecentralizedIDTests"/>
  <testcase name="testToBytes" time="0.000" classname="com.distrimind.util.tests.DecentralizedIDTests"/>
  <testcase name="testToBytes" time="0.001" classname="com.distrimind.util.tests.DecentralizedIDTests"/>
  <testcase name="testNotEquals" time="0.004" classname="com.distrimind.util.tests.DecentralizedIDTests"/>
  <testcase name="testNotEquals" time="0.000" classname="com.distrimind.util.tests.DecentralizedIDTests"/>
  <testcase name="testToBytes" time="0.000" classname="com.distrimind.util.tests.DecentralizedIDTests"/>
  <testcase name="testNotEquals" time="0.000" classname="com.distrimind.util.tests.DecentralizedIDTests"/>
  <testcase name="testToBytes" time="0.000" classname="com.distrimind.util.tests.DecentralizedIDTests"/>
  <testcase name="testToBytes" time="0.000" classname="com.distrimind.util.tests.DecentralizedIDTests"/>
  <testcase name="testToBytes" time="0.000" classname="com.distrimind.util.tests.DecentralizedIDTests"/>
  <testcase name="testToBytes" time="0.000" classname="com.distrimind.util.tests.DecentralizedIDTests"/>
  <testcase name="testNotEquals" time="0.000" classname="com.distrimind.util.tests.DecentralizedIDTests"/>
  <testcase name="testNotEquals" time="0.001" classname="com.distrimind.util.tests.DecentralizedIDTests"/>
  <testcase name="testToBytes" time="0.000" classname="com.distrimind.util.tests.DecentralizedIDTests"/>
  <testcase name="testNotEquals" time="0.007" classname="com.distrimind.util.tests.DecentralizedIDTests"/>
  <testcase name="testNotEquals" time="0.000" classname="com.distrimind.util.tests.DecentralizedIDTests"/>
  <testcase name="testNotEquals" time="0.000" classname="com.distrimind.util.tests.DecentralizedIDTests"/>
  <testcase name="testToBytes" time="0.000" classname="com.distrimind.util.tests.DecentralizedIDTests"/>
  <testcase name="testToBytes" time="0.000" classname="com.distrimind.util.tests.DecentralizedIDTests"/>
  <testcase name="testToBytes" time="0.001" classname="com.distrimind.util.tests.DecentralizedIDTests"/>
  <testcase name="testNotEquals" time="0.000" classname="com.distrimind.util.tests.DecentralizedIDTests"/>
  <testcase name="testNotEquals" time="0.000" classname="com.distrimind.util.tests.DecentralizedIDTests"/>
  <testcase name="testToBytes" time="0.000" classname="com.distrimind.util.tests.DecentralizedIDTests"/>
  <testcase name="testToBytes" time="0.000" classname="com.distrimind.util.tests.DecentralizedIDTests"/>
  <testcase name="testNotEquals" time="0.001" classname="com.distrimind.util.tests.DecentralizedIDTests"/>
  <testcase name="testNotEquals" time="0.000" classname="com.distrimind.util.tests.DecentralizedIDTests"/>
  <testcase name="testNotEquals" time="0.014" classname="com.distrimind.util.tests.DecentralizedIDTests"/>
  <testcase name="testNotEquals" time="0.001" classname="com.distrimind.util.tests.DecentralizedIDTests"/>
  <testcase name="testToBytes" time="0.000" classname="com.distrimind.util.tests.DecentralizedIDTests"/>
  <testcase name="testToBytes" time="0.000" classname="com.distrimind.util.tests.DecentralizedIDTests"/>
  <testcase name="testToBytes" time="0.000" classname="com.distrimind.util.tests.DecentralizedIDTests"/>
  <testcase name="testToBytes" time="0.000" classname="com.distrimind.util.tests.DecentralizedIDTests"/>
  <testcase name="testNotEquals" time="0.000" classname="com.distrimind.util.tests.DecentralizedIDTests"/>
  <testcase name="testToBytes" time="0.000" classname="com.distrimind.util.tests.DecentralizedIDTests"/>
  <testcase name="testNotEquals" time="0.000" classname="com.distrimind.util.tests.DecentralizedIDTests"/>
  <testcase name="testNotEquals" time="0.000" classname="com.distrimind.util.tests.DecentralizedIDTests"/>
  <testcase name="testToBytes" time="0.000" classname="com.distrimind.util.tests.DecentralizedIDTests"/>
  <testcase name="testToBytes" time="0.000" classname="com.distrimind.util.tests.DecentralizedIDTests"/>
  <testcase name="testToBytes" time="0.000" classname="com.distrimind.util.tests.DecentralizedIDTests"/>
  <testcase name="testToBytes" time="0.000" classname="com.distrimind.util.tests.DecentralizedIDTests"/>
  <testcase name="testToBytes" time="0.000" classname="com.distrimind.util.tests.DecentralizedIDTests"/>
  <testcase name="testToBytes" time="0.000" classname="com.distrimind.util.tests.DecentralizedIDTests"/>
  <testcase name="testToBytes" time="0.000" classname="com.distrimind.util.tests.DecentralizedIDTests"/>
  <testcase name="testToBytes" time="0.000" classname="com.distrimind.util.tests.DecentralizedIDTests"/>
  <testcase name="testNotEquals" time="0.000" classname="com.distrimind.util.tests.DecentralizedIDTests"/>
  <testcase name="testNotEquals" time="0.000" classname="com.distrimind.util.tests.DecentralizedIDTests"/>
  <testcase name="testNotEquals" time="0.001" classname="com.distrimind.util.tests.DecentralizedIDTests"/>
  <testcase name="testToBytes" time="0.000" classname="com.distrimind.util.tests.DecentralizedIDTests"/>
  <testcase name="testNotEquals" time="0.000" classname="com.distrimind.util.tests.DecentralizedIDTests"/>
  <testcase name="testToBytes" time="0.000" classname="com.distrimind.util.tests.DecentralizedIDTests"/>
  <testcase name="testNotEquals" time="0.000" classname="com.distrimind.util.tests.DecentralizedIDTests"/>
  <testcase name="testToBytes" time="0.000" classname="com.distrimind.util.tests.DecentralizedIDTests"/>
  <testcase name="testNotEquals" time="0.000" classname="com.distrimind.util.tests.DecentralizedIDTests"/>
  <testcase name="testToBytes" time="0.001" classname="com.distrimind.util.tests.DecentralizedIDTests"/>
  <testcase name="testToBytes" time="0.000" classname="com.distrimind.util.tests.DecentralizedIDTests"/>
  <testcase name="testNotEquals" time="0.000" classname="com.distrimind.util.tests.DecentralizedIDTests"/>
  <testcase name="testNotEquals" time="0.000" classname="com.distrimind.util.tests.DecentralizedIDTests"/>
  <testcase name="testNotEquals" time="0.000" classname="com.distrimind.util.tests.DecentralizedIDTests"/>
  <testcase name="testToBytes" time="0.000" classname="com.distrimind.util.tests.DecentralizedIDTests"/>
  <testcase name="testNotEquals" time="0.002" classname="com.distrimind.util.tests.DecentralizedIDTests"/>
  <testcase name="testToBytes" time="0.000" classname="com.distrimind.util.tests.DecentralizedIDTests"/>
  <testcase name="testToBytes" time="0.000" classname="com.distrimind.util.tests.DecentralizedIDTests"/>
  <testcase name="testToBytes" time="0.000" classname="com.distrimind.util.tests.DecentralizedIDTests"/>
  <testcase name="testToBytes" time="0.000" classname="com.distrimind.util.tests.DecentralizedIDTests"/>
  <testcase name="testNotEquals" time="0.000" classname="com.distrimind.util.tests.DecentralizedIDTests"/>
  <testcase name="testNotEquals" time="0.000" classname="com.distrimind.util.tests.DecentralizedIDTests"/>
  <testcase name="testNotEquals" time="0.000" classname="com.distrimind.util.tests.DecentralizedIDTests"/>
  <testcase name="testToBytes" time="0.000" classname="com.distrimind.util.tests.DecentralizedIDTests"/>
  <testcase name="testNotEquals" time="0.000" classname="com.distrimind.util.tests.DecentralizedIDTests"/>
  <testcase name="testNotEquals" time="0.000" classname="com.distrimind.util.tests.DecentralizedIDTests"/>
  <testcase name="testToBytes" time="0.000" classname="com.distrimind.util.tests.DecentralizedIDTests"/>
  <testcase name="testNotEquals" time="0.001" classname="com.distrimind.util.tests.DecentralizedIDTests"/>
  <testcase name="testNotEquals" time="0.001" classname="com.distrimind.util.tests.DecentralizedIDTests"/>
  <testcase name="testNotEquals" time="0.000" classname="com.distrimind.util.tests.DecentralizedIDTests"/>
  <testcase name="testNotEquals" time="0.000" classname="com.distrimind.util.tests.DecentralizedIDTests"/>
  <testcase name="testNotEquals" time="0.000" classname="com.distrimind.util.tests.DecentralizedIDTests"/>
  <testcase name="testNotEquals" time="0.000" classname="com.distrimind.util.tests.DecentralizedIDTests"/>
  <testcase name="testNotEquals" time="0.000" classname="com.distrimind.util.tests.DecentralizedIDTests"/>
  <testcase name="testNotEquals" time="0.000" classname="com.distrimind.util.tests.DecentralizedIDTests"/>
  <testcase name="testToBytes" time="0.000" classname="com.distrimind.util.tests.DecentralizedIDTests"/>
  <testcase name="testNotEquals" time="0.000" classname="com.distrimind.util.tests.DecentralizedIDTests"/>
  <testcase name="testNotEquals" time="0.000" classname="com.distrimind.util.tests.DecentralizedIDTests"/>
  <testcase name="testNotEquals" time="0.000" classname="com.distrimind.util.tests.DecentralizedIDTests"/>
  <testcase name="testToBytes" time="0.000" classname="com.distrimind.util.tests.DecentralizedIDTests"/>
  <testcase name="testNotEquals" time="0.000" classname="com.distrimind.util.tests.DecentralizedIDTests"/>
  <testcase name="testNotEquals" time="0.000" classname="com.distrimind.util.tests.DecentralizedIDTests"/>
  <testcase name="testToBytes" time="0.000" classname="com.distrimind.util.tests.DecentralizedIDTests"/>
  <testcase name="testToBytes" time="0.000" classname="com.distrimind.util.tests.DecentralizedIDTests"/>
  <testcase name="testToBytes" time="0.000" classname="com.distrimind.util.tests.DecentralizedIDTests"/>
  <testcase name="testToBytes" time="0.000" classname="com.distrimind.util.tests.DecentralizedIDTests"/>
  <testcase name="testToBytes" time="0.000" classname="com.distrimind.util.tests.DecentralizedIDTests"/>
  <testcase name="testNotEquals" time="0.000" classname="com.distrimind.util.tests.DecentralizedIDTests"/>
  <testcase name="testNotEquals" time="0.000" classname="com.distrimind.util.tests.DecentralizedIDTests"/>
  <testcase name="testToBytes" time="0.000" classname="com.distrimind.util.tests.DecentralizedIDTests"/>
  <testcase name="testNotEquals" time="0.008" classname="com.distrimind.util.tests.DecentralizedIDTests"/>
  <testcase name="testToBytes" time="0.000" classname="com.distrimind.util.tests.DecentralizedIDTests"/>
  <testcase name="testNotEquals" time="0.001" classname="com.distrimind.util.tests.DecentralizedIDTests"/>
  <testcase name="testToBytes" time="0.000" classname="com.distrimind.util.tests.DecentralizedIDTests"/>
  <testcase name="testNotEquals" time="0.000" classname="com.distrimind.util.tests.DecentralizedIDTests"/>
  <testcase name="testNotEquals" time="0.000" classname="com.distrimind.util.tests.DecentralizedIDTests"/>
  <testcase name="testNotEquals" time="0.001" classname="com.distrimind.util.tests.DecentralizedIDTests"/>
  <testcase name="testToBytes" time="0.000" classname="com.distrimind.util.tests.DecentralizedIDTests"/>
  <testcase name="testToBytes" time="0.000" classname="com.distrimind.util.tests.DecentralizedIDTests"/>
  <testcase name="testNotEquals" time="0.000" classname="com.distrimind.util.tests.DecentralizedIDTests"/>
  <testcase name="testNotEquals" time="0.000" classname="com.distrimind.util.tests.DecentralizedIDTests"/>
  <testcase name="testToBytes" time="0.000" classname="com.distrimind.util.tests.DecentralizedIDTests"/>
  <testcase name="testToBytes" time="0.000" classname="com.distrimind.util.tests.DecentralizedIDTests"/>
  <testcase name="testToBytes" time="0.000" classname="com.distrimind.util.tests.DecentralizedIDTests"/>
  <testcase name="testToBytes" time="0.000" classname="com.distrimind.util.tests.DecentralizedIDTests"/>
  <testcase name="testToBytes" time="0.000" classname="com.distrimind.util.tests.DecentralizedIDTests"/>
  <testcase name="testToBytes" time="0.000" classname="com.distrimind.util.tests.DecentralizedIDTests"/>
  <testcase name="testNotEquals" time="0.000" classname="com.distrimind.util.tests.DecentralizedIDTests"/>
  <testcase name="testNotEquals" time="0.013" classname="com.distrimind.util.tests.DecentralizedIDTests"/>
  <testcase name="testNotEquals" time="0.000" classname="com.distrimind.util.tests.DecentralizedIDTests"/>
  <testcase name="testNotEquals" time="0.000" classname="com.distrimind.util.tests.DecentralizedIDTests"/>
  <testcase name="testToBytes" time="0.000" classname="com.distrimind.util.tests.DecentralizedIDTests"/>
  <testcase name="testToBytes" time="0.000" classname="com.distrimind.util.tests.DecentralizedIDTests"/>
  <testcase name="testNotEquals" time="0.000" classname="com.distrimind.util.tests.DecentralizedIDTests"/>
  <testcase name="testToBytes" time="0.000" classname="com.distrimind.util.tests.DecentralizedIDTests"/>
  <testcase name="testToBytes" time="0.001" classname="com.distrimind.util.tests.DecentralizedIDTests"/>
  <testcase name="testToBytes" time="0.000" classname="com.distrimind.util.tests.DecentralizedIDTests"/>
  <testcase name="testToBytes" time="0.000" classname="com.distrimind.util.tests.DecentralizedIDTests"/>
  <testcase name="testNotEquals" time="0.000" classname="com.distrimind.util.tests.DecentralizedIDTests"/>
  <testcase name="testNotEquals" time="0.001" classname="com.distrimind.util.tests.DecentralizedIDTests"/>
  <testcase name="testToBytes" time="0.000" classname="com.distrimind.util.tests.DecentralizedIDTests"/>
  <testcase name="testToBytes" time="0.000" classname="com.distrimind.util.tests.DecentralizedIDTests"/>
  <testcase name="testNotEquals" time="0.002" classname="com.distrimind.util.tests.DecentralizedIDTests"/>
  <testcase name="testToBytes" time="0.000" classname="com.distrimind.util.tests.DecentralizedIDTests"/>
  <testcase name="testToBytes" time="0.000" classname="com.distrimind.util.tests.DecentralizedIDTests"/>
  <testcase name="testToBytes" time="0.000" classname="com.distrimind.util.tests.DecentralizedIDTests"/>
  <testcase name="testToBytes" time="0.000" classname="com.distrimind.util.tests.DecentralizedIDTests"/>
  <testcase name="testToBytes" time="0.000" classname="com.distrimind.util.tests.DecentralizedIDTests"/>
  <testcase name="testNotEquals" time="0.000" classname="com.distrimind.util.tests.DecentralizedIDTests"/>
  <testcase name="testNotEquals" time="0.000" classname="com.distrimind.util.tests.DecentralizedIDTests"/>
  <testcase name="testNotEquals" time="0.000" classname="com.distrimind.util.tests.DecentralizedIDTests"/>
  <testcase name="testNotEquals" time="0.001" classname="com.distrimind.util.tests.DecentralizedIDTests"/>
  <testcase name="testToBytes" time="0.000" classname="com.distrimind.util.tests.DecentralizedIDTests"/>
  <testcase name="testNotEquals" time="0.001" classname="com.distrimind.util.tests.DecentralizedIDTests"/>
  <testcase name="testToBytes" time="0.000" classname="com.distrimind.util.tests.DecentralizedIDTests"/>
  <testcase name="testNotEquals" time="0.000" classname="com.distrimind.util.tests.DecentralizedIDTests"/>
  <testcase name="testToBytes" time="0.000" classname="com.distrimind.util.tests.DecentralizedIDTests"/>
  <testcase name="testToBytes" time="0.000" classname="com.distrimind.util.tests.DecentralizedIDTests"/>
  <testcase name="testToBytes" time="0.000" classname="com.distrimind.util.tests.DecentralizedIDTests"/>
  <testcase name="testNotEquals" time="0.000" classname="com.distrimind.util.tests.DecentralizedIDTests"/>
  <testcase name="testToBytes" time="0.000" classname="com.distrimind.util.tests.DecentralizedIDTests"/>
  <testcase name="testToBytes" time="0.000" classname="com.distrimind.util.tests.DecentralizedIDTests"/>
  <testcase name="testNotEquals" time="0.000" classname="com.distrimind.util.tests.DecentralizedIDTests"/>
  <testcase name="testToBytes" time="0.000" classname="com.distrimind.util.tests.DecentralizedIDTests"/>
  <testcase name="testToBytes" time="0.000" classname="com.distrimind.util.tests.DecentralizedIDTests"/>
  <testcase name="testToBytes" time="0.001" classname="com.distrimind.util.tests.DecentralizedIDTests"/>
  <testcase name="testToBytes" time="0.000" classname="com.distrimind.util.tests.DecentralizedIDTests"/>
  <testcase name="testNotEquals" time="0.001" classname="com.distrimind.util.tests.DecentralizedIDTests"/>
  <testcase name="testToBytes" time="0.000" classname="com.distrimind.util.tests.DecentralizedIDTests"/>
  <testcase name="testToBytes" time="0.000" classname="com.distrimind.util.tests.DecentralizedIDTests"/>
  <testcase name="testNotEquals" time="0.000" classname="com.distrimind.util.tests.DecentralizedIDTests"/>
  <testcase name="testToBytes" time="0.000" classname="com.distrimind.util.tests.DecentralizedIDTests"/>
  <testcase name="testToBytes" time="0.000" classname="com.distrimind.util.tests.DecentralizedIDTests"/>
  <testcase name="testToBytes" time="0.000" classname="com.distrimind.util.tests.DecentralizedIDTests"/>
  <testcase name="testToBytes" time="0.001" classname="com.distrimind.util.tests.DecentralizedIDTests"/>
  <testcase name="testToBytes" time="0.000" classname="com.distrimind.util.tests.DecentralizedIDTests"/>
  <testcase name="testToBytes" time="0.000" classname="com.distrimind.util.tests.DecentralizedIDTests"/>
  <testcase name="testToBytes" time="0.000" classname="com.distrimind.util.tests.DecentralizedIDTests"/>
  <testcase name="testNotEquals" time="0.000" classname="com.distrimind.util.tests.DecentralizedIDTests"/>
  <testcase name="testNotEquals" time="0.000" classname="com.distrimind.util.tests.DecentralizedIDTests"/>
  <testcase name="testNotEquals" time="0.000" classname="com.distrimind.util.tests.DecentralizedIDTests"/>
  <testcase name="testNotEquals" time="0.000" classname="com.distrimind.util.tests.DecentralizedIDTests"/>
  <testcase name="testToBytes" time="0.000" classname="com.distrimind.util.tests.DecentralizedIDTests"/>
  <testcase name="testNotEquals" time="0.025" classname="com.distrimind.util.tests.DecentralizedIDTests"/>
  <testcase name="testToBytes" time="0.000" classname="com.distrimind.util.tests.DecentralizedIDTests"/>
  <testcase name="testToBytes" time="0.000" classname="com.distrimind.util.tests.DecentralizedIDTests"/>
  <testcase name="testNotEquals" time="0.000" classname="com.distrimind.util.tests.DecentralizedIDTests"/>
  <testcase name="testNotEquals" time="0.000" classname="com.distrimind.util.tests.DecentralizedIDTests"/>
  <testcase name="testNotEquals" time="0.000" classname="com.distrimind.util.tests.DecentralizedIDTests"/>
  <testcase name="testNotEquals" time="0.000" classname="com.distrimind.util.tests.DecentralizedIDTests"/>
  <testcase name="testNotEquals" time="0.005" classname="com.distrimind.util.tests.DecentralizedIDTests"/>
  <testcase name="testToBytes" time="0.000" classname="com.distrimind.util.tests.DecentralizedIDTests"/>
  <testcase name="testNotEquals" time="0.000" classname="com.distrimind.util.tests.DecentralizedIDTests"/>
  <testcase name="testToBytes" time="0.000" classname="com.distrimind.util.tests.DecentralizedIDTests"/>
  <testcase name="testNotEquals" time="0.001" classname="com.distrimind.util.tests.DecentralizedIDTests"/>
  <testcase name="testToBytes" time="0.000" classname="com.distrimind.util.tests.DecentralizedIDTests"/>
  <testcase name="testToBytes" time="0.000" classname="com.distrimind.util.tests.DecentralizedIDTests"/>
  <testcase name="testNotEquals" time="0.000" classname="com.distrimind.util.tests.DecentralizedIDTests"/>
  <testcase name="testToBytes" time="0.000" classname="com.distrimind.util.tests.DecentralizedIDTests"/>
  <testcase name="testToBytes" time="0.030" classname="com.distrimind.util.tests.DecentralizedIDTests"/>
  <testcase name="testToBytes" time="0.000" classname="com.distrimind.util.tests.DecentralizedIDTests"/>
  <testcase name="testToBytes" time="0.000" classname="com.distrimind.util.tests.DecentralizedIDTests"/>
  <testcase name="testToBytes" time="0.000" classname="com.distrimind.util.tests.DecentralizedIDTests"/>
  <testcase name="testToBytes" time="0.000" classname="com.distrimind.util.tests.DecentralizedIDTests"/>
  <testcase name="testNotEquals" time="0.000" classname="com.distrimind.util.tests.DecentralizedIDTests"/>
  <testcase name="testToBytes" time="0.000" classname="com.distrimind.util.tests.DecentralizedIDTests"/>
  <testcase name="testToBytes" time="0.000" classname="com.distrimind.util.tests.DecentralizedIDTests"/>
  <testcase name="testNotEquals" time="0.001" classname="com.distrimind.util.tests.DecentralizedIDTests"/>
  <testcase name="testNotEquals" time="0.000" classname="com.distrimind.util.tests.DecentralizedIDTests"/>
  <testcase name="testToBytes" time="0.000" classname="com.distrimind.util.tests.DecentralizedIDTests"/>
  <testcase name="testToBytes" time="0.000" classname="com.distrimind.util.tests.DecentralizedIDTests"/>
  <testcase name="testNotEquals" time="0.000" classname="com.distrimind.util.tests.DecentralizedIDTests"/>
  <testcase name="testToBytes" time="0.000" classname="com.distrimind.util.tests.DecentralizedIDTests"/>
  <testcase name="testToBytes" time="0.000" classname="com.distrimind.util.tests.DecentralizedIDTests"/>
  <testcase name="testToBytes" time="0.000" classname="com.distrimind.util.tests.DecentralizedIDTests"/>
  <testcase name="testToBytes" time="0.000" classname="com.distrimind.util.tests.DecentralizedIDTests"/>
  <testcase name="testToBytes" time="0.000" classname="com.distrimind.util.tests.DecentralizedIDTests"/>
  <testcase name="testNotEquals" time="0.000" classname="com.distrimind.util.tests.DecentralizedIDTests"/>
  <testcase name="testToBytes" time="0.000" classname="com.distrimind.util.tests.DecentralizedIDTests"/>
  <testcase name="testNotEquals" time="0.000" classname="com.distrimind.util.tests.DecentralizedIDTests"/>
  <testcase name="testNotEquals" time="0.000" classname="com.distrimind.util.tests.DecentralizedIDTests"/>
  <testcase name="testNotEquals" time="0.000" classname="com.distrimind.util.tests.DecentralizedIDTests"/>
  <testcase name="testNotEquals" time="0.000" classname="com.distrimind.util.tests.DecentralizedIDTests"/>
  <testcase name="testToBytes" time="0.000" classname="com.distrimind.util.tests.DecentralizedIDTests"/>
  <testcase name="testToBytes" time="0.000" classname="com.distrimind.util.tests.DecentralizedIDTests"/>
  <testcase name="testToBytes" time="0.000" classname="com.distrimind.util.tests.DecentralizedIDTests"/>
  <testcase name="testNotEquals" time="0.000" classname="com.distrimind.util.tests.DecentralizedIDTests"/>
  <testcase name="testNotEquals" time="0.000" classname="com.distrimind.util.tests.DecentralizedIDTests"/>
  <testcase name="testNotEquals" time="0.020" classname="com.distrimind.util.tests.DecentralizedIDTests"/>
  <testcase name="testToBytes" time="0.001" classname="com.distrimind.util.tests.DecentralizedIDTests"/>
  <testcase name="testToBytes" time="0.000" classname="com.distrimind.util.tests.DecentralizedIDTests"/>
  <testcase name="testNotEquals" time="0.000" classname="com.distrimind.util.tests.DecentralizedIDTests"/>
  <testcase name="testNotEquals" time="0.000" classname="com.distrimind.util.tests.DecentralizedIDTests"/>
  <testcase name="testNotEquals" time="0.000" classname="com.distrimind.util.tests.DecentralizedIDTests"/>
  <testcase name="testToBytes" time="0.000" classname="com.distrimind.util.tests.DecentralizedIDTests"/>
  <testcase name="testToBytes" time="0.000" classname="com.distrimind.util.tests.DecentralizedIDTests"/>
  <testcase name="testToBytes" time="0.000" classname="com.distrimind.util.tests.DecentralizedIDTests"/>
  <testcase name="testNotEquals" time="0.000" classname="com.distrimind.util.tests.DecentralizedIDTests"/>
  <testcase name="testNotEquals" time="0.000" classname="com.distrimind.util.tests.DecentralizedIDTests"/>
  <testcase name="testToBytes" time="0.000" classname="com.distrimind.util.tests.DecentralizedIDTests"/>
  <testcase name="testToBytes" time="0.000" classname="com.distrimind.util.tests.DecentralizedIDTests"/>
  <testcase name="testToBytes" time="0.000" classname="com.distrimind.util.tests.DecentralizedIDTests"/>
  <testcase name="testToBytes" time="0.000" classname="com.distrimind.util.tests.DecentralizedIDTests"/>
  <testcase name="testNotEquals" time="0.000" classname="com.distrimind.util.tests.DecentralizedIDTests"/>
  <testcase name="testToBytes" time="0.000" classname="com.distrimind.util.tests.DecentralizedIDTests"/>
  <testcase name="testToBytes" time="0.000" classname="com.distrimind.util.tests.DecentralizedIDTests"/>
  <testcase name="testToBytes" time="0.000" classname="com.distrimind.util.tests.DecentralizedIDTests"/>
  <testcase name="testNotEquals" time="0.000" classname="com.distrimind.util.tests.DecentralizedIDTests"/>
  <testcase name="testToBytes" time="0.000" classname="com.distrimind.util.tests.DecentralizedIDTests"/>
  <testcase name="testToBytes" time="0.000" classname="com.distrimind.util.tests.DecentralizedIDTests"/>
  <testcase name="testToBytes" time="0.000" classname="com.distrimind.util.tests.DecentralizedIDTests"/>
  <testcase name="testNotEquals" time="0.000" classname="com.distrimind.util.tests.DecentralizedIDTests"/>
  <testcase name="testNotEquals" time="0.000" classname="com.distrimind.util.tests.DecentralizedIDTests"/>
  <testcase name="testNotEquals" time="0.000" classname="com.distrimind.util.tests.DecentralizedIDTests"/>
  <testcase name="testToBytes" time="0.000" classname="com.distrimind.util.tests.DecentralizedIDTests"/>
  <testcase name="testNotEquals" time="0.000" classname="com.distrimind.util.tests.DecentralizedIDTests"/>
  <testcase name="testNotEquals" time="0.000" classname="com.distrimind.util.tests.DecentralizedIDTests"/>
  <testcase name="testToBytes" time="0.000" classname="com.distrimind.util.tests.DecentralizedIDTests"/>
  <testcase name="testToBytes" time="0.000" classname="com.distrimind.util.tests.DecentralizedIDTests"/>
  <testcase name="testNotEquals" time="0.001" classname="com.distrimind.util.tests.DecentralizedIDTests"/>
  <testcase name="testNotEquals" time="0.001" classname="com.distrimind.util.tests.DecentralizedIDTests"/>
  <testcase name="testToBytes" time="0.000" classname="com.distrimind.util.tests.DecentralizedIDTests"/>
  <testcase name="testNotEquals" time="0.008" classname="com.distrimind.util.tests.DecentralizedIDTests"/>
  <testcase name="testNotEquals" time="0.000" classname="com.distrimind.util.tests.DecentralizedIDTests"/>
  <testcase name="testToBytes" time="0.000" classname="com.distrimind.util.tests.DecentralizedIDTests"/>
  <testcase name="testNotEquals" time="0.000" classname="com.distrimind.util.tests.DecentralizedIDTests"/>
  <testcase name="testToBytes" time="0.001" classname="com.distrimind.util.tests.DecentralizedIDTests"/>
  <testcase name="testNotEquals" time="0.000" classname="com.distrimind.util.tests.DecentralizedIDTests"/>
  <testcase name="testNotEquals" time="0.000" classname="com.distrimind.util.tests.DecentralizedIDTests"/>
  <testcase name="testNotEquals" time="0.000" classname="com.distrimind.util.tests.DecentralizedIDTests"/>
  <testcase name="testNotEquals" time="0.000" classname="com.distrimind.util.tests.DecentralizedIDTests"/>
  <testcase name="testNotEquals" time="0.000" classname="com.distrimind.util.tests.DecentralizedIDTests"/>
  <testcase name="testNotEquals" time="0.000" classname="com.distrimind.util.tests.DecentralizedIDTests"/>
  <testcase name="testToBytes" time="0.000" classname="com.distrimind.util.tests.DecentralizedIDTests"/>
  <testcase name="testNotEquals" time="0.000" classname="com.distrimind.util.tests.DecentralizedIDTests"/>
  <testcase name="testToBytes" time="0.000" classname="com.distrimind.util.tests.DecentralizedIDTests"/>
  <testcase name="testToBytes" time="0.000" classname="com.distrimind.util.tests.DecentralizedIDTests"/>
  <testcase name="testToBytes" time="0.000" classname="com.distrimind.util.tests.DecentralizedIDTests"/>
  <testcase name="testNotEquals" time="0.012" classname="com.distrimind.util.tests.DecentralizedIDTests"/>
  <testcase name="testNotEquals" time="0.004" classname="com.distrimind.util.tests.DecentralizedIDTests"/>
  <testcase name="testToBytes" time="0.000" classname="com.distrimind.util.tests.DecentralizedIDTests"/>
  <testcase name="testNotEquals" time="0.000" classname="com.distrimind.util.tests.DecentralizedIDTests"/>
  <testcase name="testToBytes" time="0.000" classname="com.distrimind.util.tests.DecentralizedIDTests"/>
  <testcase name="testToBytes" time="0.000" classname="com.distrimind.util.tests.DecentralizedIDTests"/>
  <testcase name="testNotEquals" time="0.000" classname="com.distrimind.util.tests.DecentralizedIDTests"/>
  <testcase name="testToBytes" time="0.000" classname="com.distrimind.util.tests.DecentralizedIDTests"/>
  <testcase name="testNotEquals" time="0.000" classname="com.distrimind.util.tests.DecentralizedIDTests"/>
  <testcase name="testToBytes" time="0.000" classname="com.distrimind.util.tests.DecentralizedIDTests"/>
  <testcase name="testToBytes" time="0.000" classname="com.distrimind.util.tests.DecentralizedIDTests"/>
  <testcase name="testNotEquals" time="0.000" classname="com.distrimind.util.tests.DecentralizedIDTests"/>
  <testcase name="testToBytes" time="0.000" classname="com.distrimind.util.tests.DecentralizedIDTests"/>
  <testcase name="testToBytes" time="0.000" classname="com.distrimind.util.tests.DecentralizedIDTests"/>
  <testcase name="testToBytes" time="0.000" classname="com.distrimind.util.tests.DecentralizedIDTests"/>
  <testcase name="testToBytes" time="0.000" classname="com.distrimind.util.tests.DecentralizedIDTests"/>
  <testcase name="testNotEquals" time="0.000" classname="com.distrimind.util.tests.DecentralizedIDTests"/>
  <testcase name="testToBytes" time="0.000" classname="com.distrimind.util.tests.DecentralizedIDTests"/>
  <testcase name="testNotEquals" time="0.006" classname="com.distrimind.util.tests.DecentralizedIDTests"/>
  <testcase name="testNotEquals" time="0.000" classname="com.distrimind.util.tests.DecentralizedIDTests"/>
  <testcase name="testNotEquals" time="0.000" classname="com.distrimind.util.tests.DecentralizedIDTests"/>
  <testcase name="testToBytes" time="0.000" classname="com.distrimind.util.tests.DecentralizedIDTests"/>
  <testcase name="testToBytes" time="0.000" classname="com.distrimind.util.tests.DecentralizedIDTests"/>
  <testcase name="testToBytes" time="0.000" classname="com.distrimind.util.tests.DecentralizedIDTests"/>
  <testcase name="testNotEquals" time="0.000" classname="com.distrimind.util.tests.DecentralizedIDTests"/>
  <testcase name="testNotEquals" time="0.000" classname="com.distrimind.util.tests.DecentralizedIDTests"/>
  <testcase name="testToBytes" time="0.000" classname="com.distrimind.util.tests.DecentralizedIDTests"/>
  <testcase name="testNotEquals" time="0.000" classname="com.distrimind.util.tests.DecentralizedIDTests"/>
  <testcase name="testToBytes" time="0.000" classname="com.distrimind.util.tests.DecentralizedIDTests"/>
  <testcase name="testToBytes" time="0.000" classname="com.distrimind.util.tests.DecentralizedIDTests"/>
  <testcase name="testNotEquals" time="0.000" classname="com.distrimind.util.tests.DecentralizedIDTests"/>
  <testcase name="testNotEquals" time="0.000" classname="com.distrimind.util.tests.DecentralizedIDTests"/>
  <testcase name="testToBytes" time="0.000" classname="com.distrimind.util.tests.DecentralizedIDTests"/>
  <testcase name="testToBytes" time="0.000" classname="com.distrimind.util.tests.DecentralizedIDTests"/>
  <testcase name="testNotEquals" time="0.000" classname="com.distrimind.util.tests.DecentralizedIDTests"/>
  <testcase name="testNotEquals" time="0.000" classname="com.distrimind.util.tests.DecentralizedIDTests"/>
  <testcase name="testNotEquals" time="0.000" classname="com.distrimind.util.tests.DecentralizedIDTests"/>
  <testcase name="testToBytes" time="0.000" classname="com.distrimind.util.tests.DecentralizedIDTests"/>
  <testcase name="testNotEquals" time="0.000" classname="com.distrimind.util.tests.DecentralizedIDTests"/>
  <testcase name="testToBytes" time="0.000" classname="com.distrimind.util.tests.DecentralizedIDTests"/>
  <testcase name="testNotEquals" time="0.000" classname="com.distrimind.util.tests.DecentralizedIDTests"/>
  <testcase name="testNotEquals" time="0.012" classname="com.distrimind.util.tests.DecentralizedIDTests"/>
  <testcase name="testNotEquals" time="0.000" classname="com.distrimind.util.tests.DecentralizedIDTests"/>
  <testcase name="testToBytes" time="0.000" classname="com.distrimind.util.tests.DecentralizedIDTests"/>
  <testcase name="testToBytes" time="0.000" classname="com.distrimind.util.tests.DecentralizedIDTests"/>
  <testcase name="testNotEquals" time="0.000" classname="com.distrimind.util.tests.DecentralizedIDTests"/>
  <testcase name="testNotEquals" time="0.001" classname="com.distrimind.util.tests.DecentralizedIDTests"/>
  <testcase name="testNotEquals" time="0.000" classname="com.distrimind.util.tests.DecentralizedIDTests"/>
  <testcase name="testToBytes" time="0.000" classname="com.distrimind.util.tests.DecentralizedIDTests"/>
  <testcase name="testNotEquals" time="0.001" classname="com.distrimind.util.tests.DecentralizedIDTests"/>
  <testcase name="testToBytes" time="0.000" classname="com.distrimind.util.tests.DecentralizedIDTests"/>
  <testcase name="testToBytes" time="0.000" classname="com.distrimind.util.tests.DecentralizedIDTests"/>
  <testcase name="testToBytes" time="0.000" classname="com.distrimind.util.tests.DecentralizedIDTests"/>
  <testcase name="testNotEquals" time="0.000" classname="com.distrimind.util.tests.DecentralizedIDTests"/>
  <testcase name="testToBytes" time="0.000" classname="com.distrimind.util.tests.DecentralizedIDTests"/>
  <testcase name="testToBytes" time="0.000" classname="com.distrimind.util.tests.DecentralizedIDTests"/>
  <testcase name="testNotEquals" time="0.000" classname="com.distrimind.util.tests.DecentralizedIDTests"/>
  <testcase name="testNotEquals" time="0.000" classname="com.distrimind.util.tests.DecentralizedIDTests"/>
  <testcase name="testToBytes" time="0.000" classname="com.distrimind.util.tests.DecentralizedIDTests"/>
  <testcase name="testNotEquals" time="0.000" classname="com.distrimind.util.tests.DecentralizedIDTests"/>
  <testcase name="testToBytes" time="0.000" classname="com.distrimind.util.tests.DecentralizedIDTests"/>
  <testcase name="testNotEquals" time="0.000" classname="com.distrimind.util.tests.DecentralizedIDTests"/>
  <testcase name="testToBytes" time="0.000" classname="com.distrimind.util.tests.DecentralizedIDTests"/>
  <testcase name="testToBytes" time="0.000" classname="com.distrimind.util.tests.DecentralizedIDTests"/>
  <testcase name="testToBytes" time="0.000" classname="com.distrimind.util.tests.DecentralizedIDTests"/>
  <testcase name="testNotEquals" time="0.001" classname="com.distrimind.util.tests.DecentralizedIDTests"/>
  <testcase name="testToBytes" time="0.000" classname="com.distrimind.util.tests.DecentralizedIDTests"/>
  <testcase name="testToBytes" time="0.000" classname="com.distrimind.util.tests.DecentralizedIDTests"/>
  <testcase name="testToBytes" time="0.000" classname="com.distrimind.util.tests.DecentralizedIDTests"/>
  <testcase name="testToBytes" time="0.000" classname="com.distrimind.util.tests.DecentralizedIDTests"/>
  <testcase name="testToBytes" time="0.000" classname="com.distrimind.util.tests.DecentralizedIDTests"/>
  <testcase name="testNotEquals" time="0.000" classname="com.distrimind.util.tests.DecentralizedIDTests"/>
  <testcase name="testNotEquals" time="0.004" classname="com.distrimind.util.tests.DecentralizedIDTests"/>
  <testcase name="testToBytes" time="0.008" classname="com.distrimind.util.tests.DecentralizedIDTests"/>
  <testcase name="testToBytes" time="0.000" classname="com.distrimind.util.tests.DecentralizedIDTests"/>
  <testcase name="testToBytes" time="0.000" classname="com.distrimind.util.tests.DecentralizedIDTests"/>
  <testcase name="testToBytes" time="0.000" classname="com.distrimind.util.tests.DecentralizedIDTests"/>
  <testcase name="testNotEquals" time="0.000" classname="com.distrimind.util.tests.DecentralizedIDTests"/>
  <testcase name="testToBytes" time="0.000" classname="com.distrimind.util.tests.DecentralizedIDTests"/>
  <testcase name="testToBytes" time="0.000" classname="com.distrimind.util.tests.DecentralizedIDTests"/>
  <testcase name="testToBytes" time="0.000" classname="com.distrimind.util.tests.DecentralizedIDTests"/>
  <testcase name="testToBytes" time="0.000" classname="com.distrimind.util.tests.DecentralizedIDTests"/>
  <testcase name="testNotEquals" time="0.001" classname="com.distrimind.util.tests.DecentralizedIDTests"/>
  <testcase name="testToBytes" time="0.000" classname="com.distrimind.util.tests.DecentralizedIDTests"/>
  <testcase name="testNotEquals" time="0.001" classname="com.distrimind.util.tests.DecentralizedIDTests"/>
  <testcase name="testToBytes" time="0.000" classname="com.distrimind.util.tests.DecentralizedIDTests"/>
  <testcase name="testToBytes" time="0.000" classname="com.distrimind.util.tests.DecentralizedIDTests"/>
  <testcase name="testNotEquals" time="0.000" classname="com.distrimind.util.tests.DecentralizedIDTests"/>
  <testcase name="testToBytes" time="0.000" classname="com.distrimind.util.tests.DecentralizedIDTests"/>
  <testcase name="testToBytes" time="0.000" classname="com.distrimind.util.tests.DecentralizedIDTests"/>
  <testcase name="testNotEquals" time="0.000" classname="com.distrimind.util.tests.DecentralizedIDTests"/>
  <testcase name="testToBytes" time="0.124" classname="com.distrimind.util.tests.DecentralizedIDTests"/>
  <testcase name="testToBytes" time="0.000" classname="com.distrimind.util.tests.DecentralizedIDTests"/>
  <testcase name="testToBytes" time="0.000" classname="com.distrimind.util.tests.DecentralizedIDTests"/>
  <testcase name="testToBytes" time="0.000" classname="com.distrimind.util.tests.DecentralizedIDTests"/>
  <testcase name="testToBytes" time="0.000" classname="com.distrimind.util.tests.DecentralizedIDTests"/>
  <testcase name="testNotEquals" time="0.000" classname="com.distrimind.util.tests.DecentralizedIDTests"/>
  <testcase name="testNotEquals" time="0.000" classname="com.distrimind.util.tests.DecentralizedIDTests"/>
  <testcase name="testNotEquals" time="0.009" classname="com.distrimind.util.tests.DecentralizedIDTests"/>
  <testcase name="testNotEquals" time="0.000" classname="com.distrimind.util.tests.DecentralizedIDTests"/>
  <testcase name="testNotEquals" time="0.000" classname="com.distrimind.util.tests.DecentralizedIDTests"/>
  <testcase name="testToBytes" time="0.000" classname="com.distrimind.util.tests.DecentralizedIDTests"/>
  <testcase name="testNotEquals" time="0.000" classname="com.distrimind.util.tests.DecentralizedIDTests"/>
  <testcase name="testNotEquals" time="0.030" classname="com.distrimind.util.tests.DecentralizedIDTests"/>
  <testcase name="testToBytes" time="0.000" classname="com.distrimind.util.tests.DecentralizedIDTests"/>
  <testcase name="testToBytes" time="0.014" classname="com.distrimind.util.tests.DecentralizedIDTests"/>
  <testcase name="testNotEquals" time="0.001" classname="com.distrimind.util.tests.DecentralizedIDTests"/>
  <testcase name="testToBytes" time="0.000" classname="com.distrimind.util.tests.DecentralizedIDTests"/>
  <testcase name="testNotEquals" time="0.000" classname="com.distrimind.util.tests.DecentralizedIDTests"/>
  <testcase name="testToBytes" time="0.000" classname="com.distrimind.util.tests.DecentralizedIDTests"/>
  <testcase name="testNotEquals" time="0.001" classname="com.distrimind.util.tests.DecentralizedIDTests"/>
  <testcase name="testNotEquals" time="0.000" classname="com.distrimind.util.tests.DecentralizedIDTests"/>
  <testcase name="testToBytes" time="0.000" classname="com.distrimind.util.tests.DecentralizedIDTests"/>
  <testcase name="testNotEquals" time="0.000" classname="com.distrimind.util.tests.DecentralizedIDTests"/>
  <testcase name="testToBytes" time="0.000" classname="com.distrimind.util.tests.DecentralizedIDTests"/>
  <testcase name="testToBytes" time="0.000" classname="com.distrimind.util.tests.DecentralizedIDTests"/>
  <testcase name="testNotEquals" time="0.000" classname="com.distrimind.util.tests.DecentralizedIDTests"/>
  <testcase name="testNotEquals" time="0.000" classname="com.distrimind.util.tests.DecentralizedIDTests"/>
  <testcase name="testNotEquals" time="0.000" classname="com.distrimind.util.tests.DecentralizedIDTests"/>
  <testcase name="testNotEquals" time="0.000" classname="com.distrimind.util.tests.DecentralizedIDTests"/>
  <testcase name="testNotEquals" time="0.001" classname="com.distrimind.util.tests.DecentralizedIDTests"/>
  <testcase name="testNotEquals" time="0.000" classname="com.distrimind.util.tests.DecentralizedIDTests"/>
  <testcase name="testNotEquals" time="0.000" classname="com.distrimind.util.tests.DecentralizedIDTests"/>
  <testcase name="testToBytes" time="0.000" classname="com.distrimind.util.tests.DecentralizedIDTests"/>
  <testcase name="testNotEquals" time="0.000" classname="com.distrimind.util.tests.DecentralizedIDTests"/>
  <testcase name="testToBytes" time="0.014" classname="com.distrimind.util.tests.DecentralizedIDTests"/>
  <testcase name="testNotEquals" time="0.000" classname="com.distrimind.util.tests.DecentralizedIDTests"/>
  <testcase name="testToBytes" time="0.000" classname="com.distrimind.util.tests.DecentralizedIDTests"/>
  <testcase name="testNotEquals" time="0.001" classname="com.distrimind.util.tests.DecentralizedIDTests"/>
  <testcase name="testNotEquals" time="0.000" classname="com.distrimind.util.tests.DecentralizedIDTests"/>
  <testcase name="testToBytes" time="0.000" classname="com.distrimind.util.tests.DecentralizedIDTests"/>
  <testcase name="testToBytes" time="0.000" classname="com.distrimind.util.tests.DecentralizedIDTests"/>
  <testcase name="testNotEquals" time="0.000" classname="com.distrimind.util.tests.DecentralizedIDTests"/>
  <testcase name="testNotEquals" time="0.000" classname="com.distrimind.util.tests.DecentralizedIDTests"/>
  <testcase name="testToBytes" time="0.000" classname="com.distrimind.util.tests.DecentralizedIDTests"/>
  <testcase name="testToBytes" time="0.000" classname="com.distrimind.util.tests.DecentralizedIDTests"/>
  <testcase name="testToBytes" time="0.000" classname="com.distrimind.util.tests.DecentralizedIDTests"/>
  <testcase name="testNotEquals" time="0.000" classname="com.distrimind.util.tests.DecentralizedIDTests"/>
  <testcase name="testToBytes" time="0.000" classname="com.distrimind.util.tests.DecentralizedIDTests"/>
  <testcase name="testNotEquals" time="0.000" classname="com.distrimind.util.tests.DecentralizedIDTests"/>
  <testcase name="testToBytes" time="0.001" classname="com.distrimind.util.tests.DecentralizedIDTests"/>
  <testcase name="testToBytes" time="0.000" classname="com.distrimind.util.tests.DecentralizedIDTests"/>
  <testcase name="testToBytes" time="0.000" classname="com.distrimind.util.tests.DecentralizedIDTests"/>
  <testcase name="testNotEquals" time="0.000" classname="com.distrimind.util.tests.DecentralizedIDTests"/>
  <testcase name="testToBytes" time="0.000" classname="com.distrimind.util.tests.DecentralizedIDTests"/>
  <testcase name="testToBytes" time="0.000" classname="com.distrimind.util.tests.DecentralizedIDTests"/>
  <testcase name="testNotEquals" time="0.001" classname="com.distrimind.util.tests.DecentralizedIDTests"/>
  <testcase name="testToBytes" time="0.000" classname="com.distrimind.util.tests.DecentralizedIDTests"/>
  <testcase name="testToBytes" time="0.000" classname="com.distrimind.util.tests.DecentralizedIDTests"/>
  <testcase name="testToBytes" time="0.000" classname="com.distrimind.util.tests.DecentralizedIDTests"/>
  <testcase name="testToBytes" time="0.000" classname="com.distrimind.util.tests.DecentralizedIDTests"/>
  <testcase name="testToBytes" time="0.043" classname="com.distrimind.util.tests.DecentralizedIDTests"/>
  <testcase name="testToBytes" time="0.000" classname="com.distrimind.util.tests.DecentralizedIDTests"/>
  <testcase name="testToBytes" time="0.001" classname="com.distrimind.util.tests.DecentralizedIDTests"/>
  <testcase name="testNotEquals" time="0.001" classname="com.distrimind.util.tests.DecentralizedIDTests"/>
  <testcase name="testToBytes" time="0.001" classname="com.distrimind.util.tests.DecentralizedIDTests"/>
  <testcase name="testToBytes" time="0.102" classname="com.distrimind.util.tests.DecentralizedIDTests"/>
  <testcase name="testToBytes" time="0.000" classname="com.distrimind.util.tests.DecentralizedIDTests"/>
  <testcase name="testNotEquals" time="0.000" classname="com.distrimind.util.tests.DecentralizedIDTests"/>
  <testcase name="testToBytes" time="0.001" classname="com.distrimind.util.tests.DecentralizedIDTests"/>
  <testcase name="testToBytes" time="0.001" classname="com.distrimind.util.tests.DecentralizedIDTests"/>
  <testcase name="testToBytes" time="0.000" classname="com.distrimind.util.tests.DecentralizedIDTests"/>
  <testcase name="testNotEquals" time="0.028" classname="com.distrimind.util.tests.DecentralizedIDTests"/>
  <testcase name="testToBytes" time="0.000" classname="com.distrimind.util.tests.DecentralizedIDTests"/>
  <testcase name="testToBytes" time="0.000" classname="com.distrimind.util.tests.DecentralizedIDTests"/>
  <testcase name="testNotEquals" time="0.000" classname="com.distrimind.util.tests.DecentralizedIDTests"/>
  <testcase name="testToBytes" time="0.000" classname="com.distrimind.util.tests.DecentralizedIDTests"/>
  <testcase name="testNotEquals" time="0.000" classname="com.distrimind.util.tests.DecentralizedIDTests"/>
  <testcase name="testToBytes" time="0.000" classname="com.distrimind.util.tests.DecentralizedIDTests"/>
  <testcase name="testNotEquals" time="0.000" classname="com.distrimind.util.tests.DecentralizedIDTests"/>
  <testcase name="testNotEquals" time="0.000" classname="com.distrimind.util.tests.DecentralizedIDTests"/>
  <testcase name="testToBytes" time="0.000" classname="com.distrimind.util.tests.DecentralizedIDTests"/>
  <testcase name="testToBytes" time="0.000" classname="com.distrimind.util.tests.DecentralizedIDTests"/>
  <testcase name="testToBytes" time="0.000" classname="com.distrimind.util.tests.DecentralizedIDTests"/>
  <testcase name="testToBytes" time="0.000" classname="com.distrimind.util.tests.DecentralizedIDTests"/>
  <testcase name="testToBytes" time="0.000" classname="com.distrimind.util.tests.DecentralizedIDTests"/>
  <testcase name="testToBytes" time="0.000" classname="com.distrimind.util.tests.DecentralizedIDTests"/>
  <testcase name="testNotEquals" time="0.000" classname="com.distrimind.util.tests.DecentralizedIDTests"/>
  <testcase name="testToBytes" time="0.000" classname="com.distrimind.util.tests.DecentralizedIDTests"/>
  <testcase name="testNotEquals" time="0.000" classname="com.distrimind.util.tests.DecentralizedIDTests"/>
  <testcase name="testToBytes" time="0.000" classname="com.distrimind.util.tests.DecentralizedIDTests"/>
  <testcase name="testNotEquals" time="0.000" classname="com.distrimind.util.tests.DecentralizedIDTests"/>
  <testcase name="testNotEquals" time="0.000" classname="com.distrimind.util.tests.DecentralizedIDTests"/>
  <testcase name="testToBytes" time="0.000" classname="com.distrimind.util.tests.DecentralizedIDTests"/>
  <testcase name="testNotEquals" time="0.000" classname="com.distrimind.util.tests.DecentralizedIDTests"/>
  <testcase name="testNotEquals" time="0.000" classname="com.distrimind.util.tests.DecentralizedIDTests"/>
  <testcase name="testToBytes" time="0.000" classname="com.distrimind.util.tests.DecentralizedIDTests"/>
  <testcase name="testToBytes" time="0.000" classname="com.distrimind.util.tests.DecentralizedIDTests"/>
  <testcase name="testToBytes" time="0.000" classname="com.distrimind.util.tests.DecentralizedIDTests"/>
  <testcase name="testNotEquals" time="0.000" classname="com.distrimind.util.tests.DecentralizedIDTests"/>
  <testcase name="testToBytes" time="0.000" classname="com.distrimind.util.tests.DecentralizedIDTests"/>
  <testcase name="testNotEquals" time="0.000" classname="com.distrimind.util.tests.DecentralizedIDTests"/>
  <testcase name="testNotEquals" time="0.001" classname="com.distrimind.util.tests.DecentralizedIDTests"/>
  <testcase name="testToBytes" time="0.000" classname="com.distrimind.util.tests.DecentralizedIDTests"/>
  <testcase name="testToBytes" time="0.000" classname="com.distrimind.util.tests.DecentralizedIDTests"/>
  <testcase name="testNotEquals" time="0.002" classname="com.distrimind.util.tests.DecentralizedIDTests"/>
  <testcase name="testToBytes" time="0.000" classname="com.distrimind.util.tests.DecentralizedIDTests"/>
  <testcase name="testToBytes" time="0.000" classname="com.distrimind.util.tests.DecentralizedIDTests"/>
  <testcase name="testToBytes" time="0.000" classname="com.distrimind.util.tests.DecentralizedIDTests"/>
  <testcase name="testToBytes" time="0.000" classname="com.distrimind.util.tests.DecentralizedIDTests"/>
  <testcase name="testNotEquals" time="0.000" classname="com.distrimind.util.tests.DecentralizedIDTests"/>
  <testcase name="testToBytes" time="0.000" classname="com.distrimind.util.tests.DecentralizedIDTests"/>
  <testcase name="testNotEquals" time="0.000" classname="com.distrimind.util.tests.DecentralizedIDTests"/>
  <testcase name="testNotEquals" time="0.005" classname="com.distrimind.util.tests.DecentralizedIDTests"/>
  <testcase name="testToBytes" time="0.000" classname="com.distrimind.util.tests.DecentralizedIDTests"/>
  <testcase name="testToBytes" time="0.000" classname="com.distrimind.util.tests.DecentralizedIDTests"/>
  <testcase name="testToBytes" time="0.000" classname="com.distrimind.util.tests.DecentralizedIDTests"/>
  <testcase name="testToBytes" time="0.000" classname="com.distrimind.util.tests.DecentralizedIDTests"/>
  <testcase name="testNotEquals" time="0.000" classname="com.distrimind.util.tests.DecentralizedIDTests"/>
  <testcase name="testNotEquals" time="0.001" classname="com.distrimind.util.tests.DecentralizedIDTests"/>
  <testcase name="testToBytes" time="0.000" classname="com.distrimind.util.tests.DecentralizedIDTests"/>
  <testcase name="testToBytes" time="0.000" classname="com.distrimind.util.tests.DecentralizedIDTests"/>
  <testcase name="testNotEquals" time="0.000" classname="com.distrimind.util.tests.DecentralizedIDTests"/>
  <testcase name="testToBytes" time="0.007" classname="com.distrimind.util.tests.DecentralizedIDTests"/>
  <testcase name="testToBytes" time="0.000" classname="com.distrimind.util.tests.DecentralizedIDTests"/>
  <testcase name="testToBytes" time="0.001" classname="com.distrimind.util.tests.DecentralizedIDTests"/>
  <testcase name="testToBytes" time="0.000" classname="com.distrimind.util.tests.DecentralizedIDTests"/>
  <testcase name="testToBytes" time="0.000" classname="com.distrimind.util.tests.DecentralizedIDTests"/>
  <testcase name="testNotEquals" time="0.001" classname="com.distrimind.util.tests.DecentralizedIDTests"/>
  <testcase name="testNotEquals" time="0.000" classname="com.distrimind.util.tests.DecentralizedIDTests"/>
  <testcase name="testToBytes" time="0.000" classname="com.distrimind.util.tests.DecentralizedIDTests"/>
  <testcase name="testToBytes" time="0.000" classname="com.distrimind.util.tests.DecentralizedIDTests"/>
  <testcase name="testToBytes" time="0.000" classname="com.distrimind.util.tests.DecentralizedIDTests"/>
  <testcase name="testNotEquals" time="0.000" classname="com.distrimind.util.tests.DecentralizedIDTests"/>
  <testcase name="testNotEquals" time="0.000" classname="com.distrimind.util.tests.DecentralizedIDTests"/>
  <testcase name="testToBytes" time="0.000" classname="com.distrimind.util.tests.DecentralizedIDTests"/>
  <testcase name="testToBytes" time="0.000" classname="com.distrimind.util.tests.DecentralizedIDTests"/>
  <testcase name="testToBytes" time="0.000" classname="com.distrimind.util.tests.DecentralizedIDTests"/>
  <testcase name="testToBytes" time="0.000" classname="com.distrimind.util.tests.DecentralizedIDTests"/>
  <testcase name="testToBytes" time="0.000" classname="com.distrimind.util.tests.DecentralizedIDTests"/>
  <testcase name="testNotEquals" time="0.000" classname="com.distrimind.util.tests.DecentralizedIDTests"/>
  <testcase name="testToBytes" time="0.000" classname="com.distrimind.util.tests.DecentralizedIDTests"/>
  <testcase name="testToBytes" time="0.000" classname="com.distrimind.util.tests.DecentralizedIDTests"/>
  <testcase name="testToBytes" time="0.000" classname="com.distrimind.util.tests.DecentralizedIDTests"/>
  <testcase name="testToBytes" time="0.001" classname="com.distrimind.util.tests.DecentralizedIDTests"/>
  <testcase name="testToBytes" time="0.000" classname="com.distrimind.util.tests.DecentralizedIDTests"/>
  <testcase name="testNotEquals" time="0.000" classname="com.distrimind.util.tests.DecentralizedIDTests"/>
  <testcase name="testToBytes" time="0.000" classname="com.distrimind.util.tests.DecentralizedIDTests"/>
  <testcase name="testNotEquals" time="0.001" classname="com.distrimind.util.tests.DecentralizedIDTests"/>
  <testcase name="testNotEquals" time="0.000" classname="com.distrimind.util.tests.DecentralizedIDTests"/>
  <testcase name="testToBytes" time="0.000" classname="com.distrimind.util.tests.DecentralizedIDTests"/>
  <testcase name="testNotEquals" time="0.000" classname="com.distrimind.util.tests.DecentralizedIDTests"/>
  <testcase name="testToBytes" time="0.000" classname="com.distrimind.util.tests.DecentralizedIDTests"/>
  <testcase name="testNotEquals" time="0.000" classname="com.distrimind.util.tests.DecentralizedIDTests"/>
  <testcase name="testToBytes" time="0.000" classname="com.distrimind.util.tests.DecentralizedIDTests"/>
  <testcase name="testToBytes" time="0.000" classname="com.distrimind.util.tests.DecentralizedIDTests"/>
  <testcase name="testToBytes" time="0.000" classname="com.distrimind.util.tests.DecentralizedIDTests"/>
  <testcase name="testNotEquals" time="0.000" classname="com.distrimind.util.tests.DecentralizedIDTests"/>
  <testcase name="testToBytes" time="0.000" classname="com.distrimind.util.tests.DecentralizedIDTests"/>
  <testcase name="testNotEquals" time="0.001" classname="com.distrimind.util.tests.DecentralizedIDTests"/>
  <testcase name="testNotEquals" time="0.006" classname="com.distrimind.util.tests.DecentralizedIDTests"/>
  <testcase name="testToBytes" time="0.000" classname="com.distrimind.util.tests.DecentralizedIDTests"/>
  <testcase name="testNotEquals" time="0.000" classname="com.distrimind.util.tests.DecentralizedIDTests"/>
  <testcase name="testNotEquals" time="0.000" classname="com.distrimind.util.tests.DecentralizedIDTests"/>
  <testcase name="testToBytes" time="0.000" classname="com.distrimind.util.tests.DecentralizedIDTests"/>
  <testcase name="testNotEquals" time="0.000" classname="com.distrimind.util.tests.DecentralizedIDTests"/>
  <testcase name="testNotEquals" time="0.000" classname="com.distrimind.util.tests.DecentralizedIDTests"/>
  <testcase name="testNotEquals" time="0.000" classname="com.distrimind.util.tests.DecentralizedIDTests"/>
  <testcase name="testNotEquals" time="0.000" classname="com.distrimind.util.tests.DecentralizedIDTests"/>
  <testcase name="testToBytes" time="0.000" classname="com.distrimind.util.tests.DecentralizedIDTests"/>
  <testcase name="testNotEquals" time="0.001" classname="com.distrimind.util.tests.DecentralizedIDTests"/>
  <testcase name="testToBytes" time="0.000" classname="com.distrimind.util.tests.DecentralizedIDTests"/>
  <testcase name="testNotEquals" time="0.001" classname="com.distrimind.util.tests.DecentralizedIDTests"/>
  <testcase name="testToBytes" time="0.000" classname="com.distrimind.util.tests.DecentralizedIDTests"/>
  <testcase name="testToBytes" time="0.000" classname="com.distrimind.util.tests.DecentralizedIDTests"/>
  <testcase name="testToBytes" time="0.000" classname="com.distrimind.util.tests.DecentralizedIDTests"/>
  <testcase name="testToBytes" time="0.000" classname="com.distrimind.util.tests.DecentralizedIDTests"/>
  <testcase name="testToBytes" time="0.000" classname="com.distrimind.util.tests.DecentralizedIDTests"/>
  <testcase name="testToBytes" time="0.000" classname="com.distrimind.util.tests.DecentralizedIDTests"/>
  <testcase name="testNotEquals" time="0.000" classname="com.distrimind.util.tests.DecentralizedIDTests"/>
  <testcase name="testNotEquals" time="0.000" classname="com.distrimind.util.tests.DecentralizedIDTests"/>
  <testcase name="testToBytes" time="0.000" classname="com.distrimind.util.tests.DecentralizedIDTests"/>
  <testcase name="testToBytes" time="0.000" classname="com.distrimind.util.tests.DecentralizedIDTests"/>
  <testcase name="testToBytes" time="0.011" classname="com.distrimind.util.tests.DecentralizedIDTests"/>
  <testcase name="testToBytes" time="0.000" classname="com.distrimind.util.tests.DecentralizedIDTests"/>
  <testcase name="testNotEquals" time="0.000" classname="com.distrimind.util.tests.DecentralizedIDTests"/>
  <testcase name="testToBytes" time="0.000" classname="com.distrimind.util.tests.DecentralizedIDTests"/>
  <testcase name="testToBytes" time="0.000" classname="com.distrimind.util.tests.DecentralizedIDTests"/>
  <testcase name="testToBytes" time="0.000" classname="com.distrimind.util.tests.DecentralizedIDTests"/>
  <testcase name="testToBytes" time="0.000" classname="com.distrimind.util.tests.DecentralizedIDTests"/>
  <testcase name="testNotEquals" time="0.000" classname="com.distrimind.util.tests.DecentralizedIDTests"/>
  <testcase name="testNotEquals" time="0.009" classname="com.distrimind.util.tests.DecentralizedIDTests"/>
  <testcase name="testToBytes" time="0.000" classname="com.distrimind.util.tests.DecentralizedIDTests"/>
  <testcase name="testNotEquals" time="0.000" classname="com.distrimind.util.tests.DecentralizedIDTests"/>
  <testcase name="testToBytes" time="0.001" classname="com.distrimind.util.tests.DecentralizedIDTests"/>
  <testcase name="testNotEquals" time="0.001" classname="com.distrimind.util.tests.DecentralizedIDTests"/>
  <testcase name="testNotEquals" time="0.000" classname="com.distrimind.util.tests.DecentralizedIDTests"/>
  <testcase name="testNotEquals" time="0.001" classname="com.distrimind.util.tests.DecentralizedIDTests"/>
  <testcase name="testToBytes" time="0.000" classname="com.distrimind.util.tests.DecentralizedIDTests"/>
  <testcase name="testNotEquals" time="0.000" classname="com.distrimind.util.tests.DecentralizedIDTests"/>
  <testcase name="testToBytes" time="0.000" classname="com.distrimind.util.tests.DecentralizedIDTests"/>
  <testcase name="testToBytes" time="0.000" classname="com.distrimind.util.tests.DecentralizedIDTests"/>
  <testcase name="testToBytes" time="0.000" classname="com.distrimind.util.tests.DecentralizedIDTests"/>
  <testcase name="testNotEquals" time="0.001" classname="com.distrimind.util.tests.DecentralizedIDTests"/>
  <testcase name="testToBytes" time="0.000" classname="com.distrimind.util.tests.DecentralizedIDTests"/>
  <testcase name="testNotEquals" time="0.000" classname="com.distrimind.util.tests.DecentralizedIDTests"/>
  <testcase name="testNotEquals" time="0.001" classname="com.distrimind.util.tests.DecentralizedIDTests"/>
  <testcase name="testToBytes" time="0.000" classname="com.distrimind.util.tests.DecentralizedIDTests"/>
  <testcase name="testNotEquals" time="0.001" classname="com.distrimind.util.tests.DecentralizedIDTests"/>
  <testcase name="testNotEquals" time="0.000" classname="com.distrimind.util.tests.DecentralizedIDTests"/>
  <testcase name="testToBytes" time="0.000" classname="com.distrimind.util.tests.DecentralizedIDTests"/>
  <testcase name="testToBytes" time="0.000" classname="com.distrimind.util.tests.DecentralizedIDTests"/>
  <testcase name="testToBytes" time="0.014" classname="com.distrimind.util.tests.DecentralizedIDTests"/>
  <testcase name="testToBytes" time="0.000" classname="com.distrimind.util.tests.DecentralizedIDTests"/>
  <testcase name="testToBytes" time="0.000" classname="com.distrimind.util.tests.DecentralizedIDTests"/>
  <testcase name="testNotEquals" time="0.000" classname="com.distrimind.util.tests.DecentralizedIDTests"/>
  <testcase name="testNotEquals" time="0.000" classname="com.distrimind.util.tests.DecentralizedIDTests"/>
  <testcase name="testNotEquals" time="0.000" classname="com.distrimind.util.tests.DecentralizedIDTests"/>
  <testcase name="testNotEquals" time="0.001" classname="com.distrimind.util.tests.DecentralizedIDTests"/>
  <testcase name="testNotEquals" time="0.000" classname="com.distrimind.util.tests.DecentralizedIDTests"/>
  <testcase name="testToBytes" time="0.000" classname="com.distrimind.util.tests.DecentralizedIDTests"/>
  <testcase name="testToBytes" time="0.000" classname="com.distrimind.util.tests.DecentralizedIDTests"/>
  <testcase name="testToBytes" time="0.000" classname="com.distrimind.util.tests.DecentralizedIDTests"/>
  <testcase name="testNotEquals" time="0.001" classname="com.distrimind.util.tests.DecentralizedIDTests"/>
  <testcase name="testToBytes" time="0.000" classname="com.distrimind.util.tests.DecentralizedIDTests"/>
  <testcase name="testNotEquals" time="0.000" classname="com.distrimind.util.tests.DecentralizedIDTests"/>
  <testcase name="testToBytes" time="0.000" classname="com.distrimind.util.tests.DecentralizedIDTests"/>
  <testcase name="testToBytes" time="0.000" classname="com.distrimind.util.tests.DecentralizedIDTests"/>
  <testcase name="testNotEquals" time="0.000" classname="com.distrimind.util.tests.DecentralizedIDTests"/>
  <testcase name="testNotEquals" time="0.000" classname="com.distrimind.util.tests.DecentralizedIDTests"/>
  <testcase name="testNotEquals" time="0.000" classname="com.distrimind.util.tests.DecentralizedIDTests"/>
  <testcase name="testToBytes" time="0.000" classname="com.distrimind.util.tests.DecentralizedIDTests"/>
  <testcase name="testToBytes" time="0.000" classname="com.distrimind.util.tests.DecentralizedIDTests"/>
  <testcase name="testToBytes" time="0.000" classname="com.distrimind.util.tests.DecentralizedIDTests"/>
  <testcase name="testNotEquals" time="0.000" classname="com.distrimind.util.tests.DecentralizedIDTests"/>
  <testcase name="testToBytes" time="0.000" classname="com.distrimind.util.tests.DecentralizedIDTests"/>
  <testcase name="testToBytes" time="0.000" classname="com.distrimind.util.tests.DecentralizedIDTests"/>
  <testcase name="testToBytes" time="0.118" classname="com.distrimind.util.tests.DecentralizedIDTests"/>
  <testcase name="testToBytes" time="0.001" classname="com.distrimind.util.tests.DecentralizedIDTests"/>
  <testcase name="testNotEquals" time="0.000" classname="com.distrimind.util.tests.DecentralizedIDTests"/>
  <testcase name="testToBytes" time="0.000" classname="com.distrimind.util.tests.DecentralizedIDTests"/>
  <testcase name="testToBytes" time="0.000" classname="com.distrimind.util.tests.DecentralizedIDTests"/>
  <testcase name="testToBytes" time="0.000" classname="com.distrimind.util.tests.DecentralizedIDTests"/>
  <testcase name="testNotEquals" time="0.000" classname="com.distrimind.util.tests.DecentralizedIDTests"/>
  <testcase name="testToBytes" time="0.000" classname="com.distrimind.util.tests.DecentralizedIDTests"/>
  <testcase name="testNotEquals" time="0.000" classname="com.distrimind.util.tests.DecentralizedIDTests"/>
  <testcase name="testNotEquals" time="0.000" classname="com.distrimind.util.tests.DecentralizedIDTests"/>
  <testcase name="testToBytes" time="0.000" classname="com.distrimind.util.tests.DecentralizedIDTests"/>
  <testcase name="testNotEquals" time="0.000" classname="com.distrimind.util.tests.DecentralizedIDTests"/>
  <testcase name="testNotEquals" time="0.000" classname="com.distrimind.util.tests.DecentralizedIDTests"/>
  <testcase name="testNotEquals" time="0.000" classname="com.distrimind.util.tests.DecentralizedIDTests"/>
  <testcase name="testToBytes" time="0.000" classname="com.distrimind.util.tests.DecentralizedIDTests"/>
  <testcase name="testToBytes" time="0.000" classname="com.distrimind.util.tests.DecentralizedIDTests"/>
  <testcase name="testNotEquals" time="0.000" classname="com.distrimind.util.tests.DecentralizedIDTests"/>
  <testcase name="testNotEquals" time="0.000" classname="com.distrimind.util.tests.DecentralizedIDTests"/>
  <testcase name="testToBytes" time="0.000" classname="com.distrimind.util.tests.DecentralizedIDTests"/>
  <testcase name="testToBytes" time="0.002" classname="com.distrimind.util.tests.DecentralizedIDTests"/>
  <testcase name="testNotEquals" time="0.000" classname="com.distrimind.util.tests.DecentralizedIDTests"/>
  <testcase name="testToBytes" time="0.000" classname="com.distrimind.util.tests.DecentralizedIDTests"/>
  <testcase name="testToBytes" time="0.000" classname="com.distrimind.util.tests.DecentralizedIDTests"/>
  <testcase name="testToBytes" time="0.000" classname="com.distrimind.util.tests.DecentralizedIDTests"/>
  <testcase name="testNotEquals" time="0.013" classname="com.distrimind.util.tests.DecentralizedIDTests"/>
  <testcase name="testToBytes" time="0.106" classname="com.distrimind.util.tests.DecentralizedIDTests"/>
  <testcase name="testNotEquals" time="0.000" classname="com.distrimind.util.tests.DecentralizedIDTests"/>
  <testcase name="testToBytes" time="0.000" classname="com.distrimind.util.tests.DecentralizedIDTests"/>
  <testcase name="testNotEquals" time="0.000" classname="com.distrimind.util.tests.DecentralizedIDTests"/>
  <testcase name="testNotEquals" time="0.000" classname="com.distrimind.util.tests.DecentralizedIDTests"/>
  <testcase name="testToBytes" time="0.000" classname="com.distrimind.util.tests.DecentralizedIDTests"/>
  <testcase name="testNotEquals" time="0.000" classname="com.distrimind.util.tests.DecentralizedIDTests"/>
  <testcase name="testNotEquals" time="0.000" classname="com.distrimind.util.tests.DecentralizedIDTests"/>
  <testcase name="testNotEquals" time="0.000" classname="com.distrimind.util.tests.DecentralizedIDTests"/>
  <testcase name="testToBytes" time="0.000" classname="com.distrimind.util.tests.DecentralizedIDTests"/>
  <testcase name="testNotEquals" time="0.000" classname="com.distrimind.util.tests.DecentralizedIDTests"/>
  <testcase name="testNotEquals" time="0.000" classname="com.distrimind.util.tests.DecentralizedIDTests"/>
  <testcase name="testNotEquals" time="0.000" classname="com.distrimind.util.tests.DecentralizedIDTests"/>
  <testcase name="testToBytes" time="0.000" classname="com.distrimind.util.tests.DecentralizedIDTests"/>
  <testcase name="testNotEquals" time="0.000" classname="com.distrimind.util.tests.DecentralizedIDTests"/>
  <testcase name="testToBytes" time="0.000" classname="com.distrimind.util.tests.DecentralizedIDTests"/>
  <testcase name="testNotEquals" time="0.013" classname="com.distrimind.util.tests.DecentralizedIDTests"/>
  <testcase name="testToBytes" time="0.013" classname="com.distrimind.util.tests.DecentralizedIDTests"/>
  <testcase name="testToBytes" time="0.000" classname="com.distrimind.util.tests.DecentralizedIDTests"/>
  <testcase name="testToBytes" time="0.000" classname="com.distrimind.util.tests.DecentralizedIDTests"/>
  <testcase name="testNotEquals" time="0.000" classname="com.distrimind.util.tests.DecentralizedIDTests"/>
  <testcase name="testNotEquals" time="0.000" classname="com.distrimind.util.tests.DecentralizedIDTests"/>
  <testcase name="testToBytes" time="0.000" classname="com.distrimind.util.tests.DecentralizedIDTests"/>
  <testcase name="testNotEquals" time="0.002" classname="com.distrimind.util.tests.DecentralizedIDTests"/>
  <testcase name="testToBytes" time="0.000" classname="com.distrimind.util.tests.DecentralizedIDTests"/>
  <testcase name="testNotEquals" time="0.000" classname="com.distrimind.util.tests.DecentralizedIDTests"/>
  <testcase name="testNotEquals" time="0.000" classname="com.distrimind.util.tests.DecentralizedIDTests"/>
  <testcase name="testNotEquals" time="0.000" classname="com.distrimind.util.tests.DecentralizedIDTests"/>
  <testcase name="testToBytes" time="0.101" classname="com.distrimind.util.tests.DecentralizedIDTests"/>
  <testcase name="testToBytes" time="0.000" classname="com.distrimind.util.tests.DecentralizedIDTests"/>
  <testcase name="testNotEquals" time="0.000" classname="com.distrimind.util.tests.DecentralizedIDTests"/>
  <testcase name="testToBytes" time="0.000" classname="com.distrimind.util.tests.DecentralizedIDTests"/>
  <testcase name="testToBytes" time="0.000" classname="com.distrimind.util.tests.DecentralizedIDTests"/>
  <testcase name="testToBytes" time="0.000" classname="com.distrimind.util.tests.DecentralizedIDTests"/>
  <testcase name="testNotEquals" time="0.000" classname="com.distrimind.util.tests.DecentralizedIDTests"/>
  <testcase name="testToBytes" time="0.001" classname="com.distrimind.util.tests.DecentralizedIDTests"/>
  <testcase name="testToBytes" time="0.001" classname="com.distrimind.util.tests.DecentralizedIDTests"/>
  <testcase name="testToBytes" time="0.000" classname="com.distrimind.util.tests.DecentralizedIDTests"/>
  <testcase name="testToBytes" time="0.000" classname="com.distrimind.util.tests.DecentralizedIDTests"/>
  <testcase name="testNotEquals" time="0.000" classname="com.distrimind.util.tests.DecentralizedIDTests"/>
  <testcase name="testNotEquals" time="0.000" classname="com.distrimind.util.tests.DecentralizedIDTests"/>
  <testcase name="testToBytes" time="0.000" classname="com.distrimind.util.tests.DecentralizedIDTests"/>
  <testcase name="testToBytes" time="0.000" classname="com.distrimind.util.tests.DecentralizedIDTests"/>
  <testcase name="testNotEquals" time="0.029" classname="com.distrimind.util.tests.DecentralizedIDTests"/>
  <testcase name="testToBytes" time="0.000" classname="com.distrimind.util.tests.DecentralizedIDTests"/>
  <testcase name="testToBytes" time="0.001" classname="com.distrimind.util.tests.DecentralizedIDTests"/>
  <testcase name="testToBytes" time="0.000" classname="com.distrimind.util.tests.DecentralizedIDTests"/>
  <testcase name="testNotEquals" time="0.000" classname="com.distrimind.util.tests.DecentralizedIDTests"/>
  <testcase name="testNotEquals" time="0.000" classname="com.distrimind.util.tests.DecentralizedIDTests"/>
  <testcase name="testToBytes" time="0.001" classname="com.distrimind.util.tests.DecentralizedIDTests"/>
  <testcase name="testNotEquals" time="0.000" classname="com.distrimind.util.tests.DecentralizedIDTests"/>
  <testcase name="testToBytes" time="0.000" classname="com.distrimind.util.tests.DecentralizedIDTests"/>
  <testcase name="testNotEquals" time="0.000" classname="com.distrimind.util.tests.DecentralizedIDTests"/>
  <testcase name="testNotEquals" time="0.003" classname="com.distrimind.util.tests.DecentralizedIDTests"/>
  <testcase name="testToBytes" time="0.000" classname="com.distrimind.util.tests.DecentralizedIDTests"/>
  <testcase name="testToBytes" time="0.000" classname="com.distrimind.util.tests.DecentralizedIDTests"/>
  <testcase name="testNotEquals" time="0.008" classname="com.distrimind.util.tests.DecentralizedIDTests"/>
  <testcase name="testToBytes" time="0.000" classname="com.distrimind.util.tests.DecentralizedIDTests"/>
  <testcase name="testToBytes" time="0.041" classname="com.distrimind.util.tests.DecentralizedIDTests"/>
  <testcase name="testNotEquals" time="0.000" classname="com.distrimind.util.tests.DecentralizedIDTests"/>
  <testcase name="testToBytes" time="0.000" classname="com.distrimind.util.tests.DecentralizedIDTests"/>
  <testcase name="testToBytes" time="0.000" classname="com.distrimind.util.tests.DecentralizedIDTests"/>
  <testcase name="testNotEquals" time="0.000" classname="com.distrimind.util.tests.DecentralizedIDTests"/>
  <testcase name="testToBytes" time="0.000" classname="com.distrimind.util.tests.DecentralizedIDTests"/>
  <testcase name="testToBytes" time="0.000" classname="com.distrimind.util.tests.DecentralizedIDTests"/>
  <testcase name="testNotEquals" time="0.004" classname="com.distrimind.util.tests.DecentralizedIDTests"/>
  <testcase name="testToBytes" time="0.000" classname="com.distrimind.util.tests.DecentralizedIDTests"/>
  <testcase name="testNotEquals" time="0.000" classname="com.distrimind.util.tests.DecentralizedIDTests"/>
  <testcase name="testToBytes" time="0.000" classname="com.distrimind.util.tests.DecentralizedIDTests"/>
  <testcase name="testNotEquals" time="0.001" classname="com.distrimind.util.tests.DecentralizedIDTests"/>
  <testcase name="testToBytes" time="0.000" classname="com.distrimind.util.tests.DecentralizedIDTests"/>
  <testcase name="testToBytes" time="0.000" classname="com.distrimind.util.tests.DecentralizedIDTests"/>
  <testcase name="testNotEquals" time="0.000" classname="com.distrimind.util.tests.DecentralizedIDTests"/>
  <testcase name="testNotEquals" time="0.000" classname="com.distrimind.util.tests.DecentralizedIDTests"/>
  <testcase name="testToBytes" time="0.000" classname="com.distrimind.util.tests.DecentralizedIDTests"/>
  <testcase name="testToBytes" time="0.000" classname="com.distrimind.util.tests.DecentralizedIDTests"/>
  <testcase name="testToBytes" time="0.001" classname="com.distrimind.util.tests.DecentralizedIDTests"/>
  <testcase name="testNotEquals" time="0.003" classname="com.distrimind.util.tests.DecentralizedIDTests"/>
  <testcase name="testNotEquals" time="0.000" classname="com.distrimind.util.tests.DecentralizedIDTests"/>
  <testcase name="testToBytes" time="0.000" classname="com.distrimind.util.tests.DecentralizedIDTests"/>
  <testcase name="testNotEquals" time="0.000" classname="com.distrimind.util.tests.DecentralizedIDTests"/>
  <testcase name="testNotEquals" time="0.020" classname="com.distrimind.util.tests.DecentralizedIDTests"/>
  <testcase name="testNotEquals" time="0.000" classname="com.distrimind.util.tests.DecentralizedIDTests"/>
  <testcase name="testToBytes" time="0.066" classname="com.distrimind.util.tests.DecentralizedIDTests"/>
  <testcase name="testNotEquals" time="0.009" classname="com.distrimind.util.tests.DecentralizedIDTests"/>
  <testcase name="testToBytes" time="0.000" classname="com.distrimind.util.tests.DecentralizedIDTests"/>
  <testcase name="testNotEquals" time="0.000" classname="com.distrimind.util.tests.DecentralizedIDTests"/>
  <testcase name="testToBytes" time="0.000" classname="com.distrimind.util.tests.DecentralizedIDTests"/>
  <testcase name="testNotEquals" time="0.001" classname="com.distrimind.util.tests.DecentralizedIDTests"/>
  <testcase name="testToBytes" time="0.000" classname="com.distrimind.util.tests.DecentralizedIDTests"/>
  <testcase name="testNotEquals" time="0.000" classname="com.distrimind.util.tests.DecentralizedIDTests"/>
  <testcase name="testToBytes" time="0.000" classname="com.distrimind.util.tests.DecentralizedIDTests"/>
  <testcase name="testNotEquals" time="0.000" classname="com.distrimind.util.tests.DecentralizedIDTests"/>
  <testcase name="testToBytes" time="0.000" classname="com.distrimind.util.tests.DecentralizedIDTests"/>
  <testcase name="testNotEquals" time="0.000" classname="com.distrimind.util.tests.DecentralizedIDTests"/>
  <testcase name="testNotEquals" time="0.007" classname="com.distrimind.util.tests.DecentralizedIDTests"/>
  <testcase name="testNotEquals" time="0.001" classname="com.distrimind.util.tests.DecentralizedIDTests"/>
  <testcase name="testNotEquals" time="0.000" classname="com.distrimind.util.tests.DecentralizedIDTests"/>
  <testcase name="testToBytes" time="0.000" classname="com.distrimind.util.tests.DecentralizedIDTests"/>
  <testcase name="testToBytes" time="0.000" classname="com.distrimind.util.tests.DecentralizedIDTests"/>
  <testcase name="testToBytes" time="0.000" classname="com.distrimind.util.tests.DecentralizedIDTests"/>
  <testcase name="testNotEquals" time="0.000" classname="com.distrimind.util.tests.DecentralizedIDTests"/>
  <testcase name="testToBytes" time="0.000" classname="com.distrimind.util.tests.DecentralizedIDTests"/>
  <testcase name="testNotEquals" time="0.004" classname="com.distrimind.util.tests.DecentralizedIDTests"/>
  <testcase name="testToBytes" time="0.000" classname="com.distrimind.util.tests.DecentralizedIDTests"/>
  <testcase name="testNotEquals" time="0.000" classname="com.distrimind.util.tests.DecentralizedIDTests"/>
  <testcase name="testToBytes" time="0.000" classname="com.distrimind.util.tests.DecentralizedIDTests"/>
  <testcase name="testToBytes" time="0.000" classname="com.distrimind.util.tests.DecentralizedIDTests"/>
  <testcase name="testToBytes" time="0.000" classname="com.distrimind.util.tests.DecentralizedIDTests"/>
  <testcase name="testNotEquals" time="0.000" classname="com.distrimind.util.tests.DecentralizedIDTests"/>
  <testcase name="testNotEquals" time="0.000" classname="com.distrimind.util.tests.DecentralizedIDTests"/>
  <testcase name="testNotEquals" time="0.000" classname="com.distrimind.util.tests.DecentralizedIDTests"/>
  <testcase name="testToBytes" time="0.000" classname="com.distrimind.util.tests.DecentralizedIDTests"/>
  <testcase name="testNotEquals" time="0.000" classname="com.distrimind.util.tests.DecentralizedIDTests"/>
  <testcase name="testToBytes" time="0.000" classname="com.distrimind.util.tests.DecentralizedIDTests"/>
  <testcase name="testToBytes" time="0.000" classname="com.distrimind.util.tests.DecentralizedIDTests"/>
  <testcase name="testToBytes" time="0.000" classname="com.distrimind.util.tests.DecentralizedIDTests"/>
  <testcase name="testToBytes" time="0.000" classname="com.distrimind.util.tests.DecentralizedIDTests"/>
  <testcase name="testNotEquals" time="0.000" classname="com.distrimind.util.tests.DecentralizedIDTests"/>
  <testcase name="testNotEquals" time="0.000" classname="com.distrimind.util.tests.DecentralizedIDTests"/>
  <testcase name="testToBytes" time="0.000" classname="com.distrimind.util.tests.DecentralizedIDTests"/>
  <testcase name="testToBytes" time="0.000" classname="com.distrimind.util.tests.DecentralizedIDTests"/>
  <testcase name="testNotEquals" time="0.000" classname="com.distrimind.util.tests.DecentralizedIDTests"/>
  <testcase name="testNotEquals" time="0.000" classname="com.distrimind.util.tests.DecentralizedIDTests"/>
  <testcase name="testToBytes" time="0.000" classname="com.distrimind.util.tests.DecentralizedIDTests"/>
  <testcase name="testToBytes" time="0.000" classname="com.distrimind.util.tests.DecentralizedIDTests"/>
  <testcase name="testToBytes" time="0.000" classname="com.distrimind.util.tests.DecentralizedIDTests"/>
  <testcase name="testToBytes" time="0.000" classname="com.distrimind.util.tests.DecentralizedIDTests"/>
  <testcase name="testNotEquals" time="0.000" classname="com.distrimind.util.tests.DecentralizedIDTests"/>
  <testcase name="testToBytes" time="0.000" classname="com.distrimind.util.tests.DecentralizedIDTests"/>
  <testcase name="testToBytes" time="0.000" classname="com.distrimind.util.tests.DecentralizedIDTests"/>
  <testcase name="testNotEquals" time="0.000" classname="com.distrimind.util.tests.DecentralizedIDTests"/>
  <testcase name="testNotEquals" time="0.001" classname="com.distrimind.util.tests.DecentralizedIDTests"/>
  <testcase name="testToBytes" time="0.000" classname="com.distrimind.util.tests.DecentralizedIDTests"/>
  <testcase name="testToBytes" time="0.000" classname="com.distrimind.util.tests.DecentralizedIDTests"/>
  <testcase name="testToBytes" time="0.001" classname="com.distrimind.util.tests.DecentralizedIDTests"/>
  <testcase name="testNotEquals" time="0.000" classname="com.distrimind.util.tests.DecentralizedIDTests"/>
  <testcase name="testToBytes" time="0.000" classname="com.distrimind.util.tests.DecentralizedIDTests"/>
  <testcase name="testNotEquals" time="0.000" classname="com.distrimind.util.tests.DecentralizedIDTests"/>
  <testcase name="testNotEquals" time="0.016" classname="com.distrimind.util.tests.DecentralizedIDTests"/>
  <testcase name="testNotEquals" time="0.000" classname="com.distrimind.util.tests.DecentralizedIDTests"/>
  <testcase name="testNotEquals" time="0.000" classname="com.distrimind.util.tests.DecentralizedIDTests"/>
  <testcase name="testToBytes" time="0.000" classname="com.distrimind.util.tests.DecentralizedIDTests"/>
  <testcase name="testToBytes" time="0.000" classname="com.distrimind.util.tests.DecentralizedIDTests"/>
  <testcase name="testNotEquals" time="0.000" classname="com.distrimind.util.tests.DecentralizedIDTests"/>
  <testcase name="testNotEquals" time="0.000" classname="com.distrimind.util.tests.DecentralizedIDTests"/>
  <testcase name="testToBytes" time="0.000" classname="com.distrimind.util.tests.DecentralizedIDTests"/>
  <testcase name="testToBytes" time="0.000" classname="com.distrimind.util.tests.DecentralizedIDTests"/>
  <testcase name="testNotEquals" time="0.001" classname="com.distrimind.util.tests.DecentralizedIDTests"/>
  <testcase name="testToBytes" time="0.000" classname="com.distrimind.util.tests.DecentralizedIDTests"/>
  <testcase name="testToBytes" time="0.000" classname="com.distrimind.util.tests.DecentralizedIDTests"/>
  <testcase name="testToBytes" time="0.000" classname="com.distrimind.util.tests.DecentralizedIDTests"/>
  <testcase name="testNotEquals" time="0.006" classname="com.distrimind.util.tests.DecentralizedIDTests"/>
  <testcase name="testToBytes" time="0.000" classname="com.distrimind.util.tests.DecentralizedIDTests"/>
  <testcase name="testNotEquals" time="0.000" classname="com.distrimind.util.tests.DecentralizedIDTests"/>
  <testcase name="testNotEquals" time="0.001" classname="com.distrimind.util.tests.DecentralizedIDTests"/>
  <testcase name="testNotEquals" time="0.000" classname="com.distrimind.util.tests.DecentralizedIDTests"/>
  <testcase name="testToBytes" time="0.000" classname="com.distrimind.util.tests.DecentralizedIDTests"/>
  <testcase name="testNotEquals" time="0.000" classname="com.distrimind.util.tests.DecentralizedIDTests"/>
  <testcase name="testNotEquals" time="0.000" classname="com.distrimind.util.tests.DecentralizedIDTests"/>
  <testcase name="testNotEquals" time="0.000" classname="com.distrimind.util.tests.DecentralizedIDTests"/>
  <testcase name="testToBytes" time="0.000" classname="com.distrimind.util.tests.DecentralizedIDTests"/>
  <testcase name="testNotEquals" time="0.000" classname="com.distrimind.util.tests.DecentralizedIDTests"/>
  <testcase name="testToBytes" time="0.049" classname="com.distrimind.util.tests.DecentralizedIDTests"/>
  <testcase name="testToBytes" time="0.000" classname="com.distrimind.util.tests.DecentralizedIDTests"/>
  <testcase name="testNotEquals" time="0.001" classname="com.distrimind.util.tests.DecentralizedIDTests"/>
  <testcase name="testNotEquals" time="0.000" classname="com.distrimind.util.tests.DecentralizedIDTests"/>
  <testcase name="testToBytes" time="0.000" classname="com.distrimind.util.tests.DecentralizedIDTests"/>
  <testcase name="testToBytes" time="0.000" classname="com.distrimind.util.tests.DecentralizedIDTests"/>
  <testcase name="testToBytes" time="0.000" classname="com.distrimind.util.tests.DecentralizedIDTests"/>
  <testcase name="testNotEquals" time="0.000" classname="com.distrimind.util.tests.DecentralizedIDTests"/>
  <testcase name="testToBytes" time="0.000" classname="com.distrimind.util.tests.DecentralizedIDTests"/>
  <testcase name="testNotEquals" time="0.006" classname="com.distrimind.util.tests.DecentralizedIDTests"/>
  <testcase name="testToBytes" time="0.000" classname="com.distrimind.util.tests.DecentralizedIDTests"/>
  <testcase name="testNotEquals" time="0.000" classname="com.distrimind.util.tests.DecentralizedIDTests"/>
  <testcase name="testNotEquals" time="0.000" classname="com.distrimind.util.tests.DecentralizedIDTests"/>
  <testcase name="testToBytes" time="0.000" classname="com.distrimind.util.tests.DecentralizedIDTests"/>
  <testcase name="testToBytes" time="0.000" classname="com.distrimind.util.tests.DecentralizedIDTests"/>
  <testcase name="testNotEquals" time="0.001" classname="com.distrimind.util.tests.DecentralizedIDTests"/>
  <testcase name="testNotEquals" time="0.000" classname="com.distrimind.util.tests.DecentralizedIDTests"/>
  <testcase name="testNotEquals" time="0.000" classname="com.distrimind.util.tests.DecentralizedIDTests"/>
  <testcase name="testToBytes" time="0.000" classname="com.distrimind.util.tests.DecentralizedIDTests"/>
  <testcase name="testNotEquals" time="0.000" classname="com.distrimind.util.tests.DecentralizedIDTests"/>
  <testcase name="testNotEquals" time="0.000" classname="com.distrimind.util.tests.DecentralizedIDTests"/>
  <testcase name="testToBytes" time="0.000" classname="com.distrimind.util.tests.DecentralizedIDTests"/>
  <testcase name="testNotEquals" time="0.000" classname="com.distrimind.util.tests.DecentralizedIDTests"/>
  <testcase name="testToBytes" time="0.000" classname="com.distrimind.util.tests.DecentralizedIDTests"/>
  <testcase name="testToBytes" time="0.000" classname="com.distrimind.util.tests.DecentralizedIDTests"/>
  <testcase name="testNotEquals" time="0.000" classname="com.distrimind.util.tests.DecentralizedIDTests"/>
  <testcase name="testToBytes" time="0.000" classname="com.distrimind.util.tests.DecentralizedIDTests"/>
  <testcase name="testNotEquals" time="0.001" classname="com.distrimind.util.tests.DecentralizedIDTests"/>
  <testcase name="testToBytes" time="0.000" classname="com.distrimind.util.tests.DecentralizedIDTests"/>
  <testcase name="testNotEquals" time="0.000" classname="com.distrimind.util.tests.DecentralizedIDTests"/>
  <testcase name="testToBytes" time="0.013" classname="com.distrimind.util.tests.DecentralizedIDTests"/>
  <testcase name="testNotEquals" time="0.000" classname="com.distrimind.util.tests.DecentralizedIDTests"/>
  <testcase name="testNotEquals" time="0.074" classname="com.distrimind.util.tests.DecentralizedIDTests"/>
  <testcase name="testToBytes" time="0.000" classname="com.distrimind.util.tests.DecentralizedIDTests"/>
  <testcase name="testToBytes" time="0.000" classname="com.distrimind.util.tests.DecentralizedIDTests"/>
  <testcase name="testNotEquals" time="0.004" classname="com.distrimind.util.tests.DecentralizedIDTests"/>
  <testcase name="testToBytes" time="0.000" classname="com.distrimind.util.tests.DecentralizedIDTests"/>
  <testcase name="testNotEquals" time="0.000" classname="com.distrimind.util.tests.DecentralizedIDTests"/>
  <testcase name="testToBytes" time="0.000" classname="com.distrimind.util.tests.DecentralizedIDTests"/>
  <testcase name="testToBytes" time="0.000" classname="com.distrimind.util.tests.DecentralizedIDTests"/>
  <testcase name="testToBytes" time="0.000" classname="com.distrimind.util.tests.DecentralizedIDTests"/>
  <testcase name="testToBytes" time="0.000" classname="com.distrimind.util.tests.DecentralizedIDTests"/>
  <testcase name="testToBytes" time="0.000" classname="com.distrimind.util.tests.DecentralizedIDTests"/>
  <testcase name="testToBytes" time="0.000" classname="com.distrimind.util.tests.DecentralizedIDTests"/>
  <testcase name="testNotEquals" time="0.000" classname="com.distrimind.util.tests.DecentralizedIDTests"/>
  <testcase name="testNotEquals" time="0.021" classname="com.distrimind.util.tests.DecentralizedIDTests"/>
  <testcase name="testToBytes" time="0.119" classname="com.distrimind.util.tests.DecentralizedIDTests"/>
  <testcase name="testNotEquals" time="0.000" classname="com.distrimind.util.tests.DecentralizedIDTests"/>
  <testcase name="testNotEquals" time="0.000" classname="com.distrimind.util.tests.DecentralizedIDTests"/>
  <testcase name="testNotEquals" time="0.000" classname="com.distrimind.util.tests.DecentralizedIDTests"/>
  <testcase name="testNotEquals" time="0.000" classname="com.distrimind.util.tests.DecentralizedIDTests"/>
  <testcase name="testNotEquals" time="0.000" classname="com.distrimind.util.tests.DecentralizedIDTests"/>
  <testcase name="testToBytes" time="0.170" classname="com.distrimind.util.tests.DecentralizedIDTests"/>
  <testcase name="testToBytes" time="0.000" classname="com.distrimind.util.tests.DecentralizedIDTests"/>
  <testcase name="testNotEquals" time="0.000" classname="com.distrimind.util.tests.DecentralizedIDTests"/>
  <testcase name="testNotEquals" time="0.000" classname="com.distrimind.util.tests.DecentralizedIDTests"/>
  <testcase name="testToBytes" time="0.000" classname="com.distrimind.util.tests.DecentralizedIDTests"/>
  <testcase name="testToBytes" time="0.000" classname="com.distrimind.util.tests.DecentralizedIDTests"/>
  <testcase name="testNotEquals" time="0.000" classname="com.distrimind.util.tests.DecentralizedIDTests"/>
  <testcase name="testNotEquals" time="0.001" classname="com.distrimind.util.tests.DecentralizedIDTests"/>
  <testcase name="testToBytes" time="0.000" classname="com.distrimind.util.tests.DecentralizedIDTests"/>
  <testcase name="testNotEquals" time="0.000" classname="com.distrimind.util.tests.DecentralizedIDTests"/>
  <testcase name="testNotEquals" time="0.000" classname="com.distrimind.util.tests.DecentralizedIDTests"/>
  <testcase name="testNotEquals" time="0.000" classname="com.distrimind.util.tests.DecentralizedIDTests"/>
  <testcase name="testToBytes" time="0.000" classname="com.distrimind.util.tests.DecentralizedIDTests"/>
  <testcase name="testNotEquals" time="0.000" classname="com.distrimind.util.tests.DecentralizedIDTests"/>
  <testcase name="testNotEquals" time="0.000" classname="com.distrimind.util.tests.DecentralizedIDTests"/>
  <testcase name="testNotEquals" time="0.000" classname="com.distrimind.util.tests.DecentralizedIDTests"/>
  <testcase name="testNotEquals" time="0.000" classname="com.distrimind.util.tests.DecentralizedIDTests"/>
  <testcase name="testNotEquals" time="0.000" classname="com.distrimind.util.tests.DecentralizedIDTests"/>
  <testcase name="testNotEquals" time="0.001" classname="com.distrimind.util.tests.DecentralizedIDTests"/>
  <testcase name="testNotEquals" time="0.003" classname="com.distrimind.util.tests.DecentralizedIDTests"/>
  <testcase name="testNotEquals" time="0.000" classname="com.distrimind.util.tests.DecentralizedIDTests"/>
  <testcase name="testNotEquals" time="0.013" classname="com.distrimind.util.tests.DecentralizedIDTests"/>
  <testcase name="testNotEquals" time="0.016" classname="com.distrimind.util.tests.DecentralizedIDTests"/>
  <testcase name="testToBytes" time="0.000" classname="com.distrimind.util.tests.DecentralizedIDTests"/>
  <testcase name="testToBytes" time="0.000" classname="com.distrimind.util.tests.DecentralizedIDTests"/>
  <testcase name="testToBytes" time="0.000" classname="com.distrimind.util.tests.DecentralizedIDTests"/>
  <testcase name="testToBytes" time="0.000" classname="com.distrimind.util.tests.DecentralizedIDTests"/>
  <testcase name="testNotEquals" time="0.000" classname="com.distrimind.util.tests.DecentralizedIDTests"/>
  <testcase name="testNotEquals" time="0.000" classname="com.distrimind.util.tests.DecentralizedIDTests"/>
  <testcase name="testToBytes" time="0.001" classname="com.distrimind.util.tests.DecentralizedIDTests"/>
  <testcase name="testToBytes" time="0.000" classname="com.distrimind.util.tests.DecentralizedIDTests"/>
  <testcase name="testToBytes" time="0.000" classname="com.distrimind.util.tests.DecentralizedIDTests"/>
  <testcase name="testToBytes" time="0.000" classname="com.distrimind.util.tests.DecentralizedIDTests"/>
  <testcase name="testToBytes" time="0.000" classname="com.distrimind.util.tests.DecentralizedIDTests"/>
  <testcase name="testNotEquals" time="0.007" classname="com.distrimind.util.tests.DecentralizedIDTests"/>
  <testcase name="testNotEquals" time="0.000" classname="com.distrimind.util.tests.DecentralizedIDTests"/>
  <testcase name="testNotEquals" time="0.000" classname="com.distrimind.util.tests.DecentralizedIDTests"/>
  <testcase name="testNotEquals" time="0.000" classname="com.distrimind.util.tests.DecentralizedIDTests"/>
  <testcase name="testNotEquals" time="0.001" classname="com.distrimind.util.tests.DecentralizedIDTests"/>
  <testcase name="testToBytes" time="0.000" classname="com.distrimind.util.tests.DecentralizedIDTests"/>
  <testcase name="testToBytes" time="0.000" classname="com.distrimind.util.tests.DecentralizedIDTests"/>
  <testcase name="testNotEquals" time="0.000" classname="com.distrimind.util.tests.DecentralizedIDTests"/>
  <testcase name="testToBytes" time="0.000" classname="com.distrimind.util.tests.DecentralizedIDTests"/>
  <testcase name="testNotEquals" time="0.000" classname="com.distrimind.util.tests.DecentralizedIDTests"/>
  <testcase name="testNotEquals" time="0.000" classname="com.distrimind.util.tests.DecentralizedIDTests"/>
  <testcase name="testToBytes" time="0.000" classname="com.distrimind.util.tests.DecentralizedIDTests"/>
  <testcase name="testNotEquals" time="0.000" classname="com.distrimind.util.tests.DecentralizedIDTests"/>
  <testcase name="testToBytes" time="0.017" classname="com.distrimind.util.tests.DecentralizedIDTests"/>
  <testcase name="testNotEquals" time="0.001" classname="com.distrimind.util.tests.DecentralizedIDTests"/>
  <testcase name="testNotEquals" time="0.000" classname="com.distrimind.util.tests.DecentralizedIDTests"/>
  <testcase name="testToBytes" time="0.000" classname="com.distrimind.util.tests.DecentralizedIDTests"/>
  <testcase name="testNotEquals" time="0.000" classname="com.distrimind.util.tests.DecentralizedIDTests"/>
  <testcase name="testToBytes" time="0.000" classname="com.distrimind.util.tests.DecentralizedIDTests"/>
  <testcase name="testNotEquals" time="0.001" classname="com.distrimind.util.tests.DecentralizedIDTests"/>
  <testcase name="testNotEquals" time="0.001" classname="com.distrimind.util.tests.DecentralizedIDTests"/>
  <testcase name="testNotEquals" time="0.000" classname="com.distrimind.util.tests.DecentralizedIDTests"/>
  <testcase name="testNotEquals" time="0.000" classname="com.distrimind.util.tests.DecentralizedIDTests"/>
  <testcase name="testNotEquals" time="0.000" classname="com.distrimind.util.tests.DecentralizedIDTests"/>
  <testcase name="testNotEquals" time="0.000" classname="com.distrimind.util.tests.DecentralizedIDTests"/>
  <testcase name="testNotEquals" time="0.000" classname="com.distrimind.util.tests.DecentralizedIDTests"/>
  <testcase name="testNotEquals" time="0.000" classname="com.distrimind.util.tests.DecentralizedIDTests"/>
  <testcase name="testToBytes" time="0.000" classname="com.distrimind.util.tests.DecentralizedIDTests"/>
  <testcase name="testToBytes" time="0.056" classname="com.distrimind.util.tests.DecentralizedIDTests"/>
  <testcase name="testToBytes" time="0.000" classname="com.distrimind.util.tests.DecentralizedIDTests"/>
  <testcase name="testNotEquals" time="0.001" classname="com.distrimind.util.tests.DecentralizedIDTests"/>
  <testcase name="testNotEquals" time="0.000" classname="com.distrimind.util.tests.DecentralizedIDTests"/>
  <testcase name="testToBytes" time="0.000" classname="com.distrimind.util.tests.DecentralizedIDTests"/>
  <testcase name="testNotEquals" time="0.001" classname="com.distrimind.util.tests.DecentralizedIDTests"/>
  <testcase name="testToBytes" time="0.000" classname="com.distrimind.util.tests.DecentralizedIDTests"/>
  <testcase name="testToBytes" time="0.001" classname="com.distrimind.util.tests.DecentralizedIDTests"/>
  <testcase name="testNotEquals" time="0.000" classname="com.distrimind.util.tests.DecentralizedIDTests"/>
  <testcase name="testToBytes" time="0.000" classname="com.distrimind.util.tests.DecentralizedIDTests"/>
  <testcase name="testNotEquals" time="0.000" classname="com.distrimind.util.tests.DecentralizedIDTests"/>
  <testcase name="testNotEquals" time="0.000" classname="com.distrimind.util.tests.DecentralizedIDTests"/>
  <testcase name="testNotEquals" time="0.007" classname="com.distrimind.util.tests.DecentralizedIDTests"/>
  <testcase name="testToBytes" time="0.000" classname="com.distrimind.util.tests.DecentralizedIDTests"/>
  <testcase name="testNotEquals" time="0.000" classname="com.distrimind.util.tests.DecentralizedIDTests"/>
  <testcase name="testToBytes" time="0.000" classname="com.distrimind.util.tests.DecentralizedIDTests"/>
  <testcase name="testToBytes" time="0.000" classname="com.distrimind.util.tests.DecentralizedIDTests"/>
  <testcase name="testNotEquals" time="0.000" classname="com.distrimind.util.tests.DecentralizedIDTests"/>
  <testcase name="testNotEquals" time="0.000" classname="com.distrimind.util.tests.DecentralizedIDTests"/>
  <testcase name="testToBytes" time="0.000" classname="com.distrimind.util.tests.DecentralizedIDTests"/>
  <testcase name="testNotEquals" time="0.000" classname="com.distrimind.util.tests.DecentralizedIDTests"/>
  <testcase name="testToBytes" time="0.000" classname="com.distrimind.util.tests.DecentralizedIDTests"/>
  <testcase name="testToBytes" time="0.000" classname="com.distrimind.util.tests.DecentralizedIDTests"/>
  <testcase name="testNotEquals" time="0.000" classname="com.distrimind.util.tests.DecentralizedIDTests"/>
  <testcase name="testNotEquals" time="0.000" classname="com.distrimind.util.tests.DecentralizedIDTests"/>
  <testcase name="testToBytes" time="0.000" classname="com.distrimind.util.tests.DecentralizedIDTests"/>
  <testcase name="testNotEquals" time="0.000" classname="com.distrimind.util.tests.DecentralizedIDTests"/>
  <testcase name="testNotEquals" time="0.000" classname="com.distrimind.util.tests.DecentralizedIDTests"/>
  <testcase name="testToBytes" time="0.000" classname="com.distrimind.util.tests.DecentralizedIDTests"/>
  <testcase name="testToBytes" time="0.000" classname="com.distrimind.util.tests.DecentralizedIDTests"/>
  <testcase name="testNotEquals" time="0.000" classname="com.distrimind.util.tests.DecentralizedIDTests"/>
  <testcase name="testNotEquals" time="0.001" classname="com.distrimind.util.tests.DecentralizedIDTests"/>
  <testcase name="testToBytes" time="0.000" classname="com.distrimind.util.tests.DecentralizedIDTests"/>
  <testcase name="testNotEquals" time="0.000" classname="com.distrimind.util.tests.DecentralizedIDTests"/>
  <testcase name="testToBytes" time="0.000" classname="com.distrimind.util.tests.DecentralizedIDTests"/>
  <testcase name="testNotEquals" time="0.000" classname="com.distrimind.util.tests.DecentralizedIDTests"/>
  <testcase name="testToBytes" time="0.000" classname="com.distrimind.util.tests.DecentralizedIDTests"/>
  <testcase name="testToBytes" time="0.000" classname="com.distrimind.util.tests.DecentralizedIDTests"/>
  <testcase name="testNotEquals" time="0.000" classname="com.distrimind.util.tests.DecentralizedIDTests"/>
  <testcase name="testNotEquals" time="0.000" classname="com.distrimind.util.tests.DecentralizedIDTests"/>
  <testcase name="testToBytes" time="0.000" classname="com.distrimind.util.tests.DecentralizedIDTests"/>
  <testcase name="testToBytes" time="0.000" classname="com.distrimind.util.tests.DecentralizedIDTests"/>
  <testcase name="testNotEquals" time="0.001" classname="com.distrimind.util.tests.DecentralizedIDTests"/>
  <testcase name="testToBytes" time="0.000" classname="com.distrimind.util.tests.DecentralizedIDTests"/>
  <testcase name="testToBytes" time="0.000" classname="com.distrimind.util.tests.DecentralizedIDTests"/>
  <testcase name="testToBytes" time="0.000" classname="com.distrimind.util.tests.DecentralizedIDTests"/>
  <testcase name="testToBytes" time="0.001" classname="com.distrimind.util.tests.DecentralizedIDTests"/>
  <testcase name="testNotEquals" time="0.000" classname="com.distrimind.util.tests.DecentralizedIDTests"/>
  <testcase name="testToBytes" time="0.000" classname="com.distrimind.util.tests.DecentralizedIDTests"/>
  <testcase name="testNotEquals" time="0.001" classname="com.distrimind.util.tests.DecentralizedIDTests"/>
  <testcase name="testNotEquals" time="0.001" classname="com.distrimind.util.tests.DecentralizedIDTests"/>
  <testcase name="testNotEquals" time="0.000" classname="com.distrimind.util.tests.DecentralizedIDTests"/>
  <testcase name="testToBytes" time="0.000" classname="com.distrimind.util.tests.DecentralizedIDTests"/>
  <testcase name="testToBytes" time="0.000" classname="com.distrimind.util.tests.DecentralizedIDTests"/>
  <testcase name="testToBytes" time="0.000" classname="com.distrimind.util.tests.DecentralizedIDTests"/>
  <testcase name="testNotEquals" time="0.000" classname="com.distrimind.util.tests.DecentralizedIDTests"/>
  <testcase name="testNotEquals" time="0.000" classname="com.distrimind.util.tests.DecentralizedIDTests"/>
  <testcase name="testToBytes" time="0.000" classname="com.distrimind.util.tests.DecentralizedIDTests"/>
  <testcase name="testNotEquals" time="0.000" classname="com.distrimind.util.tests.DecentralizedIDTests"/>
  <testcase name="testNotEquals" time="0.000" classname="com.distrimind.util.tests.DecentralizedIDTests"/>
  <testcase name="testToBytes" time="0.000" classname="com.distrimind.util.tests.DecentralizedIDTests"/>
  <testcase name="testToBytes" time="0.000" classname="com.distrimind.util.tests.DecentralizedIDTests"/>
  <testcase name="testNotEquals" time="0.000" classname="com.distrimind.util.tests.DecentralizedIDTests"/>
  <testcase name="testToBytes" time="0.000" classname="com.distrimind.util.tests.DecentralizedIDTests"/>
  <testcase name="testNotEquals" time="0.002" classname="com.distrimind.util.tests.DecentralizedIDTests"/>
  <testcase name="testNotEquals" time="0.000" classname="com.distrimind.util.tests.DecentralizedIDTests"/>
  <testcase name="testNotEquals" time="0.000" classname="com.distrimind.util.tests.DecentralizedIDTests"/>
  <testcase name="testNotEquals" time="0.000" classname="com.distrimind.util.tests.DecentralizedIDTests"/>
  <testcase name="testNotEquals" time="0.000" classname="com.distrimind.util.tests.DecentralizedIDTests"/>
  <testcase name="testToBytes" time="0.000" classname="com.distrimind.util.tests.DecentralizedIDTests"/>
  <testcase name="testToBytes" time="0.000" classname="com.distrimind.util.tests.DecentralizedIDTests"/>
  <testcase name="testToBytes" time="0.000" classname="com.distrimind.util.tests.DecentralizedIDTests"/>
  <testcase name="testToBytes" time="0.000" classname="com.distrimind.util.tests.DecentralizedIDTests"/>
  <testcase name="testToBytes" time="0.000" classname="com.distrimind.util.tests.DecentralizedIDTests"/>
  <testcase name="testToBytes" time="0.000" classname="com.distrimind.util.tests.DecentralizedIDTests"/>
  <testcase name="testToBytes" time="0.000" classname="com.distrimind.util.tests.DecentralizedIDTests"/>
  <testcase name="testToBytes" time="0.000" classname="com.distrimind.util.tests.DecentralizedIDTests"/>
  <testcase name="testNotEquals" time="0.001" classname="com.distrimind.util.tests.DecentralizedIDTests"/>
  <testcase name="testNotEquals" time="0.000" classname="com.distrimind.util.tests.DecentralizedIDTests"/>
  <testcase name="testToBytes" time="0.000" classname="com.distrimind.util.tests.DecentralizedIDTests"/>
  <testcase name="testNotEquals" time="0.000" classname="com.distrimind.util.tests.DecentralizedIDTests"/>
  <testcase name="testToBytes" time="0.000" classname="com.distrimind.util.tests.DecentralizedIDTests"/>
  <testcase name="testToBytes" time="0.000" classname="com.distrimind.util.tests.DecentralizedIDTests"/>
  <testcase name="testToBytes" time="0.000" classname="com.distrimind.util.tests.DecentralizedIDTests"/>
  <testcase name="testToBytes" time="0.000" classname="com.distrimind.util.tests.DecentralizedIDTests"/>
  <testcase name="testToBytes" time="0.000" classname="com.distrimind.util.tests.DecentralizedIDTests"/>
  <testcase name="testToBytes" time="0.000" classname="com.distrimind.util.tests.DecentralizedIDTests"/>
  <testcase name="testNotEquals" time="0.000" classname="com.distrimind.util.tests.DecentralizedIDTests"/>
  <testcase name="testToBytes" time="0.000" classname="com.distrimind.util.tests.DecentralizedIDTests"/>
  <testcase name="testNotEquals" time="0.000" classname="com.distrimind.util.tests.DecentralizedIDTests"/>
  <testcase name="testNotEquals" time="0.000" classname="com.distrimind.util.tests.DecentralizedIDTests"/>
  <testcase name="testNotEquals" time="0.001" classname="com.distrimind.util.tests.DecentralizedIDTests"/>
  <testcase name="testToBytes" time="0.000" classname="com.distrimind.util.tests.DecentralizedIDTests"/>
  <testcase name="testNotEquals" time="0.000" classname="com.distrimind.util.tests.DecentralizedIDTests"/>
  <testcase name="testNotEquals" time="0.006" classname="com.distrimind.util.tests.DecentralizedIDTests"/>
  <testcase name="testToBytes" time="0.000" classname="com.distrimind.util.tests.DecentralizedIDTests"/>
  <testcase name="testNotEquals" time="0.000" classname="com.distrimind.util.tests.DecentralizedIDTests"/>
  <testcase name="testNotEquals" time="0.000" classname="com.distrimind.util.tests.DecentralizedIDTests"/>
  <testcase name="testToBytes" time="0.006" classname="com.distrimind.util.tests.DecentralizedIDTests"/>
  <testcase name="testNotEquals" time="0.000" classname="com.distrimind.util.tests.DecentralizedIDTests"/>
  <testcase name="testToBytes" time="0.000" classname="com.distrimind.util.tests.DecentralizedIDTests"/>
  <testcase name="testToBytes" time="0.000" classname="com.distrimind.util.tests.DecentralizedIDTests"/>
  <testcase name="testToBytes" time="0.000" classname="com.distrimind.util.tests.DecentralizedIDTests"/>
  <testcase name="testNotEquals" time="0.000" classname="com.distrimind.util.tests.DecentralizedIDTests"/>
  <testcase name="testToBytes" time="0.000" classname="com.distrimind.util.tests.DecentralizedIDTests"/>
  <testcase name="testNotEquals" time="0.000" classname="com.distrimind.util.tests.DecentralizedIDTests"/>
  <testcase name="testToBytes" time="0.037" classname="com.distrimind.util.tests.DecentralizedIDTests"/>
  <testcase name="testToBytes" time="0.000" classname="com.distrimind.util.tests.DecentralizedIDTests"/>
  <testcase name="testToBytes" time="0.000" classname="com.distrimind.util.tests.DecentralizedIDTests"/>
  <testcase name="testNotEquals" time="0.000" classname="com.distrimind.util.tests.DecentralizedIDTests"/>
  <testcase name="testToBytes" time="0.000" classname="com.distrimind.util.tests.DecentralizedIDTests"/>
  <testcase name="testNotEquals" time="0.000" classname="com.distrimind.util.tests.DecentralizedIDTests"/>
  <testcase name="testToBytes" time="0.001" classname="com.distrimind.util.tests.DecentralizedIDTests"/>
  <testcase name="testNotEquals" time="0.000" classname="com.distrimind.util.tests.DecentralizedIDTests"/>
  <testcase name="testToBytes" time="0.019" classname="com.distrimind.util.tests.DecentralizedIDTests"/>
  <testcase name="testNotEquals" time="0.001" classname="com.distrimind.util.tests.DecentralizedIDTests"/>
  <testcase name="testNotEquals" time="0.000" classname="com.distrimind.util.tests.DecentralizedIDTests"/>
  <testcase name="testNotEquals" time="0.000" classname="com.distrimind.util.tests.DecentralizedIDTests"/>
  <testcase name="testToBytes" time="0.000" classname="com.distrimind.util.tests.DecentralizedIDTests"/>
  <testcase name="testToBytes" time="0.001" classname="com.distrimind.util.tests.DecentralizedIDTests"/>
  <testcase name="testToBytes" time="0.000" classname="com.distrimind.util.tests.DecentralizedIDTests"/>
  <testcase name="testToBytes" time="0.000" classname="com.distrimind.util.tests.DecentralizedIDTests"/>
  <testcase name="testToBytes" time="0.123" classname="com.distrimind.util.tests.DecentralizedIDTests"/>
  <testcase name="testNotEquals" time="0.000" classname="com.distrimind.util.tests.DecentralizedIDTests"/>
  <testcase name="testToBytes" time="0.000" classname="com.distrimind.util.tests.DecentralizedIDTests"/>
  <testcase name="testToBytes" time="0.000" classname="com.distrimind.util.tests.DecentralizedIDTests"/>
  <testcase name="testToBytes" time="0.121" classname="com.distrimind.util.tests.DecentralizedIDTests"/>
  <testcase name="testNotEquals" time="0.000" classname="com.distrimind.util.tests.DecentralizedIDTests"/>
  <testcase name="testNotEquals" time="0.000" classname="com.distrimind.util.tests.DecentralizedIDTests"/>
  <testcase name="testToBytes" time="0.000" classname="com.distrimind.util.tests.DecentralizedIDTests"/>
  <testcase name="testToBytes" time="0.000" classname="com.distrimind.util.tests.DecentralizedIDTests"/>
  <testcase name="testToBytes" time="0.000" classname="com.distrimind.util.tests.DecentralizedIDTests"/>
  <testcase name="testToBytes" time="0.000" classname="com.distrimind.util.tests.DecentralizedIDTests"/>
  <testcase name="testToBytes" time="0.000" classname="com.distrimind.util.tests.DecentralizedIDTests"/>
  <testcase name="testToBytes" time="0.000" classname="com.distrimind.util.tests.DecentralizedIDTests"/>
  <testcase name="testToBytes" time="0.000" classname="com.distrimind.util.tests.DecentralizedIDTests"/>
  <testcase name="testNotEquals" time="0.000" classname="com.distrimind.util.tests.DecentralizedIDTests"/>
  <testcase name="testNotEquals" time="0.001" classname="com.distrimind.util.tests.DecentralizedIDTests"/>
  <testcase name="testNotEquals" time="0.000" classname="com.distrimind.util.tests.DecentralizedIDTests"/>
  <testcase name="testNotEquals" time="0.000" classname="com.distrimind.util.tests.DecentralizedIDTests"/>
  <testcase name="testNotEquals" time="0.000" classname="com.distrimind.util.tests.DecentralizedIDTests"/>
  <testcase name="testNotEquals" time="0.000" classname="com.distrimind.util.tests.DecentralizedIDTests"/>
  <testcase name="testNotEquals" time="0.000" classname="com.distrimind.util.tests.DecentralizedIDTests"/>
  <testcase name="testNotEquals" time="0.008" classname="com.distrimind.util.tests.DecentralizedIDTests"/>
  <testcase name="testNotEquals" time="0.000" classname="com.distrimind.util.tests.DecentralizedIDTests"/>
  <testcase name="testToBytes" time="0.000" classname="com.distrimind.util.tests.DecentralizedIDTests"/>
  <testcase name="testToBytes" time="0.001" classname="com.distrimind.util.tests.DecentralizedIDTests"/>
  <testcase name="testToBytes" time="0.000" classname="com.distrimind.util.tests.DecentralizedIDTests"/>
  <testcase name="testToBytes" time="0.000" classname="com.distrimind.util.tests.DecentralizedIDTests"/>
  <testcase name="testToBytes" time="0.000" classname="com.distrimind.util.tests.DecentralizedIDTests"/>
  <testcase name="testToBytes" time="0.001" classname="com.distrimind.util.tests.DecentralizedIDTests"/>
  <testcase name="testNotEquals" time="0.015" classname="com.distrimind.util.tests.DecentralizedIDTests"/>
  <testcase name="testToBytes" time="0.000" classname="com.distrimind.util.tests.DecentralizedIDTests"/>
  <testcase name="testToBytes" time="0.000" classname="com.distrimind.util.tests.DecentralizedIDTests"/>
  <testcase name="testToBytes" time="0.000" classname="com.distrimind.util.tests.DecentralizedIDTests"/>
  <testcase name="testToBytes" time="0.000" classname="com.distrimind.util.tests.DecentralizedIDTests"/>
  <testcase name="testToBytes" time="0.000" classname="com.distrimind.util.tests.DecentralizedIDTests"/>
  <testcase name="testNotEquals" time="0.000" classname="com.distrimind.util.tests.DecentralizedIDTests"/>
  <testcase name="testNotEquals" time="0.000" classname="com.distrimind.util.tests.DecentralizedIDTests"/>
  <testcase name="testNotEquals" time="0.000" classname="com.distrimind.util.tests.DecentralizedIDTests"/>
  <testcase name="testNotEquals" time="0.000" classname="com.distrimind.util.tests.DecentralizedIDTests"/>
  <testcase name="testToBytes" time="0.000" classname="com.distrimind.util.tests.DecentralizedIDTests"/>
  <testcase name="testNotEquals" time="0.000" classname="com.distrimind.util.tests.DecentralizedIDTests"/>
  <testcase name="testNotEquals" time="0.001" classname="com.distrimind.util.tests.DecentralizedIDTests"/>
  <testcase name="testNotEquals" time="0.000" classname="com.distrimind.util.tests.DecentralizedIDTests"/>
  <testcase name="testToBytes" time="0.116" classname="com.distrimind.util.tests.DecentralizedIDTests"/>
  <testcase name="testToBytes" time="0.000" classname="com.distrimind.util.tests.DecentralizedIDTests"/>
  <testcase name="testToBytes" time="0.000" classname="com.distrimind.util.tests.DecentralizedIDTests"/>
  <testcase name="testToBytes" time="0.000" classname="com.distrimind.util.tests.DecentralizedIDTests"/>
  <testcase name="testNotEquals" time="0.000" classname="com.distrimind.util.tests.DecentralizedIDTests"/>
  <testcase name="testToBytes" time="0.000" classname="com.distrimind.util.tests.DecentralizedIDTests"/>
  <testcase name="testNotEquals" time="0.001" classname="com.distrimind.util.tests.DecentralizedIDTests"/>
  <testcase name="testNotEquals" time="0.000" classname="com.distrimind.util.tests.DecentralizedIDTests"/>
  <testcase name="testToBytes" time="0.000" classname="com.distrimind.util.tests.DecentralizedIDTests"/>
  <testcase name="testNotEquals" time="0.001" classname="com.distrimind.util.tests.DecentralizedIDTests"/>
  <testcase name="testNotEquals" time="0.000" classname="com.distrimind.util.tests.DecentralizedIDTests"/>
  <testcase name="testNotEquals" time="0.001" classname="com.distrimind.util.tests.DecentralizedIDTests"/>
  <testcase name="testToBytes" time="0.026" classname="com.distrimind.util.tests.DecentralizedIDTests"/>
  <testcase name="testNotEquals" time="0.001" classname="com.distrimind.util.tests.DecentralizedIDTests"/>
  <testcase name="testToBytes" time="0.001" classname="com.distrimind.util.tests.DecentralizedIDTests"/>
  <testcase name="testNotEquals" time="0.000" classname="com.distrimind.util.tests.DecentralizedIDTests"/>
  <testcase name="testNotEquals" time="0.000" classname="com.distrimind.util.tests.DecentralizedIDTests"/>
  <testcase name="testToBytes" time="0.000" classname="com.distrimind.util.tests.DecentralizedIDTests"/>
  <testcase name="testNotEquals" time="0.000" classname="com.distrimind.util.tests.DecentralizedIDTests"/>
  <testcase name="testNotEquals" time="0.000" classname="com.distrimind.util.tests.DecentralizedIDTests"/>
  <testcase name="testToBytes" time="0.000" classname="com.distrimind.util.tests.DecentralizedIDTests"/>
  <testcase name="testToBytes" time="0.000" classname="com.distrimind.util.tests.DecentralizedIDTests"/>
  <testcase name="testToBytes" time="0.000" classname="com.distrimind.util.tests.DecentralizedIDTests"/>
  <testcase name="testToBytes" time="0.000" classname="com.distrimind.util.tests.DecentralizedIDTests"/>
  <testcase name="testNotEquals" time="0.000" classname="com.distrimind.util.tests.DecentralizedIDTests"/>
  <testcase name="testNotEquals" time="0.012" classname="com.distrimind.util.tests.DecentralizedIDTests"/>
  <testcase name="testNotEquals" time="0.000" classname="com.distrimind.util.tests.DecentralizedIDTests"/>
  <testcase name="testToBytes" time="0.000" classname="com.distrimind.util.tests.DecentralizedIDTests"/>
  <testcase name="testToBytes" time="0.000" classname="com.distrimind.util.tests.DecentralizedIDTests"/>
  <testcase name="testNotEquals" time="0.000" classname="com.distrimind.util.tests.DecentralizedIDTests"/>
  <testcase name="testNotEquals" time="0.000" classname="com.distrimind.util.tests.DecentralizedIDTests"/>
  <testcase name="testToBytes" time="0.000" classname="com.distrimind.util.tests.DecentralizedIDTests"/>
  <testcase name="testNotEquals" time="0.003" classname="com.distrimind.util.tests.DecentralizedIDTests"/>
  <testcase name="testToBytes" time="0.000" classname="com.distrimind.util.tests.DecentralizedIDTests"/>
  <testcase name="testToBytes" time="0.000" classname="com.distrimind.util.tests.DecentralizedIDTests"/>
  <testcase name="testNotEquals" time="0.000" classname="com.distrimind.util.tests.DecentralizedIDTests"/>
  <testcase name="testNotEquals" time="0.000" classname="com.distrimind.util.tests.DecentralizedIDTests"/>
  <testcase name="testToBytes" time="0.000" classname="com.distrimind.util.tests.DecentralizedIDTests"/>
  <testcase name="testToBytes" time="0.000" classname="com.distrimind.util.tests.DecentralizedIDTests"/>
  <testcase name="testToBytes" time="0.000" classname="com.distrimind.util.tests.DecentralizedIDTests"/>
  <testcase name="testToBytes" time="0.000" classname="com.distrimind.util.tests.DecentralizedIDTests"/>
  <testcase name="testNotEquals" time="0.000" classname="com.distrimind.util.tests.DecentralizedIDTests"/>
  <testcase name="testToBytes" time="0.000" classname="com.distrimind.util.tests.DecentralizedIDTests"/>
  <testcase name="testNotEquals" time="0.000" classname="com.distrimind.util.tests.DecentralizedIDTests"/>
  <testcase name="testNotEquals" time="0.000" classname="com.distrimind.util.tests.DecentralizedIDTests"/>
  <testcase name="testNotEquals" time="0.000" classname="com.distrimind.util.tests.DecentralizedIDTests"/>
  <testcase name="testNotEquals" time="0.011" classname="com.distrimind.util.tests.DecentralizedIDTests"/>
  <testcase name="testNotEquals" time="0.000" classname="com.distrimind.util.tests.DecentralizedIDTests"/>
  <testcase name="testToBytes" time="0.001" classname="com.distrimind.util.tests.DecentralizedIDTests"/>
  <testcase name="testNotEquals" time="0.000" classname="com.distrimind.util.tests.DecentralizedIDTests"/>
  <testcase name="testNotEquals" time="0.000" classname="com.distrimind.util.tests.DecentralizedIDTests"/>
  <testcase name="testNotEquals" time="0.000" classname="com.distrimind.util.tests.DecentralizedIDTests"/>
  <testcase name="testNotEquals" time="0.001" classname="com.distrimind.util.tests.DecentralizedIDTests"/>
  <testcase name="testNotEquals" time="0.000" classname="com.distrimind.util.tests.DecentralizedIDTests"/>
  <testcase name="testNotEquals" time="0.000" classname="com.distrimind.util.tests.DecentralizedIDTests"/>
  <testcase name="testNotEquals" time="0.000" classname="com.distrimind.util.tests.DecentralizedIDTests"/>
  <testcase name="testNotEquals" time="0.000" classname="com.distrimind.util.tests.DecentralizedIDTests"/>
  <testcase name="testToBytes" time="0.000" classname="com.distrimind.util.tests.DecentralizedIDTests"/>
  <testcase name="testToBytes" time="0.000" classname="com.distrimind.util.tests.DecentralizedIDTests"/>
  <testcase name="testNotEquals" time="0.000" classname="com.distrimind.util.tests.DecentralizedIDTests"/>
  <testcase name="testNotEquals" time="0.007" classname="com.distrimind.util.tests.DecentralizedIDTests"/>
  <testcase name="testToBytes" time="0.000" classname="com.distrimind.util.tests.DecentralizedIDTests"/>
  <testcase name="testToBytes" time="0.000" classname="com.distrimind.util.tests.DecentralizedIDTests"/>
  <testcase name="testNotEquals" time="0.000" classname="com.distrimind.util.tests.DecentralizedIDTests"/>
  <testcase name="testNotEquals" time="0.000" classname="com.distrimind.util.tests.DecentralizedIDTests"/>
  <testcase name="testToBytes" time="0.001" classname="com.distrimind.util.tests.DecentralizedIDTests"/>
  <testcase name="testToBytes" time="0.000" classname="com.distrimind.util.tests.DecentralizedIDTests"/>
  <testcase name="testToBytes" time="0.000" classname="com.distrimind.util.tests.DecentralizedIDTests"/>
  <testcase name="testNotEquals" time="0.000" classname="com.distrimind.util.tests.DecentralizedIDTests"/>
  <testcase name="testToBytes" time="0.102" classname="com.distrimind.util.tests.DecentralizedIDTests"/>
  <testcase name="testToBytes" time="0.000" classname="com.distrimind.util.tests.DecentralizedIDTests"/>
  <testcase name="testToBytes" time="0.000" classname="com.distrimind.util.tests.DecentralizedIDTests"/>
  <testcase name="testNotEquals" time="0.029" classname="com.distrimind.util.tests.DecentralizedIDTests"/>
  <testcase name="testNotEquals" time="0.000" classname="com.distrimind.util.tests.DecentralizedIDTests"/>
  <testcase name="testToBytes" time="0.001" classname="com.distrimind.util.tests.DecentralizedIDTests"/>
  <testcase name="testNotEquals" time="0.000" classname="com.distrimind.util.tests.DecentralizedIDTests"/>
  <testcase name="testToBytes" time="0.000" classname="com.distrimind.util.tests.DecentralizedIDTests"/>
  <testcase name="testNotEquals" time="0.000" classname="com.distrimind.util.tests.DecentralizedIDTests"/>
  <testcase name="testNotEquals" time="0.001" classname="com.distrimind.util.tests.DecentralizedIDTests"/>
  <testcase name="testToBytes" time="0.000" classname="com.distrimind.util.tests.DecentralizedIDTests"/>
  <testcase name="testToBytes" time="0.000" classname="com.distrimind.util.tests.DecentralizedIDTests"/>
  <testcase name="testToBytes" time="0.014" classname="com.distrimind.util.tests.DecentralizedIDTests"/>
  <testcase name="testToBytes" time="0.000" classname="com.distrimind.util.tests.DecentralizedIDTests"/>
  <testcase name="testNotEquals" time="0.000" classname="com.distrimind.util.tests.DecentralizedIDTests"/>
  <testcase name="testNotEquals" time="0.000" classname="com.distrimind.util.tests.DecentralizedIDTests"/>
  <testcase name="testToBytes" time="0.000" classname="com.distrimind.util.tests.DecentralizedIDTests"/>
  <testcase name="testNotEquals" time="0.000" classname="com.distrimind.util.tests.DecentralizedIDTests"/>
  <testcase name="testNotEquals" time="0.000" classname="com.distrimind.util.tests.DecentralizedIDTests"/>
  <testcase name="testNotEquals" time="0.004" classname="com.distrimind.util.tests.DecentralizedIDTests"/>
  <testcase name="testNotEquals" time="0.000" classname="com.distrimind.util.tests.DecentralizedIDTests"/>
  <testcase name="testToBytes" time="0.000" classname="com.distrimind.util.tests.DecentralizedIDTests"/>
  <testcase name="testToBytes" time="0.021" classname="com.distrimind.util.tests.DecentralizedIDTests"/>
  <testcase name="testNotEquals" time="0.001" classname="com.distrimind.util.tests.DecentralizedIDTests"/>
  <testcase name="testNotEquals" time="0.000" classname="com.distrimind.util.tests.DecentralizedIDTests"/>
  <testcase name="testNotEquals" time="0.001" classname="com.distrimind.util.tests.DecentralizedIDTests"/>
  <testcase name="testNotEquals" time="0.000" classname="com.distrimind.util.tests.DecentralizedIDTests"/>
  <testcase name="testToBytes" time="0.000" classname="com.distrimind.util.tests.DecentralizedIDTests"/>
  <testcase name="testToStringAndValueOf" time="0.002" classname="com.distrimind.util.tests.DecentralizedIDTests"/>
  <testcase name="testToBytes" time="0.000" classname="com.distrimind.util.tests.DecentralizedIDTests"/>
  <testcase name="testToBytes" time="0.000" classname="com.distrimind.util.tests.DecentralizedIDTests"/>
  <testcase name="testToBytes" time="0.000" classname="com.distrimind.util.tests.DecentralizedIDTests"/>
  <testcase name="testNotEquals" time="0.000" classname="com.distrimind.util.tests.DecentralizedIDTests"/>
  <testcase name="testToBytes" time="0.000" classname="com.distrimind.util.tests.DecentralizedIDTests"/>
  <testcase name="testToBytes" time="0.000" classname="com.distrimind.util.tests.DecentralizedIDTests"/>
  <testcase name="testToBytes" time="0.000" classname="com.distrimind.util.tests.DecentralizedIDTests"/>
  <testcase name="testNotEquals" time="0.000" classname="com.distrimind.util.tests.DecentralizedIDTests"/>
  <testcase name="testToBytes" time="0.000" classname="com.distrimind.util.tests.DecentralizedIDTests"/>
  <testcase name="testNotEquals" time="0.000" classname="com.distrimind.util.tests.DecentralizedIDTests"/>
  <testcase name="testNotEquals" time="0.000" classname="com.distrimind.util.tests.DecentralizedIDTests"/>
  <testcase name="testToBytes" time="0.000" classname="com.distrimind.util.tests.DecentralizedIDTests"/>
  <testcase name="testToBytes" time="0.000" classname="com.distrimind.util.tests.DecentralizedIDTests"/>
  <testcase name="testToBytes" time="0.000" classname="com.distrimind.util.tests.DecentralizedIDTests"/>
  <testcase name="testToBytes" time="0.000" classname="com.distrimind.util.tests.DecentralizedIDTests"/>
  <testcase name="testNotEquals" time="0.000" classname="com.distrimind.util.tests.DecentralizedIDTests"/>
  <testcase name="testToBytes" time="0.000" classname="com.distrimind.util.tests.DecentralizedIDTests"/>
  <testcase name="testToBytes" time="0.000" classname="com.distrimind.util.tests.DecentralizedIDTests"/>
  <testcase name="testToBytes" time="0.000" classname="com.distrimind.util.tests.DecentralizedIDTests"/>
  <testcase name="testNotEquals" time="0.001" classname="com.distrimind.util.tests.DecentralizedIDTests"/>
  <testcase name="testNotEquals" time="0.000" classname="com.distrimind.util.tests.DecentralizedIDTests"/>
  <testcase name="testToBytes" time="0.000" classname="com.distrimind.util.tests.DecentralizedIDTests"/>
  <testcase name="testToBytes" time="0.000" classname="com.distrimind.util.tests.DecentralizedIDTests"/>
  <testcase name="testToBytes" time="0.000" classname="com.distrimind.util.tests.DecentralizedIDTests"/>
  <testcase name="testNotEquals" time="0.001" classname="com.distrimind.util.tests.DecentralizedIDTests"/>
  <testcase name="testToBytes" time="0.000" classname="com.distrimind.util.tests.DecentralizedIDTests"/>
  <testcase name="testToBytes" time="0.000" classname="com.distrimind.util.tests.DecentralizedIDTests"/>
  <testcase name="testToBytes" time="0.000" classname="com.distrimind.util.tests.DecentralizedIDTests"/>
  <testcase name="testToBytes" time="0.000" classname="com.distrimind.util.tests.DecentralizedIDTests"/>
  <testcase name="testNotEquals" time="0.000" classname="com.distrimind.util.tests.DecentralizedIDTests"/>
  <testcase name="testNotEquals" time="0.000" classname="com.distrimind.util.tests.DecentralizedIDTests"/>
  <testcase name="testToBytes" time="0.000" classname="com.distrimind.util.tests.DecentralizedIDTests"/>
  <testcase name="testToBytes" time="0.000" classname="com.distrimind.util.tests.DecentralizedIDTests"/>
  <testcase name="testNotEquals" time="0.000" classname="com.distrimind.util.tests.DecentralizedIDTests"/>
  <testcase name="testToBytes" time="0.000" classname="com.distrimind.util.tests.DecentralizedIDTests"/>
  <testcase name="testNotEquals" time="0.000" classname="com.distrimind.util.tests.DecentralizedIDTests"/>
  <testcase name="testToBytes" time="0.000" classname="com.distrimind.util.tests.DecentralizedIDTests"/>
  <testcase name="testToBytes" time="0.000" classname="com.distrimind.util.tests.DecentralizedIDTests"/>
  <testcase name="testNotEquals" time="0.000" classname="com.distrimind.util.tests.DecentralizedIDTests"/>
  <testcase name="testToBytes" time="0.000" classname="com.distrimind.util.tests.DecentralizedIDTests"/>
  <testcase name="testNotEquals" time="0.000" classname="com.distrimind.util.tests.DecentralizedIDTests"/>
  <testcase name="testNotEquals" time="0.001" classname="com.distrimind.util.tests.DecentralizedIDTests"/>
  <testcase name="testNotEquals" time="0.007" classname="com.distrimind.util.tests.DecentralizedIDTests"/>
  <testcase name="testNotEquals" time="0.000" classname="com.distrimind.util.tests.DecentralizedIDTests"/>
  <testcase name="testNotEquals" time="0.000" classname="com.distrimind.util.tests.DecentralizedIDTests"/>
  <testcase name="testToBytes" time="0.000" classname="com.distrimind.util.tests.DecentralizedIDTests"/>
  <testcase name="testToBytes" time="0.010" classname="com.distrimind.util.tests.DecentralizedIDTests"/>
  <testcase name="testToBytes" time="0.000" classname="com.distrimind.util.tests.DecentralizedIDTests"/>
  <testcase name="testToBytes" time="0.000" classname="com.distrimind.util.tests.DecentralizedIDTests"/>
  <testcase name="testToBytes" time="0.011" classname="com.distrimind.util.tests.DecentralizedIDTests"/>
  <testcase name="testToBytes" time="0.000" classname="com.distrimind.util.tests.DecentralizedIDTests"/>
  <testcase name="testNotEquals" time="0.000" classname="com.distrimind.util.tests.DecentralizedIDTests"/>
  <testcase name="testToBytes" time="0.000" classname="com.distrimind.util.tests.DecentralizedIDTests"/>
  <testcase name="testToBytes" time="0.000" classname="com.distrimind.util.tests.DecentralizedIDTests"/>
  <testcase name="testNotEquals" time="0.000" classname="com.distrimind.util.tests.DecentralizedIDTests"/>
  <testcase name="testNotEquals" time="0.001" classname="com.distrimind.util.tests.DecentralizedIDTests"/>
  <testcase name="testToBytes" time="0.000" classname="com.distrimind.util.tests.DecentralizedIDTests"/>
  <testcase name="testToBytes" time="0.000" classname="com.distrimind.util.tests.DecentralizedIDTests"/>
  <testcase name="testNotEquals" time="0.000" classname="com.distrimind.util.tests.DecentralizedIDTests"/>
  <testcase name="testNotEquals" time="0.000" classname="com.distrimind.util.tests.DecentralizedIDTests"/>
  <testcase name="testNotEquals" time="0.000" classname="com.distrimind.util.tests.DecentralizedIDTests"/>
  <testcase name="testToBytes" time="0.000" classname="com.distrimind.util.tests.DecentralizedIDTests"/>
  <testcase name="testToBytes" time="0.000" classname="com.distrimind.util.tests.DecentralizedIDTests"/>
  <testcase name="testNotEquals" time="0.000" classname="com.distrimind.util.tests.DecentralizedIDTests"/>
  <testcase name="testNotEquals" time="0.001" classname="com.distrimind.util.tests.DecentralizedIDTests"/>
  <testcase name="testNotEquals" time="0.000" classname="com.distrimind.util.tests.DecentralizedIDTests"/>
  <testcase name="testToBytes" time="0.000" classname="com.distrimind.util.tests.DecentralizedIDTests"/>
  <testcase name="testNotEquals" time="0.000" classname="com.distrimind.util.tests.DecentralizedIDTests"/>
  <testcase name="testNotEquals" time="0.012" classname="com.distrimind.util.tests.DecentralizedIDTests"/>
  <testcase name="testToBytes" time="0.000" classname="com.distrimind.util.tests.DecentralizedIDTests"/>
  <testcase name="testToBytes" time="0.000" classname="com.distrimind.util.tests.DecentralizedIDTests"/>
  <testcase name="testNotEquals" time="0.000" classname="com.distrimind.util.tests.DecentralizedIDTests"/>
  <testcase name="testNotEquals" time="0.000" classname="com.distrimind.util.tests.DecentralizedIDTests"/>
  <testcase name="testNotEquals" time="0.001" classname="com.distrimind.util.tests.DecentralizedIDTests"/>
  <testcase name="testNotEquals" time="0.001" classname="com.distrimind.util.tests.DecentralizedIDTests"/>
  <testcase name="testToBytes" time="0.000" classname="com.distrimind.util.tests.DecentralizedIDTests"/>
  <testcase name="testNotEquals" time="0.001" classname="com.distrimind.util.tests.DecentralizedIDTests"/>
  <testcase name="testNotEquals" time="0.000" classname="com.distrimind.util.tests.DecentralizedIDTests"/>
  <testcase name="testToBytes" time="0.011" classname="com.distrimind.util.tests.DecentralizedIDTests"/>
  <testcase name="testToBytes" time="0.000" classname="com.distrimind.util.tests.DecentralizedIDTests"/>
  <testcase name="testToBytes" time="0.000" classname="com.distrimind.util.tests.DecentralizedIDTests"/>
  <testcase name="testNotEquals" time="0.000" classname="com.distrimind.util.tests.DecentralizedIDTests"/>
  <testcase name="testToBytes" time="0.000" classname="com.distrimind.util.tests.DecentralizedIDTests"/>
  <testcase name="testToBytes" time="0.000" classname="com.distrimind.util.tests.DecentralizedIDTests"/>
  <testcase name="testNotEquals" time="0.000" classname="com.distrimind.util.tests.DecentralizedIDTests"/>
  <testcase name="testNotEquals" time="0.000" classname="com.distrimind.util.tests.DecentralizedIDTests"/>
  <testcase name="testToBytes" time="0.027" classname="com.distrimind.util.tests.DecentralizedIDTests"/>
  <testcase name="testToBytes" time="0.000" classname="com.distrimind.util.tests.DecentralizedIDTests"/>
  <testcase name="testNotEquals" time="0.000" classname="com.distrimind.util.tests.DecentralizedIDTests"/>
  <testcase name="testToBytes" time="0.000" classname="com.distrimind.util.tests.DecentralizedIDTests"/>
  <testcase name="testNotEquals" time="0.000" classname="com.distrimind.util.tests.DecentralizedIDTests"/>
  <testcase name="testNotEquals" time="0.000" classname="com.distrimind.util.tests.DecentralizedIDTests"/>
  <testcase name="testNotEquals" time="0.000" classname="com.distrimind.util.tests.DecentralizedIDTests"/>
  <testcase name="testToBytes" time="0.000" classname="com.distrimind.util.tests.DecentralizedIDTests"/>
  <testcase name="testNotEquals" time="0.000" classname="com.distrimind.util.tests.DecentralizedIDTests"/>
  <testcase name="testNotEquals" time="0.000" classname="com.distrimind.util.tests.DecentralizedIDTests"/>
  <testcase name="testNotEquals" time="0.000" classname="com.distrimind.util.tests.DecentralizedIDTests"/>
  <testcase name="testNotEquals" time="0.020" classname="com.distrimind.util.tests.DecentralizedIDTests"/>
  <testcase name="testToBytes" time="0.010" classname="com.distrimind.util.tests.DecentralizedIDTests"/>
  <testcase name="testToBytes" time="0.001" classname="com.distrimind.util.tests.DecentralizedIDTests"/>
  <testcase name="testNotEquals" time="0.000" classname="com.distrimind.util.tests.DecentralizedIDTests"/>
  <testcase name="testNotEquals" time="0.001" classname="com.distrimind.util.tests.DecentralizedIDTests"/>
  <testcase name="testToBytes" time="0.001" classname="com.distrimind.util.tests.DecentralizedIDTests"/>
  <testcase name="testToBytes" time="0.000" classname="com.distrimind.util.tests.DecentralizedIDTests"/>
  <testcase name="testToBytes" time="0.000" classname="com.distrimind.util.tests.DecentralizedIDTests"/>
  <testcase name="testToBytes" time="0.000" classname="com.distrimind.util.tests.DecentralizedIDTests"/>
  <testcase name="testNotEquals" time="0.000" classname="com.distrimind.util.tests.DecentralizedIDTests"/>
  <testcase name="testToBytes" time="0.000" classname="com.distrimind.util.tests.DecentralizedIDTests"/>
  <testcase name="testNotEquals" time="0.000" classname="com.distrimind.util.tests.DecentralizedIDTests"/>
  <testcase name="testNotEquals" time="0.000" classname="com.distrimind.util.tests.DecentralizedIDTests"/>
  <testcase name="testNotEquals" time="0.000" classname="com.distrimind.util.tests.DecentralizedIDTests"/>
  <testcase name="testToBytes" time="0.000" classname="com.distrimind.util.tests.DecentralizedIDTests"/>
  <testcase name="testToBytes" time="0.000" classname="com.distrimind.util.tests.DecentralizedIDTests"/>
  <testcase name="testToBytes" time="0.000" classname="com.distrimind.util.tests.DecentralizedIDTests"/>
  <testcase name="testToBytes" time="0.000" classname="com.distrimind.util.tests.DecentralizedIDTests"/>
  <testcase name="testToBytes" time="0.000" classname="com.distrimind.util.tests.DecentralizedIDTests"/>
  <testcase name="testToBytes" time="0.000" classname="com.distrimind.util.tests.DecentralizedIDTests"/>
  <testcase name="testNotEquals" time="0.000" classname="com.distrimind.util.tests.DecentralizedIDTests"/>
  <testcase name="testToBytes" time="0.000" classname="com.distrimind.util.tests.DecentralizedIDTests"/>
  <testcase name="testNotEquals" time="0.000" classname="com.distrimind.util.tests.DecentralizedIDTests"/>
  <testcase name="testToBytes" time="0.000" classname="com.distrimind.util.tests.DecentralizedIDTests"/>
  <testcase name="testNotEquals" time="0.005" classname="com.distrimind.util.tests.DecentralizedIDTests"/>
  <testcase name="testToBytes" time="0.001" classname="com.distrimind.util.tests.DecentralizedIDTests"/>
  <testcase name="testNotEquals" time="0.000" classname="com.distrimind.util.tests.DecentralizedIDTests"/>
  <testcase name="testNotEquals" time="0.000" classname="com.distrimind.util.tests.DecentralizedIDTests"/>
  <testcase name="testToBytes" time="0.000" classname="com.distrimind.util.tests.DecentralizedIDTests"/>
  <testcase name="testToBytes" time="0.000" classname="com.distrimind.util.tests.DecentralizedIDTests"/>
  <testcase name="testNotEquals" time="0.000" classname="com.distrimind.util.tests.DecentralizedIDTests"/>
  <testcase name="testToBytes" time="0.000" classname="com.distrimind.util.tests.DecentralizedIDTests"/>
  <testcase name="testNotEquals" time="0.001" classname="com.distrimind.util.tests.DecentralizedIDTests"/>
  <testcase name="testNotEquals" time="0.000" classname="com.distrimind.util.tests.DecentralizedIDTests"/>
  <testcase name="testToBytes" time="0.000" classname="com.distrimind.util.tests.DecentralizedIDTests"/>
  <testcase name="testNotEquals" time="0.000" classname="com.distrimind.util.tests.DecentralizedIDTests"/>
  <testcase name="testToBytes" time="0.001" classname="com.distrimind.util.tests.DecentralizedIDTests"/>
  <testcase name="testToBytes" time="0.000" classname="com.distrimind.util.tests.DecentralizedIDTests"/>
  <testcase name="testNotEquals" time="0.000" classname="com.distrimind.util.tests.DecentralizedIDTests"/>
  <testcase name="testNotEquals" time="0.001" classname="com.distrimind.util.tests.DecentralizedIDTests"/>
  <testcase name="testToBytes" time="0.000" classname="com.distrimind.util.tests.DecentralizedIDTests"/>
  <testcase name="testNotEquals" time="0.000" classname="com.distrimind.util.tests.DecentralizedIDTests"/>
  <testcase name="testNotEquals" time="0.000" classname="com.distrimind.util.tests.DecentralizedIDTests"/>
  <testcase name="testNotEquals" time="0.000" classname="com.distrimind.util.tests.DecentralizedIDTests"/>
  <testcase name="testNotEquals" time="0.007" classname="com.distrimind.util.tests.DecentralizedIDTests"/>
  <testcase name="testNotEquals" time="0.000" classname="com.distrimind.util.tests.DecentralizedIDTests"/>
  <testcase name="testNotEquals" time="0.000" classname="com.distrimind.util.tests.DecentralizedIDTests"/>
  <testcase name="testDecentralizedID" time="0.671" classname="com.distrimind.util.tests.DecentralizedIDTests"/>
  <testcase name="testToBytes" time="0.000" classname="com.distrimind.util.tests.DecentralizedIDTests"/>
  <testcase name="testNotEquals" time="0.000" classname="com.distrimind.util.tests.DecentralizedIDTests"/>
  <testcase name="testToBytes" time="0.000" classname="com.distrimind.util.tests.DecentralizedIDTests"/>
  <testcase name="testToBytes" time="0.000" classname="com.distrimind.util.tests.DecentralizedIDTests"/>
  <testcase name="testToBytes" time="0.000" classname="com.distrimind.util.tests.DecentralizedIDTests"/>
  <testcase name="testToBytes" time="0.000" classname="com.distrimind.util.tests.DecentralizedIDTests"/>
  <testcase name="testToBytes" time="0.001" classname="com.distrimind.util.tests.DecentralizedIDTests"/>
  <testcase name="testToBytes" time="0.000" classname="com.distrimind.util.tests.DecentralizedIDTests"/>
  <testcase name="testToBytes" time="0.000" classname="com.distrimind.util.tests.DecentralizedIDTests"/>
  <testcase name="testNotEquals" time="0.000" classname="com.distrimind.util.tests.DecentralizedIDTests"/>
  <testcase name="testToBytes" time="0.000" classname="com.distrimind.util.tests.DecentralizedIDTests"/>
  <testcase name="testNotEquals" time="0.000" classname="com.distrimind.util.tests.DecentralizedIDTests"/>
  <testcase name="testNotEquals" time="0.000" classname="com.distrimind.util.tests.DecentralizedIDTests"/>
  <testcase name="testNotEquals" time="0.000" classname="com.distrimind.util.tests.DecentralizedIDTests"/>
  <testcase name="testToBytes" time="0.000" classname="com.distrimind.util.tests.DecentralizedIDTests"/>
  <testcase name="testToBytes" time="0.000" classname="com.distrimind.util.tests.DecentralizedIDTests"/>
  <testcase name="testToBytes" time="0.000" classname="com.distrimind.util.tests.DecentralizedIDTests"/>
  <testcase name="testNotEquals" time="0.000" classname="com.distrimind.util.tests.DecentralizedIDTests"/>
  <testcase name="testToBytes" time="0.000" classname="com.distrimind.util.tests.DecentralizedIDTests"/>
  <testcase name="testNotEquals" time="0.000" classname="com.distrimind.util.tests.DecentralizedIDTests"/>
  <testcase name="testToBytes" time="0.000" classname="com.distrimind.util.tests.DecentralizedIDTests"/>
  <testcase name="testNotEquals" time="0.000" classname="com.distrimind.util.tests.DecentralizedIDTests"/>
  <testcase name="testNotEquals" time="0.000" classname="com.distrimind.util.tests.DecentralizedIDTests"/>
  <testcase name="testToBytes" time="0.000" classname="com.distrimind.util.tests.DecentralizedIDTests"/>
  <testcase name="testNotEquals" time="0.000" classname="com.distrimind.util.tests.DecentralizedIDTests"/>
  <testcase name="testNotEquals" time="0.000" classname="com.distrimind.util.tests.DecentralizedIDTests"/>
  <testcase name="testToBytes" time="0.000" classname="com.distrimind.util.tests.DecentralizedIDTests"/>
  <testcase name="testNotEquals" time="0.000" classname="com.distrimind.util.tests.DecentralizedIDTests"/>
  <testcase name="testNotEquals" time="0.000" classname="com.distrimind.util.tests.DecentralizedIDTests"/>
  <testcase name="testToBytes" time="0.000" classname="com.distrimind.util.tests.DecentralizedIDTests"/>
  <testcase name="testNotEquals" time="0.000" classname="com.distrimind.util.tests.DecentralizedIDTests"/>
  <testcase name="testToBytes" time="0.000" classname="com.distrimind.util.tests.DecentralizedIDTests"/>
  <testcase name="testNotEquals" time="0.000" classname="com.distrimind.util.tests.DecentralizedIDTests"/>
  <testcase name="testToBytes" time="0.000" classname="com.distrimind.util.tests.DecentralizedIDTests"/>
  <testcase name="testNotEquals" time="0.021" classname="com.distrimind.util.tests.DecentralizedIDTests"/>
  <testcase name="testToBytes" time="0.000" classname="com.distrimind.util.tests.DecentralizedIDTests"/>
  <testcase name="testToBytes" time="0.000" classname="com.distrimind.util.tests.DecentralizedIDTests"/>
  <testcase name="testNotEquals" time="0.000" classname="com.distrimind.util.tests.DecentralizedIDTests"/>
  <testcase name="testNotEquals" time="0.004" classname="com.distrimind.util.tests.DecentralizedIDTests"/>
  <testcase name="testNotEquals" time="0.001" classname="com.distrimind.util.tests.DecentralizedIDTests"/>
  <testcase name="testToBytes" time="0.000" classname="com.distrimind.util.tests.DecentralizedIDTests"/>
  <testcase name="testNotEquals" time="0.000" classname="com.distrimind.util.tests.DecentralizedIDTests"/>
  <testcase name="testNotEquals" time="0.000" classname="com.distrimind.util.tests.DecentralizedIDTests"/>
  <testcase name="testNotEquals" time="0.000" classname="com.distrimind.util.tests.DecentralizedIDTests"/>
  <testcase name="testNotEquals" time="0.001" classname="com.distrimind.util.tests.DecentralizedIDTests"/>
  <testcase name="testNotEquals" time="0.000" classname="com.distrimind.util.tests.DecentralizedIDTests"/>
  <testcase name="testToBytes" time="0.000" classname="com.distrimind.util.tests.DecentralizedIDTests"/>
  <testcase name="testToBytes" time="0.000" classname="com.distrimind.util.tests.DecentralizedIDTests"/>
  <testcase name="testNotEquals" time="0.000" classname="com.distrimind.util.tests.DecentralizedIDTests"/>
  <testcase name="testNotEquals" time="0.001" classname="com.distrimind.util.tests.DecentralizedIDTests"/>
  <testcase name="testToBytes" time="0.000" classname="com.distrimind.util.tests.DecentralizedIDTests"/>
  <testcase name="testNotEquals" time="0.000" classname="com.distrimind.util.tests.DecentralizedIDTests"/>
  <testcase name="testToBytes" time="0.000" classname="com.distrimind.util.tests.DecentralizedIDTests"/>
  <testcase name="testNotEquals" time="0.000" classname="com.distrimind.util.tests.DecentralizedIDTests"/>
  <testcase name="testToBytes" time="0.000" classname="com.distrimind.util.tests.DecentralizedIDTests"/>
  <testcase name="testToBytes" time="0.000" classname="com.distrimind.util.tests.DecentralizedIDTests"/>
  <testcase name="testNotEquals" time="0.000" classname="com.distrimind.util.tests.DecentralizedIDTests"/>
  <testcase name="testToBytes" time="0.000" classname="com.distrimind.util.tests.DecentralizedIDTests"/>
  <testcase name="testToBytes" time="0.000" classname="com.distrimind.util.tests.DecentralizedIDTests"/>
  <testcase name="testToBytes" time="0.000" classname="com.distrimind.util.tests.DecentralizedIDTests"/>
  <testcase name="testToBytes" time="0.000" classname="com.distrimind.util.tests.DecentralizedIDTests"/>
  <testcase name="testToBytes" time="0.000" classname="com.distrimind.util.tests.DecentralizedIDTests"/>
  <testcase name="testNotEquals" time="0.000" classname="com.distrimind.util.tests.DecentralizedIDTests"/>
  <testcase name="testNotEquals" time="0.000" classname="com.distrimind.util.tests.DecentralizedIDTests"/>
  <testcase name="testToBytes" time="0.000" classname="com.distrimind.util.tests.DecentralizedIDTests"/>
  <testcase name="testNotEquals" time="0.006" classname="com.distrimind.util.tests.DecentralizedIDTests"/>
  <testcase name="testNotEquals" time="0.000" classname="com.distrimind.util.tests.DecentralizedIDTests"/>
  <testcase name="testNotEquals" time="0.000" classname="com.distrimind.util.tests.DecentralizedIDTests"/>
  <testcase name="testToBytes" time="0.000" classname="com.distrimind.util.tests.DecentralizedIDTests"/>
  <testcase name="testNotEquals" time="0.000" classname="com.distrimind.util.tests.DecentralizedIDTests"/>
  <testcase name="testNotEquals" time="0.001" classname="com.distrimind.util.tests.DecentralizedIDTests"/>
  <testcase name="testToBytes" time="0.000" classname="com.distrimind.util.tests.DecentralizedIDTests"/>
  <testcase name="testToBytes" time="0.000" classname="com.distrimind.util.tests.DecentralizedIDTests"/>
  <testcase name="testNotEquals" time="0.000" classname="com.distrimind.util.tests.DecentralizedIDTests"/>
  <testcase name="testToBytes" time="0.029" classname="com.distrimind.util.tests.DecentralizedIDTests"/>
  <testcase name="testToBytes" time="0.000" classname="com.distrimind.util.tests.DecentralizedIDTests"/>
  <testcase name="testNotEquals" time="0.000" classname="com.distrimind.util.tests.DecentralizedIDTests"/>
  <testcase name="testNotEquals" time="0.010" classname="com.distrimind.util.tests.DecentralizedIDTests"/>
  <testcase name="testNotEquals" time="0.000" classname="com.distrimind.util.tests.DecentralizedIDTests"/>
  <testcase name="testToBytes" time="0.077" classname="com.distrimind.util.tests.DecentralizedIDTests"/>
  <testcase name="testToBytes" time="0.000" classname="com.distrimind.util.tests.DecentralizedIDTests"/>
  <testcase name="testToBytes" time="0.000" classname="com.distrimind.util.tests.DecentralizedIDTests"/>
  <testcase name="testToBytes" time="0.000" classname="com.distrimind.util.tests.DecentralizedIDTests"/>
  <testcase name="testNotEquals" time="0.001" classname="com.distrimind.util.tests.DecentralizedIDTests"/>
  <testcase name="testNotEquals" time="0.001" classname="com.distrimind.util.tests.DecentralizedIDTests"/>
  <testcase name="testNotEquals" time="0.001" classname="com.distrimind.util.tests.DecentralizedIDTests"/>
  <testcase name="testToBytes" time="0.000" classname="com.distrimind.util.tests.DecentralizedIDTests"/>
  <testcase name="testToBytes" time="0.004" classname="com.distrimind.util.tests.DecentralizedIDTests"/>
  <testcase name="testToBytes" time="0.000" classname="com.distrimind.util.tests.DecentralizedIDTests"/>
  <testcase name="testNotEquals" time="0.000" classname="com.distrimind.util.tests.DecentralizedIDTests"/>
  <testcase name="testNotEquals" time="0.005" classname="com.distrimind.util.tests.DecentralizedIDTests"/>
  <testcase name="testNotEquals" time="0.000" classname="com.distrimind.util.tests.DecentralizedIDTests"/>
  <testcase name="testNotEquals" time="0.015" classname="com.distrimind.util.tests.DecentralizedIDTests"/>
  <testcase name="testNotEquals" time="0.000" classname="com.distrimind.util.tests.DecentralizedIDTests"/>
  <testcase name="testToBytes" time="0.011" classname="com.distrimind.util.tests.DecentralizedIDTests"/>
  <testcase name="testNotEquals" time="0.000" classname="com.distrimind.util.tests.DecentralizedIDTests"/>
  <testcase name="testNotEquals" time="0.000" classname="com.distrimind.util.tests.DecentralizedIDTests"/>
  <testcase name="testToBytes" time="0.000" classname="com.distrimind.util.tests.DecentralizedIDTests"/>
  <testcase name="testNotEquals" time="0.000" classname="com.distrimind.util.tests.DecentralizedIDTests"/>
  <testcase name="testToBytes" time="0.000" classname="com.distrimind.util.tests.DecentralizedIDTests"/>
  <testcase name="testNotEquals" time="0.001" classname="com.distrimind.util.tests.DecentralizedIDTests"/>
  <testcase name="testNotEquals" time="0.000" classname="com.distrimind.util.tests.DecentralizedIDTests"/>
  <testcase name="testNotEquals" time="0.000" classname="com.distrimind.util.tests.DecentralizedIDTests"/>
  <testcase name="testNotEquals" time="0.001" classname="com.distrimind.util.tests.DecentralizedIDTests"/>
  <testcase name="testToBytes" time="0.000" classname="com.distrimind.util.tests.DecentralizedIDTests"/>
  <testcase name="testToBytes" time="0.000" classname="com.distrimind.util.tests.DecentralizedIDTests"/>
  <testcase name="testToBytes" time="0.000" classname="com.distrimind.util.tests.DecentralizedIDTests"/>
  <testcase name="testToBytes" time="0.011" classname="com.distrimind.util.tests.DecentralizedIDTests"/>
  <testcase name="testToBytes" time="0.000" classname="com.distrimind.util.tests.DecentralizedIDTests"/>
  <testcase name="testNotEquals" time="0.000" classname="com.distrimind.util.tests.DecentralizedIDTests"/>
  <testcase name="testToBytes" time="0.000" classname="com.distrimind.util.tests.DecentralizedIDTests"/>
  <testcase name="testNotEquals" time="0.000" classname="com.distrimind.util.tests.DecentralizedIDTests"/>
  <testcase name="testToBytes" time="0.000" classname="com.distrimind.util.tests.DecentralizedIDTests"/>
  <testcase name="testToBytes" time="0.000" classname="com.distrimind.util.tests.DecentralizedIDTests"/>
  <testcase name="testNotEquals" time="0.000" classname="com.distrimind.util.tests.DecentralizedIDTests"/>
  <testcase name="testNotEquals" time="0.000" classname="com.distrimind.util.tests.DecentralizedIDTests"/>
  <testcase name="testToBytes" time="0.000" classname="com.distrimind.util.tests.DecentralizedIDTests"/>
  <testcase name="testToBytes" time="0.000" classname="com.distrimind.util.tests.DecentralizedIDTests"/>
  <testcase name="testNotEquals" time="0.001" classname="com.distrimind.util.tests.DecentralizedIDTests"/>
  <testcase name="testToBytes" time="0.001" classname="com.distrimind.util.tests.DecentralizedIDTests"/>
  <testcase name="testNotEquals" time="0.000" classname="com.distrimind.util.tests.DecentralizedIDTests"/>
  <testcase name="testNotEquals" time="0.005" classname="com.distrimind.util.tests.DecentralizedIDTests"/>
  <testcase name="testToBytes" time="0.000" classname="com.distrimind.util.tests.DecentralizedIDTests"/>
  <testcase name="testToBytes" time="0.000" classname="com.distrimind.util.tests.DecentralizedIDTests"/>
  <testcase name="testToBytes" time="0.000" classname="com.distrimind.util.tests.DecentralizedIDTests"/>
  <testcase name="testNotEquals" time="0.012" classname="com.distrimind.util.tests.DecentralizedIDTests"/>
  <testcase name="testToBytes" time="0.000" classname="com.distrimind.util.tests.DecentralizedIDTests"/>
  <testcase name="testNotEquals" time="0.000" classname="com.distrimind.util.tests.DecentralizedIDTests"/>
  <testcase name="testNotEquals" time="0.000" classname="com.distrimind.util.tests.DecentralizedIDTests"/>
  <testcase name="testNotEquals" time="0.001" classname="com.distrimind.util.tests.DecentralizedIDTests"/>
  <testcase name="testToBytes" time="0.000" classname="com.distrimind.util.tests.DecentralizedIDTests"/>
  <testcase name="testNotEquals" time="0.000" classname="com.distrimind.util.tests.DecentralizedIDTests"/>
  <testcase name="testNotEquals" time="0.000" classname="com.distrimind.util.tests.DecentralizedIDTests"/>
  <testcase name="testToBytes" time="0.000" classname="com.distrimind.util.tests.DecentralizedIDTests"/>
  <testcase name="testNotEquals" time="0.000" classname="com.distrimind.util.tests.DecentralizedIDTests"/>
  <testcase name="testNotEquals" time="0.000" classname="com.distrimind.util.tests.DecentralizedIDTests"/>
  <testcase name="testToBytes" time="0.000" classname="com.distrimind.util.tests.DecentralizedIDTests"/>
  <testcase name="testToBytes" time="0.000" classname="com.distrimind.util.tests.DecentralizedIDTests"/>
  <testcase name="testToBytes" time="0.000" classname="com.distrimind.util.tests.DecentralizedIDTests"/>
  <testcase name="testToBytes" time="0.000" classname="com.distrimind.util.tests.DecentralizedIDTests"/>
  <testcase name="testNotEquals" time="0.000" classname="com.distrimind.util.tests.DecentralizedIDTests"/>
  <testcase name="testNotEquals" time="0.000" classname="com.distrimind.util.tests.DecentralizedIDTests"/>
  <testcase name="testNotEquals" time="0.003" classname="com.distrimind.util.tests.DecentralizedIDTests"/>
  <testcase name="testNotEquals" time="0.000" classname="com.distrimind.util.tests.DecentralizedIDTests"/>
  <testcase name="testToBytes" time="0.000" classname="com.distrimind.util.tests.DecentralizedIDTests"/>
  <testcase name="testNotEquals" time="0.000" classname="com.distrimind.util.tests.DecentralizedIDTests"/>
  <testcase name="testNotEquals" time="0.000" classname="com.distrimind.util.tests.DecentralizedIDTests"/>
  <testcase name="testToBytes" time="0.000" classname="com.distrimind.util.tests.DecentralizedIDTests"/>
  <testcase name="testNotEquals" time="0.000" classname="com.distrimind.util.tests.DecentralizedIDTests"/>
  <testcase name="testNotEquals" time="0.000" classname="com.distrimind.util.tests.DecentralizedIDTests"/>
  <testcase name="testToBytes" time="0.000" classname="com.distrimind.util.tests.DecentralizedIDTests"/>
  <testcase name="testNotEquals" time="0.004" classname="com.distrimind.util.tests.DecentralizedIDTests"/>
  <testcase name="testNotEquals" time="0.000" classname="com.distrimind.util.tests.DecentralizedIDTests"/>
  <testcase name="testNotEquals" time="0.000" classname="com.distrimind.util.tests.DecentralizedIDTests"/>
  <testcase name="testNotEquals" time="0.000" classname="com.distrimind.util.tests.DecentralizedIDTests"/>
  <testcase name="testToBytes" time="0.000" classname="com.distrimind.util.tests.DecentralizedIDTests"/>
  <testcase name="testNotEquals" time="0.000" classname="com.distrimind.util.tests.DecentralizedIDTests"/>
  <testcase name="testNotEquals" time="0.006" classname="com.distrimind.util.tests.DecentralizedIDTests"/>
  <testcase name="testNotEquals" time="0.000" classname="com.distrimind.util.tests.DecentralizedIDTests"/>
  <testcase name="testNotEquals" time="0.000" classname="com.distrimind.util.tests.DecentralizedIDTests"/>
  <testcase name="testNotEquals" time="0.000" classname="com.distrimind.util.tests.DecentralizedIDTests"/>
  <testcase name="testToBytes" time="0.000" classname="com.distrimind.util.tests.DecentralizedIDTests"/>
  <testcase name="testNotEquals" time="0.001" classname="com.distrimind.util.tests.DecentralizedIDTests"/>
  <testcase name="testNotEquals" time="0.001" classname="com.distrimind.util.tests.DecentralizedIDTests"/>
  <testcase name="testNotEquals" time="0.000" classname="com.distrimind.util.tests.DecentralizedIDTests"/>
  <testcase name="testNotEquals" time="0.000" classname="com.distrimind.util.tests.DecentralizedIDTests"/>
  <testcase name="testToBytes" time="0.000" classname="com.distrimind.util.tests.DecentralizedIDTests"/>
  <testcase name="testToBytes" time="0.000" classname="com.distrimind.util.tests.DecentralizedIDTests"/>
  <testcase name="testToBytes" time="0.000" classname="com.distrimind.util.tests.DecentralizedIDTests"/>
  <testcase name="testNotEquals" time="0.000" classname="com.distrimind.util.tests.DecentralizedIDTests"/>
  <testcase name="testNotEquals" time="0.000" classname="com.distrimind.util.tests.DecentralizedIDTests"/>
  <testcase name="testNotEquals" time="0.000" classname="com.distrimind.util.tests.DecentralizedIDTests"/>
  <testcase name="testNotEquals" time="0.000" classname="com.distrimind.util.tests.DecentralizedIDTests"/>
  <testcase name="testToBytes" time="0.000" classname="com.distrimind.util.tests.DecentralizedIDTests"/>
  <testcase name="testNotEquals" time="0.000" classname="com.distrimind.util.tests.DecentralizedIDTests"/>
  <testcase name="testToBytes" time="0.000" classname="com.distrimind.util.tests.DecentralizedIDTests"/>
  <testcase name="testNotEquals" time="0.000" classname="com.distrimind.util.tests.DecentralizedIDTests"/>
  <testcase name="testNotEquals" time="0.000" classname="com.distrimind.util.tests.DecentralizedIDTests"/>
  <testcase name="testToBytes" time="0.000" classname="com.distrimind.util.tests.DecentralizedIDTests"/>
  <testcase name="testToBytes" time="0.000" classname="com.distrimind.util.tests.DecentralizedIDTests"/>
  <testcase name="testNotEquals" time="0.000" classname="com.distrimind.util.tests.DecentralizedIDTests"/>
  <testcase name="testToBytes" time="0.000" classname="com.distrimind.util.tests.DecentralizedIDTests"/>
  <testcase name="testNotEquals" time="0.001" classname="com.distrimind.util.tests.DecentralizedIDTests"/>
  <testcase name="testToBytes" time="0.046" classname="com.distrimind.util.tests.DecentralizedIDTests"/>
  <testcase name="testNotEquals" time="0.000" classname="com.distrimind.util.tests.DecentralizedIDTests"/>
  <testcase name="testNotEquals" time="0.000" classname="com.distrimind.util.tests.DecentralizedIDTests"/>
  <testcase name="testToBytes" time="0.000" classname="com.distrimind.util.tests.DecentralizedIDTests"/>
  <testcase name="testToBytes" time="0.001" classname="com.distrimind.util.tests.DecentralizedIDTests"/>
  <testcase name="testNotEquals" time="0.000" classname="com.distrimind.util.tests.DecentralizedIDTests"/>
  <testcase name="testToBytes" time="0.000" classname="com.distrimind.util.tests.DecentralizedIDTests"/>
  <testcase name="testNotEquals" time="0.000" classname="com.distrimind.util.tests.DecentralizedIDTests"/>
  <testcase name="testToBytes" time="0.000" classname="com.distrimind.util.tests.DecentralizedIDTests"/>
  <testcase name="testToBytes" time="0.000" classname="com.distrimind.util.tests.DecentralizedIDTests"/>
  <testcase name="testNotEquals" time="0.000" classname="com.distrimind.util.tests.DecentralizedIDTests"/>
  <testcase name="testToBytes" time="0.000" classname="com.distrimind.util.tests.DecentralizedIDTests"/>
  <testcase name="testNotEquals" time="0.002" classname="com.distrimind.util.tests.DecentralizedIDTests"/>
  <testcase name="testToBytes" time="0.000" classname="com.distrimind.util.tests.DecentralizedIDTests"/>
  <testcase name="testToBytes" time="0.000" classname="com.distrimind.util.tests.DecentralizedIDTests"/>
  <testcase name="testToBytes" time="0.000" classname="com.distrimind.util.tests.DecentralizedIDTests"/>
  <testcase name="testToBytes" time="0.000" classname="com.distrimind.util.tests.DecentralizedIDTests"/>
  <testcase name="testNotEquals" time="0.000" classname="com.distrimind.util.tests.DecentralizedIDTests"/>
  <testcase name="testNotEquals" time="0.000" classname="com.distrimind.util.tests.DecentralizedIDTests"/>
  <testcase name="testToBytes" time="0.000" classname="com.distrimind.util.tests.DecentralizedIDTests"/>
  <testcase name="testNotEquals" time="0.001" classname="com.distrimind.util.tests.DecentralizedIDTests"/>
  <testcase name="testToBytes" time="0.000" classname="com.distrimind.util.tests.DecentralizedIDTests"/>
  <testcase name="testNotEquals" time="0.000" classname="com.distrimind.util.tests.DecentralizedIDTests"/>
  <testcase name="testNotEquals" time="0.007" classname="com.distrimind.util.tests.DecentralizedIDTests"/>
  <testcase name="testToBytes" time="0.000" classname="com.distrimind.util.tests.DecentralizedIDTests"/>
  <testcase name="testNotEquals" time="0.006" classname="com.distrimind.util.tests.DecentralizedIDTests"/>
  <testcase name="testToBytes" time="0.000" classname="com.distrimind.util.tests.DecentralizedIDTests"/>
  <testcase name="testToBytes" time="0.000" classname="com.distrimind.util.tests.DecentralizedIDTests"/>
  <testcase name="testNotEquals" time="0.000" classname="com.distrimind.util.tests.DecentralizedIDTests"/>
  <testcase name="testToBytes" time="0.000" classname="com.distrimind.util.tests.DecentralizedIDTests"/>
  <testcase name="testToBytes" time="0.000" classname="com.distrimind.util.tests.DecentralizedIDTests"/>
  <testcase name="testNotEquals" time="0.000" classname="com.distrimind.util.tests.DecentralizedIDTests"/>
  <testcase name="testToBytes" time="0.000" classname="com.distrimind.util.tests.DecentralizedIDTests"/>
  <testcase name="testNotEquals" time="0.005" classname="com.distrimind.util.tests.DecentralizedIDTests"/>
  <testcase name="testNotEquals" time="0.001" classname="com.distrimind.util.tests.DecentralizedIDTests"/>
  <testcase name="testToBytes" time="0.001" classname="com.distrimind.util.tests.DecentralizedIDTests"/>
  <testcase name="testNotEquals" time="0.000" classname="com.distrimind.util.tests.DecentralizedIDTests"/>
  <testcase name="testNotEquals" time="0.000" classname="com.distrimind.util.tests.DecentralizedIDTests"/>
  <testcase name="testToBytes" time="0.000" classname="com.distrimind.util.tests.DecentralizedIDTests"/>
  <testcase name="testNotEquals" time="0.000" classname="com.distrimind.util.tests.DecentralizedIDTests"/>
  <testcase name="testToBytes" time="0.000" classname="com.distrimind.util.tests.DecentralizedIDTests"/>
  <testcase name="testNotEquals" time="0.020" classname="com.distrimind.util.tests.DecentralizedIDTests"/>
  <testcase name="testNotEquals" time="0.000" classname="com.distrimind.util.tests.DecentralizedIDTests"/>
  <testcase name="testNotEquals" time="0.000" classname="com.distrimind.util.tests.DecentralizedIDTests"/>
  <testcase name="testToBytes" time="0.000" classname="com.distrimind.util.tests.DecentralizedIDTests"/>
  <testcase name="testNotEquals" time="0.000" classname="com.distrimind.util.tests.DecentralizedIDTests"/>
  <testcase name="testNotEquals" time="0.000" classname="com.distrimind.util.tests.DecentralizedIDTests"/>
  <testcase name="testToBytes" time="0.000" classname="com.distrimind.util.tests.DecentralizedIDTests"/>
  <testcase name="testNotEquals" time="0.000" classname="com.distrimind.util.tests.DecentralizedIDTests"/>
  <testcase name="testToBytes" time="0.000" classname="com.distrimind.util.tests.DecentralizedIDTests"/>
  <testcase name="testToBytes" time="0.000" classname="com.distrimind.util.tests.DecentralizedIDTests"/>
  <testcase name="testToBytes" time="0.000" classname="com.distrimind.util.tests.DecentralizedIDTests"/>
  <testcase name="testToBytes" time="0.000" classname="com.distrimind.util.tests.DecentralizedIDTests"/>
  <testcase name="testToBytes" time="0.000" classname="com.distrimind.util.tests.DecentralizedIDTests"/>
  <testcase name="testToBytes" time="0.000" classname="com.distrimind.util.tests.DecentralizedIDTests"/>
  <testcase name="testNotEquals" time="0.000" classname="com.distrimind.util.tests.DecentralizedIDTests"/>
  <testcase name="testNotEquals" time="0.000" classname="com.distrimind.util.tests.DecentralizedIDTests"/>
  <testcase name="testNotEquals" time="0.000" classname="com.distrimind.util.tests.DecentralizedIDTests"/>
  <testcase name="testNotEquals" time="0.000" classname="com.distrimind.util.tests.DecentralizedIDTests"/>
  <testcase name="testToBytes" time="0.000" classname="com.distrimind.util.tests.DecentralizedIDTests"/>
  <testcase name="testToBytes" time="0.000" classname="com.distrimind.util.tests.DecentralizedIDTests"/>
  <testcase name="testNotEquals" time="0.000" classname="com.distrimind.util.tests.DecentralizedIDTests"/>
  <testcase name="testNotEquals" time="0.000" classname="com.distrimind.util.tests.DecentralizedIDTests"/>
  <testcase name="testNotEquals" time="0.000" classname="com.distrimind.util.tests.DecentralizedIDTests"/>
  <testcase name="testToBytes" time="0.000" classname="com.distrimind.util.tests.DecentralizedIDTests"/>
  <testcase name="testToBytes" time="0.000" classname="com.distrimind.util.tests.DecentralizedIDTests"/>
  <testcase name="testToBytes" time="0.001" classname="com.distrimind.util.tests.DecentralizedIDTests"/>
  <testcase name="testToBytes" time="0.000" classname="com.distrimind.util.tests.DecentralizedIDTests"/>
  <testcase name="testNotEquals" time="0.000" classname="com.distrimind.util.tests.DecentralizedIDTests"/>
  <testcase name="testToBytes" time="0.000" classname="com.distrimind.util.tests.DecentralizedIDTests"/>
  <testcase name="testToBytes" time="0.000" classname="com.distrimind.util.tests.DecentralizedIDTests"/>
  <testcase name="testNotEquals" time="0.000" classname="com.distrimind.util.tests.DecentralizedIDTests"/>
  <testcase name="testToBytes" time="0.000" classname="com.distrimind.util.tests.DecentralizedIDTests"/>
  <testcase name="testToBytes" time="0.000" classname="com.distrimind.util.tests.DecentralizedIDTests"/>
  <testcase name="testNotEquals" time="0.001" classname="com.distrimind.util.tests.DecentralizedIDTests"/>
  <testcase name="testToBytes" time="0.000" classname="com.distrimind.util.tests.DecentralizedIDTests"/>
  <testcase name="testNotEquals" time="0.000" classname="com.distrimind.util.tests.DecentralizedIDTests"/>
  <testcase name="testNotEquals" time="0.000" classname="com.distrimind.util.tests.DecentralizedIDTests"/>
  <testcase name="testToBytes" time="0.000" classname="com.distrimind.util.tests.DecentralizedIDTests"/>
  <testcase name="testNotEquals" time="0.000" classname="com.distrimind.util.tests.DecentralizedIDTests"/>
  <testcase name="testToBytes" time="0.000" classname="com.distrimind.util.tests.DecentralizedIDTests"/>
  <testcase name="testNotEquals" time="0.000" classname="com.distrimind.util.tests.DecentralizedIDTests"/>
  <testcase name="testToBytes" time="0.000" classname="com.distrimind.util.tests.DecentralizedIDTests"/>
  <testcase name="testToBytes" time="0.028" classname="com.distrimind.util.tests.DecentralizedIDTests"/>
  <testcase name="testToBytes" time="0.000" classname="com.distrimind.util.tests.DecentralizedIDTests"/>
  <testcase name="testToBytes" time="0.000" classname="com.distrimind.util.tests.DecentralizedIDTests"/>
  <testcase name="testToBytes" time="0.000" classname="com.distrimind.util.tests.DecentralizedIDTests"/>
  <testcase name="testNotEquals" time="0.000" classname="com.distrimind.util.tests.DecentralizedIDTests"/>
  <testcase name="testToBytes" time="0.000" classname="com.distrimind.util.tests.DecentralizedIDTests"/>
  <testcase name="testNotEquals" time="0.010" classname="com.distrimind.util.tests.DecentralizedIDTests"/>
  <testcase name="testNotEquals" time="0.000" classname="com.distrimind.util.tests.DecentralizedIDTests"/>
  <testcase name="testNotEquals" time="0.000" classname="com.distrimind.util.tests.DecentralizedIDTests"/>
  <testcase name="testToBytes" time="0.001" classname="com.distrimind.util.tests.DecentralizedIDTests"/>
  <testcase name="testToBytes" time="0.000" classname="com.distrimind.util.tests.DecentralizedIDTests"/>
  <testcase name="testToBytes" time="0.000" classname="com.distrimind.util.tests.DecentralizedIDTests"/>
  <testcase name="testNotEquals" time="0.000" classname="com.distrimind.util.tests.DecentralizedIDTests"/>
  <testcase name="testToBytes" time="0.000" classname="com.distrimind.util.tests.DecentralizedIDTests"/>
  <testcase name="testToBytes" time="0.000" classname="com.distrimind.util.tests.DecentralizedIDTests"/>
  <testcase name="testNotEquals" time="0.000" classname="com.distrimind.util.tests.DecentralizedIDTests"/>
  <testcase name="testNotEquals" time="0.000" classname="com.distrimind.util.tests.DecentralizedIDTests"/>
  <testcase name="testNotEquals" time="0.008" classname="com.distrimind.util.tests.DecentralizedIDTests"/>
  <testcase name="testToBytes" time="0.000" classname="com.distrimind.util.tests.DecentralizedIDTests"/>
  <testcase name="testToBytes" time="0.001" classname="com.distrimind.util.tests.DecentralizedIDTests"/>
  <testcase name="testToBytes" time="0.000" classname="com.distrimind.util.tests.DecentralizedIDTests"/>
  <testcase name="testToBytes" time="0.000" classname="com.distrimind.util.tests.DecentralizedIDTests"/>
  <testcase name="testNotEquals" time="0.000" classname="com.distrimind.util.tests.DecentralizedIDTests"/>
  <testcase name="testNotEquals" time="0.000" classname="com.distrimind.util.tests.DecentralizedIDTests"/>
  <testcase name="testNotEquals" time="0.000" classname="com.distrimind.util.tests.DecentralizedIDTests"/>
  <testcase name="testToBytes" time="0.000" classname="com.distrimind.util.tests.DecentralizedIDTests"/>
  <testcase name="testToBytes" time="0.000" classname="com.distrimind.util.tests.DecentralizedIDTests"/>
  <testcase name="testNotEquals" time="0.000" classname="com.distrimind.util.tests.DecentralizedIDTests"/>
  <testcase name="testNotEquals" time="0.000" classname="com.distrimind.util.tests.DecentralizedIDTests"/>
  <testcase name="testToBytes" time="0.001" classname="com.distrimind.util.tests.DecentralizedIDTests"/>
  <testcase name="testToBytes" time="0.000" classname="com.distrimind.util.tests.DecentralizedIDTests"/>
  <testcase name="testNotEquals" time="0.000" classname="com.distrimind.util.tests.DecentralizedIDTests"/>
  <testcase name="testToBytes" time="0.001" classname="com.distrimind.util.tests.DecentralizedIDTests"/>
  <testcase name="testNotEquals" time="0.000" classname="com.distrimind.util.tests.DecentralizedIDTests"/>
  <testcase name="testNotEquals" time="0.000" classname="com.distrimind.util.tests.DecentralizedIDTests"/>
  <testcase name="testNotEquals" time="0.000" classname="com.distrimind.util.tests.DecentralizedIDTests"/>
  <testcase name="testNotEquals" time="0.001" classname="com.distrimind.util.tests.DecentralizedIDTests"/>
  <testcase name="testNotEquals" time="0.000" classname="com.distrimind.util.tests.DecentralizedIDTests"/>
  <testcase name="testToBytes" time="0.000" classname="com.distrimind.util.tests.DecentralizedIDTests"/>
  <testcase name="testToBytes" time="0.000" classname="com.distrimind.util.tests.DecentralizedIDTests"/>
  <testcase name="testToBytes" time="0.000" classname="com.distrimind.util.tests.DecentralizedIDTests"/>
  <testcase name="testToBytes" time="0.000" classname="com.distrimind.util.tests.DecentralizedIDTests"/>
  <testcase name="testToBytes" time="0.000" classname="com.distrimind.util.tests.DecentralizedIDTests"/>
  <testcase name="testToBytes" time="0.000" classname="com.distrimind.util.tests.DecentralizedIDTests"/>
  <testcase name="testToBytes" time="0.000" classname="com.distrimind.util.tests.DecentralizedIDTests"/>
  <testcase name="testNotEquals" time="0.000" classname="com.distrimind.util.tests.DecentralizedIDTests"/>
  <testcase name="testNotEquals" time="0.000" classname="com.distrimind.util.tests.DecentralizedIDTests"/>
  <testcase name="testNotEquals" time="0.000" classname="com.distrimind.util.tests.DecentralizedIDTests"/>
  <testcase name="testToBytes" time="0.001" classname="com.distrimind.util.tests.DecentralizedIDTests"/>
  <testcase name="testNotEquals" time="0.000" classname="com.distrimind.util.tests.DecentralizedIDTests"/>
  <testcase name="testToBytes" time="0.000" classname="com.distrimind.util.tests.DecentralizedIDTests"/>
  <testcase name="testNotEquals" time="0.000" classname="com.distrimind.util.tests.DecentralizedIDTests"/>
  <testcase name="testNotEquals" time="0.000" classname="com.distrimind.util.tests.DecentralizedIDTests"/>
  <testcase name="testNotEquals" time="0.001" classname="com.distrimind.util.tests.DecentralizedIDTests"/>
  <testcase name="testToBytes" time="0.000" classname="com.distrimind.util.tests.DecentralizedIDTests"/>
  <testcase name="testNotEquals" time="0.000" classname="com.distrimind.util.tests.DecentralizedIDTests"/>
  <testcase name="testNotEquals" time="0.020" classname="com.distrimind.util.tests.DecentralizedIDTests"/>
  <testcase name="testNotEquals" time="0.000" classname="com.distrimind.util.tests.DecentralizedIDTests"/>
  <testcase name="testNotEquals" time="0.001" classname="com.distrimind.util.tests.DecentralizedIDTests"/>
  <testcase name="testToBytes" time="0.000" classname="com.distrimind.util.tests.DecentralizedIDTests"/>
  <testcase name="testToBytes" time="0.000" classname="com.distrimind.util.tests.DecentralizedIDTests"/>
  <testcase name="testToBytes" time="0.000" classname="com.distrimind.util.tests.DecentralizedIDTests"/>
  <testcase name="testNotEquals" time="0.000" classname="com.distrimind.util.tests.DecentralizedIDTests"/>
  <testcase name="testNotEquals" time="0.000" classname="com.distrimind.util.tests.DecentralizedIDTests"/>
  <testcase name="testNotEquals" time="0.000" classname="com.distrimind.util.tests.DecentralizedIDTests"/>
  <testcase name="testToBytes" time="0.000" classname="com.distrimind.util.tests.DecentralizedIDTests"/>
  <testcase name="testToBytes" time="0.000" classname="com.distrimind.util.tests.DecentralizedIDTests"/>
  <testcase name="testNotEquals" time="0.000" classname="com.distrimind.util.tests.DecentralizedIDTests"/>
  <testcase name="testToBytes" time="0.000" classname="com.distrimind.util.tests.DecentralizedIDTests"/>
  <testcase name="testNotEquals" time="0.001" classname="com.distrimind.util.tests.DecentralizedIDTests"/>
  <testcase name="testNotEquals" time="0.000" classname="com.distrimind.util.tests.DecentralizedIDTests"/>
  <testcase name="testToBytes" time="0.000" classname="com.distrimind.util.tests.DecentralizedIDTests"/>
  <testcase name="testNotEquals" time="0.000" classname="com.distrimind.util.tests.DecentralizedIDTests"/>
  <testcase name="testNotEquals" time="0.001" classname="com.distrimind.util.tests.DecentralizedIDTests"/>
  <testcase name="testToBytes" time="0.000" classname="com.distrimind.util.tests.DecentralizedIDTests"/>
  <testcase name="testToBytes" time="0.000" classname="com.distrimind.util.tests.DecentralizedIDTests"/>
  <testcase name="testNotEquals" time="0.000" classname="com.distrimind.util.tests.DecentralizedIDTests"/>
  <testcase name="testNotEquals" time="0.000" classname="com.distrimind.util.tests.DecentralizedIDTests"/>
  <testcase name="testNotEquals" time="0.000" classname="com.distrimind.util.tests.DecentralizedIDTests"/>
  <testcase name="testToBytes" time="0.000" classname="com.distrimind.util.tests.DecentralizedIDTests"/>
  <testcase name="testToBytes" time="0.000" classname="com.distrimind.util.tests.DecentralizedIDTests"/>
  <testcase name="testToBytes" time="0.000" classname="com.distrimind.util.tests.DecentralizedIDTests"/>
  <testcase name="testNotEquals" time="0.000" classname="com.distrimind.util.tests.DecentralizedIDTests"/>
  <testcase name="testToBytes" time="0.001" classname="com.distrimind.util.tests.DecentralizedIDTests"/>
  <testcase name="testToBytes" time="0.000" classname="com.distrimind.util.tests.DecentralizedIDTests"/>
  <testcase name="testNotEquals" time="0.000" classname="com.distrimind.util.tests.DecentralizedIDTests"/>
  <testcase name="testToBytes" time="0.000" classname="com.distrimind.util.tests.DecentralizedIDTests"/>
  <testcase name="testToBytes" time="0.000" classname="com.distrimind.util.tests.DecentralizedIDTests"/>
  <testcase name="testToBytes" time="0.000" classname="com.distrimind.util.tests.DecentralizedIDTests"/>
  <testcase name="testToBytes" time="0.000" classname="com.distrimind.util.tests.DecentralizedIDTests"/>
  <testcase name="testNotEquals" time="0.000" classname="com.distrimind.util.tests.DecentralizedIDTests"/>
  <testcase name="testNotEquals" time="0.000" classname="com.distrimind.util.tests.DecentralizedIDTests"/>
  <testcase name="testNotEquals" time="0.000" classname="com.distrimind.util.tests.DecentralizedIDTests"/>
  <testcase name="testToBytes" time="0.000" classname="com.distrimind.util.tests.DecentralizedIDTests"/>
  <testcase name="testNotEquals" time="0.001" classname="com.distrimind.util.tests.DecentralizedIDTests"/>
  <testcase name="testToBytes" time="0.000" classname="com.distrimind.util.tests.DecentralizedIDTests"/>
  <testcase name="testNotEquals" time="0.000" classname="com.distrimind.util.tests.DecentralizedIDTests"/>
  <testcase name="testToBytes" time="0.061" classname="com.distrimind.util.tests.DecentralizedIDTests"/>
  <testcase name="testNotEquals" time="0.000" classname="com.distrimind.util.tests.DecentralizedIDTests"/>
  <testcase name="testToBytes" time="0.000" classname="com.distrimind.util.tests.DecentralizedIDTests"/>
  <testcase name="testToBytes" time="0.003" classname="com.distrimind.util.tests.DecentralizedIDTests"/>
  <testcase name="testToBytes" time="0.001" classname="com.distrimind.util.tests.DecentralizedIDTests"/>
  <testcase name="testToBytes" time="0.000" classname="com.distrimind.util.tests.DecentralizedIDTests"/>
  <testcase name="testToBytes" time="0.000" classname="com.distrimind.util.tests.DecentralizedIDTests"/>
  <testcase name="testNotEquals" time="0.000" classname="com.distrimind.util.tests.DecentralizedIDTests"/>
  <testcase name="testToBytes" time="0.000" classname="com.distrimind.util.tests.DecentralizedIDTests"/>
  <testcase name="testNotEquals" time="0.000" classname="com.distrimind.util.tests.DecentralizedIDTests"/>
  <testcase name="testToBytes" time="0.000" classname="com.distrimind.util.tests.DecentralizedIDTests"/>
  <testcase name="testToBytes" time="0.000" classname="com.distrimind.util.tests.DecentralizedIDTests"/>
  <testcase name="testToBytes" time="0.001" classname="com.distrimind.util.tests.DecentralizedIDTests"/>
  <testcase name="testToBytes" time="0.000" classname="com.distrimind.util.tests.DecentralizedIDTests"/>
  <testcase name="testToBytes" time="0.000" classname="com.distrimind.util.tests.DecentralizedIDTests"/>
  <testcase name="testNotEquals" time="0.000" classname="com.distrimind.util.tests.DecentralizedIDTests"/>
  <testcase name="testNotEquals" time="0.000" classname="com.distrimind.util.tests.DecentralizedIDTests"/>
  <testcase name="testToBytes" time="0.000" classname="com.distrimind.util.tests.DecentralizedIDTests"/>
  <testcase name="testToBytes" time="0.002" classname="com.distrimind.util.tests.DecentralizedIDTests"/>
  <testcase name="testNotEquals" time="0.000" classname="com.distrimind.util.tests.DecentralizedIDTests"/>
  <testcase name="testToBytes" time="0.000" classname="com.distrimind.util.tests.DecentralizedIDTests"/>
  <testcase name="testToBytes" time="0.001" classname="com.distrimind.util.tests.DecentralizedIDTests"/>
  <testcase name="testNotEquals" time="0.000" classname="com.distrimind.util.tests.DecentralizedIDTests"/>
  <testcase name="testNotEquals" time="0.014" classname="com.distrimind.util.tests.DecentralizedIDTests"/>
  <testcase name="testNotEquals" time="0.004" classname="com.distrimind.util.tests.DecentralizedIDTests"/>
  <testcase name="testNotEquals" time="0.000" classname="com.distrimind.util.tests.DecentralizedIDTests"/>
  <testcase name="testNotEquals" time="0.000" classname="com.distrimind.util.tests.DecentralizedIDTests"/>
  <testcase name="testToBytes" time="0.000" classname="com.distrimind.util.tests.DecentralizedIDTests"/>
  <testcase name="testNotEquals" time="0.001" classname="com.distrimind.util.tests.DecentralizedIDTests"/>
  <testcase name="testNotEquals" time="0.001" classname="com.distrimind.util.tests.DecentralizedIDTests"/>
  <testcase name="testNotEquals" time="0.009" classname="com.distrimind.util.tests.DecentralizedIDTests"/>
  <testcase name="testNotEquals" time="0.002" classname="com.distrimind.util.tests.DecentralizedIDTests"/>
  <testcase name="testNotEquals" time="0.000" classname="com.distrimind.util.tests.DecentralizedIDTests"/>
  <testcase name="testToBytes" time="0.000" classname="com.distrimind.util.tests.DecentralizedIDTests"/>
  <testcase name="testNotEquals" time="0.000" classname="com.distrimind.util.tests.DecentralizedIDTests"/>
  <testcase name="testToBytes" time="0.000" classname="com.distrimind.util.tests.DecentralizedIDTests"/>
  <testcase name="testNotEquals" time="0.000" classname="com.distrimind.util.tests.DecentralizedIDTests"/>
  <testcase name="testToBytes" time="0.000" classname="com.distrimind.util.tests.DecentralizedIDTests"/>
  <testcase name="testNotEquals" time="0.000" classname="com.distrimind.util.tests.DecentralizedIDTests"/>
  <testcase name="testNotEquals" time="0.004" classname="com.distrimind.util.tests.DecentralizedIDTests"/>
  <testcase name="testNotEquals" time="0.000" classname="com.distrimind.util.tests.DecentralizedIDTests"/>
  <testcase name="testToBytes" time="0.000" classname="com.distrimind.util.tests.DecentralizedIDTests"/>
  <testcase name="testToBytes" time="0.000" classname="com.distrimind.util.tests.DecentralizedIDTests"/>
  <testcase name="testNotEquals" time="0.000" classname="com.distrimind.util.tests.DecentralizedIDTests"/>
  <testcase name="testToBytes" time="0.000" classname="com.distrimind.util.tests.DecentralizedIDTests"/>
  <testcase name="testNotEquals" time="0.001" classname="com.distrimind.util.tests.DecentralizedIDTests"/>
  <testcase name="testToBytes" time="0.000" classname="com.distrimind.util.tests.DecentralizedIDTests"/>
  <testcase name="testNotEquals" time="0.000" classname="com.distrimind.util.tests.DecentralizedIDTests"/>
  <testcase name="testNotEquals" time="0.002" classname="com.distrimind.util.tests.DecentralizedIDTests"/>
  <testcase name="testNotEquals" time="0.004" classname="com.distrimind.util.tests.DecentralizedIDTests"/>
  <testcase name="testToBytes" time="0.000" classname="com.distrimind.util.tests.DecentralizedIDTests"/>
  <testcase name="testToBytes" time="0.000" classname="com.distrimind.util.tests.DecentralizedIDTests"/>
  <testcase name="testToBytes" time="0.000" classname="com.distrimind.util.tests.DecentralizedIDTests"/>
  <testcase name="testNotEquals" time="0.001" classname="com.distrimind.util.tests.DecentralizedIDTests"/>
  <testcase name="testToBytes" time="0.043" classname="com.distrimind.util.tests.DecentralizedIDTests"/>
  <testcase name="testNotEquals" time="0.001" classname="com.distrimind.util.tests.DecentralizedIDTests"/>
  <testcase name="testNotEquals" time="0.000" classname="com.distrimind.util.tests.DecentralizedIDTests"/>
  <testcase name="testToBytes" time="0.001" classname="com.distrimind.util.tests.DecentralizedIDTests"/>
  <testcase name="testToBytes" time="0.000" classname="com.distrimind.util.tests.DecentralizedIDTests"/>
  <testcase name="testNotEquals" time="0.000" classname="com.distrimind.util.tests.DecentralizedIDTests"/>
  <testcase name="testNotEquals" time="0.000" classname="com.distrimind.util.tests.DecentralizedIDTests"/>
  <testcase name="testToBytes" time="0.000" classname="com.distrimind.util.tests.DecentralizedIDTests"/>
  <testcase name="testToBytes" time="0.001" classname="com.distrimind.util.tests.DecentralizedIDTests"/>
  <testcase name="testToBytes" time="0.000" classname="com.distrimind.util.tests.DecentralizedIDTests"/>
  <testcase name="testToBytes" time="0.000" classname="com.distrimind.util.tests.DecentralizedIDTests"/>
  <testcase name="testToBytes" time="0.000" classname="com.distrimind.util.tests.DecentralizedIDTests"/>
  <testcase name="testToBytes" time="0.000" classname="com.distrimind.util.tests.DecentralizedIDTests"/>
  <testcase name="testNotEquals" time="0.000" classname="com.distrimind.util.tests.DecentralizedIDTests"/>
  <testcase name="testNotEquals" time="0.000" classname="com.distrimind.util.tests.DecentralizedIDTests"/>
  <testcase name="testNotEquals" time="0.000" classname="com.distrimind.util.tests.DecentralizedIDTests"/>
  <testcase name="testToBytes" time="0.000" classname="com.distrimind.util.tests.DecentralizedIDTests"/>
  <testcase name="testToBytes" time="0.000" classname="com.distrimind.util.tests.DecentralizedIDTests"/>
  <testcase name="testNotEquals" time="0.000" classname="com.distrimind.util.tests.DecentralizedIDTests"/>
  <testcase name="testNotEquals" time="0.000" classname="com.distrimind.util.tests.DecentralizedIDTests"/>
  <testcase name="testNotEquals" time="0.000" classname="com.distrimind.util.tests.DecentralizedIDTests"/>
  <testcase name="testNotEquals" time="0.000" classname="com.distrimind.util.tests.DecentralizedIDTests"/>
  <testcase name="testNotEquals" time="0.000" classname="com.distrimind.util.tests.DecentralizedIDTests"/>
  <testcase name="testToBytes" time="0.000" classname="com.distrimind.util.tests.DecentralizedIDTests"/>
  <testcase name="testToBytes" time="0.009" classname="com.distrimind.util.tests.DecentralizedIDTests"/>
  <testcase name="testToBytes" time="0.000" classname="com.distrimind.util.tests.DecentralizedIDTests"/>
  <testcase name="testNotEquals" time="0.007" classname="com.distrimind.util.tests.DecentralizedIDTests"/>
  <testcase name="testToBytes" time="0.000" classname="com.distrimind.util.tests.DecentralizedIDTests"/>
  <testcase name="testNotEquals" time="0.000" classname="com.distrimind.util.tests.DecentralizedIDTests"/>
  <testcase name="testToBytes" time="0.003" classname="com.distrimind.util.tests.DecentralizedIDTests"/>
  <testcase name="testNotEquals" time="0.000" classname="com.distrimind.util.tests.DecentralizedIDTests"/>
  <testcase name="testToBytes" time="0.000" classname="com.distrimind.util.tests.DecentralizedIDTests"/>
  <testcase name="testNotEquals" time="0.000" classname="com.distrimind.util.tests.DecentralizedIDTests"/>
  <testcase name="testNotEquals" time="0.001" classname="com.distrimind.util.tests.DecentralizedIDTests"/>
  <testcase name="testToBytes" time="0.000" classname="com.distrimind.util.tests.DecentralizedIDTests"/>
  <testcase name="testToBytes" time="0.000" classname="com.distrimind.util.tests.DecentralizedIDTests"/>
  <testcase name="testToBytes" time="0.000" classname="com.distrimind.util.tests.DecentralizedIDTests"/>
  <testcase name="testNotEquals" time="0.000" classname="com.distrimind.util.tests.DecentralizedIDTests"/>
  <testcase name="testToBytes" time="0.000" classname="com.distrimind.util.tests.DecentralizedIDTests"/>
  <testcase name="testToBytes" time="0.000" classname="com.distrimind.util.tests.DecentralizedIDTests"/>
  <testcase name="testNotEquals" time="0.002" classname="com.distrimind.util.tests.DecentralizedIDTests"/>
  <testcase name="testNotEquals" time="0.000" classname="com.distrimind.util.tests.DecentralizedIDTests"/>
  <testcase name="testToBytes" time="0.000" classname="com.distrimind.util.tests.DecentralizedIDTests"/>
  <testcase name="testToBytes" time="0.000" classname="com.distrimind.util.tests.DecentralizedIDTests"/>
  <testcase name="testNotEquals" time="0.008" classname="com.distrimind.util.tests.DecentralizedIDTests"/>
  <testcase name="testToBytes" time="0.000" classname="com.distrimind.util.tests.DecentralizedIDTests"/>
  <testcase name="testNotEquals" time="0.000" classname="com.distrimind.util.tests.DecentralizedIDTests"/>
  <testcase name="testNotEquals" time="0.000" classname="com.distrimind.util.tests.DecentralizedIDTests"/>
  <testcase name="testToBytes" time="0.000" classname="com.distrimind.util.tests.DecentralizedIDTests"/>
  <testcase name="testToBytes" time="0.000" classname="com.distrimind.util.tests.DecentralizedIDTests"/>
  <testcase name="testToBytes" time="0.000" classname="com.distrimind.util.tests.DecentralizedIDTests"/>
  <testcase name="testToBytes" time="0.030" classname="com.distrimind.util.tests.DecentralizedIDTests"/>
  <testcase name="testNotEquals" time="0.000" classname="com.distrimind.util.tests.DecentralizedIDTests"/>
  <testcase name="testToBytes" time="0.000" classname="com.distrimind.util.tests.DecentralizedIDTests"/>
  <testcase name="testNotEquals" time="0.000" classname="com.distrimind.util.tests.DecentralizedIDTests"/>
  <testcase name="testToBytes" time="0.000" classname="com.distrimind.util.tests.DecentralizedIDTests"/>
  <testcase name="testNotEquals" time="0.000" classname="com.distrimind.util.tests.DecentralizedIDTests"/>
  <testcase name="testToBytes" time="0.001" classname="com.distrimind.util.tests.DecentralizedIDTests"/>
  <testcase name="testToBytes" time="0.000" classname="com.distrimind.util.tests.DecentralizedIDTests"/>
  <testcase name="testNotEquals" time="0.004" classname="com.distrimind.util.tests.DecentralizedIDTests"/>
  <testcase name="testToBytes" time="0.000" classname="com.distrimind.util.tests.DecentralizedIDTests"/>
  <testcase name="testToBytes" time="0.000" classname="com.distrimind.util.tests.DecentralizedIDTests"/>
  <testcase name="testToBytes" time="0.000" classname="com.distrimind.util.tests.DecentralizedIDTests"/>
  <testcase name="testToBytes" time="0.000" classname="com.distrimind.util.tests.DecentralizedIDTests"/>
  <testcase name="testToBytes" time="0.000" classname="com.distrimind.util.tests.DecentralizedIDTests"/>
  <testcase name="testNotEquals" time="0.000" classname="com.distrimind.util.tests.DecentralizedIDTests"/>
  <testcase name="testToBytes" time="0.000" classname="com.distrimind.util.tests.DecentralizedIDTests"/>
  <testcase name="testToBytes" time="0.000" classname="com.distrimind.util.tests.DecentralizedIDTests"/>
  <testcase name="testToBytes" time="0.001" classname="com.distrimind.util.tests.DecentralizedIDTests"/>
  <testcase name="testNotEquals" time="0.001" classname="com.distrimind.util.tests.DecentralizedIDTests"/>
  <testcase name="testToBytes" time="0.000" classname="com.distrimind.util.tests.DecentralizedIDTests"/>
  <testcase name="testToBytes" time="0.000" classname="com.distrimind.util.tests.DecentralizedIDTests"/>
  <testcase name="testNotEquals" time="0.000" classname="com.distrimind.util.tests.DecentralizedIDTests"/>
  <testcase name="testToBytes" time="0.000" classname="com.distrimind.util.tests.DecentralizedIDTests"/>
  <testcase name="testNotEquals" time="0.000" classname="com.distrimind.util.tests.DecentralizedIDTests"/>
  <testcase name="testToBytes" time="0.000" classname="com.distrimind.util.tests.DecentralizedIDTests"/>
  <testcase name="testNotEquals" time="0.000" classname="com.distrimind.util.tests.DecentralizedIDTests"/>
  <testcase name="testToBytes" time="0.000" classname="com.distrimind.util.tests.DecentralizedIDTests"/>
  <testcase name="testNotEquals" time="0.000" classname="com.distrimind.util.tests.DecentralizedIDTests"/>
  <testcase name="testToBytes" time="0.000" classname="com.distrimind.util.tests.DecentralizedIDTests"/>
  <testcase name="testNotEquals" time="0.007" classname="com.distrimind.util.tests.DecentralizedIDTests"/>
  <testcase name="testNotEquals" time="0.000" classname="com.distrimind.util.tests.DecentralizedIDTests"/>
  <testcase name="testNotEquals" time="0.000" classname="com.distrimind.util.tests.DecentralizedIDTests"/>
  <testcase name="testNotEquals" time="0.000" classname="com.distrimind.util.tests.DecentralizedIDTests"/>
  <testcase name="testNotEquals" time="0.003" classname="com.distrimind.util.tests.DecentralizedIDTests"/>
  <testcase name="testNotEquals" time="0.000" classname="com.distrimind.util.tests.DecentralizedIDTests"/>
  <testcase name="testToBytes" time="0.019" classname="com.distrimind.util.tests.DecentralizedIDTests"/>
  <testcase name="testToBytes" time="0.000" classname="com.distrimind.util.tests.DecentralizedIDTests"/>
  <testcase name="testToBytes" time="0.000" classname="com.distrimind.util.tests.DecentralizedIDTests"/>
  <testcase name="testToBytes" time="0.000" classname="com.distrimind.util.tests.DecentralizedIDTests"/>
  <testcase name="testNotEquals" time="0.006" classname="com.distrimind.util.tests.DecentralizedIDTests"/>
  <testcase name="testToBytes" time="0.001" classname="com.distrimind.util.tests.DecentralizedIDTests"/>
  <testcase name="testNotEquals" time="0.000" classname="com.distrimind.util.tests.DecentralizedIDTests"/>
  <testcase name="testNotEquals" time="0.000" classname="com.distrimind.util.tests.DecentralizedIDTests"/>
  <testcase name="testNotEquals" time="0.014" classname="com.distrimind.util.tests.DecentralizedIDTests"/>
  <testcase name="testToBytes" time="0.000" classname="com.distrimind.util.tests.DecentralizedIDTests"/>
  <testcase name="testToBytes" time="0.000" classname="com.distrimind.util.tests.DecentralizedIDTests"/>
  <testcase name="testToBytes" time="0.000" classname="com.distrimind.util.tests.DecentralizedIDTests"/>
  <testcase name="testNotEquals" time="0.000" classname="com.distrimind.util.tests.DecentralizedIDTests"/>
  <testcase name="testToBytes" time="0.001" classname="com.distrimind.util.tests.DecentralizedIDTests"/>
  <testcase name="testNotEquals" time="0.005" classname="com.distrimind.util.tests.DecentralizedIDTests"/>
  <testcase name="testToBytes" time="0.000" classname="com.distrimind.util.tests.DecentralizedIDTests"/>
  <testcase name="testNotEquals" time="0.000" classname="com.distrimind.util.tests.DecentralizedIDTests"/>
  <testcase name="testToBytes" time="0.000" classname="com.distrimind.util.tests.DecentralizedIDTests"/>
  <testcase name="testNotEquals" time="0.001" classname="com.distrimind.util.tests.DecentralizedIDTests"/>
  <testcase name="testNotEquals" time="0.001" classname="com.distrimind.util.tests.DecentralizedIDTests"/>
  <testcase name="testToBytes" time="0.000" classname="com.distrimind.util.tests.DecentralizedIDTests"/>
  <testcase name="testToBytes" time="0.001" classname="com.distrimind.util.tests.DecentralizedIDTests"/>
  <testcase name="testToBytes" time="0.000" classname="com.distrimind.util.tests.DecentralizedIDTests"/>
  <testcase name="testNotEquals" time="0.000" classname="com.distrimind.util.tests.DecentralizedIDTests"/>
  <testcase name="testNotEquals" time="0.000" classname="com.distrimind.util.tests.DecentralizedIDTests"/>
  <testcase name="testToBytes" time="0.000" classname="com.distrimind.util.tests.DecentralizedIDTests"/>
  <testcase name="testToBytes" time="0.000" classname="com.distrimind.util.tests.DecentralizedIDTests"/>
  <testcase name="testNotEquals" time="0.000" classname="com.distrimind.util.tests.DecentralizedIDTests"/>
  <testcase name="testNotEquals" time="0.001" classname="com.distrimind.util.tests.DecentralizedIDTests"/>
  <testcase name="testToBytes" time="0.000" classname="com.distrimind.util.tests.DecentralizedIDTests"/>
  <testcase name="testNotEquals" time="0.000" classname="com.distrimind.util.tests.DecentralizedIDTests"/>
  <testcase name="testToBytes" time="0.000" classname="com.distrimind.util.tests.DecentralizedIDTests"/>
  <testcase name="testNotEquals" time="0.000" classname="com.distrimind.util.tests.DecentralizedIDTests"/>
  <testcase name="testToBytes" time="0.000" classname="com.distrimind.util.tests.DecentralizedIDTests"/>
  <testcase name="testToBytes" time="0.000" classname="com.distrimind.util.tests.DecentralizedIDTests"/>
  <testcase name="testToBytes" time="0.000" classname="com.distrimind.util.tests.DecentralizedIDTests"/>
  <testcase name="testToBytes" time="0.000" classname="com.distrimind.util.tests.DecentralizedIDTests"/>
  <testcase name="testToBytes" time="0.000" classname="com.distrimind.util.tests.DecentralizedIDTests"/>
  <testcase name="testNotEquals" time="0.000" classname="com.distrimind.util.tests.DecentralizedIDTests"/>
  <testcase name="testNotEquals" time="0.000" classname="com.distrimind.util.tests.DecentralizedIDTests"/>
  <testcase name="testToBytes" time="0.000" classname="com.distrimind.util.tests.DecentralizedIDTests"/>
  <testcase name="testNotEquals" time="0.000" classname="com.distrimind.util.tests.DecentralizedIDTests"/>
  <testcase name="testToBytes" time="0.000" classname="com.distrimind.util.tests.DecentralizedIDTests"/>
  <testcase name="testNotEquals" time="0.000" classname="com.distrimind.util.tests.DecentralizedIDTests"/>
  <testcase name="testToBytes" time="0.000" classname="com.distrimind.util.tests.DecentralizedIDTests"/>
  <testcase name="testNotEquals" time="0.000" classname="com.distrimind.util.tests.DecentralizedIDTests"/>
  <testcase name="testToBytes" time="0.000" classname="com.distrimind.util.tests.DecentralizedIDTests"/>
  <testcase name="testNotEquals" time="0.000" classname="com.distrimind.util.tests.DecentralizedIDTests"/>
  <testcase name="testNotEquals" time="0.000" classname="com.distrimind.util.tests.DecentralizedIDTests"/>
  <testcase name="testToBytes" time="0.000" classname="com.distrimind.util.tests.DecentralizedIDTests"/>
  <testcase name="testNotEquals" time="0.000" classname="com.distrimind.util.tests.DecentralizedIDTests"/>
  <testcase name="testNotEquals" time="0.000" classname="com.distrimind.util.tests.DecentralizedIDTests"/>
  <testcase name="testToBytes" time="0.000" classname="com.distrimind.util.tests.DecentralizedIDTests"/>
  <testcase name="testNotEquals" time="0.000" classname="com.distrimind.util.tests.DecentralizedIDTests"/>
  <testcase name="testNotEquals" time="0.000" classname="com.distrimind.util.tests.DecentralizedIDTests"/>
  <testcase name="testNotEquals" time="0.014" classname="com.distrimind.util.tests.DecentralizedIDTests"/>
  <testcase name="testToBytes" time="0.000" classname="com.distrimind.util.tests.DecentralizedIDTests"/>
  <testcase name="testToBytes" time="0.000" classname="com.distrimind.util.tests.DecentralizedIDTests"/>
  <testcase name="testToBytes" time="0.000" classname="com.distrimind.util.tests.DecentralizedIDTests"/>
  <testcase name="testNotEquals" time="0.000" classname="com.distrimind.util.tests.DecentralizedIDTests"/>
  <testcase name="testNotEquals" time="0.000" classname="com.distrimind.util.tests.DecentralizedIDTests"/>
  <testcase name="testNotEquals" time="0.000" classname="com.distrimind.util.tests.DecentralizedIDTests"/>
  <testcase name="testNotEquals" time="0.000" classname="com.distrimind.util.tests.DecentralizedIDTests"/>
  <testcase name="testToBytes" time="0.000" classname="com.distrimind.util.tests.DecentralizedIDTests"/>
  <testcase name="testNotEquals" time="0.000" classname="com.distrimind.util.tests.DecentralizedIDTests"/>
  <testcase name="testToBytes" time="0.000" classname="com.distrimind.util.tests.DecentralizedIDTests"/>
  <testcase name="testToBytes" time="0.000" classname="com.distrimind.util.tests.DecentralizedIDTests"/>
  <testcase name="testNotEquals" time="0.000" classname="com.distrimind.util.tests.DecentralizedIDTests"/>
  <testcase name="testToBytes" time="0.002" classname="com.distrimind.util.tests.DecentralizedIDTests"/>
  <testcase name="testToBytes" time="0.004" classname="com.distrimind.util.tests.DecentralizedIDTests"/>
  <testcase name="testNotEquals" time="0.000" classname="com.distrimind.util.tests.DecentralizedIDTests"/>
  <testcase name="testToBytes" time="0.000" classname="com.distrimind.util.tests.DecentralizedIDTests"/>
  <testcase name="testNotEquals" time="0.000" classname="com.distrimind.util.tests.DecentralizedIDTests"/>
  <testcase name="testNotEquals" time="0.000" classname="com.distrimind.util.tests.DecentralizedIDTests"/>
  <testcase name="testNotEquals" time="0.000" classname="com.distrimind.util.tests.DecentralizedIDTests"/>
  <testcase name="testNotEquals" time="0.001" classname="com.distrimind.util.tests.DecentralizedIDTests"/>
  <testcase name="testNotEquals" time="0.000" classname="com.distrimind.util.tests.DecentralizedIDTests"/>
  <testcase name="testToBytes" time="0.000" classname="com.distrimind.util.tests.DecentralizedIDTests"/>
  <testcase name="testNotEquals" time="0.000" classname="com.distrimind.util.tests.DecentralizedIDTests"/>
  <testcase name="testToBytes" time="0.000" classname="com.distrimind.util.tests.DecentralizedIDTests"/>
  <testcase name="testNotEquals" time="0.000" classname="com.distrimind.util.tests.DecentralizedIDTests"/>
  <testcase name="testNotEquals" time="0.000" classname="com.distrimind.util.tests.DecentralizedIDTests"/>
  <testcase name="testToBytes" time="0.000" classname="com.distrimind.util.tests.DecentralizedIDTests"/>
  <testcase name="testToBytes" time="0.000" classname="com.distrimind.util.tests.DecentralizedIDTests"/>
  <testcase name="testNotEquals" time="0.000" classname="com.distrimind.util.tests.DecentralizedIDTests"/>
  <testcase name="testToBytes" time="0.000" classname="com.distrimind.util.tests.DecentralizedIDTests"/>
  <testcase name="testToBytes" time="0.012" classname="com.distrimind.util.tests.DecentralizedIDTests"/>
  <testcase name="testNotEquals" time="0.001" classname="com.distrimind.util.tests.DecentralizedIDTests"/>
  <testcase name="testNotEquals" time="0.000" classname="com.distrimind.util.tests.DecentralizedIDTests"/>
  <testcase name="testNotEquals" time="0.000" classname="com.distrimind.util.tests.DecentralizedIDTests"/>
  <testcase name="testNotEquals" time="0.007" classname="com.distrimind.util.tests.DecentralizedIDTests"/>
  <testcase name="testToBytes" time="0.000" classname="com.distrimind.util.tests.DecentralizedIDTests"/>
  <testcase name="testToBytes" time="0.000" classname="com.distrimind.util.tests.DecentralizedIDTests"/>
  <testcase name="testToBytes" time="0.001" classname="com.distrimind.util.tests.DecentralizedIDTests"/>
  <testcase name="testToBytes" time="0.000" classname="com.distrimind.util.tests.DecentralizedIDTests"/>
  <testcase name="testNotEquals" time="0.000" classname="com.distrimind.util.tests.DecentralizedIDTests"/>
  <testcase name="testToBytes" time="0.000" classname="com.distrimind.util.tests.DecentralizedIDTests"/>
  <testcase name="testToBytes" time="0.000" classname="com.distrimind.util.tests.DecentralizedIDTests"/>
  <testcase name="testToBytes" time="0.000" classname="com.distrimind.util.tests.DecentralizedIDTests"/>
  <testcase name="testNotEquals" time="0.000" classname="com.distrimind.util.tests.DecentralizedIDTests"/>
  <testcase name="testToBytes" time="0.000" classname="com.distrimind.util.tests.DecentralizedIDTests"/>
  <testcase name="testToBytes" time="0.000" classname="com.distrimind.util.tests.DecentralizedIDTests"/>
  <testcase name="testToBytes" time="0.000" classname="com.distrimind.util.tests.DecentralizedIDTests"/>
  <testcase name="testToBytes" time="0.000" classname="com.distrimind.util.tests.DecentralizedIDTests"/>
  <testcase name="testToBytes" time="0.000" classname="com.distrimind.util.tests.DecentralizedIDTests"/>
  <testcase name="testToBytes" time="0.000" classname="com.distrimind.util.tests.DecentralizedIDTests"/>
  <testcase name="testNotEquals" time="0.001" classname="com.distrimind.util.tests.DecentralizedIDTests"/>
  <testcase name="testToBytes" time="0.010" classname="com.distrimind.util.tests.DecentralizedIDTests"/>
  <testcase name="testToBytes" time="0.000" classname="com.distrimind.util.tests.DecentralizedIDTests"/>
  <testcase name="testNotEquals" time="0.001" classname="com.distrimind.util.tests.DecentralizedIDTests"/>
  <testcase name="testNotEquals" time="0.001" classname="com.distrimind.util.tests.DecentralizedIDTests"/>
  <testcase name="testToBytes" time="0.000" classname="com.distrimind.util.tests.DecentralizedIDTests"/>
  <testcase name="testNotEquals" time="0.000" classname="com.distrimind.util.tests.DecentralizedIDTests"/>
  <testcase name="testToBytes" time="0.001" classname="com.distrimind.util.tests.DecentralizedIDTests"/>
  <testcase name="testToBytes" time="0.000" classname="com.distrimind.util.tests.DecentralizedIDTests"/>
  <testcase name="testNotEquals" time="0.001" classname="com.distrimind.util.tests.DecentralizedIDTests"/>
  <testcase name="testToBytes" time="0.001" classname="com.distrimind.util.tests.DecentralizedIDTests"/>
  <testcase name="testToBytes" time="0.000" classname="com.distrimind.util.tests.DecentralizedIDTests"/>
  <testcase name="testToBytes" time="0.000" classname="com.distrimind.util.tests.DecentralizedIDTests"/>
  <testcase name="testToBytes" time="0.000" classname="com.distrimind.util.tests.DecentralizedIDTests"/>
  <testcase name="testNotEquals" time="0.017" classname="com.distrimind.util.tests.DecentralizedIDTests"/>
  <testcase name="testNotEquals" time="0.001" classname="com.distrimind.util.tests.DecentralizedIDTests"/>
  <testcase name="testToBytes" time="0.000" classname="com.distrimind.util.tests.DecentralizedIDTests"/>
  <testcase name="testNotEquals" time="0.001" classname="com.distrimind.util.tests.DecentralizedIDTests"/>
  <testcase name="testNotEquals" time="0.000" classname="com.distrimind.util.tests.DecentralizedIDTests"/>
  <testcase name="testToBytes" time="0.000" classname="com.distrimind.util.tests.DecentralizedIDTests"/>
  <testcase name="testNotEquals" time="0.000" classname="com.distrimind.util.tests.DecentralizedIDTests"/>
  <testcase name="testNotEquals" time="0.000" classname="com.distrimind.util.tests.DecentralizedIDTests"/>
  <testcase name="testNotEquals" time="0.001" classname="com.distrimind.util.tests.DecentralizedIDTests"/>
  <testcase name="testNotEquals" time="0.001" classname="com.distrimind.util.tests.DecentralizedIDTests"/>
  <testcase name="testToBytes" time="0.000" classname="com.distrimind.util.tests.DecentralizedIDTests"/>
  <testcase name="testToBytes" time="0.000" classname="com.distrimind.util.tests.DecentralizedIDTests"/>
  <testcase name="testToBytes" time="0.000" classname="com.distrimind.util.tests.DecentralizedIDTests"/>
  <testcase name="testNotEquals" time="0.000" classname="com.distrimind.util.tests.DecentralizedIDTests"/>
  <testcase name="testToBytes" time="0.000" classname="com.distrimind.util.tests.DecentralizedIDTests"/>
  <testcase name="testNotEquals" time="0.000" classname="com.distrimind.util.tests.DecentralizedIDTests"/>
  <testcase name="testNotEquals" time="0.009" classname="com.distrimind.util.tests.DecentralizedIDTests"/>
  <testcase name="testNotEquals" time="0.000" classname="com.distrimind.util.tests.DecentralizedIDTests"/>
  <testcase name="testToBytes" time="0.000" classname="com.distrimind.util.tests.DecentralizedIDTests"/>
  <testcase name="testToBytes" time="0.000" classname="com.distrimind.util.tests.DecentralizedIDTests"/>
  <testcase name="testNotEquals" time="0.001" classname="com.distrimind.util.tests.DecentralizedIDTests"/>
  <testcase name="testToBytes" time="0.000" classname="com.distrimind.util.tests.DecentralizedIDTests"/>
  <testcase name="testNotEquals" time="0.001" classname="com.distrimind.util.tests.DecentralizedIDTests"/>
  <testcase name="testToBytes" time="0.001" classname="com.distrimind.util.tests.DecentralizedIDTests"/>
  <testcase name="testNotEquals" time="0.000" classname="com.distrimind.util.tests.DecentralizedIDTests"/>
  <testcase name="testNotEquals" time="0.001" classname="com.distrimind.util.tests.DecentralizedIDTests"/>
  <testcase name="testToBytes" time="0.000" classname="com.distrimind.util.tests.DecentralizedIDTests"/>
  <testcase name="testNotEquals" time="0.001" classname="com.distrimind.util.tests.DecentralizedIDTests"/>
  <testcase name="testToBytes" time="0.000" classname="com.distrimind.util.tests.DecentralizedIDTests"/>
  <testcase name="testNotEquals" time="0.000" classname="com.distrimind.util.tests.DecentralizedIDTests"/>
  <testcase name="testToBytes" time="0.000" classname="com.distrimind.util.tests.DecentralizedIDTests"/>
  <testcase name="testToBytes" time="0.000" classname="com.distrimind.util.tests.DecentralizedIDTests"/>
  <testcase name="testToBytes" time="0.000" classname="com.distrimind.util.tests.DecentralizedIDTests"/>
  <testcase name="testNotEquals" time="0.000" classname="com.distrimind.util.tests.DecentralizedIDTests"/>
  <testcase name="testNotEquals" time="0.000" classname="com.distrimind.util.tests.DecentralizedIDTests"/>
  <testcase name="testNotEquals" time="0.000" classname="com.distrimind.util.tests.DecentralizedIDTests"/>
  <testcase name="testNotEquals" time="0.000" classname="com.distrimind.util.tests.DecentralizedIDTests"/>
  <testcase name="testNotEquals" time="0.000" classname="com.distrimind.util.tests.DecentralizedIDTests"/>
  <testcase name="testNotEquals" time="0.000" classname="com.distrimind.util.tests.DecentralizedIDTests"/>
  <testcase name="testNotEquals" time="0.000" classname="com.distrimind.util.tests.DecentralizedIDTests"/>
  <testcase name="testNotEquals" time="0.000" classname="com.distrimind.util.tests.DecentralizedIDTests"/>
  <testcase name="testNotEquals" time="0.002" classname="com.distrimind.util.tests.DecentralizedIDTests"/>
  <testcase name="testToBytes" time="0.000" classname="com.distrimind.util.tests.DecentralizedIDTests"/>
  <testcase name="testToBytes" time="0.000" classname="com.distrimind.util.tests.DecentralizedIDTests"/>
  <testcase name="testNotEquals" time="0.001" classname="com.distrimind.util.tests.DecentralizedIDTests"/>
  <testcase name="testToBytes" time="0.000" classname="com.distrimind.util.tests.DecentralizedIDTests"/>
  <testcase name="testNotEquals" time="0.000" classname="com.distrimind.util.tests.DecentralizedIDTests"/>
  <testcase name="testNotEquals" time="0.001" classname="com.distrimind.util.tests.DecentralizedIDTests"/>
  <testcase name="testNotEquals" time="0.000" classname="com.distrimind.util.tests.DecentralizedIDTests"/>
  <testcase name="testNotEquals" time="0.000" classname="com.distrimind.util.tests.DecentralizedIDTests"/>
  <testcase name="testToBytes" time="0.000" classname="com.distrimind.util.tests.DecentralizedIDTests"/>
  <testcase name="testNotEquals" time="0.000" classname="com.distrimind.util.tests.DecentralizedIDTests"/>
  <testcase name="testNotEquals" time="0.000" classname="com.distrimind.util.tests.DecentralizedIDTests"/>
  <testcase name="testNotEquals" time="0.000" classname="com.distrimind.util.tests.DecentralizedIDTests"/>
  <testcase name="testToBytes" time="0.000" classname="com.distrimind.util.tests.DecentralizedIDTests"/>
  <testcase name="testNotEquals" time="0.000" classname="com.distrimind.util.tests.DecentralizedIDTests"/>
  <testcase name="testNotEquals" time="0.000" classname="com.distrimind.util.tests.DecentralizedIDTests"/>
  <testcase name="testToBytes" time="0.000" classname="com.distrimind.util.tests.DecentralizedIDTests"/>
  <testcase name="testNotEquals" time="0.000" classname="com.distrimind.util.tests.DecentralizedIDTests"/>
  <testcase name="testNotEquals" time="0.000" classname="com.distrimind.util.tests.DecentralizedIDTests"/>
  <testcase name="testNotEquals" time="0.000" classname="com.distrimind.util.tests.DecentralizedIDTests"/>
  <testcase name="testNotEquals" time="0.000" classname="com.distrimind.util.tests.DecentralizedIDTests"/>
  <testcase name="testToBytes" time="0.000" classname="com.distrimind.util.tests.DecentralizedIDTests"/>
  <testcase name="testToBytes" time="0.000" classname="com.distrimind.util.tests.DecentralizedIDTests"/>
  <testcase name="testToBytes" time="0.000" classname="com.distrimind.util.tests.DecentralizedIDTests"/>
  <testcase name="testToBytes" time="0.000" classname="com.distrimind.util.tests.DecentralizedIDTests"/>
  <testcase name="testNotEquals" time="0.002" classname="com.distrimind.util.tests.DecentralizedIDTests"/>
  <testcase name="testToBytes" time="0.000" classname="com.distrimind.util.tests.DecentralizedIDTests"/>
  <testcase name="testToBytes" time="0.000" classname="com.distrimind.util.tests.DecentralizedIDTests"/>
  <testcase name="testNotEquals" time="0.001" classname="com.distrimind.util.tests.DecentralizedIDTests"/>
  <testcase name="testToBytes" time="0.000" classname="com.distrimind.util.tests.DecentralizedIDTests"/>
  <testcase name="testToBytes" time="0.001" classname="com.distrimind.util.tests.DecentralizedIDTests"/>
  <testcase name="testToBytes" time="0.000" classname="com.distrimind.util.tests.DecentralizedIDTests"/>
  <testcase name="testNotEquals" time="0.000" classname="com.distrimind.util.tests.DecentralizedIDTests"/>
  <testcase name="testToBytes" time="0.000" classname="com.distrimind.util.tests.DecentralizedIDTests"/>
  <testcase name="testNotEquals" time="0.001" classname="com.distrimind.util.tests.DecentralizedIDTests"/>
  <testcase name="testToBytes" time="0.000" classname="com.distrimind.util.tests.DecentralizedIDTests"/>
  <testcase name="testNotEquals" time="0.000" classname="com.distrimind.util.tests.DecentralizedIDTests"/>
  <testcase name="testToBytes" time="0.000" classname="com.distrimind.util.tests.DecentralizedIDTests"/>
  <testcase name="testToBytes" time="0.000" classname="com.distrimind.util.tests.DecentralizedIDTests"/>
  <testcase name="testNotEquals" time="0.000" classname="com.distrimind.util.tests.DecentralizedIDTests"/>
  <testcase name="testNotEquals" time="0.000" classname="com.distrimind.util.tests.DecentralizedIDTests"/>
  <testcase name="testNotEquals" time="0.000" classname="com.distrimind.util.tests.DecentralizedIDTests"/>
  <testcase name="testNotEquals" time="0.000" classname="com.distrimind.util.tests.DecentralizedIDTests"/>
  <testcase name="testNotEquals" time="0.000" classname="com.distrimind.util.tests.DecentralizedIDTests"/>
  <testcase name="testNotEquals" time="0.000" classname="com.distrimind.util.tests.DecentralizedIDTests"/>
  <testcase name="testNotEquals" time="0.001" classname="com.distrimind.util.tests.DecentralizedIDTests"/>
  <testcase name="testToBytes" time="0.000" classname="com.distrimind.util.tests.DecentralizedIDTests"/>
  <testcase name="testToBytes" time="0.000" classname="com.distrimind.util.tests.DecentralizedIDTests"/>
  <testcase name="testNotEquals" time="0.000" classname="com.distrimind.util.tests.DecentralizedIDTests"/>
  <testcase name="testNotEquals" time="0.002" classname="com.distrimind.util.tests.DecentralizedIDTests"/>
  <testcase name="testToBytes" time="0.000" classname="com.distrimind.util.tests.DecentralizedIDTests"/>
  <testcase name="testNotEquals" time="0.019" classname="com.distrimind.util.tests.DecentralizedIDTests"/>
  <testcase name="testNotEquals" time="0.000" classname="com.distrimind.util.tests.DecentralizedIDTests"/>
  <testcase name="testToBytes" time="0.000" classname="com.distrimind.util.tests.DecentralizedIDTests"/>
  <testcase name="testNotEquals" time="0.000" classname="com.distrimind.util.tests.DecentralizedIDTests"/>
  <testcase name="testNotEquals" time="0.001" classname="com.distrimind.util.tests.DecentralizedIDTests"/>
  <testcase name="testNotEquals" time="0.001" classname="com.distrimind.util.tests.DecentralizedIDTests"/>
  <testcase name="testNotEquals" time="0.000" classname="com.distrimind.util.tests.DecentralizedIDTests"/>
  <testcase name="testNotEquals" time="0.001" classname="com.distrimind.util.tests.DecentralizedIDTests"/>
  <testcase name="testNotEquals" time="0.005" classname="com.distrimind.util.tests.DecentralizedIDTests"/>
  <testcase name="testNotEquals" time="0.009" classname="com.distrimind.util.tests.DecentralizedIDTests"/>
  <testcase name="testNotEquals" time="0.000" classname="com.distrimind.util.tests.DecentralizedIDTests"/>
  <testcase name="testNotEquals" time="0.000" classname="com.distrimind.util.tests.DecentralizedIDTests"/>
  <testcase name="testNotEquals" time="0.000" classname="com.distrimind.util.tests.DecentralizedIDTests"/>
  <testcase name="testToBytes" time="0.000" classname="com.distrimind.util.tests.DecentralizedIDTests"/>
  <testcase name="testNotEquals" time="0.001" classname="com.distrimind.util.tests.DecentralizedIDTests"/>
  <testcase name="testNotEquals" time="0.000" classname="com.distrimind.util.tests.DecentralizedIDTests"/>
  <testcase name="testNotEquals" time="0.001" classname="com.distrimind.util.tests.DecentralizedIDTests"/>
  <testcase name="testToBytes" time="0.000" classname="com.distrimind.util.tests.DecentralizedIDTests"/>
  <testcase name="testNotEquals" time="0.000" classname="com.distrimind.util.tests.DecentralizedIDTests"/>
  <testcase name="testToBytes" time="0.000" classname="com.distrimind.util.tests.DecentralizedIDTests"/>
  <testcase name="testToBytes" time="0.000" classname="com.distrimind.util.tests.DecentralizedIDTests"/>
  <testcase name="testNotEquals" time="0.000" classname="com.distrimind.util.tests.DecentralizedIDTests"/>
  <testcase name="testNotEquals" time="0.000" classname="com.distrimind.util.tests.DecentralizedIDTests"/>
  <testcase name="testToBytes" time="0.000" classname="com.distrimind.util.tests.DecentralizedIDTests"/>
  <testcase name="testToBytes" time="0.001" classname="com.distrimind.util.tests.DecentralizedIDTests"/>
  <testcase name="testNotEquals" time="0.000" classname="com.distrimind.util.tests.DecentralizedIDTests"/>
  <testcase name="testToBytes" time="0.001" classname="com.distrimind.util.tests.DecentralizedIDTests"/>
  <testcase name="testToBytes" time="0.001" classname="com.distrimind.util.tests.DecentralizedIDTests"/>
  <testcase name="testNotEquals" time="0.000" classname="com.distrimind.util.tests.DecentralizedIDTests"/>
  <testcase name="testToBytes" time="0.000" classname="com.distrimind.util.tests.DecentralizedIDTests"/>
  <testcase name="testToBytes" time="0.000" classname="com.distrimind.util.tests.DecentralizedIDTests"/>
  <testcase name="testToBytes" time="0.000" classname="com.distrimind.util.tests.DecentralizedIDTests"/>
  <testcase name="testNotEquals" time="0.000" classname="com.distrimind.util.tests.DecentralizedIDTests"/>
  <testcase name="testNotEquals" time="0.001" classname="com.distrimind.util.tests.DecentralizedIDTests"/>
  <testcase name="testNotEquals" time="0.000" classname="com.distrimind.util.tests.DecentralizedIDTests"/>
  <testcase name="testNotEquals" time="0.013" classname="com.distrimind.util.tests.DecentralizedIDTests"/>
  <testcase name="testNotEquals" time="0.000" classname="com.distrimind.util.tests.DecentralizedIDTests"/>
  <testcase name="testToBytes" time="0.000" classname="com.distrimind.util.tests.DecentralizedIDTests"/>
  <testcase name="testNotEquals" time="0.011" classname="com.distrimind.util.tests.DecentralizedIDTests"/>
  <testcase name="testToBytes" time="0.000" classname="com.distrimind.util.tests.DecentralizedIDTests"/>
  <testcase name="testToBytes" time="0.000" classname="com.distrimind.util.tests.DecentralizedIDTests"/>
  <testcase name="testToBytes" time="0.000" classname="com.distrimind.util.tests.DecentralizedIDTests"/>
  <testcase name="testNotEquals" time="0.001" classname="com.distrimind.util.tests.DecentralizedIDTests"/>
  <testcase name="testToBytes" time="0.000" classname="com.distrimind.util.tests.DecentralizedIDTests"/>
  <testcase name="testToBytes" time="0.000" classname="com.distrimind.util.tests.DecentralizedIDTests"/>
  <testcase name="testToBytes" time="0.000" classname="com.distrimind.util.tests.DecentralizedIDTests"/>
  <testcase name="testNotEquals" time="0.000" classname="com.distrimind.util.tests.DecentralizedIDTests"/>
  <testcase name="testToBytes" time="0.000" classname="com.distrimind.util.tests.DecentralizedIDTests"/>
  <testcase name="testNotEquals" time="0.007" classname="com.distrimind.util.tests.DecentralizedIDTests"/>
  <testcase name="testToBytes" time="0.000" classname="com.distrimind.util.tests.DecentralizedIDTests"/>
  <testcase name="testToBytes" time="0.019" classname="com.distrimind.util.tests.DecentralizedIDTests"/>
  <testcase name="testToBytes" time="0.000" classname="com.distrimind.util.tests.DecentralizedIDTests"/>
  <testcase name="testNotEquals" time="0.000" classname="com.distrimind.util.tests.DecentralizedIDTests"/>
  <testcase name="testToBytes" time="0.000" classname="com.distrimind.util.tests.DecentralizedIDTests"/>
  <testcase name="testToBytes" time="0.000" classname="com.distrimind.util.tests.DecentralizedIDTests"/>
  <testcase name="testNotEquals" time="0.001" classname="com.distrimind.util.tests.DecentralizedIDTests"/>
  <testcase name="testToBytes" time="0.000" classname="com.distrimind.util.tests.DecentralizedIDTests"/>
  <testcase name="testNotEquals" time="0.001" classname="com.distrimind.util.tests.DecentralizedIDTests"/>
  <testcase name="testToBytes" time="0.001" classname="com.distrimind.util.tests.DecentralizedIDTests"/>
  <testcase name="testToBytes" time="0.000" classname="com.distrimind.util.tests.DecentralizedIDTests"/>
  <testcase name="testNotEquals" time="0.001" classname="com.distrimind.util.tests.DecentralizedIDTests"/>
  <testcase name="testToBytes" time="0.000" classname="com.distrimind.util.tests.DecentralizedIDTests"/>
  <testcase name="testToBytes" time="0.000" classname="com.distrimind.util.tests.DecentralizedIDTests"/>
  <testcase name="testNotEquals" time="0.000" classname="com.distrimind.util.tests.DecentralizedIDTests"/>
  <testcase name="testToBytes" time="0.000" classname="com.distrimind.util.tests.DecentralizedIDTests"/>
  <testcase name="testToBytes" time="0.000" classname="com.distrimind.util.tests.DecentralizedIDTests"/>
  <testcase name="testNotEquals" time="0.000" classname="com.distrimind.util.tests.DecentralizedIDTests"/>
  <testcase name="testToBytes" time="0.000" classname="com.distrimind.util.tests.DecentralizedIDTests"/>
  <testcase name="testNotEquals" time="0.000" classname="com.distrimind.util.tests.DecentralizedIDTests"/>
  <testcase name="testToBytes" time="0.000" classname="com.distrimind.util.tests.DecentralizedIDTests"/>
  <testcase name="testNotEquals" time="0.000" classname="com.distrimind.util.tests.DecentralizedIDTests"/>
  <testcase name="testNotEquals" time="0.000" classname="com.distrimind.util.tests.DecentralizedIDTests"/>
  <testcase name="testNotEquals" time="0.000" classname="com.distrimind.util.tests.DecentralizedIDTests"/>
  <testcase name="testToBytes" time="0.000" classname="com.distrimind.util.tests.DecentralizedIDTests"/>
  <testcase name="testNotEquals" time="0.000" classname="com.distrimind.util.tests.DecentralizedIDTests"/>
  <testcase name="testToBytes" time="0.000" classname="com.distrimind.util.tests.DecentralizedIDTests"/>
  <testcase name="testNotEquals" time="0.000" classname="com.distrimind.util.tests.DecentralizedIDTests"/>
  <testcase name="testNotEquals" time="0.001" classname="com.distrimind.util.tests.DecentralizedIDTests"/>
  <testcase name="testNotEquals" time="0.000" classname="com.distrimind.util.tests.DecentralizedIDTests"/>
  <testcase name="testNotEquals" time="0.020" classname="com.distrimind.util.tests.DecentralizedIDTests"/>
  <testcase name="testToBytes" time="0.000" classname="com.distrimind.util.tests.DecentralizedIDTests"/>
  <testcase name="testToBytes" time="0.000" classname="com.distrimind.util.tests.DecentralizedIDTests"/>
  <testcase name="testNotEquals" time="0.000" classname="com.distrimind.util.tests.DecentralizedIDTests"/>
  <testcase name="testNotEquals" time="0.000" classname="com.distrimind.util.tests.DecentralizedIDTests"/>
  <testcase name="testToBytes" time="0.000" classname="com.distrimind.util.tests.DecentralizedIDTests"/>
  <testcase name="testNotEquals" time="0.000" classname="com.distrimind.util.tests.DecentralizedIDTests"/>
  <testcase name="testNotEquals" time="0.005" classname="com.distrimind.util.tests.DecentralizedIDTests"/>
  <testcase name="testNotEquals" time="0.000" classname="com.distrimind.util.tests.DecentralizedIDTests"/>
  <testcase name="testToBytes" time="0.000" classname="com.distrimind.util.tests.DecentralizedIDTests"/>
  <testcase name="testNotEquals" time="0.000" classname="com.distrimind.util.tests.DecentralizedIDTests"/>
  <testcase name="testNotEquals" time="0.000" classname="com.distrimind.util.tests.DecentralizedIDTests"/>
  <testcase name="testNotEquals" time="0.000" classname="com.distrimind.util.tests.DecentralizedIDTests"/>
  <testcase name="testToBytes" time="0.000" classname="com.distrimind.util.tests.DecentralizedIDTests"/>
  <testcase name="testToBytes" time="0.000" classname="com.distrimind.util.tests.DecentralizedIDTests"/>
  <testcase name="testToBytes" time="0.000" classname="com.distrimind.util.tests.DecentralizedIDTests"/>
  <testcase name="testToBytes" time="0.000" classname="com.distrimind.util.tests.DecentralizedIDTests"/>
  <testcase name="testNotEquals" time="0.000" classname="com.distrimind.util.tests.DecentralizedIDTests"/>
  <testcase name="testToBytes" time="0.000" classname="com.distrimind.util.tests.DecentralizedIDTests"/>
  <testcase name="testToBytes" time="0.000" classname="com.distrimind.util.tests.DecentralizedIDTests"/>
  <testcase name="testNotEquals" time="0.000" classname="com.distrimind.util.tests.DecentralizedIDTests"/>
  <testcase name="testToBytes" time="0.000" classname="com.distrimind.util.tests.DecentralizedIDTests"/>
  <testcase name="testNotEquals" time="0.001" classname="com.distrimind.util.tests.DecentralizedIDTests"/>
  <testcase name="testToBytes" time="0.000" classname="com.distrimind.util.tests.DecentralizedIDTests"/>
  <testcase name="testNotEquals" time="0.000" classname="com.distrimind.util.tests.DecentralizedIDTests"/>
  <testcase name="testToBytes" time="0.000" classname="com.distrimind.util.tests.DecentralizedIDTests"/>
  <testcase name="testToBytes" time="0.000" classname="com.distrimind.util.tests.DecentralizedIDTests"/>
  <testcase name="testNotEquals" time="0.000" classname="com.distrimind.util.tests.DecentralizedIDTests"/>
  <testcase name="testToBytes" time="0.000" classname="com.distrimind.util.tests.DecentralizedIDTests"/>
  <testcase name="testToBytes" time="0.000" classname="com.distrimind.util.tests.DecentralizedIDTests"/>
  <testcase name="testToBytes" time="0.000" classname="com.distrimind.util.tests.DecentralizedIDTests"/>
  <testcase name="testNotEquals" time="0.000" classname="com.distrimind.util.tests.DecentralizedIDTests"/>
  <testcase name="testNotEquals" time="0.000" classname="com.distrimind.util.tests.DecentralizedIDTests"/>
  <testcase name="testNotEquals" time="0.000" classname="com.distrimind.util.tests.DecentralizedIDTests"/>
  <testcase name="testNotEquals" time="0.000" classname="com.distrimind.util.tests.DecentralizedIDTests"/>
  <testcase name="testToBytes" time="0.000" classname="com.distrimind.util.tests.DecentralizedIDTests"/>
  <testcase name="testToBytes" time="0.000" classname="com.distrimind.util.tests.DecentralizedIDTests"/>
  <testcase name="testNotEquals" time="0.001" classname="com.distrimind.util.tests.DecentralizedIDTests"/>
  <testcase name="testNotEquals" time="0.000" classname="com.distrimind.util.tests.DecentralizedIDTests"/>
  <testcase name="testNotEquals" time="0.000" classname="com.distrimind.util.tests.DecentralizedIDTests"/>
  <testcase name="testNotEquals" time="0.002" classname="com.distrimind.util.tests.DecentralizedIDTests"/>
  <testcase name="testToBytes" time="0.001" classname="com.distrimind.util.tests.DecentralizedIDTests"/>
  <testcase name="testNotEquals" time="0.000" classname="com.distrimind.util.tests.DecentralizedIDTests"/>
  <testcase name="testToBytes" time="0.000" classname="com.distrimind.util.tests.DecentralizedIDTests"/>
  <testcase name="testToBytes" time="0.000" classname="com.distrimind.util.tests.DecentralizedIDTests"/>
  <testcase name="testNotEquals" time="0.000" classname="com.distrimind.util.tests.DecentralizedIDTests"/>
  <testcase name="testToBytes" time="0.027" classname="com.distrimind.util.tests.DecentralizedIDTests"/>
  <testcase name="testToBytes" time="0.060" classname="com.distrimind.util.tests.DecentralizedIDTests"/>
  <testcase name="testNotEquals" time="0.000" classname="com.distrimind.util.tests.DecentralizedIDTests"/>
  <testcase name="testNotEquals" time="0.017" classname="com.distrimind.util.tests.DecentralizedIDTests"/>
  <testcase name="testNotEquals" time="0.000" classname="com.distrimind.util.tests.DecentralizedIDTests"/>
  <testcase name="testToBytes" time="0.000" classname="com.distrimind.util.tests.DecentralizedIDTests"/>
  <testcase name="testNotEquals" time="0.000" classname="com.distrimind.util.tests.DecentralizedIDTests"/>
  <testcase name="testNotEquals" time="0.000" classname="com.distrimind.util.tests.DecentralizedIDTests"/>
  <testcase name="testToBytes" time="0.000" classname="com.distrimind.util.tests.DecentralizedIDTests"/>
  <testcase name="testNotEquals" time="0.000" classname="com.distrimind.util.tests.DecentralizedIDTests"/>
  <testcase name="testToBytes" time="0.000" classname="com.distrimind.util.tests.DecentralizedIDTests"/>
  <testcase name="testNotEquals" time="0.000" classname="com.distrimind.util.tests.DecentralizedIDTests"/>
  <testcase name="testNotEquals" time="0.000" classname="com.distrimind.util.tests.DecentralizedIDTests"/>
  <testcase name="testToBytes" time="0.000" classname="com.distrimind.util.tests.DecentralizedIDTests"/>
  <testcase name="testToBytes" time="0.000" classname="com.distrimind.util.tests.DecentralizedIDTests"/>
  <testcase name="testNotEquals" time="0.002" classname="com.distrimind.util.tests.DecentralizedIDTests"/>
  <testcase name="testToBytes" time="0.000" classname="com.distrimind.util.tests.DecentralizedIDTests"/>
  <testcase name="testNotEquals" time="0.001" classname="com.distrimind.util.tests.DecentralizedIDTests"/>
  <testcase name="testNotEquals" time="0.000" classname="com.distrimind.util.tests.DecentralizedIDTests"/>
  <testcase name="testNotEquals" time="0.000" classname="com.distrimind.util.tests.DecentralizedIDTests"/>
  <testcase name="testToBytes" time="0.000" classname="com.distrimind.util.tests.DecentralizedIDTests"/>
  <testcase name="testToBytes" time="0.000" classname="com.distrimind.util.tests.DecentralizedIDTests"/>
  <testcase name="testNotEquals" time="0.000" classname="com.distrimind.util.tests.DecentralizedIDTests"/>
  <testcase name="testToBytes" time="0.000" classname="com.distrimind.util.tests.DecentralizedIDTests"/>
  <testcase name="testToBytes" time="0.000" classname="com.distrimind.util.tests.DecentralizedIDTests"/>
  <testcase name="testNotEquals" time="0.000" classname="com.distrimind.util.tests.DecentralizedIDTests"/>
  <testcase name="testNotEquals" time="0.000" classname="com.distrimind.util.tests.DecentralizedIDTests"/>
  <testcase name="testToBytes" time="0.000" classname="com.distrimind.util.tests.DecentralizedIDTests"/>
  <testcase name="testToBytes" time="0.000" classname="com.distrimind.util.tests.DecentralizedIDTests"/>
  <testcase name="testToBytes" time="0.000" classname="com.distrimind.util.tests.DecentralizedIDTests"/>
  <testcase name="testNotEquals" time="0.000" classname="com.distrimind.util.tests.DecentralizedIDTests"/>
  <testcase name="testNotEquals" time="0.000" classname="com.distrimind.util.tests.DecentralizedIDTests"/>
  <testcase name="testNotEquals" time="0.001" classname="com.distrimind.util.tests.DecentralizedIDTests"/>
  <testcase name="testToBytes" time="0.000" classname="com.distrimind.util.tests.DecentralizedIDTests"/>
  <testcase name="testToBytes" time="0.000" classname="com.distrimind.util.tests.DecentralizedIDTests"/>
  <testcase name="testToBytes" time="0.000" classname="com.distrimind.util.tests.DecentralizedIDTests"/>
  <testcase name="testNotEquals" time="0.007" classname="com.distrimind.util.tests.DecentralizedIDTests"/>
  <testcase name="testToBytes" time="0.000" classname="com.distrimind.util.tests.DecentralizedIDTests"/>
  <testcase name="testToBytes" time="0.000" classname="com.distrimind.util.tests.DecentralizedIDTests"/>
  <testcase name="testNotEquals" time="0.000" classname="com.distrimind.util.tests.DecentralizedIDTests"/>
  <testcase name="testNotEquals" time="0.014" classname="com.distrimind.util.tests.DecentralizedIDTests"/>
  <testcase name="testNotEquals" time="0.001" classname="com.distrimind.util.tests.DecentralizedIDTests"/>
  <testcase name="testToBytes" time="0.000" classname="com.distrimind.util.tests.DecentralizedIDTests"/>
  <testcase name="testToBytes" time="0.000" classname="com.distrimind.util.tests.DecentralizedIDTests"/>
  <testcase name="testToBytes" time="0.000" classname="com.distrimind.util.tests.DecentralizedIDTests"/>
  <testcase name="testNotEquals" time="0.000" classname="com.distrimind.util.tests.DecentralizedIDTests"/>
  <testcase name="testToBytes" time="0.054" classname="com.distrimind.util.tests.DecentralizedIDTests"/>
  <testcase name="testNotEquals" time="0.001" classname="com.distrimind.util.tests.DecentralizedIDTests"/>
  <testcase name="testNotEquals" time="0.006" classname="com.distrimind.util.tests.DecentralizedIDTests"/>
  <testcase name="testToBytes" time="0.000" classname="com.distrimind.util.tests.DecentralizedIDTests"/>
  <testcase name="testToBytes" time="0.000" classname="com.distrimind.util.tests.DecentralizedIDTests"/>
  <testcase name="testNotEquals" time="0.000" classname="com.distrimind.util.tests.DecentralizedIDTests"/>
  <testcase name="testToBytes" time="0.020" classname="com.distrimind.util.tests.DecentralizedIDTests"/>
  <testcase name="testNotEquals" time="0.000" classname="com.distrimind.util.tests.DecentralizedIDTests"/>
  <testcase name="testNotEquals" time="0.000" classname="com.distrimind.util.tests.DecentralizedIDTests"/>
  <testcase name="testNotEquals" time="0.000" classname="com.distrimind.util.tests.DecentralizedIDTests"/>
  <testcase name="testNotEquals" time="0.000" classname="com.distrimind.util.tests.DecentralizedIDTests"/>
  <testcase name="testNotEquals" time="0.000" classname="com.distrimind.util.tests.DecentralizedIDTests"/>
  <testcase name="testToBytes" time="0.000" classname="com.distrimind.util.tests.DecentralizedIDTests"/>
  <testcase name="testToBytes" time="0.000" classname="com.distrimind.util.tests.DecentralizedIDTests"/>
  <testcase name="testNotEquals" time="0.000" classname="com.distrimind.util.tests.DecentralizedIDTests"/>
  <testcase name="testToBytes" time="0.017" classname="com.distrimind.util.tests.DecentralizedIDTests"/>
  <testcase name="testNotEquals" time="0.007" classname="com.distrimind.util.tests.DecentralizedIDTests"/>
  <testcase name="testNotEquals" time="0.003" classname="com.distrimind.util.tests.DecentralizedIDTests"/>
  <testcase name="testNotEquals" time="0.000" classname="com.distrimind.util.tests.DecentralizedIDTests"/>
  <testcase name="testToBytes" time="0.127" classname="com.distrimind.util.tests.DecentralizedIDTests"/>
  <testcase name="testToBytes" time="0.000" classname="com.distrimind.util.tests.DecentralizedIDTests"/>
  <testcase name="testNotEquals" time="0.023" classname="com.distrimind.util.tests.DecentralizedIDTests"/>
  <testcase name="testNotEquals" time="0.000" classname="com.distrimind.util.tests.DecentralizedIDTests"/>
  <testcase name="testNotEquals" time="0.000" classname="com.distrimind.util.tests.DecentralizedIDTests"/>
  <testcase name="testToBytes" time="0.000" classname="com.distrimind.util.tests.DecentralizedIDTests"/>
  <testcase name="testNotEquals" time="0.000" classname="com.distrimind.util.tests.DecentralizedIDTests"/>
  <testcase name="testToBytes" time="0.000" classname="com.distrimind.util.tests.DecentralizedIDTests"/>
  <testcase name="testNotEquals" time="0.000" classname="com.distrimind.util.tests.DecentralizedIDTests"/>
  <testcase name="testToBytes" time="0.000" classname="com.distrimind.util.tests.DecentralizedIDTests"/>
  <testcase name="testNotEquals" time="0.000" classname="com.distrimind.util.tests.DecentralizedIDTests"/>
  <testcase name="testToBytes" time="0.000" classname="com.distrimind.util.tests.DecentralizedIDTests"/>
  <testcase name="testNotEquals" time="0.000" classname="com.distrimind.util.tests.DecentralizedIDTests"/>
  <testcase name="testNotEquals" time="0.000" classname="com.distrimind.util.tests.DecentralizedIDTests"/>
  <testcase name="testToBytes" time="0.000" classname="com.distrimind.util.tests.DecentralizedIDTests"/>
  <testcase name="testNotEquals" time="0.000" classname="com.distrimind.util.tests.DecentralizedIDTests"/>
  <testcase name="testNotEquals" time="0.000" classname="com.distrimind.util.tests.DecentralizedIDTests"/>
  <testcase name="testToBytes" time="0.000" classname="com.distrimind.util.tests.DecentralizedIDTests"/>
  <testcase name="testToBytes" time="0.000" classname="com.distrimind.util.tests.DecentralizedIDTests"/>
  <testcase name="testToBytes" time="0.000" classname="com.distrimind.util.tests.DecentralizedIDTests"/>
  <testcase name="testNotEquals" time="0.006" classname="com.distrimind.util.tests.DecentralizedIDTests"/>
  <testcase name="testNotEquals" time="0.000" classname="com.distrimind.util.tests.DecentralizedIDTests"/>
  <testcase name="testNotEquals" time="0.000" classname="com.distrimind.util.tests.DecentralizedIDTests"/>
  <testcase name="testToBytes" time="0.000" classname="com.distrimind.util.tests.DecentralizedIDTests"/>
  <testcase name="testToBytes" time="0.000" classname="com.distrimind.util.tests.DecentralizedIDTests"/>
  <testcase name="testNotEquals" time="0.000" classname="com.distrimind.util.tests.DecentralizedIDTests"/>
  <testcase name="testNotEquals" time="0.000" classname="com.distrimind.util.tests.DecentralizedIDTests"/>
  <testcase name="testNotEquals" time="0.000" classname="com.distrimind.util.tests.DecentralizedIDTests"/>
  <testcase name="testNotEquals" time="0.000" classname="com.distrimind.util.tests.DecentralizedIDTests"/>
  <testcase name="testNotEquals" time="0.001" classname="com.distrimind.util.tests.DecentralizedIDTests"/>
  <testcase name="testNotEquals" time="0.000" classname="com.distrimind.util.tests.DecentralizedIDTests"/>
  <testcase name="testNotEquals" time="0.000" classname="com.distrimind.util.tests.DecentralizedIDTests"/>
  <testcase name="testToBytes" time="0.000" classname="com.distrimind.util.tests.DecentralizedIDTests"/>
  <testcase name="testNotEquals" time="0.001" classname="com.distrimind.util.tests.DecentralizedIDTests"/>
  <testcase name="testToBytes" time="0.000" classname="com.distrimind.util.tests.DecentralizedIDTests"/>
  <testcase name="testNotEquals" time="0.000" classname="com.distrimind.util.tests.DecentralizedIDTests"/>
  <testcase name="testNotEquals" time="0.000" classname="com.distrimind.util.tests.DecentralizedIDTests"/>
  <testcase name="testNotEquals" time="0.000" classname="com.distrimind.util.tests.DecentralizedIDTests"/>
  <testcase name="testToBytes" time="0.000" classname="com.distrimind.util.tests.DecentralizedIDTests"/>
  <testcase name="testNotEquals" time="0.000" classname="com.distrimind.util.tests.DecentralizedIDTests"/>
  <testcase name="testNotEquals" time="0.000" classname="com.distrimind.util.tests.DecentralizedIDTests"/>
  <testcase name="testToBytes" time="0.000" classname="com.distrimind.util.tests.DecentralizedIDTests"/>
  <testcase name="testToBytes" time="0.000" classname="com.distrimind.util.tests.DecentralizedIDTests"/>
  <testcase name="testToBytes" time="0.000" classname="com.distrimind.util.tests.DecentralizedIDTests"/>
  <testcase name="testToBytes" time="0.000" classname="com.distrimind.util.tests.DecentralizedIDTests"/>
  <testcase name="testToBytes" time="0.000" classname="com.distrimind.util.tests.DecentralizedIDTests"/>
  <testcase name="testNotEquals" time="0.000" classname="com.distrimind.util.tests.DecentralizedIDTests"/>
  <testcase name="testNotEquals" time="0.001" classname="com.distrimind.util.tests.DecentralizedIDTests"/>
  <testcase name="testNotEquals" time="0.000" classname="com.distrimind.util.tests.DecentralizedIDTests"/>
  <testcase name="testToBytes" time="0.000" classname="com.distrimind.util.tests.DecentralizedIDTests"/>
  <testcase name="testToBytes" time="0.000" classname="com.distrimind.util.tests.DecentralizedIDTests"/>
  <testcase name="testNotEquals" time="0.000" classname="com.distrimind.util.tests.DecentralizedIDTests"/>
  <testcase name="testToBytes" time="0.000" classname="com.distrimind.util.tests.DecentralizedIDTests"/>
  <testcase name="testToBytes" time="0.000" classname="com.distrimind.util.tests.DecentralizedIDTests"/>
  <testcase name="testNotEquals" time="0.001" classname="com.distrimind.util.tests.DecentralizedIDTests"/>
  <testcase name="testNotEquals" time="0.000" classname="com.distrimind.util.tests.DecentralizedIDTests"/>
  <testcase name="testToBytes" time="0.000" classname="com.distrimind.util.tests.DecentralizedIDTests"/>
  <testcase name="testToBytes" time="0.000" classname="com.distrimind.util.tests.DecentralizedIDTests"/>
  <testcase name="testToBytes" time="0.000" classname="com.distrimind.util.tests.DecentralizedIDTests"/>
  <testcase name="testNotEquals" time="0.001" classname="com.distrimind.util.tests.DecentralizedIDTests"/>
  <testcase name="testToBytes" time="0.000" classname="com.distrimind.util.tests.DecentralizedIDTests"/>
  <testcase name="testToBytes" time="0.000" classname="com.distrimind.util.tests.DecentralizedIDTests"/>
  <testcase name="testNotEquals" time="0.002" classname="com.distrimind.util.tests.DecentralizedIDTests"/>
  <testcase name="testNotEquals" time="0.000" classname="com.distrimind.util.tests.DecentralizedIDTests"/>
  <testcase name="testNotEquals" time="0.001" classname="com.distrimind.util.tests.DecentralizedIDTests"/>
  <testcase name="testToBytes" time="0.000" classname="com.distrimind.util.tests.DecentralizedIDTests"/>
  <testcase name="testNotEquals" time="0.001" classname="com.distrimind.util.tests.DecentralizedIDTests"/>
  <testcase name="testNotEquals" time="0.001" classname="com.distrimind.util.tests.DecentralizedIDTests"/>
  <testcase name="testToBytes" time="0.000" classname="com.distrimind.util.tests.DecentralizedIDTests"/>
  <testcase name="testNotEquals" time="0.000" classname="com.distrimind.util.tests.DecentralizedIDTests"/>
  <testcase name="testNotEquals" time="0.000" classname="com.distrimind.util.tests.DecentralizedIDTests"/>
  <testcase name="testToBytes" time="0.000" classname="com.distrimind.util.tests.DecentralizedIDTests"/>
  <testcase name="testToBytes" time="0.001" classname="com.distrimind.util.tests.DecentralizedIDTests"/>
  <testcase name="testNotEquals" time="0.000" classname="com.distrimind.util.tests.DecentralizedIDTests"/>
  <testcase name="testNotEquals" time="0.000" classname="com.distrimind.util.tests.DecentralizedIDTests"/>
  <testcase name="testNotEquals" time="0.001" classname="com.distrimind.util.tests.DecentralizedIDTests"/>
  <testcase name="testNotEquals" time="0.001" classname="com.distrimind.util.tests.DecentralizedIDTests"/>
  <testcase name="testToBytes" time="0.054" classname="com.distrimind.util.tests.DecentralizedIDTests"/>
  <testcase name="testNotEquals" time="0.001" classname="com.distrimind.util.tests.DecentralizedIDTests"/>
  <testcase name="testToBytes" time="0.000" classname="com.distrimind.util.tests.DecentralizedIDTests"/>
  <testcase name="testToBytes" time="0.000" classname="com.distrimind.util.tests.DecentralizedIDTests"/>
  <testcase name="testToBytes" time="0.003" classname="com.distrimind.util.tests.DecentralizedIDTests"/>
  <testcase name="testToBytes" time="0.000" classname="com.distrimind.util.tests.DecentralizedIDTests"/>
  <testcase name="testToBytes" time="0.000" classname="com.distrimind.util.tests.DecentralizedIDTests"/>
  <testcase name="testNotEquals" time="0.001" classname="com.distrimind.util.tests.DecentralizedIDTests"/>
  <testcase name="testNotEquals" time="0.000" classname="com.distrimind.util.tests.DecentralizedIDTests"/>
  <testcase name="testNotEquals" time="0.007" classname="com.distrimind.util.tests.DecentralizedIDTests"/>
  <testcase name="testNotEquals" time="0.000" classname="com.distrimind.util.tests.DecentralizedIDTests"/>
  <testcase name="testToBytes" time="0.000" classname="com.distrimind.util.tests.DecentralizedIDTests"/>
  <testcase name="testNotEquals" time="0.009" classname="com.distrimind.util.tests.DecentralizedIDTests"/>
  <testcase name="testToBytes" time="0.000" classname="com.distrimind.util.tests.DecentralizedIDTests"/>
  <testcase name="testNotEquals" time="0.000" classname="com.distrimind.util.tests.DecentralizedIDTests"/>
  <testcase name="testToBytes" time="0.000" classname="com.distrimind.util.tests.DecentralizedIDTests"/>
  <testcase name="testToBytes" time="0.000" classname="com.distrimind.util.tests.DecentralizedIDTests"/>
  <testcase name="testToBytes" time="0.000" classname="com.distrimind.util.tests.DecentralizedIDTests"/>
  <testcase name="testNotEquals" time="0.000" classname="com.distrimind.util.tests.DecentralizedIDTests"/>
  <testcase name="testToBytes" time="0.000" classname="com.distrimind.util.tests.DecentralizedIDTests"/>
  <testcase name="testToBytes" time="0.000" classname="com.distrimind.util.tests.DecentralizedIDTests"/>
  <testcase name="testNotEquals" time="0.000" classname="com.distrimind.util.tests.DecentralizedIDTests"/>
  <testcase name="testNotEquals" time="0.000" classname="com.distrimind.util.tests.DecentralizedIDTests"/>
  <testcase name="testToBytes" time="0.000" classname="com.distrimind.util.tests.DecentralizedIDTests"/>
  <testcase name="testNotEquals" time="0.000" classname="com.distrimind.util.tests.DecentralizedIDTests"/>
  <testcase name="testToBytes" time="0.000" classname="com.distrimind.util.tests.DecentralizedIDTests"/>
  <testcase name="testNotEquals" time="0.000" classname="com.distrimind.util.tests.DecentralizedIDTests"/>
  <testcase name="testToBytes" time="0.000" classname="com.distrimind.util.tests.DecentralizedIDTests"/>
  <testcase name="testNotEquals" time="0.000" classname="com.distrimind.util.tests.DecentralizedIDTests"/>
  <testcase name="testNotEquals" time="0.014" classname="com.distrimind.util.tests.DecentralizedIDTests"/>
  <testcase name="testNotEquals" time="0.001" classname="com.distrimind.util.tests.DecentralizedIDTests"/>
  <testcase name="testNotEquals" time="0.000" classname="com.distrimind.util.tests.DecentralizedIDTests"/>
  <testcase name="testToBytes" time="0.000" classname="com.distrimind.util.tests.DecentralizedIDTests"/>
  <testcase name="testToBytes" time="0.000" classname="com.distrimind.util.tests.DecentralizedIDTests"/>
  <testcase name="testNotEquals" time="0.000" classname="com.distrimind.util.tests.DecentralizedIDTests"/>
  <testcase name="testNotEquals" time="0.000" classname="com.distrimind.util.tests.DecentralizedIDTests"/>
  <testcase name="testNotEquals" time="0.000" classname="com.distrimind.util.tests.DecentralizedIDTests"/>
  <testcase name="testNotEquals" time="0.000" classname="com.distrimind.util.tests.DecentralizedIDTests"/>
  <testcase name="testToBytes" time="0.000" classname="com.distrimind.util.tests.DecentralizedIDTests"/>
  <testcase name="testToBytes" time="0.000" classname="com.distrimind.util.tests.DecentralizedIDTests"/>
  <testcase name="testToBytes" time="0.000" classname="com.distrimind.util.tests.DecentralizedIDTests"/>
  <testcase name="testToBytes" time="0.000" classname="com.distrimind.util.tests.DecentralizedIDTests"/>
  <testcase name="testToBytes" time="0.000" classname="com.distrimind.util.tests.DecentralizedIDTests"/>
  <testcase name="testToBytes" time="0.001" classname="com.distrimind.util.tests.DecentralizedIDTests"/>
  <testcase name="testToBytes" time="0.000" classname="com.distrimind.util.tests.DecentralizedIDTests"/>
  <testcase name="testNotEquals" time="0.001" classname="com.distrimind.util.tests.DecentralizedIDTests"/>
  <testcase name="testNotEquals" time="0.000" classname="com.distrimind.util.tests.DecentralizedIDTests"/>
  <testcase name="testNotEquals" time="0.000" classname="com.distrimind.util.tests.DecentralizedIDTests"/>
  <testcase name="testNotEquals" time="0.000" classname="com.distrimind.util.tests.DecentralizedIDTests"/>
  <testcase name="testNotEquals" time="0.001" classname="com.distrimind.util.tests.DecentralizedIDTests"/>
  <testcase name="testToBytes" time="0.000" classname="com.distrimind.util.tests.DecentralizedIDTests"/>
  <testcase name="testToBytes" time="0.000" classname="com.distrimind.util.tests.DecentralizedIDTests"/>
  <testcase name="testNotEquals" time="0.000" classname="com.distrimind.util.tests.DecentralizedIDTests"/>
  <testcase name="testToBytes" time="0.000" classname="com.distrimind.util.tests.DecentralizedIDTests"/>
  <testcase name="testToBytes" time="0.000" classname="com.distrimind.util.tests.DecentralizedIDTests"/>
  <testcase name="testToBytes" time="0.004" classname="com.distrimind.util.tests.DecentralizedIDTests"/>
  <testcase name="testNotEquals" time="0.000" classname="com.distrimind.util.tests.DecentralizedIDTests"/>
  <testcase name="testNotEquals" time="0.000" classname="com.distrimind.util.tests.DecentralizedIDTests"/>
  <testcase name="testNotEquals" time="0.000" classname="com.distrimind.util.tests.DecentralizedIDTests"/>
  <testcase name="testToBytes" time="0.000" classname="com.distrimind.util.tests.DecentralizedIDTests"/>
  <testcase name="testNotEquals" time="0.000" classname="com.distrimind.util.tests.DecentralizedIDTests"/>
  <testcase name="testNotEquals" time="0.000" classname="com.distrimind.util.tests.DecentralizedIDTests"/>
  <testcase name="testNotEquals" time="0.000" classname="com.distrimind.util.tests.DecentralizedIDTests"/>
  <testcase name="testNotEquals" time="0.000" classname="com.distrimind.util.tests.DecentralizedIDTests"/>
  <testcase name="testNotEquals" time="0.000" classname="com.distrimind.util.tests.DecentralizedIDTests"/>
  <testcase name="testToBytes" time="0.000" classname="com.distrimind.util.tests.DecentralizedIDTests"/>
  <testcase name="testNotEquals" time="0.000" classname="com.distrimind.util.tests.DecentralizedIDTests"/>
  <testcase name="testToBytes" time="0.000" classname="com.distrimind.util.tests.DecentralizedIDTests"/>
  <testcase name="testToBytes" time="0.000" classname="com.distrimind.util.tests.DecentralizedIDTests"/>
  <testcase name="testToBytes" time="0.000" classname="com.distrimind.util.tests.DecentralizedIDTests"/>
  <testcase name="testNotEquals" time="0.001" classname="com.distrimind.util.tests.DecentralizedIDTests"/>
  <testcase name="testToBytes" time="0.000" classname="com.distrimind.util.tests.DecentralizedIDTests"/>
  <testcase name="testNotEquals" time="0.000" classname="com.distrimind.util.tests.DecentralizedIDTests"/>
  <testcase name="testToBytes" time="0.000" classname="com.distrimind.util.tests.DecentralizedIDTests"/>
  <testcase name="testToBytes" time="0.000" classname="com.distrimind.util.tests.DecentralizedIDTests"/>
  <testcase name="testNotEquals" time="0.000" classname="com.distrimind.util.tests.DecentralizedIDTests"/>
  <testcase name="testToBytes" time="0.000" classname="com.distrimind.util.tests.DecentralizedIDTests"/>
  <testcase name="testNotEquals" time="0.000" classname="com.distrimind.util.tests.DecentralizedIDTests"/>
  <testcase name="testToBytes" time="0.000" classname="com.distrimind.util.tests.DecentralizedIDTests"/>
  <testcase name="testToBytes" time="0.000" classname="com.distrimind.util.tests.DecentralizedIDTests"/>
  <testcase name="testNotEquals" time="0.000" classname="com.distrimind.util.tests.DecentralizedIDTests"/>
  <testcase name="testNotEquals" time="0.000" classname="com.distrimind.util.tests.DecentralizedIDTests"/>
  <testcase name="testNotEquals" time="0.000" classname="com.distrimind.util.tests.DecentralizedIDTests"/>
  <testcase name="testToBytes" time="0.000" classname="com.distrimind.util.tests.DecentralizedIDTests"/>
  <testcase name="testNotEquals" time="0.000" classname="com.distrimind.util.tests.DecentralizedIDTests"/>
  <testcase name="testNotEquals" time="0.001" classname="com.distrimind.util.tests.DecentralizedIDTests"/>
  <testcase name="testNotEquals" time="0.000" classname="com.distrimind.util.tests.DecentralizedIDTests"/>
  <testcase name="testNotEquals" time="0.000" classname="com.distrimind.util.tests.DecentralizedIDTests"/>
  <testcase name="testNotEquals" time="0.000" classname="com.distrimind.util.tests.DecentralizedIDTests"/>
  <testcase name="testNotEquals" time="0.000" classname="com.distrimind.util.tests.DecentralizedIDTests"/>
  <testcase name="testToBytes" time="0.000" classname="com.distrimind.util.tests.DecentralizedIDTests"/>
  <testcase name="testNotEquals" time="0.000" classname="com.distrimind.util.tests.DecentralizedIDTests"/>
  <testcase name="testToBytes" time="0.000" classname="com.distrimind.util.tests.DecentralizedIDTests"/>
  <testcase name="testToBytes" time="0.000" classname="com.distrimind.util.tests.DecentralizedIDTests"/>
  <testcase name="testToBytes" time="0.000" classname="com.distrimind.util.tests.DecentralizedIDTests"/>
  <testcase name="testToBytes" time="0.000" classname="com.distrimind.util.tests.DecentralizedIDTests"/>
  <testcase name="testToBytes" time="0.000" classname="com.distrimind.util.tests.DecentralizedIDTests"/>
  <testcase name="testNotEquals" time="0.002" classname="com.distrimind.util.tests.DecentralizedIDTests"/>
  <testcase name="testNotEquals" time="0.000" classname="com.distrimind.util.tests.DecentralizedIDTests"/>
  <testcase name="testNotEquals" time="0.001" classname="com.distrimind.util.tests.DecentralizedIDTests"/>
  <testcase name="testToBytes" time="0.014" classname="com.distrimind.util.tests.DecentralizedIDTests"/>
  <testcase name="testToBytes" time="0.000" classname="com.distrimind.util.tests.DecentralizedIDTests"/>
  <testcase name="testNotEquals" time="0.001" classname="com.distrimind.util.tests.DecentralizedIDTests"/>
  <testcase name="testToBytes" time="0.000" classname="com.distrimind.util.tests.DecentralizedIDTests"/>
  <testcase name="testNotEquals" time="0.000" classname="com.distrimind.util.tests.DecentralizedIDTests"/>
  <testcase name="testToBytes" time="0.000" classname="com.distrimind.util.tests.DecentralizedIDTests"/>
  <testcase name="testToBytes" time="0.000" classname="com.distrimind.util.tests.DecentralizedIDTests"/>
  <testcase name="testToBytes" time="0.102" classname="com.distrimind.util.tests.DecentralizedIDTests"/>
  <testcase name="testToBytes" time="0.000" classname="com.distrimind.util.tests.DecentralizedIDTests"/>
  <testcase name="testNotEquals" time="0.000" classname="com.distrimind.util.tests.DecentralizedIDTests"/>
  <testcase name="testNotEquals" time="0.000" classname="com.distrimind.util.tests.DecentralizedIDTests"/>
  <testcase name="testToBytes" time="0.000" classname="com.distrimind.util.tests.DecentralizedIDTests"/>
  <testcase name="testNotEquals" time="0.000" classname="com.distrimind.util.tests.DecentralizedIDTests"/>
  <testcase name="testNotEquals" time="0.000" classname="com.distrimind.util.tests.DecentralizedIDTests"/>
  <testcase name="testNotEquals" time="0.000" classname="com.distrimind.util.tests.DecentralizedIDTests"/>
  <testcase name="testToBytes" time="0.000" classname="com.distrimind.util.tests.DecentralizedIDTests"/>
  <testcase name="testNotEquals" time="0.000" classname="com.distrimind.util.tests.DecentralizedIDTests"/>
  <testcase name="testNotEquals" time="0.000" classname="com.distrimind.util.tests.DecentralizedIDTests"/>
  <testcase name="testNotEquals" time="0.000" classname="com.distrimind.util.tests.DecentralizedIDTests"/>
  <testcase name="testToBytes" time="0.001" classname="com.distrimind.util.tests.DecentralizedIDTests"/>
  <testcase name="testToBytes" time="0.002" classname="com.distrimind.util.tests.DecentralizedIDTests"/>
  <testcase name="testToBytes" time="0.000" classname="com.distrimind.util.tests.DecentralizedIDTests"/>
  <testcase name="testNotEquals" time="0.002" classname="com.distrimind.util.tests.DecentralizedIDTests"/>
  <testcase name="testNotEquals" time="0.000" classname="com.distrimind.util.tests.DecentralizedIDTests"/>
  <testcase name="testToBytes" time="0.000" classname="com.distrimind.util.tests.DecentralizedIDTests"/>
  <testcase name="testToBytes" time="0.000" classname="com.distrimind.util.tests.DecentralizedIDTests"/>
  <testcase name="testToBytes" time="0.009" classname="com.distrimind.util.tests.DecentralizedIDTests"/>
  <testcase name="testNotEquals" time="0.000" classname="com.distrimind.util.tests.DecentralizedIDTests"/>
  <testcase name="testNotEquals" time="0.000" classname="com.distrimind.util.tests.DecentralizedIDTests"/>
  <testcase name="testToBytes" time="0.000" classname="com.distrimind.util.tests.DecentralizedIDTests"/>
  <testcase name="testToBytes" time="0.001" classname="com.distrimind.util.tests.DecentralizedIDTests"/>
  <testcase name="testNotEquals" time="0.000" classname="com.distrimind.util.tests.DecentralizedIDTests"/>
  <testcase name="testToBytes" time="0.000" classname="com.distrimind.util.tests.DecentralizedIDTests"/>
  <testcase name="testNotEquals" time="0.026" classname="com.distrimind.util.tests.DecentralizedIDTests"/>
  <testcase name="testNotEquals" time="0.000" classname="com.distrimind.util.tests.DecentralizedIDTests"/>
  <testcase name="testNotEquals" time="0.000" classname="com.distrimind.util.tests.DecentralizedIDTests"/>
  <testcase name="testNotEquals" time="0.000" classname="com.distrimind.util.tests.DecentralizedIDTests"/>
  <testcase name="testNotEquals" time="0.000" classname="com.distrimind.util.tests.DecentralizedIDTests"/>
  <testcase name="testNotEquals" time="0.000" classname="com.distrimind.util.tests.DecentralizedIDTests"/>
  <testcase name="testNotEquals" time="0.000" classname="com.distrimind.util.tests.DecentralizedIDTests"/>
  <testcase name="testToBytes" time="0.000" classname="com.distrimind.util.tests.DecentralizedIDTests"/>
  <testcase name="testNotEquals" time="0.000" classname="com.distrimind.util.tests.DecentralizedIDTests"/>
  <testcase name="testToBytes" time="0.000" classname="com.distrimind.util.tests.DecentralizedIDTests"/>
  <testcase name="testNotEquals" time="0.000" classname="com.distrimind.util.tests.DecentralizedIDTests"/>
  <testcase name="testNotEquals" time="0.000" classname="com.distrimind.util.tests.DecentralizedIDTests"/>
  <testcase name="testToBytes" time="0.000" classname="com.distrimind.util.tests.DecentralizedIDTests"/>
  <testcase name="testToBytes" time="0.000" classname="com.distrimind.util.tests.DecentralizedIDTests"/>
  <testcase name="testToBytes" time="0.000" classname="com.distrimind.util.tests.DecentralizedIDTests"/>
  <testcase name="testToBytes" time="0.000" classname="com.distrimind.util.tests.DecentralizedIDTests"/>
  <testcase name="testNotEquals" time="0.000" classname="com.distrimind.util.tests.DecentralizedIDTests"/>
  <testcase name="testNotEquals" time="0.000" classname="com.distrimind.util.tests.DecentralizedIDTests"/>
  <testcase name="testToBytes" time="0.000" classname="com.distrimind.util.tests.DecentralizedIDTests"/>
  <testcase name="testNotEquals" time="0.001" classname="com.distrimind.util.tests.DecentralizedIDTests"/>
  <testcase name="testNotEquals" time="0.000" classname="com.distrimind.util.tests.DecentralizedIDTests"/>
  <testcase name="testNotEquals" time="0.000" classname="com.distrimind.util.tests.DecentralizedIDTests"/>
  <testcase name="testNotEquals" time="0.001" classname="com.distrimind.util.tests.DecentralizedIDTests"/>
  <testcase name="testToBytes" time="0.000" classname="com.distrimind.util.tests.DecentralizedIDTests"/>
  <testcase name="testToBytes" time="0.000" classname="com.distrimind.util.tests.DecentralizedIDTests"/>
  <testcase name="testToBytes" time="0.000" classname="com.distrimind.util.tests.DecentralizedIDTests"/>
  <testcase name="testNotEquals" time="0.000" classname="com.distrimind.util.tests.DecentralizedIDTests"/>
  <testcase name="testToBytes" time="0.000" classname="com.distrimind.util.tests.DecentralizedIDTests"/>
  <testcase name="testToBytes" time="0.000" classname="com.distrimind.util.tests.DecentralizedIDTests"/>
  <testcase name="testNotEquals" time="0.000" classname="com.distrimind.util.tests.DecentralizedIDTests"/>
  <testcase name="testToBytes" time="0.000" classname="com.distrimind.util.tests.DecentralizedIDTests"/>
  <testcase name="testNotEquals" time="0.000" classname="com.distrimind.util.tests.DecentralizedIDTests"/>
  <testcase name="testNotEquals" time="0.000" classname="com.distrimind.util.tests.DecentralizedIDTests"/>
  <testcase name="testToBytes" time="0.000" classname="com.distrimind.util.tests.DecentralizedIDTests"/>
  <testcase name="testToBytes" time="0.000" classname="com.distrimind.util.tests.DecentralizedIDTests"/>
  <testcase name="testToBytes" time="0.000" classname="com.distrimind.util.tests.DecentralizedIDTests"/>
  <testcase name="testToBytes" time="0.000" classname="com.distrimind.util.tests.DecentralizedIDTests"/>
  <testcase name="testNotEquals" time="0.001" classname="com.distrimind.util.tests.DecentralizedIDTests"/>
  <testcase name="testNotEquals" time="0.001" classname="com.distrimind.util.tests.DecentralizedIDTests"/>
  <testcase name="testToBytes" time="0.000" classname="com.distrimind.util.tests.DecentralizedIDTests"/>
  <testcase name="testToBytes" time="0.000" classname="com.distrimind.util.tests.DecentralizedIDTests"/>
  <testcase name="testToBytes" time="0.000" classname="com.distrimind.util.tests.DecentralizedIDTests"/>
  <testcase name="testNotEquals" time="0.000" classname="com.distrimind.util.tests.DecentralizedIDTests"/>
  <testcase name="testNotEquals" time="0.000" classname="com.distrimind.util.tests.DecentralizedIDTests"/>
  <testcase name="testToBytes" time="0.000" classname="com.distrimind.util.tests.DecentralizedIDTests"/>
  <testcase name="testToBytes" time="0.000" classname="com.distrimind.util.tests.DecentralizedIDTests"/>
  <testcase name="testToBytes" time="0.000" classname="com.distrimind.util.tests.DecentralizedIDTests"/>
  <testcase name="testToBytes" time="0.001" classname="com.distrimind.util.tests.DecentralizedIDTests"/>
  <testcase name="testNotEquals" time="0.000" classname="com.distrimind.util.tests.DecentralizedIDTests"/>
  <testcase name="testToBytes" time="0.000" classname="com.distrimind.util.tests.DecentralizedIDTests"/>
  <testcase name="testNotEquals" time="0.000" classname="com.distrimind.util.tests.DecentralizedIDTests"/>
  <testcase name="testNotEquals" time="0.001" classname="com.distrimind.util.tests.DecentralizedIDTests"/>
  <testcase name="testNotEquals" time="0.000" classname="com.distrimind.util.tests.DecentralizedIDTests"/>
  <testcase name="testToBytes" time="0.000" classname="com.distrimind.util.tests.DecentralizedIDTests"/>
  <testcase name="testNotEquals" time="0.000" classname="com.distrimind.util.tests.DecentralizedIDTests"/>
  <testcase name="testNotEquals" time="0.001" classname="com.distrimind.util.tests.DecentralizedIDTests"/>
  <testcase name="testNotEquals" time="0.000" classname="com.distrimind.util.tests.DecentralizedIDTests"/>
  <testcase name="testNotEquals" time="0.000" classname="com.distrimind.util.tests.DecentralizedIDTests"/>
  <testcase name="testToBytes" time="0.000" classname="com.distrimind.util.tests.DecentralizedIDTests"/>
  <testcase name="testToBytes" time="0.000" classname="com.distrimind.util.tests.DecentralizedIDTests"/>
  <testcase name="testToBytes" time="0.000" classname="com.distrimind.util.tests.DecentralizedIDTests"/>
  <testcase name="testNotEquals" time="0.000" classname="com.distrimind.util.tests.DecentralizedIDTests"/>
  <testcase name="testToBytes" time="0.000" classname="com.distrimind.util.tests.DecentralizedIDTests"/>
  <testcase name="testToBytes" time="0.000" classname="com.distrimind.util.tests.DecentralizedIDTests"/>
  <testcase name="testNotEquals" time="0.000" classname="com.distrimind.util.tests.DecentralizedIDTests"/>
  <testcase name="testToBytes" time="0.000" classname="com.distrimind.util.tests.DecentralizedIDTests"/>
  <testcase name="testToBytes" time="0.001" classname="com.distrimind.util.tests.DecentralizedIDTests"/>
  <testcase name="testNotEquals" time="0.000" classname="com.distrimind.util.tests.DecentralizedIDTests"/>
  <testcase name="testNotEquals" time="0.001" classname="com.distrimind.util.tests.DecentralizedIDTests"/>
  <testcase name="testNotEquals" time="0.018" classname="com.distrimind.util.tests.DecentralizedIDTests"/>
  <testcase name="testNotEquals" time="0.000" classname="com.distrimind.util.tests.DecentralizedIDTests"/>
  <testcase name="testToBytes" time="0.000" classname="com.distrimind.util.tests.DecentralizedIDTests"/>
  <testcase name="testNotEquals" time="0.000" classname="com.distrimind.util.tests.DecentralizedIDTests"/>
  <testcase name="testNotEquals" time="0.001" classname="com.distrimind.util.tests.DecentralizedIDTests"/>
  <testcase name="testNotEquals" time="0.000" classname="com.distrimind.util.tests.DecentralizedIDTests"/>
  <testcase name="testToBytes" time="0.000" classname="com.distrimind.util.tests.DecentralizedIDTests"/>
  <testcase name="testToBytes" time="0.000" classname="com.distrimind.util.tests.DecentralizedIDTests"/>
  <testcase name="testToBytes" time="0.000" classname="com.distrimind.util.tests.DecentralizedIDTests"/>
  <testcase name="testToBytes" time="0.020" classname="com.distrimind.util.tests.DecentralizedIDTests"/>
  <testcase name="testNotEquals" time="0.000" classname="com.distrimind.util.tests.DecentralizedIDTests"/>
  <testcase name="testToBytes" time="0.000" classname="com.distrimind.util.tests.DecentralizedIDTests"/>
  <testcase name="testToBytes" time="0.000" classname="com.distrimind.util.tests.DecentralizedIDTests"/>
  <testcase name="testToBytes" time="0.019" classname="com.distrimind.util.tests.DecentralizedIDTests"/>
  <testcase name="testToBytes" time="0.000" classname="com.distrimind.util.tests.DecentralizedIDTests"/>
  <testcase name="testNotEquals" time="0.001" classname="com.distrimind.util.tests.DecentralizedIDTests"/>
  <testcase name="testToBytes" time="0.012" classname="com.distrimind.util.tests.DecentralizedIDTests"/>
  <testcase name="testNotEquals" time="0.007" classname="com.distrimind.util.tests.DecentralizedIDTests"/>
  <testcase name="testToBytes" time="0.000" classname="com.distrimind.util.tests.DecentralizedIDTests"/>
  <testcase name="testToBytes" time="0.000" classname="com.distrimind.util.tests.DecentralizedIDTests"/>
  <testcase name="testNotEquals" time="0.000" classname="com.distrimind.util.tests.DecentralizedIDTests"/>
  <testcase name="testToBytes" time="0.000" classname="com.distrimind.util.tests.DecentralizedIDTests"/>
  <testcase name="testToBytes" time="0.000" classname="com.distrimind.util.tests.DecentralizedIDTests"/>
  <testcase name="testToBytes" time="0.000" classname="com.distrimind.util.tests.DecentralizedIDTests"/>
  <testcase name="testToBytes" time="0.000" classname="com.distrimind.util.tests.DecentralizedIDTests"/>
  <testcase name="testToBytes" time="0.000" classname="com.distrimind.util.tests.DecentralizedIDTests"/>
  <testcase name="testNotEquals" time="0.013" classname="com.distrimind.util.tests.DecentralizedIDTests"/>
  <testcase name="testNotEquals" time="0.000" classname="com.distrimind.util.tests.DecentralizedIDTests"/>
  <testcase name="testNotEquals" time="0.000" classname="com.distrimind.util.tests.DecentralizedIDTests"/>
  <testcase name="testToBytes" time="0.000" classname="com.distrimind.util.tests.DecentralizedIDTests"/>
  <testcase name="testNotEquals" time="0.000" classname="com.distrimind.util.tests.DecentralizedIDTests"/>
  <testcase name="testNotEquals" time="0.000" classname="com.distrimind.util.tests.DecentralizedIDTests"/>
  <testcase name="testNotEquals" time="0.000" classname="com.distrimind.util.tests.DecentralizedIDTests"/>
  <testcase name="testNotEquals" time="0.000" classname="com.distrimind.util.tests.DecentralizedIDTests"/>
  <testcase name="testNotEquals" time="0.000" classname="com.distrimind.util.tests.DecentralizedIDTests"/>
  <testcase name="testToBytes" time="0.000" classname="com.distrimind.util.tests.DecentralizedIDTests"/>
  <testcase name="testNotEquals" time="0.000" classname="com.distrimind.util.tests.DecentralizedIDTests"/>
  <testcase name="testToBytes" time="0.000" classname="com.distrimind.util.tests.DecentralizedIDTests"/>
  <testcase name="testNotEquals" time="0.000" classname="com.distrimind.util.tests.DecentralizedIDTests"/>
  <testcase name="testNotEquals" time="0.000" classname="com.distrimind.util.tests.DecentralizedIDTests"/>
  <testcase name="testToBytes" time="0.000" classname="com.distrimind.util.tests.DecentralizedIDTests"/>
  <testcase name="testToBytes" time="0.000" classname="com.distrimind.util.tests.DecentralizedIDTests"/>
  <testcase name="testNotEquals" time="0.010" classname="com.distrimind.util.tests.DecentralizedIDTests"/>
  <testcase name="testNotEquals" time="0.000" classname="com.distrimind.util.tests.DecentralizedIDTests"/>
  <testcase name="testNotEquals" time="0.001" classname="com.distrimind.util.tests.DecentralizedIDTests"/>
  <testcase name="testToBytes" time="0.001" classname="com.distrimind.util.tests.DecentralizedIDTests"/>
  <testcase name="testToBytes" time="0.000" classname="com.distrimind.util.tests.DecentralizedIDTests"/>
  <testcase name="testNotEquals" time="0.000" classname="com.distrimind.util.tests.DecentralizedIDTests"/>
  <testcase name="testToBytes" time="0.001" classname="com.distrimind.util.tests.DecentralizedIDTests"/>
  <testcase name="testToBytes" time="0.001" classname="com.distrimind.util.tests.DecentralizedIDTests"/>
  <testcase name="testToBytes" time="0.000" classname="com.distrimind.util.tests.DecentralizedIDTests"/>
  <testcase name="testToBytes" time="0.127" classname="com.distrimind.util.tests.DecentralizedIDTests"/>
  <testcase name="testNotEquals" time="0.000" classname="com.distrimind.util.tests.DecentralizedIDTests"/>
  <testcase name="testToBytes" time="0.003" classname="com.distrimind.util.tests.DecentralizedIDTests"/>
  <testcase name="testToBytes" time="0.000" classname="com.distrimind.util.tests.DecentralizedIDTests"/>
  <testcase name="testNotEquals" time="0.000" classname="com.distrimind.util.tests.DecentralizedIDTests"/>
  <testcase name="testNotEquals" time="0.000" classname="com.distrimind.util.tests.DecentralizedIDTests"/>
  <testcase name="testToBytes" time="0.000" classname="com.distrimind.util.tests.DecentralizedIDTests"/>
  <testcase name="testToBytes" time="0.000" classname="com.distrimind.util.tests.DecentralizedIDTests"/>
  <testcase name="testNotEquals" time="0.000" classname="com.distrimind.util.tests.DecentralizedIDTests"/>
  <testcase name="testNotEquals" time="0.025" classname="com.distrimind.util.tests.DecentralizedIDTests"/>
  <testcase name="testToBytes" time="0.000" classname="com.distrimind.util.tests.DecentralizedIDTests"/>
  <testcase name="testToBytes" time="0.000" classname="com.distrimind.util.tests.DecentralizedIDTests"/>
  <testcase name="testNotEquals" time="0.000" classname="com.distrimind.util.tests.DecentralizedIDTests"/>
  <testcase name="testToBytes" time="0.000" classname="com.distrimind.util.tests.DecentralizedIDTests"/>
  <testcase name="testToBytes" time="0.000" classname="com.distrimind.util.tests.DecentralizedIDTests"/>
  <testcase name="testNotEquals" time="0.000" classname="com.distrimind.util.tests.DecentralizedIDTests"/>
  <testcase name="testNotEquals" time="0.001" classname="com.distrimind.util.tests.DecentralizedIDTests"/>
  <testcase name="testNotEquals" time="0.000" classname="com.distrimind.util.tests.DecentralizedIDTests"/>
  <testcase name="testToBytes" time="0.000" classname="com.distrimind.util.tests.DecentralizedIDTests"/>
  <testcase name="testNotEquals" time="0.000" classname="com.distrimind.util.tests.DecentralizedIDTests"/>
  <testcase name="testToBytes" time="0.000" classname="com.distrimind.util.tests.DecentralizedIDTests"/>
  <testcase name="testToBytes" time="0.000" classname="com.distrimind.util.tests.DecentralizedIDTests"/>
  <testcase name="testNotEquals" time="0.002" classname="com.distrimind.util.tests.DecentralizedIDTests"/>
  <testcase name="testNotEquals" time="0.000" classname="com.distrimind.util.tests.DecentralizedIDTests"/>
  <testcase name="testToBytes" time="0.000" classname="com.distrimind.util.tests.DecentralizedIDTests"/>
  <testcase name="testNotEquals" time="0.000" classname="com.distrimind.util.tests.DecentralizedIDTests"/>
  <testcase name="testNotEquals" time="0.000" classname="com.distrimind.util.tests.DecentralizedIDTests"/>
  <testcase name="testNotEquals" time="0.001" classname="com.distrimind.util.tests.DecentralizedIDTests"/>
  <testcase name="testNotEquals" time="0.000" classname="com.distrimind.util.tests.DecentralizedIDTests"/>
  <testcase name="testToBytes" time="0.000" classname="com.distrimind.util.tests.DecentralizedIDTests"/>
  <testcase name="testNotEquals" time="0.012" classname="com.distrimind.util.tests.DecentralizedIDTests"/>
  <testcase name="testToBytes" time="0.001" classname="com.distrimind.util.tests.DecentralizedIDTests"/>
  <testcase name="testToBytes" time="0.001" classname="com.distrimind.util.tests.DecentralizedIDTests"/>
  <testcase name="testNotEquals" time="0.000" classname="com.distrimind.util.tests.DecentralizedIDTests"/>
  <testcase name="testNotEquals" time="0.000" classname="com.distrimind.util.tests.DecentralizedIDTests"/>
  <testcase name="testNotEquals" time="0.000" classname="com.distrimind.util.tests.DecentralizedIDTests"/>
  <testcase name="testNotEquals" time="0.000" classname="com.distrimind.util.tests.DecentralizedIDTests"/>
  <testcase name="testNotEquals" time="0.000" classname="com.distrimind.util.tests.DecentralizedIDTests"/>
  <testcase name="testToBytes" time="0.000" classname="com.distrimind.util.tests.DecentralizedIDTests"/>
  <testcase name="testNotEquals" time="0.001" classname="com.distrimind.util.tests.DecentralizedIDTests"/>
  <testcase name="testNotEquals" time="0.000" classname="com.distrimind.util.tests.DecentralizedIDTests"/>
  <testcase name="testToBytes" time="0.000" classname="com.distrimind.util.tests.DecentralizedIDTests"/>
  <testcase name="testNotEquals" time="0.000" classname="com.distrimind.util.tests.DecentralizedIDTests"/>
  <testcase name="testToBytes" time="0.000" classname="com.distrimind.util.tests.DecentralizedIDTests"/>
  <testcase name="testNotEquals" time="0.001" classname="com.distrimind.util.tests.DecentralizedIDTests"/>
  <testcase name="testNotEquals" time="0.000" classname="com.distrimind.util.tests.DecentralizedIDTests"/>
  <testcase name="testToBytes" time="0.000" classname="com.distrimind.util.tests.DecentralizedIDTests"/>
  <testcase name="testNotEquals" time="0.000" classname="com.distrimind.util.tests.DecentralizedIDTests"/>
  <testcase name="testNotEquals" time="0.000" classname="com.distrimind.util.tests.DecentralizedIDTests"/>
  <testcase name="testToBytes" time="0.000" classname="com.distrimind.util.tests.DecentralizedIDTests"/>
  <testcase name="testNotEquals" time="0.001" classname="com.distrimind.util.tests.DecentralizedIDTests"/>
  <testcase name="testNotEquals" time="0.000" classname="com.distrimind.util.tests.DecentralizedIDTests"/>
  <testcase name="testToBytes" time="0.000" classname="com.distrimind.util.tests.DecentralizedIDTests"/>
  <testcase name="testToBytes" time="0.000" classname="com.distrimind.util.tests.DecentralizedIDTests"/>
  <testcase name="testNotEquals" time="0.000" classname="com.distrimind.util.tests.DecentralizedIDTests"/>
  <testcase name="testNotEquals" time="0.001" classname="com.distrimind.util.tests.DecentralizedIDTests"/>
  <testcase name="testToBytes" time="0.000" classname="com.distrimind.util.tests.DecentralizedIDTests"/>
  <testcase name="testNotEquals" time="0.001" classname="com.distrimind.util.tests.DecentralizedIDTests"/>
  <testcase name="testToBytes" time="0.000" classname="com.distrimind.util.tests.DecentralizedIDTests"/>
  <testcase name="testNotEquals" time="0.000" classname="com.distrimind.util.tests.DecentralizedIDTests"/>
  <testcase name="testNotEquals" time="0.000" classname="com.distrimind.util.tests.DecentralizedIDTests"/>
  <testcase name="testToBytes" time="0.000" classname="com.distrimind.util.tests.DecentralizedIDTests"/>
  <testcase name="testNotEquals" time="0.001" classname="com.distrimind.util.tests.DecentralizedIDTests"/>
  <testcase name="testToBytes" time="0.000" classname="com.distrimind.util.tests.DecentralizedIDTests"/>
  <testcase name="testToBytes" time="0.000" classname="com.distrimind.util.tests.DecentralizedIDTests"/>
  <testcase name="testNotEquals" time="0.010" classname="com.distrimind.util.tests.DecentralizedIDTests"/>
  <testcase name="testToBytes" time="0.000" classname="com.distrimind.util.tests.DecentralizedIDTests"/>
  <testcase name="testNotEquals" time="0.000" classname="com.distrimind.util.tests.DecentralizedIDTests"/>
  <testcase name="testToBytes" time="0.000" classname="com.distrimind.util.tests.DecentralizedIDTests"/>
  <testcase name="testNotEquals" time="0.005" classname="com.distrimind.util.tests.DecentralizedIDTests"/>
  <testcase name="testNotEquals" time="0.000" classname="com.distrimind.util.tests.DecentralizedIDTests"/>
  <testcase name="testToBytes" time="0.000" classname="com.distrimind.util.tests.DecentralizedIDTests"/>
  <testcase name="testNotEquals" time="0.000" classname="com.distrimind.util.tests.DecentralizedIDTests"/>
  <testcase name="testNotEquals" time="0.000" classname="com.distrimind.util.tests.DecentralizedIDTests"/>
  <testcase name="testNotEquals" time="0.000" classname="com.distrimind.util.tests.DecentralizedIDTests"/>
  <testcase name="testToBytes" time="0.000" classname="com.distrimind.util.tests.DecentralizedIDTests"/>
  <testcase name="testNotEquals" time="0.013" classname="com.distrimind.util.tests.DecentralizedIDTests"/>
  <testcase name="testNotEquals" time="0.000" classname="com.distrimind.util.tests.DecentralizedIDTests"/>
  <testcase name="testToBytes" time="0.000" classname="com.distrimind.util.tests.DecentralizedIDTests"/>
  <testcase name="testToBytes" time="0.000" classname="com.distrimind.util.tests.DecentralizedIDTests"/>
  <testcase name="testNotEquals" time="0.001" classname="com.distrimind.util.tests.DecentralizedIDTests"/>
  <testcase name="testNotEquals" time="0.000" classname="com.distrimind.util.tests.DecentralizedIDTests"/>
  <testcase name="testToBytes" time="0.000" classname="com.distrimind.util.tests.DecentralizedIDTests"/>
  <testcase name="testNotEquals" time="0.000" classname="com.distrimind.util.tests.DecentralizedIDTests"/>
  <testcase name="testToBytes" time="0.000" classname="com.distrimind.util.tests.DecentralizedIDTests"/>
  <testcase name="testNotEquals" time="0.001" classname="com.distrimind.util.tests.DecentralizedIDTests"/>
  <testcase name="testToBytes" time="0.000" classname="com.distrimind.util.tests.DecentralizedIDTests"/>
  <testcase name="testNotEquals" time="0.000" classname="com.distrimind.util.tests.DecentralizedIDTests"/>
  <testcase name="testNotEquals" time="0.000" classname="com.distrimind.util.tests.DecentralizedIDTests"/>
  <testcase name="testToBytes" time="0.000" classname="com.distrimind.util.tests.DecentralizedIDTests"/>
  <testcase name="testToBytes" time="0.000" classname="com.distrimind.util.tests.DecentralizedIDTests"/>
  <testcase name="testNotEquals" time="0.000" classname="com.distrimind.util.tests.DecentralizedIDTests"/>
  <testcase name="testToBytes" time="0.000" classname="com.distrimind.util.tests.DecentralizedIDTests"/>
  <testcase name="testToBytes" time="0.000" classname="com.distrimind.util.tests.DecentralizedIDTests"/>
  <testcase name="testNotEquals" time="0.000" classname="com.distrimind.util.tests.DecentralizedIDTests"/>
  <testcase name="testToBytes" time="0.000" classname="com.distrimind.util.tests.DecentralizedIDTests"/>
  <testcase name="testToBytes" time="0.000" classname="com.distrimind.util.tests.DecentralizedIDTests"/>
  <testcase name="testToBytes" time="0.000" classname="com.distrimind.util.tests.DecentralizedIDTests"/>
  <testcase name="testNotEquals" time="0.000" classname="com.distrimind.util.tests.DecentralizedIDTests"/>
  <testcase name="testToBytes" time="0.001" classname="com.distrimind.util.tests.DecentralizedIDTests"/>
  <testcase name="testNotEquals" time="0.000" classname="com.distrimind.util.tests.DecentralizedIDTests"/>
  <testcase name="testToBytes" time="0.000" classname="com.distrimind.util.tests.DecentralizedIDTests"/>
  <testcase name="testNotEquals" time="0.000" classname="com.distrimind.util.tests.DecentralizedIDTests"/>
  <testcase name="testNotEquals" time="0.000" classname="com.distrimind.util.tests.DecentralizedIDTests"/>
  <testcase name="testNotEquals" time="0.000" classname="com.distrimind.util.tests.DecentralizedIDTests"/>
  <testcase name="testNotEquals" time="0.000" classname="com.distrimind.util.tests.DecentralizedIDTests"/>
  <testcase name="testToBytes" time="0.000" classname="com.distrimind.util.tests.DecentralizedIDTests"/>
  <testcase name="testToBytes" time="0.000" classname="com.distrimind.util.tests.DecentralizedIDTests"/>
  <testcase name="testToBytes" time="0.000" classname="com.distrimind.util.tests.DecentralizedIDTests"/>
  <testcase name="testNotEquals" time="0.000" classname="com.distrimind.util.tests.DecentralizedIDTests"/>
  <testcase name="testNotEquals" time="0.012" classname="com.distrimind.util.tests.DecentralizedIDTests"/>
  <testcase name="testToBytes" time="0.000" classname="com.distrimind.util.tests.DecentralizedIDTests"/>
  <testcase name="testToBytes" time="0.000" classname="com.distrimind.util.tests.DecentralizedIDTests"/>
  <testcase name="testToBytes" time="0.000" classname="com.distrimind.util.tests.DecentralizedIDTests"/>
  <testcase name="testToBytes" time="0.119" classname="com.distrimind.util.tests.DecentralizedIDTests"/>
  <testcase name="testNotEquals" time="0.012" classname="com.distrimind.util.tests.DecentralizedIDTests"/>
</testsuite> <!-- com.distrimind.util.tests.DecentralizedIDTests -->
