<?xml version="1.0" encoding="UTF-8"?>
<!-- Generated by org.testng.reporters.JUnitReportReporter -->
<testsuite hostname="choupchoup" name="com.distrimind.ood.tests.DerbyTestDatabase" tests="29" failures="0" timestamp="14 Feb 2016 07:55:55 GMT" time="1590.209" errors="0">
  <testcase name="firstTestSize" time="0.000" classname="com.distrimind.ood.tests.DerbyTestDatabase"/>
  <testcase name="removeForeignKeyRecords" time="0.079" classname="com.distrimind.ood.tests.DerbyTestDatabase"/>
  <testcase name="prepareMultipleTest" time="0.531" classname="com.distrimind.ood.tests.DerbyTestDatabase"/>
  <testcase name="removePointedRecords" time="0.027" classname="com.distrimind.ood.tests.DerbyTestDatabase"/>
  <testcase name="isLoadedIntoMemory" time="0.000" classname="com.distrimind.ood.tests.DerbyTestDatabase"/>
  <testcase name="testThreadSafe" time="308.858" classname="com.distrimind.ood.tests.DerbyTestDatabase"/>
  <testcase name="testIsPointed" time="0.003" classname="com.distrimind.ood.tests.DerbyTestDatabase"/>
  <testcase name="firstAdd" time="0.132" classname="com.distrimind.ood.tests.DerbyTestDatabase"/>
  <testcase name="testRemoveFilters" time="0.025" classname="com.distrimind.ood.tests.DerbyTestDatabase"/>
  <testcase name="testThreadSafe" time="301.993" classname="com.distrimind.ood.tests.DerbyTestDatabase"/>
  <testcase name="setAutoRandomFields" time="0.980" classname="com.distrimind.ood.tests.DerbyTestDatabase"/>
  <testcase name="removeRecords" time="2.009" classname="com.distrimind.ood.tests.DerbyTestDatabase"/>
  <testcase name="secondTestSize" time="0.015" classname="com.distrimind.ood.tests.DerbyTestDatabase"/>
  <testcase name="testFilters" time="0.106" classname="com.distrimind.ood.tests.DerbyTestDatabase"/>
  <testcase name="getRecord" time="0.010" classname="com.distrimind.ood.tests.DerbyTestDatabase"/>
  <testcase name="testCheckPoint" time="0.000" classname="com.distrimind.ood.tests.DerbyTestDatabase"/>
  <testcase name="testFirstAdd" time="0.005" classname="com.distrimind.ood.tests.DerbyTestDatabase"/>
  <testcase name="testThreadSafe" time="308.857" classname="com.distrimind.ood.tests.DerbyTestDatabase"/>
  <testcase name="firstReload" time="12.941" classname="com.distrimind.ood.tests.DerbyTestDatabase"/>
  <testcase name="addForeignKeyAndTestUniqueKeys" time="0.327" classname="com.distrimind.ood.tests.DerbyTestDatabase"/>
  <testcase name="getRecordFilter" time="0.161" classname="com.distrimind.ood.tests.DerbyTestDatabase"/>
  <testcase name="alterRecord" time="0.063" classname="com.distrimind.ood.tests.DerbyTestDatabase"/>
  <testcase name="removeWithCascade" time="0.987" classname="com.distrimind.ood.tests.DerbyTestDatabase"/>
  <testcase name="testThreadSafe" time="308.867" classname="com.distrimind.ood.tests.DerbyTestDatabase"/>
  <testcase name="multipleTests" time="24.440" classname="com.distrimind.ood.tests.DerbyTestDatabase"/>
  <testcase name="testThreadSafe" time="309.806" classname="com.distrimind.ood.tests.DerbyTestDatabase"/>
  <testcase name="firstLoad" time="8.748" classname="com.distrimind.ood.tests.DerbyTestDatabase"/>
  <testcase name="removeRecord" time="0.194" classname="com.distrimind.ood.tests.DerbyTestDatabase"/>
  <testcase name="addSecondRecord" time="0.045" classname="com.distrimind.ood.tests.DerbyTestDatabase"/>
</testsuite> <!-- com.distrimind.ood.tests.DerbyTestDatabase -->
