<?xml version="1.0" encoding="UTF-8"?>
<!-- Generated by org.testng.reporters.JUnitReportReporter -->
<testsuite hostname="choupchoup" name="com.distrimind.util.tests.properties.TestProperties" tests="201" failures="0" timestamp="19 Sep 2016 10:35:29 GMT" time="1.175" errors="0">
  <testcase name="testPropertiesXMLSave" time="0.004" classname="com.distrimind.util.tests.properties.TestProperties"/>
  <testcase name="testPropertiesExport" time="0.003" classname="com.distrimind.util.tests.properties.TestProperties"/>
  <testcase name="testPropertiesExport" time="0.002" classname="com.distrimind.util.tests.properties.TestProperties"/>
  <testcase name="testPropertiesXMLSave" time="0.005" classname="com.distrimind.util.tests.properties.TestProperties"/>
  <testcase name="testPropertiesExport" time="0.003" classname="com.distrimind.util.tests.properties.TestProperties"/>
  <testcase name="testPropertiesXMLSave" time="0.006" classname="com.distrimind.util.tests.properties.TestProperties"/>
  <testcase name="testPropertiesExport" time="0.002" classname="com.distrimind.util.tests.properties.TestProperties"/>
  <testcase name="testPropertiesExport" time="0.002" classname="com.distrimind.util.tests.properties.TestProperties"/>
  <testcase name="testPropertiesExport" time="0.002" classname="com.distrimind.util.tests.properties.TestProperties"/>
  <testcase name="testPropertiesExport" time="0.003" classname="com.distrimind.util.tests.properties.TestProperties"/>
  <testcase name="testPropertiesExport" time="0.001" classname="com.distrimind.util.tests.properties.TestProperties"/>
  <testcase name="testPropertiesXMLSave" time="0.006" classname="com.distrimind.util.tests.properties.TestProperties"/>
  <testcase name="testPropertiesXMLSave" time="0.006" classname="com.distrimind.util.tests.properties.TestProperties"/>
  <testcase name="testPropertiesXMLSave" time="0.004" classname="com.distrimind.util.tests.properties.TestProperties"/>
  <testcase name="testPropertiesExport" time="0.002" classname="com.distrimind.util.tests.properties.TestProperties"/>
  <testcase name="testPropertiesXMLSave" time="0.005" classname="com.distrimind.util.tests.properties.TestProperties"/>
  <testcase name="testPropertiesExport" time="0.004" classname="com.distrimind.util.tests.properties.TestProperties"/>
  <testcase name="testPropertiesExport" time="0.002" classname="com.distrimind.util.tests.properties.TestProperties"/>
  <testcase name="testPropertiesExport" time="0.002" classname="com.distrimind.util.tests.properties.TestProperties"/>
  <testcase name="testPropertiesXMLSave" time="0.004" classname="com.distrimind.util.tests.properties.TestProperties"/>
  <testcase name="testPropertiesXMLSave" time="0.004" classname="com.distrimind.util.tests.properties.TestProperties"/>
  <testcase name="testPropertiesExport" time="0.002" classname="com.distrimind.util.tests.properties.TestProperties"/>
  <testcase name="testPropertiesXMLSave" time="0.008" classname="com.distrimind.util.tests.properties.TestProperties"/>
  <testcase name="testPropertiesExport" time="0.003" classname="com.distrimind.util.tests.properties.TestProperties"/>
  <testcase name="testPropertiesExport" time="0.002" classname="com.distrimind.util.tests.properties.TestProperties"/>
  <testcase name="testPropertiesExport" time="0.043" classname="com.distrimind.util.tests.properties.TestProperties"/>
  <testcase name="testPropertiesXMLSave" time="0.005" classname="com.distrimind.util.tests.properties.TestProperties"/>
  <testcase name="testPropertiesXMLSave" time="0.006" classname="com.distrimind.util.tests.properties.TestProperties"/>
  <testcase name="testPropertiesXMLSave" time="0.006" classname="com.distrimind.util.tests.properties.TestProperties"/>
  <testcase name="testPropertiesXMLSave" time="0.007" classname="com.distrimind.util.tests.properties.TestProperties"/>
  <testcase name="testPropertiesExport" time="0.001" classname="com.distrimind.util.tests.properties.TestProperties"/>
  <testcase name="testPropertiesXMLSave" time="0.005" classname="com.distrimind.util.tests.properties.TestProperties"/>
  <testcase name="testPropertiesXMLSave" time="0.005" classname="com.distrimind.util.tests.properties.TestProperties"/>
  <testcase name="testPropertiesExport" time="0.001" classname="com.distrimind.util.tests.properties.TestProperties"/>
  <testcase name="testPropertiesExport" time="0.002" classname="com.distrimind.util.tests.properties.TestProperties"/>
  <testcase name="testPropertiesExport" time="0.002" classname="com.distrimind.util.tests.properties.TestProperties"/>
  <testcase name="testPropertiesXMLSave" time="0.006" classname="com.distrimind.util.tests.properties.TestProperties"/>
  <testcase name="testPropertiesXMLSave" time="0.005" classname="com.distrimind.util.tests.properties.TestProperties"/>
  <testcase name="testPropertiesExport" time="0.002" classname="com.distrimind.util.tests.properties.TestProperties"/>
  <testcase name="testPropertiesExport" time="0.002" classname="com.distrimind.util.tests.properties.TestProperties"/>
  <testcase name="testPropertiesXMLSave" time="0.007" classname="com.distrimind.util.tests.properties.TestProperties"/>
  <testcase name="testPropertiesExport" time="0.005" classname="com.distrimind.util.tests.properties.TestProperties"/>
  <testcase name="testPropertiesXMLSave" time="0.007" classname="com.distrimind.util.tests.properties.TestProperties"/>
  <testcase name="testPropertiesExport" time="0.002" classname="com.distrimind.util.tests.properties.TestProperties"/>
  <testcase name="testPropertiesXMLSave" time="0.007" classname="com.distrimind.util.tests.properties.TestProperties"/>
  <testcase name="testPropertiesXMLSave" time="0.004" classname="com.distrimind.util.tests.properties.TestProperties"/>
  <testcase name="testPropertiesExport" time="0.007" classname="com.distrimind.util.tests.properties.TestProperties"/>
  <testcase name="testPropertiesExport" time="0.002" classname="com.distrimind.util.tests.properties.TestProperties"/>
  <testcase name="testPropertiesExport" time="0.002" classname="com.distrimind.util.tests.properties.TestProperties"/>
  <testcase name="testPropertiesXMLSave" time="0.007" classname="com.distrimind.util.tests.properties.TestProperties"/>
  <testcase name="testPropertiesExport" time="0.002" classname="com.distrimind.util.tests.properties.TestProperties"/>
  <testcase name="testPropertiesXMLSave" time="0.005" classname="com.distrimind.util.tests.properties.TestProperties"/>
  <testcase name="testPropertiesExport" time="0.002" classname="com.distrimind.util.tests.properties.TestProperties"/>
  <testcase name="testPropertiesXMLSave" time="0.012" classname="com.distrimind.util.tests.properties.TestProperties"/>
  <testcase name="testPropertiesXMLSave" time="0.011" classname="com.distrimind.util.tests.properties.TestProperties"/>
  <testcase name="testPropertiesXMLSave" time="0.004" classname="com.distrimind.util.tests.properties.TestProperties"/>
  <testcase name="testPropertiesXMLSave" time="0.004" classname="com.distrimind.util.tests.properties.TestProperties"/>
  <testcase name="testPropertiesXMLSave" time="0.007" classname="com.distrimind.util.tests.properties.TestProperties"/>
  <testcase name="testPropertiesXMLSave" time="0.005" classname="com.distrimind.util.tests.properties.TestProperties"/>
  <testcase name="testPropertiesExport" time="0.002" classname="com.distrimind.util.tests.properties.TestProperties"/>
  <testcase name="testPropertiesExport" time="0.002" classname="com.distrimind.util.tests.properties.TestProperties"/>
  <testcase name="testPropertiesXMLSave" time="0.013" classname="com.distrimind.util.tests.properties.TestProperties"/>
  <testcase name="testPropertiesXMLSave" time="0.004" classname="com.distrimind.util.tests.properties.TestProperties"/>
  <testcase name="testPropertiesXMLSave" time="0.004" classname="com.distrimind.util.tests.properties.TestProperties"/>
  <testcase name="testPropertiesXMLSave" time="0.004" classname="com.distrimind.util.tests.properties.TestProperties"/>
  <testcase name="testPropertiesXMLSave" time="0.020" classname="com.distrimind.util.tests.properties.TestProperties"/>
  <testcase name="testPropertiesXMLSave" time="0.005" classname="com.distrimind.util.tests.properties.TestProperties"/>
  <testcase name="testPropertiesExport" time="0.002" classname="com.distrimind.util.tests.properties.TestProperties"/>
  <testcase name="testPropertiesXMLSave" time="0.008" classname="com.distrimind.util.tests.properties.TestProperties"/>
  <testcase name="testPropertiesXMLSave" time="0.005" classname="com.distrimind.util.tests.properties.TestProperties"/>
  <testcase name="testPropertiesExport" time="0.002" classname="com.distrimind.util.tests.properties.TestProperties"/>
  <testcase name="testPropertiesExport" time="0.001" classname="com.distrimind.util.tests.properties.TestProperties"/>
  <testcase name="testPropertiesXMLSave" time="0.005" classname="com.distrimind.util.tests.properties.TestProperties"/>
  <testcase name="testPropertiesXMLSave" time="0.005" classname="com.distrimind.util.tests.properties.TestProperties"/>
  <testcase name="testPropertiesExport" time="0.002" classname="com.distrimind.util.tests.properties.TestProperties"/>
  <testcase name="testPropertiesXMLSave" time="0.021" classname="com.distrimind.util.tests.properties.TestProperties"/>
  <testcase name="testPropertiesXMLSave" time="0.006" classname="com.distrimind.util.tests.properties.TestProperties"/>
  <testcase name="testPropertiesExport" time="0.002" classname="com.distrimind.util.tests.properties.TestProperties"/>
  <testcase name="testPropertiesExport" time="0.003" classname="com.distrimind.util.tests.properties.TestProperties"/>
  <testcase name="testPropertiesXMLSave" time="0.005" classname="com.distrimind.util.tests.properties.TestProperties"/>
  <testcase name="testPropertiesXMLSave" time="0.013" classname="com.distrimind.util.tests.properties.TestProperties"/>
  <testcase name="testPropertiesXMLSave" time="0.005" classname="com.distrimind.util.tests.properties.TestProperties"/>
  <testcase name="testPropertiesExport" time="0.001" classname="com.distrimind.util.tests.properties.TestProperties"/>
  <testcase name="testPropertiesExport" time="0.002" classname="com.distrimind.util.tests.properties.TestProperties"/>
  <testcase name="testPropertiesXMLSave" time="0.005" classname="com.distrimind.util.tests.properties.TestProperties"/>
  <testcase name="testPropertiesExport" time="0.002" classname="com.distrimind.util.tests.properties.TestProperties"/>
  <testcase name="testPropertiesExport" time="0.001" classname="com.distrimind.util.tests.properties.TestProperties"/>
  <testcase name="testPropertiesExport" time="0.003" classname="com.distrimind.util.tests.properties.TestProperties"/>
  <testcase name="testPropertiesExport" time="0.003" classname="com.distrimind.util.tests.properties.TestProperties"/>
  <testcase name="testPropertiesXMLSave" time="0.007" classname="com.distrimind.util.tests.properties.TestProperties"/>
  <testcase name="testPropertiesXMLSave" time="0.006" classname="com.distrimind.util.tests.properties.TestProperties"/>
  <testcase name="testPropertiesExport" time="0.002" classname="com.distrimind.util.tests.properties.TestProperties"/>
  <testcase name="testPropertiesXMLSave" time="0.006" classname="com.distrimind.util.tests.properties.TestProperties"/>
  <testcase name="testPropertiesXMLSave" time="0.004" classname="com.distrimind.util.tests.properties.TestProperties"/>
  <testcase name="testPropertiesExport" time="0.002" classname="com.distrimind.util.tests.properties.TestProperties"/>
  <testcase name="testPropertiesXMLSave" time="0.006" classname="com.distrimind.util.tests.properties.TestProperties"/>
  <testcase name="testPropertiesExport" time="0.002" classname="com.distrimind.util.tests.properties.TestProperties"/>
  <testcase name="testPropertiesXMLSave" time="0.005" classname="com.distrimind.util.tests.properties.TestProperties"/>
  <testcase name="testPropertiesExport" time="0.001" classname="com.distrimind.util.tests.properties.TestProperties"/>
  <testcase name="testPropertiesExport" time="0.002" classname="com.distrimind.util.tests.properties.TestProperties"/>
  <testcase name="testPropertiesXMLSave" time="0.008" classname="com.distrimind.util.tests.properties.TestProperties"/>
  <testcase name="testPropertiesExport" time="0.002" classname="com.distrimind.util.tests.properties.TestProperties"/>
  <testcase name="testPropertiesExport" time="0.004" classname="com.distrimind.util.tests.properties.TestProperties"/>
  <testcase name="testPropertiesXMLSave" time="0.004" classname="com.distrimind.util.tests.properties.TestProperties"/>
  <testcase name="testPropertiesXMLSave" time="0.004" classname="com.distrimind.util.tests.properties.TestProperties"/>
  <testcase name="testPropertiesXMLSave" time="0.008" classname="com.distrimind.util.tests.properties.TestProperties"/>
  <testcase name="testPropertiesXMLSave" time="0.006" classname="com.distrimind.util.tests.properties.TestProperties"/>
  <testcase name="testPropertiesExport" time="0.003" classname="com.distrimind.util.tests.properties.TestProperties"/>
  <testcase name="testPropertiesExport" time="0.005" classname="com.distrimind.util.tests.properties.TestProperties"/>
  <testcase name="testPropertiesXMLSave" time="0.005" classname="com.distrimind.util.tests.properties.TestProperties"/>
  <testcase name="testPropertiesExport" time="0.002" classname="com.distrimind.util.tests.properties.TestProperties"/>
  <testcase name="testPropertiesExport" time="0.002" classname="com.distrimind.util.tests.properties.TestProperties"/>
  <testcase name="testFreeProperties" time="0.001" classname="com.distrimind.util.tests.properties.TestProperties"/>
  <testcase name="testPropertiesXMLSave" time="0.007" classname="com.distrimind.util.tests.properties.TestProperties"/>
  <testcase name="testPropertiesXMLSave" time="0.007" classname="com.distrimind.util.tests.properties.TestProperties"/>
  <testcase name="testPropertiesExport" time="0.003" classname="com.distrimind.util.tests.properties.TestProperties"/>
  <testcase name="testPropertiesExport" time="0.002" classname="com.distrimind.util.tests.properties.TestProperties"/>
  <testcase name="testPropertiesExport" time="0.002" classname="com.distrimind.util.tests.properties.TestProperties"/>
  <testcase name="testPropertiesXMLSave" time="0.005" classname="com.distrimind.util.tests.properties.TestProperties"/>
  <testcase name="testPropertiesExport" time="0.002" classname="com.distrimind.util.tests.properties.TestProperties"/>
  <testcase name="testPropertiesXMLSave" time="0.006" classname="com.distrimind.util.tests.properties.TestProperties"/>
  <testcase name="testPropertiesXMLSave" time="0.008" classname="com.distrimind.util.tests.properties.TestProperties"/>
  <testcase name="testPropertiesXMLSave" time="0.008" classname="com.distrimind.util.tests.properties.TestProperties"/>
  <testcase name="testPropertiesExport" time="0.002" classname="com.distrimind.util.tests.properties.TestProperties"/>
  <testcase name="testPropertiesXMLSave" time="0.010" classname="com.distrimind.util.tests.properties.TestProperties"/>
  <testcase name="testPropertiesXMLSave" time="0.029" classname="com.distrimind.util.tests.properties.TestProperties"/>
  <testcase name="testPropertiesExport" time="0.002" classname="com.distrimind.util.tests.properties.TestProperties"/>
  <testcase name="testPropertiesExport" time="0.003" classname="com.distrimind.util.tests.properties.TestProperties"/>
  <testcase name="testPropertiesExport" time="0.003" classname="com.distrimind.util.tests.properties.TestProperties"/>
  <testcase name="testPropertiesXMLSave" time="0.006" classname="com.distrimind.util.tests.properties.TestProperties"/>
  <testcase name="testPropertiesXMLSave" time="0.009" classname="com.distrimind.util.tests.properties.TestProperties"/>
  <testcase name="testPropertiesExport" time="0.002" classname="com.distrimind.util.tests.properties.TestProperties"/>
  <testcase name="testPropertiesXMLSave" time="0.005" classname="com.distrimind.util.tests.properties.TestProperties"/>
  <testcase name="testPropertiesXMLSave" time="0.008" classname="com.distrimind.util.tests.properties.TestProperties"/>
  <testcase name="testPropertiesXMLSave" time="0.025" classname="com.distrimind.util.tests.properties.TestProperties"/>
  <testcase name="testPropertiesExport" time="0.007" classname="com.distrimind.util.tests.properties.TestProperties"/>
  <testcase name="testPropertiesXMLSave" time="0.006" classname="com.distrimind.util.tests.properties.TestProperties"/>
  <testcase name="testPropertiesExport" time="0.002" classname="com.distrimind.util.tests.properties.TestProperties"/>
  <testcase name="testPropertiesXMLSave" time="0.007" classname="com.distrimind.util.tests.properties.TestProperties"/>
  <testcase name="testPropertiesXMLSave" time="0.005" classname="com.distrimind.util.tests.properties.TestProperties"/>
  <testcase name="testPropertiesXMLSave" time="0.018" classname="com.distrimind.util.tests.properties.TestProperties"/>
  <testcase name="testPropertiesExport" time="0.001" classname="com.distrimind.util.tests.properties.TestProperties"/>
  <testcase name="testPropertiesXMLSave" time="0.005" classname="com.distrimind.util.tests.properties.TestProperties"/>
  <testcase name="testPropertiesXMLSave" time="0.006" classname="com.distrimind.util.tests.properties.TestProperties"/>
  <testcase name="testPropertiesXMLSave" time="0.006" classname="com.distrimind.util.tests.properties.TestProperties"/>
  <testcase name="testPropertiesExport" time="0.003" classname="com.distrimind.util.tests.properties.TestProperties"/>
  <testcase name="testPropertiesExport" time="0.003" classname="com.distrimind.util.tests.properties.TestProperties"/>
  <testcase name="testPropertiesXMLSave" time="0.004" classname="com.distrimind.util.tests.properties.TestProperties"/>
  <testcase name="testPropertiesExport" time="0.001" classname="com.distrimind.util.tests.properties.TestProperties"/>
  <testcase name="testPropertiesExport" time="0.124" classname="com.distrimind.util.tests.properties.TestProperties"/>
  <testcase name="testPropertiesXMLSave" time="0.005" classname="com.distrimind.util.tests.properties.TestProperties"/>
  <testcase name="testPropertiesXMLSave" time="0.006" classname="com.distrimind.util.tests.properties.TestProperties"/>
  <testcase name="testPropertiesXMLSave" time="0.009" classname="com.distrimind.util.tests.properties.TestProperties"/>
  <testcase name="testPropertiesXMLSave" time="0.007" classname="com.distrimind.util.tests.properties.TestProperties"/>
  <testcase name="testPropertiesExport" time="0.002" classname="com.distrimind.util.tests.properties.TestProperties"/>
  <testcase name="testPropertiesXMLSave" time="0.011" classname="com.distrimind.util.tests.properties.TestProperties"/>
  <testcase name="testPropertiesExport" time="0.018" classname="com.distrimind.util.tests.properties.TestProperties"/>
  <testcase name="testPropertiesExport" time="0.009" classname="com.distrimind.util.tests.properties.TestProperties"/>
  <testcase name="testPropertiesExport" time="0.002" classname="com.distrimind.util.tests.properties.TestProperties"/>
  <testcase name="testPropertiesXMLSave" time="0.006" classname="com.distrimind.util.tests.properties.TestProperties"/>
  <testcase name="testPropertiesExport" time="0.002" classname="com.distrimind.util.tests.properties.TestProperties"/>
  <testcase name="testPropertiesXMLSave" time="0.005" classname="com.distrimind.util.tests.properties.TestProperties"/>
  <testcase name="testPropertiesExport" time="0.046" classname="com.distrimind.util.tests.properties.TestProperties"/>
  <testcase name="testPropertiesExport" time="0.002" classname="com.distrimind.util.tests.properties.TestProperties"/>
  <testcase name="testPropertiesExport" time="0.005" classname="com.distrimind.util.tests.properties.TestProperties"/>
  <testcase name="testPropertiesXMLSave" time="0.007" classname="com.distrimind.util.tests.properties.TestProperties"/>
  <testcase name="testPropertiesExport" time="0.002" classname="com.distrimind.util.tests.properties.TestProperties"/>
  <testcase name="testPropertiesExport" time="0.002" classname="com.distrimind.util.tests.properties.TestProperties"/>
  <testcase name="testPropertiesXMLSave" time="0.007" classname="com.distrimind.util.tests.properties.TestProperties"/>
  <testcase name="testPropertiesXMLSave" time="0.005" classname="com.distrimind.util.tests.properties.TestProperties"/>
  <testcase name="testPropertiesXMLSave" time="0.007" classname="com.distrimind.util.tests.properties.TestProperties"/>
  <testcase name="testPropertiesXMLSave" time="0.008" classname="com.distrimind.util.tests.properties.TestProperties"/>
  <testcase name="testPropertiesXMLSave" time="0.006" classname="com.distrimind.util.tests.properties.TestProperties"/>
  <testcase name="testPropertiesExport" time="0.003" classname="com.distrimind.util.tests.properties.TestProperties"/>
  <testcase name="testPropertiesXMLSave" time="0.007" classname="com.distrimind.util.tests.properties.TestProperties"/>
  <testcase name="testPropertiesExport" time="0.001" classname="com.distrimind.util.tests.properties.TestProperties"/>
  <testcase name="testPropertiesExport" time="0.004" classname="com.distrimind.util.tests.properties.TestProperties"/>
  <testcase name="testPropertiesExport" time="0.002" classname="com.distrimind.util.tests.properties.TestProperties"/>
  <testcase name="testPropertiesExport" time="0.002" classname="com.distrimind.util.tests.properties.TestProperties"/>
  <testcase name="testPropertiesXMLSave" time="0.007" classname="com.distrimind.util.tests.properties.TestProperties"/>
  <testcase name="testPropertiesExport" time="0.002" classname="com.distrimind.util.tests.properties.TestProperties"/>
  <testcase name="testPropertiesExport" time="0.002" classname="com.distrimind.util.tests.properties.TestProperties"/>
  <testcase name="testPropertiesXMLSave" time="0.010" classname="com.distrimind.util.tests.properties.TestProperties"/>
  <testcase name="testPropertiesExport" time="0.002" classname="com.distrimind.util.tests.properties.TestProperties"/>
  <testcase name="testPropertiesExport" time="0.002" classname="com.distrimind.util.tests.properties.TestProperties"/>
  <testcase name="testPropertiesExport" time="0.002" classname="com.distrimind.util.tests.properties.TestProperties"/>
  <testcase name="testPropertiesExport" time="0.003" classname="com.distrimind.util.tests.properties.TestProperties"/>
  <testcase name="testPropertiesExport" time="0.002" classname="com.distrimind.util.tests.properties.TestProperties"/>
  <testcase name="testPropertiesXMLSave" time="0.004" classname="com.distrimind.util.tests.properties.TestProperties"/>
  <testcase name="testPropertiesXMLSave" time="0.011" classname="com.distrimind.util.tests.properties.TestProperties"/>
  <testcase name="testPropertiesExport" time="0.004" classname="com.distrimind.util.tests.properties.TestProperties"/>
  <testcase name="testPropertiesExport" time="0.002" classname="com.distrimind.util.tests.properties.TestProperties"/>
  <testcase name="testPropertiesExport" time="0.002" classname="com.distrimind.util.tests.properties.TestProperties"/>
  <testcase name="testPropertiesXMLSave" time="0.008" classname="com.distrimind.util.tests.properties.TestProperties"/>
  <testcase name="testPropertiesExport" time="0.004" classname="com.distrimind.util.tests.properties.TestProperties"/>
  <testcase name="testPropertiesExport" time="0.002" classname="com.distrimind.util.tests.properties.TestProperties"/>
  <testcase name="testPropertiesExport" time="0.002" classname="com.distrimind.util.tests.properties.TestProperties"/>
  <testcase name="testPropertiesXMLSave" time="0.005" classname="com.distrimind.util.tests.properties.TestProperties"/>
  <testcase name="testPropertiesExport" time="0.001" classname="com.distrimind.util.tests.properties.TestProperties"/>
  <testcase name="testPropertiesXMLSave" time="0.006" classname="com.distrimind.util.tests.properties.TestProperties"/>
  <testcase name="testPropertiesExport" time="0.002" classname="com.distrimind.util.tests.properties.TestProperties"/>
</testsuite> <!-- com.distrimind.util.tests.properties.TestProperties -->
