<?xml version="1.0" encoding="UTF-8"?>
<!-- Generated by org.testng.reporters.JUnitReportReporter -->
<testsuite hostname="choupchoup" name="com.distrimind.ood.tests.HSQLDBTestDatabase" tests="32" failures="0" timestamp="4 Mar 2016 09:48:21 GMT" time="4971.205" errors="0">
  <testcase name="getRecord" time="0.011" classname="com.distrimind.ood.tests.HSQLDBTestDatabase"/>
  <testcase name="firstAdd" time="0.239" classname="com.distrimind.ood.tests.HSQLDBTestDatabase"/>
  <testcase name="testThreadSafe" time="960.917" classname="com.distrimind.ood.tests.HSQLDBTestDatabase"/>
  <testcase name="isLoadedIntoMemory" time="0.000" classname="com.distrimind.ood.tests.HSQLDBTestDatabase"/>
  <testcase name="getRecordIterator" time="0.007" classname="com.distrimind.ood.tests.HSQLDBTestDatabase"/>
  <testcase name="addForeignKeyAndTestUniqueKeys" time="0.529" classname="com.distrimind.ood.tests.HSQLDBTestDatabase"/>
  <testcase name="alterRecordWithCascade" time="0.031" classname="com.distrimind.ood.tests.HSQLDBTestDatabase"/>
  <testcase name="removeWithCascade" time="3.744" classname="com.distrimind.ood.tests.HSQLDBTestDatabase"/>
  <testcase name="alterRecord" time="0.007" classname="com.distrimind.ood.tests.HSQLDBTestDatabase"/>
  <testcase name="removeRecord" time="0.006" classname="com.distrimind.ood.tests.HSQLDBTestDatabase"/>
  <testcase name="testFilters" time="0.038" classname="com.distrimind.ood.tests.HSQLDBTestDatabase"/>
  <testcase name="multipleTests" time="67.832" classname="com.distrimind.ood.tests.HSQLDBTestDatabase"/>
  <testcase name="testThreadSafe" time="981.098" classname="com.distrimind.ood.tests.HSQLDBTestDatabase"/>
  <testcase name="firstReload" time="0.819" classname="com.distrimind.ood.tests.HSQLDBTestDatabase"/>
  <testcase name="removeForeignKeyRecords" time="0.014" classname="com.distrimind.ood.tests.HSQLDBTestDatabase"/>
  <testcase name="firstLoad" time="0.551" classname="com.distrimind.ood.tests.HSQLDBTestDatabase"/>
  <testcase name="testThreadSafe" time="980.458" classname="com.distrimind.ood.tests.HSQLDBTestDatabase"/>
  <testcase name="prepareMultipleTest" time="2.392" classname="com.distrimind.ood.tests.HSQLDBTestDatabase"/>
  <testcase name="testFirstAdd" time="0.002" classname="com.distrimind.ood.tests.HSQLDBTestDatabase"/>
  <testcase name="removeRecords" time="12.050" classname="com.distrimind.ood.tests.HSQLDBTestDatabase"/>
  <testcase name="testIsPointed" time="0.004" classname="com.distrimind.ood.tests.HSQLDBTestDatabase"/>
  <testcase name="testArrayRecordParameters" time="0.212" classname="com.distrimind.ood.tests.HSQLDBTestDatabase"/>
  <testcase name="testThreadSafe" time="981.683" classname="com.distrimind.ood.tests.HSQLDBTestDatabase"/>
  <testcase name="testRemoveFilters" time="0.002" classname="com.distrimind.ood.tests.HSQLDBTestDatabase"/>
  <testcase name="testThreadSafe" time="972.885" classname="com.distrimind.ood.tests.HSQLDBTestDatabase"/>
  <testcase name="firstTestSize" time="0.001" classname="com.distrimind.ood.tests.HSQLDBTestDatabase"/>
  <testcase name="testCheckPoint" time="0.931" classname="com.distrimind.ood.tests.HSQLDBTestDatabase"/>
  <testcase name="getRecordFilter" time="0.058" classname="com.distrimind.ood.tests.HSQLDBTestDatabase"/>
  <testcase name="removePointedRecords" time="0.014" classname="com.distrimind.ood.tests.HSQLDBTestDatabase"/>
  <testcase name="secondTestSize" time="0.003" classname="com.distrimind.ood.tests.HSQLDBTestDatabase"/>
  <testcase name="addSecondRecord" time="0.200" classname="com.distrimind.ood.tests.HSQLDBTestDatabase"/>
  <testcase name="setAutoRandomFields" time="4.467" classname="com.distrimind.ood.tests.HSQLDBTestDatabase"/>
</testsuite> <!-- com.distrimind.ood.tests.HSQLDBTestDatabase -->
