<?xml version="1.0" encoding="UTF-8"?>
<!-- Generated by org.testng.reporters.JUnitReportReporter -->
<testsuite hostname="Quantum" name="com.distrimind.ood.tests.DerbyTestDatabase" tests="29" failures="0" timestamp="11 Feb 2016 16:05:00 GMT" time="2217.798" errors="0">
  <testcase name="prepareMultipleTest" time="0.407" classname="com.distrimind.ood.tests.DerbyTestDatabase"/>
  <testcase name="testThreadSafe" time="431.197" classname="com.distrimind.ood.tests.DerbyTestDatabase"/>
  <testcase name="testFilters" time="0.081" classname="com.distrimind.ood.tests.DerbyTestDatabase"/>
  <testcase name="getRecordFilter" time="0.222" classname="com.distrimind.ood.tests.DerbyTestDatabase"/>
  <testcase name="removeRecord" time="0.075" classname="com.distrimind.ood.tests.DerbyTestDatabase"/>
  <testcase name="multipleTests" time="26.774" classname="com.distrimind.ood.tests.DerbyTestDatabase"/>
  <testcase name="testRemoveFilters" time="0.027" classname="com.distrimind.ood.tests.DerbyTestDatabase"/>
  <testcase name="testThreadSafe" time="435.330" classname="com.distrimind.ood.tests.DerbyTestDatabase"/>
  <testcase name="testThreadSafe" time="434.287" classname="com.distrimind.ood.tests.DerbyTestDatabase"/>
  <testcase name="addForeignKeyAndTestUniqueKeys" time="0.293" classname="com.distrimind.ood.tests.DerbyTestDatabase"/>
  <testcase name="firstTestSize" time="0.001" classname="com.distrimind.ood.tests.DerbyTestDatabase"/>
  <testcase name="getRecord" time="0.019" classname="com.distrimind.ood.tests.DerbyTestDatabase"/>
  <testcase name="testThreadSafe" time="433.653" classname="com.distrimind.ood.tests.DerbyTestDatabase"/>
  <testcase name="removePointedRecords" time="0.042" classname="com.distrimind.ood.tests.DerbyTestDatabase"/>
  <testcase name="alterRecord" time="0.088" classname="com.distrimind.ood.tests.DerbyTestDatabase"/>
  <testcase name="firstLoad" time="5.353" classname="com.distrimind.ood.tests.DerbyTestDatabase"/>
  <testcase name="firstAdd" time="0.186" classname="com.distrimind.ood.tests.DerbyTestDatabase"/>
  <testcase name="removeWithCascade" time="0.922" classname="com.distrimind.ood.tests.DerbyTestDatabase"/>
  <testcase name="addSecondRecord" time="0.059" classname="com.distrimind.ood.tests.DerbyTestDatabase"/>
  <testcase name="removeRecords" time="2.158" classname="com.distrimind.ood.tests.DerbyTestDatabase"/>
  <testcase name="testFirstAdd" time="0.006" classname="com.distrimind.ood.tests.DerbyTestDatabase"/>
  <testcase name="setAutoRandomFields" time="0.829" classname="com.distrimind.ood.tests.DerbyTestDatabase"/>
  <testcase name="testCheckPoint" time="0.000" classname="com.distrimind.ood.tests.DerbyTestDatabase"/>
  <testcase name="testIsPointed" time="0.006" classname="com.distrimind.ood.tests.DerbyTestDatabase"/>
  <testcase name="secondTestSize" time="0.024" classname="com.distrimind.ood.tests.DerbyTestDatabase"/>
  <testcase name="testThreadSafe" time="435.331" classname="com.distrimind.ood.tests.DerbyTestDatabase"/>
  <testcase name="isLoadedIntoMemory" time="0.000" classname="com.distrimind.ood.tests.DerbyTestDatabase"/>
  <testcase name="firstReload" time="10.327" classname="com.distrimind.ood.tests.DerbyTestDatabase"/>
  <testcase name="removeForeignKeyRecords" time="0.101" classname="com.distrimind.ood.tests.DerbyTestDatabase"/>
</testsuite> <!-- com.distrimind.ood.tests.DerbyTestDatabase -->
