<?xml version="1.0" encoding="UTF-8"?>
<!-- Generated by org.testng.reporters.JUnitReportReporter -->
<testsuite hostname="choupchoup" name="com.distrimind.ood.tests.HSQLDBTestDatabase" tests="33" failures="0" timestamp="27 Dec 2016 17:37:59 GMT" time="4009.055" errors="0">
  <testcase name="firstTestSize" time="0.000" classname="com.distrimind.ood.tests.HSQLDBTestDatabase"/>
  <testcase name="testThreadSafe" time="785.999" classname="com.distrimind.ood.tests.HSQLDBTestDatabase"/>
  <testcase name="getRecordIterator" time="0.023" classname="com.distrimind.ood.tests.HSQLDBTestDatabase"/>
  <testcase name="testCheckPoint" time="1.010" classname="com.distrimind.ood.tests.HSQLDBTestDatabase"/>
  <testcase name="alterRecord" time="0.066" classname="com.distrimind.ood.tests.HSQLDBTestDatabase"/>
  <testcase name="getRecordFilter" time="0.093" classname="com.distrimind.ood.tests.HSQLDBTestDatabase"/>
  <testcase name="testFirstAdd" time="0.002" classname="com.distrimind.ood.tests.HSQLDBTestDatabase"/>
  <testcase name="testThreadSafe" time="786.038" classname="com.distrimind.ood.tests.HSQLDBTestDatabase"/>
  <testcase name="firstReload" time="0.795" classname="com.distrimind.ood.tests.HSQLDBTestDatabase"/>
  <testcase name="testRemoveFilters" time="0.002" classname="com.distrimind.ood.tests.HSQLDBTestDatabase"/>
  <testcase name="setAutoRandomFields" time="0.988" classname="com.distrimind.ood.tests.HSQLDBTestDatabase"/>
  <testcase name="addForeignKeyAndTestUniqueKeys" time="0.098" classname="com.distrimind.ood.tests.HSQLDBTestDatabase"/>
  <testcase name="testThreadSafe" time="790.720" classname="com.distrimind.ood.tests.HSQLDBTestDatabase"/>
  <testcase name="removeRecords" time="3.393" classname="com.distrimind.ood.tests.HSQLDBTestDatabase"/>
  <testcase name="testFilters" time="0.002" classname="com.distrimind.ood.tests.HSQLDBTestDatabase"/>
  <testcase name="removeForeignKeyRecords" time="0.017" classname="com.distrimind.ood.tests.HSQLDBTestDatabase"/>
  <testcase name="testIsPointed" time="0.007" classname="com.distrimind.ood.tests.HSQLDBTestDatabase"/>
  <testcase name="removeWithCascade" time="0.835" classname="com.distrimind.ood.tests.HSQLDBTestDatabase"/>
  <testcase name="testThreadSafe" time="792.649" classname="com.distrimind.ood.tests.HSQLDBTestDatabase"/>
  <testcase name="testBackup" time="11.329" classname="com.distrimind.ood.tests.HSQLDBTestDatabase"/>
  <testcase name="secondTestSize" time="0.004" classname="com.distrimind.ood.tests.HSQLDBTestDatabase"/>
  <testcase name="addSecondRecord" time="0.064" classname="com.distrimind.ood.tests.HSQLDBTestDatabase"/>
  <testcase name="alterRecordWithCascade" time="0.097" classname="com.distrimind.ood.tests.HSQLDBTestDatabase"/>
  <testcase name="firstLoad" time="0.608" classname="com.distrimind.ood.tests.HSQLDBTestDatabase"/>
  <testcase name="isLoadedIntoMemory" time="0.000" classname="com.distrimind.ood.tests.HSQLDBTestDatabase"/>
  <testcase name="removePointedRecords" time="0.022" classname="com.distrimind.ood.tests.HSQLDBTestDatabase"/>
  <testcase name="getRecord" time="0.030" classname="com.distrimind.ood.tests.HSQLDBTestDatabase"/>
  <testcase name="removeRecord" time="0.021" classname="com.distrimind.ood.tests.HSQLDBTestDatabase"/>
  <testcase name="testArrayRecordParameters" time="0.059" classname="com.distrimind.ood.tests.HSQLDBTestDatabase"/>
  <testcase name="firstAdd" time="0.081" classname="com.distrimind.ood.tests.HSQLDBTestDatabase"/>
  <testcase name="prepareMultipleTest" time="0.508" classname="com.distrimind.ood.tests.HSQLDBTestDatabase"/>
  <testcase name="multipleTests" time="42.540" classname="com.distrimind.ood.tests.HSQLDBTestDatabase"/>
  <testcase name="testThreadSafe" time="790.955" classname="com.distrimind.ood.tests.HSQLDBTestDatabase"/>
</testsuite> <!-- com.distrimind.ood.tests.HSQLDBTestDatabase -->
