<?xml version="1.0" encoding="UTF-8"?>
<!-- Generated by org.testng.reporters.JUnitReportReporter -->
<testsuite hostname="choupchoup" name="com.distrimind.ood.tests.HSQLDBTestDatabase" tests="32" failures="0" timestamp="1 Mar 2016 23:16:13 GMT" time="2510.850" errors="0">
  <testcase name="setAutoRandomFields" time="2.341" classname="com.distrimind.ood.tests.HSQLDBTestDatabase"/>
  <testcase name="alterRecord" time="0.007" classname="com.distrimind.ood.tests.HSQLDBTestDatabase"/>
  <testcase name="addSecondRecord" time="0.090" classname="com.distrimind.ood.tests.HSQLDBTestDatabase"/>
  <testcase name="removeRecords" time="6.375" classname="com.distrimind.ood.tests.HSQLDBTestDatabase"/>
  <testcase name="multipleTests" time="41.488" classname="com.distrimind.ood.tests.HSQLDBTestDatabase"/>
  <testcase name="firstLoad" time="0.628" classname="com.distrimind.ood.tests.HSQLDBTestDatabase"/>
  <testcase name="removeRecord" time="0.007" classname="com.distrimind.ood.tests.HSQLDBTestDatabase"/>
  <testcase name="removePointedRecords" time="0.014" classname="com.distrimind.ood.tests.HSQLDBTestDatabase"/>
  <testcase name="testRemoveFilters" time="0.003" classname="com.distrimind.ood.tests.HSQLDBTestDatabase"/>
  <testcase name="removeForeignKeyRecords" time="0.012" classname="com.distrimind.ood.tests.HSQLDBTestDatabase"/>
  <testcase name="getRecordFilter" time="0.037" classname="com.distrimind.ood.tests.HSQLDBTestDatabase"/>
  <testcase name="testCheckPoint" time="0.813" classname="com.distrimind.ood.tests.HSQLDBTestDatabase"/>
  <testcase name="testIsPointed" time="0.003" classname="com.distrimind.ood.tests.HSQLDBTestDatabase"/>
  <testcase name="getRecord" time="0.009" classname="com.distrimind.ood.tests.HSQLDBTestDatabase"/>
  <testcase name="testThreadSafe" time="492.421" classname="com.distrimind.ood.tests.HSQLDBTestDatabase"/>
  <testcase name="secondTestSize" time="0.002" classname="com.distrimind.ood.tests.HSQLDBTestDatabase"/>
  <testcase name="testThreadSafe" time="488.347" classname="com.distrimind.ood.tests.HSQLDBTestDatabase"/>
  <testcase name="prepareMultipleTest" time="1.102" classname="com.distrimind.ood.tests.HSQLDBTestDatabase"/>
  <testcase name="testThreadSafe" time="488.364" classname="com.distrimind.ood.tests.HSQLDBTestDatabase"/>
  <testcase name="getRecordIterator" time="0.005" classname="com.distrimind.ood.tests.HSQLDBTestDatabase"/>
  <testcase name="alterRecordWithCascade" time="0.028" classname="com.distrimind.ood.tests.HSQLDBTestDatabase"/>
  <testcase name="firstReload" time="0.712" classname="com.distrimind.ood.tests.HSQLDBTestDatabase"/>
  <testcase name="isLoadedIntoMemory" time="0.000" classname="com.distrimind.ood.tests.HSQLDBTestDatabase"/>
  <testcase name="testFirstAdd" time="0.002" classname="com.distrimind.ood.tests.HSQLDBTestDatabase"/>
  <testcase name="testThreadSafe" time="492.685" classname="com.distrimind.ood.tests.HSQLDBTestDatabase"/>
  <testcase name="removeWithCascade" time="2.185" classname="com.distrimind.ood.tests.HSQLDBTestDatabase"/>
  <testcase name="firstTestSize" time="0.001" classname="com.distrimind.ood.tests.HSQLDBTestDatabase"/>
  <testcase name="addForeignKeyAndTestUniqueKeys" time="0.236" classname="com.distrimind.ood.tests.HSQLDBTestDatabase"/>
  <testcase name="firstAdd" time="0.123" classname="com.distrimind.ood.tests.HSQLDBTestDatabase"/>
  <testcase name="testFilters" time="0.004" classname="com.distrimind.ood.tests.HSQLDBTestDatabase"/>
  <testcase name="testThreadSafe" time="492.736" classname="com.distrimind.ood.tests.HSQLDBTestDatabase"/>
  <testcase name="testArrayRecordParameters" time="0.070" classname="com.distrimind.ood.tests.HSQLDBTestDatabase"/>
</testsuite> <!-- com.distrimind.ood.tests.HSQLDBTestDatabase -->
