<?xml version="1.0" encoding="UTF-8"?>
<!-- Generated by org.testng.reporters.JUnitReportReporter -->
<testsuite hostname="choupchoup" name="com.distrimind.util.tests.properties.TestProperties" tests="201" failures="0" timestamp="10 Jun 2016 10:39:08 GMT" time="1.164" errors="0">
  <testcase name="testPropertiesXMLSave" time="0.011" classname="com.distrimind.util.tests.properties.TestProperties"/>
  <testcase name="testPropertiesXMLSave" time="0.007" classname="com.distrimind.util.tests.properties.TestProperties"/>
  <testcase name="testPropertiesXMLSave" time="0.006" classname="com.distrimind.util.tests.properties.TestProperties"/>
  <testcase name="testPropertiesExport" time="0.009" classname="com.distrimind.util.tests.properties.TestProperties"/>
  <testcase name="testPropertiesXMLSave" time="0.004" classname="com.distrimind.util.tests.properties.TestProperties"/>
  <testcase name="testPropertiesExport" time="0.001" classname="com.distrimind.util.tests.properties.TestProperties"/>
  <testcase name="testPropertiesExport" time="0.001" classname="com.distrimind.util.tests.properties.TestProperties"/>
  <testcase name="testPropertiesXMLSave" time="0.004" classname="com.distrimind.util.tests.properties.TestProperties"/>
  <testcase name="testPropertiesXMLSave" time="0.010" classname="com.distrimind.util.tests.properties.TestProperties"/>
  <testcase name="testPropertiesXMLSave" time="0.009" classname="com.distrimind.util.tests.properties.TestProperties"/>
  <testcase name="testPropertiesExport" time="0.001" classname="com.distrimind.util.tests.properties.TestProperties"/>
  <testcase name="testPropertiesExport" time="0.003" classname="com.distrimind.util.tests.properties.TestProperties"/>
  <testcase name="testPropertiesExport" time="0.001" classname="com.distrimind.util.tests.properties.TestProperties"/>
  <testcase name="testPropertiesXMLSave" time="0.008" classname="com.distrimind.util.tests.properties.TestProperties"/>
  <testcase name="testPropertiesExport" time="0.002" classname="com.distrimind.util.tests.properties.TestProperties"/>
  <testcase name="testPropertiesXMLSave" time="0.004" classname="com.distrimind.util.tests.properties.TestProperties"/>
  <testcase name="testPropertiesXMLSave" time="0.008" classname="com.distrimind.util.tests.properties.TestProperties"/>
  <testcase name="testPropertiesExport" time="0.001" classname="com.distrimind.util.tests.properties.TestProperties"/>
  <testcase name="testPropertiesXMLSave" time="0.005" classname="com.distrimind.util.tests.properties.TestProperties"/>
  <testcase name="testPropertiesExport" time="0.002" classname="com.distrimind.util.tests.properties.TestProperties"/>
  <testcase name="testPropertiesXMLSave" time="0.004" classname="com.distrimind.util.tests.properties.TestProperties"/>
  <testcase name="testPropertiesXMLSave" time="0.005" classname="com.distrimind.util.tests.properties.TestProperties"/>
  <testcase name="testPropertiesXMLSave" time="0.004" classname="com.distrimind.util.tests.properties.TestProperties"/>
  <testcase name="testPropertiesXMLSave" time="0.009" classname="com.distrimind.util.tests.properties.TestProperties"/>
  <testcase name="testPropertiesExport" time="0.003" classname="com.distrimind.util.tests.properties.TestProperties"/>
  <testcase name="testPropertiesXMLSave" time="0.007" classname="com.distrimind.util.tests.properties.TestProperties"/>
  <testcase name="testPropertiesExport" time="0.006" classname="com.distrimind.util.tests.properties.TestProperties"/>
  <testcase name="testPropertiesExport" time="0.003" classname="com.distrimind.util.tests.properties.TestProperties"/>
  <testcase name="testPropertiesExport" time="0.002" classname="com.distrimind.util.tests.properties.TestProperties"/>
  <testcase name="testPropertiesExport" time="0.001" classname="com.distrimind.util.tests.properties.TestProperties"/>
  <testcase name="testPropertiesXMLSave" time="0.005" classname="com.distrimind.util.tests.properties.TestProperties"/>
  <testcase name="testPropertiesXMLSave" time="0.003" classname="com.distrimind.util.tests.properties.TestProperties"/>
  <testcase name="testPropertiesExport" time="0.001" classname="com.distrimind.util.tests.properties.TestProperties"/>
  <testcase name="testPropertiesExport" time="0.001" classname="com.distrimind.util.tests.properties.TestProperties"/>
  <testcase name="testPropertiesXMLSave" time="0.005" classname="com.distrimind.util.tests.properties.TestProperties"/>
  <testcase name="testPropertiesXMLSave" time="0.007" classname="com.distrimind.util.tests.properties.TestProperties"/>
  <testcase name="testPropertiesExport" time="0.002" classname="com.distrimind.util.tests.properties.TestProperties"/>
  <testcase name="testPropertiesExport" time="0.001" classname="com.distrimind.util.tests.properties.TestProperties"/>
  <testcase name="testPropertiesXMLSave" time="0.006" classname="com.distrimind.util.tests.properties.TestProperties"/>
  <testcase name="testPropertiesExport" time="0.002" classname="com.distrimind.util.tests.properties.TestProperties"/>
  <testcase name="testPropertiesExport" time="0.001" classname="com.distrimind.util.tests.properties.TestProperties"/>
  <testcase name="testPropertiesXMLSave" time="0.008" classname="com.distrimind.util.tests.properties.TestProperties"/>
  <testcase name="testPropertiesXMLSave" time="0.004" classname="com.distrimind.util.tests.properties.TestProperties"/>
  <testcase name="testPropertiesXMLSave" time="0.004" classname="com.distrimind.util.tests.properties.TestProperties"/>
  <testcase name="testPropertiesExport" time="0.001" classname="com.distrimind.util.tests.properties.TestProperties"/>
  <testcase name="testPropertiesXMLSave" time="0.007" classname="com.distrimind.util.tests.properties.TestProperties"/>
  <testcase name="testFreeProperties" time="0.004" classname="com.distrimind.util.tests.properties.TestProperties"/>
  <testcase name="testPropertiesXMLSave" time="0.006" classname="com.distrimind.util.tests.properties.TestProperties"/>
  <testcase name="testPropertiesXMLSave" time="0.007" classname="com.distrimind.util.tests.properties.TestProperties"/>
  <testcase name="testPropertiesXMLSave" time="0.004" classname="com.distrimind.util.tests.properties.TestProperties"/>
  <testcase name="testPropertiesExport" time="0.005" classname="com.distrimind.util.tests.properties.TestProperties"/>
  <testcase name="testPropertiesXMLSave" time="0.012" classname="com.distrimind.util.tests.properties.TestProperties"/>
  <testcase name="testPropertiesExport" time="0.005" classname="com.distrimind.util.tests.properties.TestProperties"/>
  <testcase name="testPropertiesXMLSave" time="0.003" classname="com.distrimind.util.tests.properties.TestProperties"/>
  <testcase name="testPropertiesExport" time="0.002" classname="com.distrimind.util.tests.properties.TestProperties"/>
  <testcase name="testPropertiesExport" time="0.001" classname="com.distrimind.util.tests.properties.TestProperties"/>
  <testcase name="testPropertiesXMLSave" time="0.007" classname="com.distrimind.util.tests.properties.TestProperties"/>
  <testcase name="testPropertiesXMLSave" time="0.015" classname="com.distrimind.util.tests.properties.TestProperties"/>
  <testcase name="testPropertiesExport" time="0.001" classname="com.distrimind.util.tests.properties.TestProperties"/>
  <testcase name="testPropertiesXMLSave" time="0.007" classname="com.distrimind.util.tests.properties.TestProperties"/>
  <testcase name="testPropertiesXMLSave" time="0.009" classname="com.distrimind.util.tests.properties.TestProperties"/>
  <testcase name="testPropertiesXMLSave" time="0.004" classname="com.distrimind.util.tests.properties.TestProperties"/>
  <testcase name="testPropertiesXMLSave" time="0.009" classname="com.distrimind.util.tests.properties.TestProperties"/>
  <testcase name="testPropertiesXMLSave" time="0.005" classname="com.distrimind.util.tests.properties.TestProperties"/>
  <testcase name="testPropertiesExport" time="0.001" classname="com.distrimind.util.tests.properties.TestProperties"/>
  <testcase name="testPropertiesXMLSave" time="0.006" classname="com.distrimind.util.tests.properties.TestProperties"/>
  <testcase name="testPropertiesExport" time="0.002" classname="com.distrimind.util.tests.properties.TestProperties"/>
  <testcase name="testPropertiesExport" time="0.001" classname="com.distrimind.util.tests.properties.TestProperties"/>
  <testcase name="testPropertiesExport" time="0.002" classname="com.distrimind.util.tests.properties.TestProperties"/>
  <testcase name="testPropertiesXMLSave" time="0.004" classname="com.distrimind.util.tests.properties.TestProperties"/>
  <testcase name="testPropertiesXMLSave" time="0.006" classname="com.distrimind.util.tests.properties.TestProperties"/>
  <testcase name="testPropertiesXMLSave" time="0.052" classname="com.distrimind.util.tests.properties.TestProperties"/>
  <testcase name="testPropertiesXMLSave" time="0.006" classname="com.distrimind.util.tests.properties.TestProperties"/>
  <testcase name="testPropertiesExport" time="0.005" classname="com.distrimind.util.tests.properties.TestProperties"/>
  <testcase name="testPropertiesExport" time="0.002" classname="com.distrimind.util.tests.properties.TestProperties"/>
  <testcase name="testPropertiesXMLSave" time="0.013" classname="com.distrimind.util.tests.properties.TestProperties"/>
  <testcase name="testPropertiesXMLSave" time="0.005" classname="com.distrimind.util.tests.properties.TestProperties"/>
  <testcase name="testPropertiesExport" time="0.001" classname="com.distrimind.util.tests.properties.TestProperties"/>
  <testcase name="testPropertiesXMLSave" time="0.005" classname="com.distrimind.util.tests.properties.TestProperties"/>
  <testcase name="testPropertiesXMLSave" time="0.031" classname="com.distrimind.util.tests.properties.TestProperties"/>
  <testcase name="testPropertiesExport" time="0.001" classname="com.distrimind.util.tests.properties.TestProperties"/>
  <testcase name="testPropertiesExport" time="0.002" classname="com.distrimind.util.tests.properties.TestProperties"/>
  <testcase name="testPropertiesXMLSave" time="0.009" classname="com.distrimind.util.tests.properties.TestProperties"/>
  <testcase name="testPropertiesXMLSave" time="0.013" classname="com.distrimind.util.tests.properties.TestProperties"/>
  <testcase name="testPropertiesExport" time="0.002" classname="com.distrimind.util.tests.properties.TestProperties"/>
  <testcase name="testPropertiesExport" time="0.009" classname="com.distrimind.util.tests.properties.TestProperties"/>
  <testcase name="testPropertiesExport" time="0.001" classname="com.distrimind.util.tests.properties.TestProperties"/>
  <testcase name="testPropertiesXMLSave" time="0.009" classname="com.distrimind.util.tests.properties.TestProperties"/>
  <testcase name="testPropertiesExport" time="0.001" classname="com.distrimind.util.tests.properties.TestProperties"/>
  <testcase name="testPropertiesExport" time="0.001" classname="com.distrimind.util.tests.properties.TestProperties"/>
  <testcase name="testPropertiesExport" time="0.001" classname="com.distrimind.util.tests.properties.TestProperties"/>
  <testcase name="testPropertiesXMLSave" time="0.006" classname="com.distrimind.util.tests.properties.TestProperties"/>
  <testcase name="testPropertiesXMLSave" time="0.006" classname="com.distrimind.util.tests.properties.TestProperties"/>
  <testcase name="testPropertiesExport" time="0.001" classname="com.distrimind.util.tests.properties.TestProperties"/>
  <testcase name="testPropertiesExport" time="0.001" classname="com.distrimind.util.tests.properties.TestProperties"/>
  <testcase name="testPropertiesXMLSave" time="0.007" classname="com.distrimind.util.tests.properties.TestProperties"/>
  <testcase name="testPropertiesExport" time="0.001" classname="com.distrimind.util.tests.properties.TestProperties"/>
  <testcase name="testPropertiesXMLSave" time="0.008" classname="com.distrimind.util.tests.properties.TestProperties"/>
  <testcase name="testPropertiesXMLSave" time="0.004" classname="com.distrimind.util.tests.properties.TestProperties"/>
  <testcase name="testPropertiesExport" time="0.001" classname="com.distrimind.util.tests.properties.TestProperties"/>
  <testcase name="testPropertiesExport" time="0.001" classname="com.distrimind.util.tests.properties.TestProperties"/>
  <testcase name="testPropertiesExport" time="0.001" classname="com.distrimind.util.tests.properties.TestProperties"/>
  <testcase name="testPropertiesXMLSave" time="0.005" classname="com.distrimind.util.tests.properties.TestProperties"/>
  <testcase name="testPropertiesExport" time="0.001" classname="com.distrimind.util.tests.properties.TestProperties"/>
  <testcase name="testPropertiesExport" time="0.001" classname="com.distrimind.util.tests.properties.TestProperties"/>
  <testcase name="testPropertiesXMLSave" time="0.009" classname="com.distrimind.util.tests.properties.TestProperties"/>
  <testcase name="testPropertiesExport" time="0.001" classname="com.distrimind.util.tests.properties.TestProperties"/>
  <testcase name="testPropertiesExport" time="0.001" classname="com.distrimind.util.tests.properties.TestProperties"/>
  <testcase name="testPropertiesXMLSave" time="0.012" classname="com.distrimind.util.tests.properties.TestProperties"/>
  <testcase name="testPropertiesXMLSave" time="0.006" classname="com.distrimind.util.tests.properties.TestProperties"/>
  <testcase name="testPropertiesExport" time="0.056" classname="com.distrimind.util.tests.properties.TestProperties"/>
  <testcase name="testPropertiesExport" time="0.001" classname="com.distrimind.util.tests.properties.TestProperties"/>
  <testcase name="testPropertiesXMLSave" time="0.004" classname="com.distrimind.util.tests.properties.TestProperties"/>
  <testcase name="testPropertiesXMLSave" time="0.022" classname="com.distrimind.util.tests.properties.TestProperties"/>
  <testcase name="testPropertiesXMLSave" time="0.005" classname="com.distrimind.util.tests.properties.TestProperties"/>
  <testcase name="testPropertiesExport" time="0.003" classname="com.distrimind.util.tests.properties.TestProperties"/>
  <testcase name="testPropertiesXMLSave" time="0.004" classname="com.distrimind.util.tests.properties.TestProperties"/>
  <testcase name="testPropertiesExport" time="0.001" classname="com.distrimind.util.tests.properties.TestProperties"/>
  <testcase name="testPropertiesXMLSave" time="0.013" classname="com.distrimind.util.tests.properties.TestProperties"/>
  <testcase name="testPropertiesXMLSave" time="0.004" classname="com.distrimind.util.tests.properties.TestProperties"/>
  <testcase name="testPropertiesExport" time="0.001" classname="com.distrimind.util.tests.properties.TestProperties"/>
  <testcase name="testPropertiesXMLSave" time="0.003" classname="com.distrimind.util.tests.properties.TestProperties"/>
  <testcase name="testPropertiesXMLSave" time="0.030" classname="com.distrimind.util.tests.properties.TestProperties"/>
  <testcase name="testPropertiesExport" time="0.003" classname="com.distrimind.util.tests.properties.TestProperties"/>
  <testcase name="testPropertiesExport" time="0.001" classname="com.distrimind.util.tests.properties.TestProperties"/>
  <testcase name="testPropertiesXMLSave" time="0.006" classname="com.distrimind.util.tests.properties.TestProperties"/>
  <testcase name="testPropertiesXMLSave" time="0.032" classname="com.distrimind.util.tests.properties.TestProperties"/>
  <testcase name="testPropertiesExport" time="0.001" classname="com.distrimind.util.tests.properties.TestProperties"/>
  <testcase name="testPropertiesExport" time="0.002" classname="com.distrimind.util.tests.properties.TestProperties"/>
  <testcase name="testPropertiesExport" time="0.004" classname="com.distrimind.util.tests.properties.TestProperties"/>
  <testcase name="testPropertiesExport" time="0.001" classname="com.distrimind.util.tests.properties.TestProperties"/>
  <testcase name="testPropertiesExport" time="0.003" classname="com.distrimind.util.tests.properties.TestProperties"/>
  <testcase name="testPropertiesXMLSave" time="0.004" classname="com.distrimind.util.tests.properties.TestProperties"/>
  <testcase name="testPropertiesXMLSave" time="0.004" classname="com.distrimind.util.tests.properties.TestProperties"/>
  <testcase name="testPropertiesExport" time="0.002" classname="com.distrimind.util.tests.properties.TestProperties"/>
  <testcase name="testPropertiesXMLSave" time="0.024" classname="com.distrimind.util.tests.properties.TestProperties"/>
  <testcase name="testPropertiesXMLSave" time="0.005" classname="com.distrimind.util.tests.properties.TestProperties"/>
  <testcase name="testPropertiesExport" time="0.003" classname="com.distrimind.util.tests.properties.TestProperties"/>
  <testcase name="testPropertiesXMLSave" time="0.010" classname="com.distrimind.util.tests.properties.TestProperties"/>
  <testcase name="testPropertiesXMLSave" time="0.005" classname="com.distrimind.util.tests.properties.TestProperties"/>
  <testcase name="testPropertiesExport" time="0.001" classname="com.distrimind.util.tests.properties.TestProperties"/>
  <testcase name="testPropertiesExport" time="0.001" classname="com.distrimind.util.tests.properties.TestProperties"/>
  <testcase name="testPropertiesXMLSave" time="0.008" classname="com.distrimind.util.tests.properties.TestProperties"/>
  <testcase name="testPropertiesXMLSave" time="0.007" classname="com.distrimind.util.tests.properties.TestProperties"/>
  <testcase name="testPropertiesExport" time="0.002" classname="com.distrimind.util.tests.properties.TestProperties"/>
  <testcase name="testPropertiesExport" time="0.002" classname="com.distrimind.util.tests.properties.TestProperties"/>
  <testcase name="testPropertiesXMLSave" time="0.004" classname="com.distrimind.util.tests.properties.TestProperties"/>
  <testcase name="testPropertiesXMLSave" time="0.005" classname="com.distrimind.util.tests.properties.TestProperties"/>
  <testcase name="testPropertiesExport" time="0.001" classname="com.distrimind.util.tests.properties.TestProperties"/>
  <testcase name="testPropertiesExport" time="0.001" classname="com.distrimind.util.tests.properties.TestProperties"/>
  <testcase name="testPropertiesExport" time="0.001" classname="com.distrimind.util.tests.properties.TestProperties"/>
  <testcase name="testPropertiesExport" time="0.001" classname="com.distrimind.util.tests.properties.TestProperties"/>
  <testcase name="testPropertiesXMLSave" time="0.031" classname="com.distrimind.util.tests.properties.TestProperties"/>
  <testcase name="testPropertiesXMLSave" time="0.006" classname="com.distrimind.util.tests.properties.TestProperties"/>
  <testcase name="testPropertiesXMLSave" time="0.003" classname="com.distrimind.util.tests.properties.TestProperties"/>
  <testcase name="testPropertiesExport" time="0.001" classname="com.distrimind.util.tests.properties.TestProperties"/>
  <testcase name="testPropertiesXMLSave" time="0.032" classname="com.distrimind.util.tests.properties.TestProperties"/>
  <testcase name="testPropertiesExport" time="0.002" classname="com.distrimind.util.tests.properties.TestProperties"/>
  <testcase name="testPropertiesExport" time="0.001" classname="com.distrimind.util.tests.properties.TestProperties"/>
  <testcase name="testPropertiesXMLSave" time="0.014" classname="com.distrimind.util.tests.properties.TestProperties"/>
  <testcase name="testPropertiesExport" time="0.012" classname="com.distrimind.util.tests.properties.TestProperties"/>
  <testcase name="testPropertiesExport" time="0.001" classname="com.distrimind.util.tests.properties.TestProperties"/>
  <testcase name="testPropertiesXMLSave" time="0.005" classname="com.distrimind.util.tests.properties.TestProperties"/>
  <testcase name="testPropertiesExport" time="0.002" classname="com.distrimind.util.tests.properties.TestProperties"/>
  <testcase name="testPropertiesExport" time="0.002" classname="com.distrimind.util.tests.properties.TestProperties"/>
  <testcase name="testPropertiesExport" time="0.002" classname="com.distrimind.util.tests.properties.TestProperties"/>
  <testcase name="testPropertiesExport" time="0.001" classname="com.distrimind.util.tests.properties.TestProperties"/>
  <testcase name="testPropertiesExport" time="0.001" classname="com.distrimind.util.tests.properties.TestProperties"/>
  <testcase name="testPropertiesExport" time="0.001" classname="com.distrimind.util.tests.properties.TestProperties"/>
  <testcase name="testPropertiesXMLSave" time="0.006" classname="com.distrimind.util.tests.properties.TestProperties"/>
  <testcase name="testPropertiesXMLSave" time="0.006" classname="com.distrimind.util.tests.properties.TestProperties"/>
  <testcase name="testPropertiesExport" time="0.001" classname="com.distrimind.util.tests.properties.TestProperties"/>
  <testcase name="testPropertiesExport" time="0.001" classname="com.distrimind.util.tests.properties.TestProperties"/>
  <testcase name="testPropertiesExport" time="0.001" classname="com.distrimind.util.tests.properties.TestProperties"/>
  <testcase name="testPropertiesExport" time="0.001" classname="com.distrimind.util.tests.properties.TestProperties"/>
  <testcase name="testPropertiesXMLSave" time="0.008" classname="com.distrimind.util.tests.properties.TestProperties"/>
  <testcase name="testPropertiesXMLSave" time="0.008" classname="com.distrimind.util.tests.properties.TestProperties"/>
  <testcase name="testPropertiesXMLSave" time="0.006" classname="com.distrimind.util.tests.properties.TestProperties"/>
  <testcase name="testPropertiesExport" time="0.002" classname="com.distrimind.util.tests.properties.TestProperties"/>
  <testcase name="testPropertiesExport" time="0.001" classname="com.distrimind.util.tests.properties.TestProperties"/>
  <testcase name="testPropertiesXMLSave" time="0.007" classname="com.distrimind.util.tests.properties.TestProperties"/>
  <testcase name="testPropertiesXMLSave" time="0.004" classname="com.distrimind.util.tests.properties.TestProperties"/>
  <testcase name="testPropertiesExport" time="0.001" classname="com.distrimind.util.tests.properties.TestProperties"/>
  <testcase name="testPropertiesExport" time="0.001" classname="com.distrimind.util.tests.properties.TestProperties"/>
  <testcase name="testPropertiesExport" time="0.002" classname="com.distrimind.util.tests.properties.TestProperties"/>
  <testcase name="testPropertiesExport" time="0.002" classname="com.distrimind.util.tests.properties.TestProperties"/>
  <testcase name="testPropertiesXMLSave" time="0.019" classname="com.distrimind.util.tests.properties.TestProperties"/>
  <testcase name="testPropertiesExport" time="0.002" classname="com.distrimind.util.tests.properties.TestProperties"/>
  <testcase name="testPropertiesExport" time="0.002" classname="com.distrimind.util.tests.properties.TestProperties"/>
  <testcase name="testPropertiesXMLSave" time="0.005" classname="com.distrimind.util.tests.properties.TestProperties"/>
  <testcase name="testPropertiesExport" time="0.001" classname="com.distrimind.util.tests.properties.TestProperties"/>
  <testcase name="testPropertiesExport" time="0.002" classname="com.distrimind.util.tests.properties.TestProperties"/>
  <testcase name="testPropertiesExport" time="0.001" classname="com.distrimind.util.tests.properties.TestProperties"/>
  <testcase name="testPropertiesXMLSave" time="0.006" classname="com.distrimind.util.tests.properties.TestProperties"/>
  <testcase name="testPropertiesExport" time="0.003" classname="com.distrimind.util.tests.properties.TestProperties"/>
  <testcase name="testPropertiesXMLSave" time="0.004" classname="com.distrimind.util.tests.properties.TestProperties"/>
  <testcase name="testPropertiesXMLSave" time="0.007" classname="com.distrimind.util.tests.properties.TestProperties"/>
  <testcase name="testPropertiesXMLSave" time="0.015" classname="com.distrimind.util.tests.properties.TestProperties"/>
  <testcase name="testPropertiesXMLSave" time="0.044" classname="com.distrimind.util.tests.properties.TestProperties"/>
  <testcase name="testPropertiesXMLSave" time="0.014" classname="com.distrimind.util.tests.properties.TestProperties"/>
  <testcase name="testPropertiesXMLSave" time="0.004" classname="com.distrimind.util.tests.properties.TestProperties"/>
</testsuite> <!-- com.distrimind.util.tests.properties.TestProperties -->
