<?xml version="1.0" encoding="UTF-8"?>
<!-- Generated by org.testng.reporters.JUnitReportReporter -->
<testsuite hostname="choupchoup" name="com.distrimind.ood.tests.DerbyTestDatabase" tests="31" failures="0" timestamp="22 Feb 2016 16:03:13 GMT" time="1607.566" errors="0">
  <testcase name="addSecondRecord" time="0.042" classname="com.distrimind.ood.tests.DerbyTestDatabase"/>
  <testcase name="firstReload" time="12.581" classname="com.distrimind.ood.tests.DerbyTestDatabase"/>
  <testcase name="prepareMultipleTest" time="0.548" classname="com.distrimind.ood.tests.DerbyTestDatabase"/>
  <testcase name="testFilters" time="0.087" classname="com.distrimind.ood.tests.DerbyTestDatabase"/>
  <testcase name="removePointedRecords" time="0.027" classname="com.distrimind.ood.tests.DerbyTestDatabase"/>
  <testcase name="getRecord" time="0.012" classname="com.distrimind.ood.tests.DerbyTestDatabase"/>
  <testcase name="testRemoveFilters" time="0.028" classname="com.distrimind.ood.tests.DerbyTestDatabase"/>
  <testcase name="alterRecord" time="0.053" classname="com.distrimind.ood.tests.DerbyTestDatabase"/>
  <testcase name="isLoadedIntoMemory" time="0.000" classname="com.distrimind.ood.tests.DerbyTestDatabase"/>
  <testcase name="testCheckPoint" time="0.000" classname="com.distrimind.ood.tests.DerbyTestDatabase"/>
  <testcase name="removeForeignKeyRecords" time="0.080" classname="com.distrimind.ood.tests.DerbyTestDatabase"/>
  <testcase name="testThreadSafe" time="311.451" classname="com.distrimind.ood.tests.DerbyTestDatabase"/>
  <testcase name="addForeignKeyAndTestUniqueKeys" time="0.335" classname="com.distrimind.ood.tests.DerbyTestDatabase"/>
  <testcase name="testFirstAdd" time="0.005" classname="com.distrimind.ood.tests.DerbyTestDatabase"/>
  <testcase name="firstLoad" time="8.530" classname="com.distrimind.ood.tests.DerbyTestDatabase"/>
  <testcase name="getRecordIterator" time="0.006" classname="com.distrimind.ood.tests.DerbyTestDatabase"/>
  <testcase name="firstAdd" time="0.116" classname="com.distrimind.ood.tests.DerbyTestDatabase"/>
  <testcase name="multipleTests" time="26.728" classname="com.distrimind.ood.tests.DerbyTestDatabase"/>
  <testcase name="testThreadSafe" time="311.381" classname="com.distrimind.ood.tests.DerbyTestDatabase"/>
  <testcase name="setAutoRandomFields" time="1.020" classname="com.distrimind.ood.tests.DerbyTestDatabase"/>
  <testcase name="testThreadSafe" time="309.750" classname="com.distrimind.ood.tests.DerbyTestDatabase"/>
  <testcase name="testArrayRecordParameters" time="0.054" classname="com.distrimind.ood.tests.DerbyTestDatabase"/>
  <testcase name="testThreadSafe" time="312.477" classname="com.distrimind.ood.tests.DerbyTestDatabase"/>
  <testcase name="removeRecord" time="0.069" classname="com.distrimind.ood.tests.DerbyTestDatabase"/>
  <testcase name="getRecordFilter" time="0.133" classname="com.distrimind.ood.tests.DerbyTestDatabase"/>
  <testcase name="firstTestSize" time="0.004" classname="com.distrimind.ood.tests.DerbyTestDatabase"/>
  <testcase name="testIsPointed" time="0.004" classname="com.distrimind.ood.tests.DerbyTestDatabase"/>
  <testcase name="testThreadSafe" time="309.401" classname="com.distrimind.ood.tests.DerbyTestDatabase"/>
  <testcase name="secondTestSize" time="0.014" classname="com.distrimind.ood.tests.DerbyTestDatabase"/>
  <testcase name="removeWithCascade" time="0.919" classname="com.distrimind.ood.tests.DerbyTestDatabase"/>
  <testcase name="removeRecords" time="1.711" classname="com.distrimind.ood.tests.DerbyTestDatabase"/>
</testsuite> <!-- com.distrimind.ood.tests.DerbyTestDatabase -->
